ARM GAS  C:\Users\fabis\AppData\Local\Temp\cc0aXjqC.s 			page 1


   1              		.syntax unified
   2              		.cpu cortex-m3
   3              		.fpu softvfp
   4              		.eabi_attribute 20, 1
   5              		.eabi_attribute 21, 1
   6              		.eabi_attribute 23, 3
   7              		.eabi_attribute 24, 1
   8              		.eabi_attribute 25, 1
   9              		.eabi_attribute 26, 1
  10              		.eabi_attribute 30, 6
  11              		.eabi_attribute 34, 1
  12              		.eabi_attribute 18, 4
  13              		.thumb
  14              		.syntax unified
  15              		.file	"cymetadata.c"
  16              		.text
  17              	.Ltext0:
  18              		.cfi_sections	.debug_frame
  19              		.global	cy_meta_configecc
  20              		.section	.cyconfigecc,"a",%progbits
  21              		.align	2
  22              		.type	cy_meta_configecc, %object
  23              		.size	cy_meta_configecc, 956
  24              	cy_meta_configecc:
  25 0000 02       		.byte	2
  26 0001 52       		.byte	82
  27 0002 00       		.byte	0
  28 0003 40       		.byte	64
  29 0004 02       		.byte	2
  30 0005 64       		.byte	100
  31 0006 00       		.byte	0
  32 0007 40       		.byte	64
  33 0008 01       		.byte	1
  34 0009 65       		.byte	101
  35 000a 00       		.byte	0
  36 000b 40       		.byte	64
  37 000c 3D       		.byte	61
  38 000d 08       		.byte	8
  39 000e 01       		.byte	1
  40 000f 40       		.byte	64
  41 0010 31       		.byte	49
  42 0011 09       		.byte	9
  43 0012 01       		.byte	1
  44 0013 40       		.byte	64
  45 0014 4F       		.byte	79
  46 0015 18       		.byte	24
  47 0016 01       		.byte	1
  48 0017 40       		.byte	64
  49 0018 46       		.byte	70
  50 0019 19       		.byte	25
  51 001a 01       		.byte	1
  52 001b 40       		.byte	64
  53 001c 51       		.byte	81
  54 001d 1A       		.byte	26
  55 001e 01       		.byte	1
  56 001f 40       		.byte	64
  57 0020 47       		.byte	71
ARM GAS  C:\Users\fabis\AppData\Local\Temp\cc0aXjqC.s 			page 2


  58 0021 1B       		.byte	27
  59 0022 01       		.byte	1
  60 0023 40       		.byte	64
  61 0024 07       		.byte	7
  62 0025 4D       		.byte	77
  63 0026 01       		.byte	1
  64 0027 40       		.byte	64
  65 0028 04       		.byte	4
  66 0029 50       		.byte	80
  67 002a 01       		.byte	1
  68 002b 40       		.byte	64
  69 002c 61       		.byte	97
  70 002d 80       		.byte	-128
  71 002e 64       		.byte	100
  72 002f 40       		.byte	64
  73 0030 88       		.byte	-120
  74 0031 72       		.byte	114
  75 0032 89       		.byte	-119
  76 0033 0F       		.byte	15
  77 0034 88       		.byte	-120
  78 0035 38       		.byte	56
  79 0036 00       		.byte	0
  80 0037 02       		.byte	2
  81 0038 01       		.byte	1
  82 0039 3F       		.byte	63
  83 003a 04       		.byte	4
  84 003b 0C       		.byte	12
  85 003c 05       		.byte	5
  86 003d 08       		.byte	8
  87 003e 06       		.byte	6
  88 003f 13       		.byte	19
  89 0040 08       		.byte	8
  90 0041 13       		.byte	19
  91 0042 09       		.byte	9
  92 0043 18       		.byte	24
  93 0044 0A       		.byte	10
  94 0045 0C       		.byte	12
  95 0046 0C       		.byte	12
  96 0047 01       		.byte	1
  97 0048 0F       		.byte	15
  98 0049 26       		.byte	38
  99 004a 12       		.byte	18
 100 004b 13       		.byte	19
 101 004c 13       		.byte	19
 102 004d 01       		.byte	1
 103 004e 14       		.byte	20
 104 004f 0F       		.byte	15
 105 0050 16       		.byte	22
 106 0051 10       		.byte	16
 107 0052 19       		.byte	25
 108 0053 39       		.byte	57
 109 0054 1B       		.byte	27
 110 0055 04       		.byte	4
 111 0056 1C       		.byte	28
 112 0057 08       		.byte	8
 113 0058 1D       		.byte	29
 114 0059 01       		.byte	1
ARM GAS  C:\Users\fabis\AppData\Local\Temp\cc0aXjqC.s 			page 3


 115 005a 20       		.byte	32
 116 005b 1F       		.byte	31
 117 005c 21       		.byte	33
 118 005d 10       		.byte	16
 119 005e 24       		.byte	36
 120 005f 04       		.byte	4
 121 0060 25       		.byte	37
 122 0061 27       		.byte	39
 123 0062 27       		.byte	39
 124 0063 18       		.byte	24
 125 0064 28       		.byte	40
 126 0065 0C       		.byte	12
 127 0066 29       		.byte	41
 128 0067 19       		.byte	25
 129 0068 2B       		.byte	43
 130 0069 22       		.byte	34
 131 006a 2C       		.byte	44
 132 006b 03       		.byte	3
 133 006c 32       		.byte	50
 134 006d 1C       		.byte	28
 135 006e 33       		.byte	51
 136 006f 1F       		.byte	31
 137 0070 34       		.byte	52
 138 0071 0F       		.byte	15
 139 0072 37       		.byte	55
 140 0073 38       		.byte	56
 141 0074 3A       		.byte	58
 142 0075 2A       		.byte	42
 143 0076 3B       		.byte	59
 144 0077 08       		.byte	8
 145 0078 56       		.byte	86
 146 0079 02       		.byte	2
 147 007a 57       		.byte	87
 148 007b 13       		.byte	19
 149 007c 58       		.byte	88
 150 007d 04       		.byte	4
 151 007e 59       		.byte	89
 152 007f 04       		.byte	4
 153 0080 5B       		.byte	91
 154 0081 04       		.byte	4
 155 0082 5F       		.byte	95
 156 0083 01       		.byte	1
 157 0084 9C       		.byte	-100
 158 0085 01       		.byte	1
 159 0086 B2       		.byte	-78
 160 0087 01       		.byte	1
 161 0088 BE       		.byte	-66
 162 0089 04       		.byte	4
 163 008a C0       		.byte	-64
 164 008b 56       		.byte	86
 165 008c C1       		.byte	-63
 166 008d 02       		.byte	2
 167 008e C5       		.byte	-59
 168 008f EC       		.byte	-20
 169 0090 C6       		.byte	-58
 170 0091 0B       		.byte	11
 171 0092 C8       		.byte	-56
ARM GAS  C:\Users\fabis\AppData\Local\Temp\cc0aXjqC.s 			page 4


 172 0093 07       		.byte	7
 173 0094 C9       		.byte	-55
 174 0095 FF       		.byte	-1
 175 0096 CA       		.byte	-54
 176 0097 FF       		.byte	-1
 177 0098 CB       		.byte	-53
 178 0099 FF       		.byte	-1
 179 009a CE       		.byte	-50
 180 009b F0       		.byte	-16
 181 009c CF       		.byte	-49
 182 009d 44       		.byte	68
 183 009e D0       		.byte	-48
 184 009f 0C       		.byte	12
 185 00a0 D4       		.byte	-44
 186 00a1 01       		.byte	1
 187 00a2 D8       		.byte	-40
 188 00a3 04       		.byte	4
 189 00a4 DA       		.byte	-38
 190 00a5 04       		.byte	4
 191 00a6 DB       		.byte	-37
 192 00a7 04       		.byte	4
 193 00a8 DF       		.byte	-33
 194 00a9 01       		.byte	1
 195 00aa E6       		.byte	-26
 196 00ab C0       		.byte	-64
 197 00ac EA       		.byte	-22
 198 00ad 40       		.byte	64
 199 00ae EB       		.byte	-21
 200 00af 02       		.byte	2
 201 00b0 05       		.byte	5
 202 00b1 90       		.byte	-112
 203 00b2 07       		.byte	7
 204 00b3 50       		.byte	80
 205 00b4 0B       		.byte	11
 206 00b5 02       		.byte	2
 207 00b6 0C       		.byte	12
 208 00b7 80       		.byte	-128
 209 00b8 0E       		.byte	14
 210 00b9 20       		.byte	32
 211 00ba 0F       		.byte	15
 212 00bb 80       		.byte	-128
 213 00bc 10       		.byte	16
 214 00bd 30       		.byte	48
 215 00be 15       		.byte	21
 216 00bf 11       		.byte	17
 217 00c0 16       		.byte	22
 218 00c1 01       		.byte	1
 219 00c2 17       		.byte	23
 220 00c3 24       		.byte	36
 221 00c4 19       		.byte	25
 222 00c5 04       		.byte	4
 223 00c6 1D       		.byte	29
 224 00c7 12       		.byte	18
 225 00c8 1E       		.byte	30
 226 00c9 20       		.byte	32
 227 00ca 1F       		.byte	31
 228 00cb 14       		.byte	20
ARM GAS  C:\Users\fabis\AppData\Local\Temp\cc0aXjqC.s 			page 5


 229 00cc 24       		.byte	36
 230 00cd 02       		.byte	2
 231 00ce 27       		.byte	39
 232 00cf 10       		.byte	16
 233 00d0 2C       		.byte	44
 234 00d1 80       		.byte	-128
 235 00d2 2F       		.byte	47
 236 00d3 14       		.byte	20
 237 00d4 35       		.byte	53
 238 00d5 80       		.byte	-128
 239 00d6 36       		.byte	54
 240 00d7 02       		.byte	2
 241 00d8 37       		.byte	55
 242 00d9 10       		.byte	16
 243 00da 3D       		.byte	61
 244 00db 93       		.byte	-109
 245 00dc 3E       		.byte	62
 246 00dd 08       		.byte	8
 247 00de 3F       		.byte	63
 248 00df 80       		.byte	-128
 249 00e0 40       		.byte	64
 250 00e1 04       		.byte	4
 251 00e2 48       		.byte	72
 252 00e3 21       		.byte	33
 253 00e4 49       		.byte	73
 254 00e5 01       		.byte	1
 255 00e6 4A       		.byte	74
 256 00e7 08       		.byte	8
 257 00e8 4B       		.byte	75
 258 00e9 02       		.byte	2
 259 00ea 52       		.byte	82
 260 00eb 40       		.byte	64
 261 00ec 58       		.byte	88
 262 00ed 10       		.byte	16
 263 00ee 59       		.byte	89
 264 00ef 05       		.byte	5
 265 00f0 5A       		.byte	90
 266 00f1 40       		.byte	64
 267 00f2 5E       		.byte	94
 268 00f3 02       		.byte	2
 269 00f4 6D       		.byte	109
 270 00f5 20       		.byte	32
 271 00f6 6E       		.byte	110
 272 00f7 04       		.byte	4
 273 00f8 6F       		.byte	111
 274 00f9 01       		.byte	1
 275 00fa 74       		.byte	116
 276 00fb 80       		.byte	-128
 277 00fc 76       		.byte	118
 278 00fd 08       		.byte	8
 279 00fe 77       		.byte	119
 280 00ff 24       		.byte	36
 281 0100 C0       		.byte	-64
 282 0101 F0       		.byte	-16
 283 0102 C2       		.byte	-62
 284 0103 B1       		.byte	-79
 285 0104 C4       		.byte	-60
ARM GAS  C:\Users\fabis\AppData\Local\Temp\cc0aXjqC.s 			page 6


 286 0105 F0       		.byte	-16
 287 0106 CA       		.byte	-54
 288 0107 E0       		.byte	-32
 289 0108 CC       		.byte	-52
 290 0109 B0       		.byte	-80
 291 010a CE       		.byte	-50
 292 010b F0       		.byte	-16
 293 010c D0       		.byte	-48
 294 010d 04       		.byte	4
 295 010e D2       		.byte	-46
 296 010f 0C       		.byte	12
 297 0110 D6       		.byte	-42
 298 0111 8F       		.byte	-113
 299 0112 02       		.byte	2
 300 0113 04       		.byte	4
 301 0114 04       		.byte	4
 302 0115 01       		.byte	1
 303 0116 05       		.byte	5
 304 0117 39       		.byte	57
 305 0118 08       		.byte	8
 306 0119 01       		.byte	1
 307 011a 09       		.byte	9
 308 011b 39       		.byte	57
 309 011c 0E       		.byte	14
 310 011d 02       		.byte	2
 311 011e 10       		.byte	16
 312 011f 01       		.byte	1
 313 0120 11       		.byte	17
 314 0121 01       		.byte	1
 315 0122 14       		.byte	20
 316 0123 01       		.byte	1
 317 0124 15       		.byte	21
 318 0125 10       		.byte	16
 319 0126 17       		.byte	23
 320 0127 2C       		.byte	44
 321 0128 19       		.byte	25
 322 0129 20       		.byte	32
 323 012a 1B       		.byte	27
 324 012b 12       		.byte	18
 325 012c 1E       		.byte	30
 326 012d 04       		.byte	4
 327 012e 26       		.byte	38
 328 012f 02       		.byte	2
 329 0130 2D       		.byte	45
 330 0131 08       		.byte	8
 331 0132 2F       		.byte	47
 332 0133 12       		.byte	18
 333 0134 30       		.byte	48
 334 0135 04       		.byte	4
 335 0136 31       		.byte	49
 336 0137 06       		.byte	6
 337 0138 32       		.byte	50
 338 0139 02       		.byte	2
 339 013a 35       		.byte	53
 340 013b 38       		.byte	56
 341 013c 36       		.byte	54
 342 013d 01       		.byte	1
ARM GAS  C:\Users\fabis\AppData\Local\Temp\cc0aXjqC.s 			page 7


 343 013e 37       		.byte	55
 344 013f 01       		.byte	1
 345 0140 3E       		.byte	62
 346 0141 45       		.byte	69
 347 0142 3F       		.byte	63
 348 0143 01       		.byte	1
 349 0144 40       		.byte	64
 350 0145 23       		.byte	35
 351 0146 41       		.byte	65
 352 0147 04       		.byte	4
 353 0148 42       		.byte	66
 354 0149 05       		.byte	5
 355 014a 44       		.byte	68
 356 014b 01       		.byte	1
 357 014c 45       		.byte	69
 358 014d C0       		.byte	-64
 359 014e 46       		.byte	70
 360 014f E0       		.byte	-32
 361 0150 48       		.byte	72
 362 0151 0A       		.byte	10
 363 0152 49       		.byte	73
 364 0153 FF       		.byte	-1
 365 0154 4A       		.byte	74
 366 0155 FF       		.byte	-1
 367 0156 4B       		.byte	75
 368 0157 FF       		.byte	-1
 369 0158 4C       		.byte	76
 370 0159 62       		.byte	98
 371 015a 4D       		.byte	77
 372 015b A0       		.byte	-96
 373 015c 4E       		.byte	78
 374 015d F0       		.byte	-16
 375 015e 4F       		.byte	79
 376 015f 41       		.byte	65
 377 0160 50       		.byte	80
 378 0161 0C       		.byte	12
 379 0162 54       		.byte	84
 380 0163 18       		.byte	24
 381 0164 58       		.byte	88
 382 0165 04       		.byte	4
 383 0166 59       		.byte	89
 384 0167 04       		.byte	4
 385 0168 5A       		.byte	90
 386 0169 04       		.byte	4
 387 016a 5B       		.byte	91
 388 016b 04       		.byte	4
 389 016c 5F       		.byte	95
 390 016d 01       		.byte	1
 391 016e 66       		.byte	102
 392 016f 40       		.byte	64
 393 0170 67       		.byte	103
 394 0171 02       		.byte	2
 395 0172 69       		.byte	105
 396 0173 10       		.byte	16
 397 0174 6A       		.byte	106
 398 0175 30       		.byte	48
 399 0176 6B       		.byte	107
ARM GAS  C:\Users\fabis\AppData\Local\Temp\cc0aXjqC.s 			page 8


 400 0177 10       		.byte	16
 401 0178 6D       		.byte	109
 402 0179 10       		.byte	16
 403 017a 6E       		.byte	110
 404 017b 10       		.byte	16
 405 017c 6F       		.byte	111
 406 017d 12       		.byte	18
 407 017e 80       		.byte	-128
 408 017f 05       		.byte	5
 409 0180 84       		.byte	-124
 410 0181 05       		.byte	5
 411 0182 85       		.byte	-123
 412 0183 03       		.byte	3
 413 0184 87       		.byte	-121
 414 0185 04       		.byte	4
 415 0186 89       		.byte	-119
 416 0187 0A       		.byte	10
 417 0188 8B       		.byte	-117
 418 0189 04       		.byte	4
 419 018a 96       		.byte	-106
 420 018b 05       		.byte	5
 421 018c 97       		.byte	-105
 422 018d 05       		.byte	5
 423 018e 99       		.byte	-103
 424 018f 03       		.byte	3
 425 0190 9B       		.byte	-101
 426 0191 04       		.byte	4
 427 0192 9D       		.byte	-99
 428 0193 03       		.byte	3
 429 0194 9F       		.byte	-97
 430 0195 0C       		.byte	12
 431 0196 A6       		.byte	-90
 432 0197 04       		.byte	4
 433 0198 A8       		.byte	-88
 434 0199 02       		.byte	2
 435 019a AA       		.byte	-86
 436 019b 04       		.byte	4
 437 019c AB       		.byte	-85
 438 019d 08       		.byte	8
 439 019e B0       		.byte	-80
 440 019f 04       		.byte	4
 441 01a0 B4       		.byte	-76
 442 01a1 03       		.byte	3
 443 01a2 B7       		.byte	-73
 444 01a3 0F       		.byte	15
 445 01a4 B8       		.byte	-72
 446 01a5 20       		.byte	32
 447 01a6 BB       		.byte	-69
 448 01a7 80       		.byte	-128
 449 01a8 BE       		.byte	-66
 450 01a9 01       		.byte	1
 451 01aa D8       		.byte	-40
 452 01ab 04       		.byte	4
 453 01ac D9       		.byte	-39
 454 01ad 04       		.byte	4
 455 01ae DF       		.byte	-33
 456 01af 01       		.byte	1
ARM GAS  C:\Users\fabis\AppData\Local\Temp\cc0aXjqC.s 			page 9


 457 01b0 00       		.byte	0
 458 01b1 06       		.byte	6
 459 01b2 04       		.byte	4
 460 01b3 42       		.byte	66
 461 01b4 05       		.byte	5
 462 01b5 10       		.byte	16
 463 01b6 06       		.byte	6
 464 01b7 04       		.byte	4
 465 01b8 07       		.byte	7
 466 01b9 10       		.byte	16
 467 01ba 0B       		.byte	11
 468 01bb 20       		.byte	32
 469 01bc 0C       		.byte	12
 470 01bd 04       		.byte	4
 471 01be 0D       		.byte	13
 472 01bf 02       		.byte	2
 473 01c0 0E       		.byte	14
 474 01c1 20       		.byte	32
 475 01c2 0F       		.byte	15
 476 01c3 01       		.byte	1
 477 01c4 10       		.byte	16
 478 01c5 20       		.byte	32
 479 01c6 11       		.byte	17
 480 01c7 10       		.byte	16
 481 01c8 12       		.byte	18
 482 01c9 08       		.byte	8
 483 01ca 16       		.byte	22
 484 01cb 10       		.byte	16
 485 01cc 19       		.byte	25
 486 01cd 20       		.byte	32
 487 01ce 1A       		.byte	26
 488 01cf 48       		.byte	72
 489 01d0 1E       		.byte	30
 490 01d1 02       		.byte	2
 491 01d2 1F       		.byte	31
 492 01d3 05       		.byte	5
 493 01d4 20       		.byte	32
 494 01d5 02       		.byte	2
 495 01d6 21       		.byte	33
 496 01d7 40       		.byte	64
 497 01d8 22       		.byte	34
 498 01d9 40       		.byte	64
 499 01da 25       		.byte	37
 500 01db 40       		.byte	64
 501 01dc 26       		.byte	38
 502 01dd 80       		.byte	-128
 503 01de 27       		.byte	39
 504 01df 4C       		.byte	76
 505 01e0 29       		.byte	41
 506 01e1 20       		.byte	32
 507 01e2 2D       		.byte	45
 508 01e3 80       		.byte	-128
 509 01e4 30       		.byte	48
 510 01e5 20       		.byte	32
 511 01e6 32       		.byte	50
 512 01e7 48       		.byte	72
 513 01e8 36       		.byte	54
ARM GAS  C:\Users\fabis\AppData\Local\Temp\cc0aXjqC.s 			page 10


 514 01e9 20       		.byte	32
 515 01ea 37       		.byte	55
 516 01eb 05       		.byte	5
 517 01ec 38       		.byte	56
 518 01ed 04       		.byte	4
 519 01ee 3B       		.byte	59
 520 01ef 20       		.byte	32
 521 01f0 3D       		.byte	61
 522 01f1 20       		.byte	32
 523 01f2 3E       		.byte	62
 524 01f3 04       		.byte	4
 525 01f4 45       		.byte	69
 526 01f5 0B       		.byte	11
 527 01f6 46       		.byte	70
 528 01f7 04       		.byte	4
 529 01f8 47       		.byte	71
 530 01f9 40       		.byte	64
 531 01fa 4C       		.byte	76
 532 01fb 01       		.byte	1
 533 01fc 4F       		.byte	79
 534 01fd 01       		.byte	1
 535 01fe 56       		.byte	86
 536 01ff 10       		.byte	16
 537 0200 5D       		.byte	93
 538 0201 01       		.byte	1
 539 0202 67       		.byte	103
 540 0203 0A       		.byte	10
 541 0204 89       		.byte	-119
 542 0205 48       		.byte	72
 543 0206 90       		.byte	-112
 544 0207 02       		.byte	2
 545 0208 92       		.byte	-110
 546 0209 04       		.byte	4
 547 020a 94       		.byte	-108
 548 020b 04       		.byte	4
 549 020c 96       		.byte	-106
 550 020d 40       		.byte	64
 551 020e 99       		.byte	-103
 552 020f 10       		.byte	16
 553 0210 9A       		.byte	-102
 554 0211 40       		.byte	64
 555 0212 9B       		.byte	-101
 556 0213 11       		.byte	17
 557 0214 9D       		.byte	-99
 558 0215 80       		.byte	-128
 559 0216 9E       		.byte	-98
 560 0217 01       		.byte	1
 561 0218 A0       		.byte	-96
 562 0219 20       		.byte	32
 563 021a A1       		.byte	-95
 564 021b 12       		.byte	18
 565 021c A2       		.byte	-94
 566 021d 10       		.byte	16
 567 021e A4       		.byte	-92
 568 021f 01       		.byte	1
 569 0220 A5       		.byte	-91
 570 0221 41       		.byte	65
ARM GAS  C:\Users\fabis\AppData\Local\Temp\cc0aXjqC.s 			page 11


 571 0222 A6       		.byte	-90
 572 0223 2B       		.byte	43
 573 0224 B6       		.byte	-74
 574 0225 20       		.byte	32
 575 0226 B7       		.byte	-73
 576 0227 40       		.byte	64
 577 0228 C0       		.byte	-64
 578 0229 FC       		.byte	-4
 579 022a C2       		.byte	-62
 580 022b B4       		.byte	-76
 581 022c C4       		.byte	-60
 582 022d 26       		.byte	38
 583 022e CA       		.byte	-54
 584 022f 14       		.byte	20
 585 0230 CC       		.byte	-52
 586 0231 EE       		.byte	-18
 587 0232 CE       		.byte	-50
 588 0233 66       		.byte	102
 589 0234 D0       		.byte	-48
 590 0235 F0       		.byte	-16
 591 0236 D2       		.byte	-46
 592 0237 10       		.byte	16
 593 0238 D6       		.byte	-42
 594 0239 80       		.byte	-128
 595 023a D8       		.byte	-40
 596 023b 30       		.byte	48
 597 023c 02       		.byte	2
 598 023d 05       		.byte	5
 599 023e 05       		.byte	5
 600 023f 6C       		.byte	108
 601 0240 06       		.byte	6
 602 0241 03       		.byte	3
 603 0242 07       		.byte	7
 604 0243 11       		.byte	17
 605 0244 0B       		.byte	11
 606 0245 20       		.byte	32
 607 0246 0D       		.byte	13
 608 0247 70       		.byte	112
 609 0248 0F       		.byte	15
 610 0249 0C       		.byte	12
 611 024a 10       		.byte	16
 612 024b 08       		.byte	8
 613 024c 13       		.byte	19
 614 024d 03       		.byte	3
 615 024e 14       		.byte	20
 616 024f 06       		.byte	6
 617 0250 15       		.byte	21
 618 0251 09       		.byte	9
 619 0252 16       		.byte	22
 620 0253 01       		.byte	1
 621 0254 17       		.byte	23
 622 0255 10       		.byte	16
 623 0256 19       		.byte	25
 624 0257 5C       		.byte	92
 625 0258 1A       		.byte	26
 626 0259 06       		.byte	6
 627 025a 1B       		.byte	27
ARM GAS  C:\Users\fabis\AppData\Local\Temp\cc0aXjqC.s 			page 12


 628 025b 02       		.byte	2
 629 025c 25       		.byte	37
 630 025d 10       		.byte	16
 631 025e 26       		.byte	38
 632 025f 02       		.byte	2
 633 0260 2A       		.byte	42
 634 0261 01       		.byte	1
 635 0262 2D       		.byte	45
 636 0263 14       		.byte	20
 637 0264 31       		.byte	49
 638 0265 1F       		.byte	31
 639 0266 32       		.byte	50
 640 0267 08       		.byte	8
 641 0268 33       		.byte	51
 642 0269 60       		.byte	96
 643 026a 34       		.byte	52
 644 026b 07       		.byte	7
 645 026c 39       		.byte	57
 646 026d 08       		.byte	8
 647 026e 3A       		.byte	58
 648 026f 20       		.byte	32
 649 0270 3E       		.byte	62
 650 0271 04       		.byte	4
 651 0272 3F       		.byte	63
 652 0273 04       		.byte	4
 653 0274 40       		.byte	64
 654 0275 03       		.byte	3
 655 0276 45       		.byte	69
 656 0277 04       		.byte	4
 657 0278 49       		.byte	73
 658 0279 FF       		.byte	-1
 659 027a 4A       		.byte	74
 660 027b 07       		.byte	7
 661 027c 4B       		.byte	75
 662 027d FF       		.byte	-1
 663 027e 4C       		.byte	76
 664 027f 40       		.byte	64
 665 0280 4D       		.byte	77
 666 0281 20       		.byte	32
 667 0282 4E       		.byte	78
 668 0283 F0       		.byte	-16
 669 0284 4F       		.byte	79
 670 0285 05       		.byte	5
 671 0286 50       		.byte	80
 672 0287 08       		.byte	8
 673 0288 58       		.byte	88
 674 0289 04       		.byte	4
 675 028a 59       		.byte	89
 676 028b 04       		.byte	4
 677 028c 5A       		.byte	90
 678 028d 04       		.byte	4
 679 028e 5F       		.byte	95
 680 028f 01       		.byte	1
 681 0290 60       		.byte	96
 682 0291 40       		.byte	64
 683 0292 61       		.byte	97
 684 0293 A8       		.byte	-88
ARM GAS  C:\Users\fabis\AppData\Local\Temp\cc0aXjqC.s 			page 13


 685 0294 62       		.byte	98
 686 0295 40       		.byte	64
 687 0296 63       		.byte	99
 688 0297 20       		.byte	32
 689 0298 81       		.byte	-127
 690 0299 03       		.byte	3
 691 029a 82       		.byte	-126
 692 029b 0C       		.byte	12
 693 029c 85       		.byte	-123
 694 029d 18       		.byte	24
 695 029e 86       		.byte	-122
 696 029f 10       		.byte	16
 697 02a0 89       		.byte	-119
 698 02a1 18       		.byte	24
 699 02a2 8A       		.byte	-118
 700 02a3 03       		.byte	3
 701 02a4 8D       		.byte	-115
 702 02a5 12       		.byte	18
 703 02a6 8F       		.byte	-113
 704 02a7 08       		.byte	8
 705 02a8 95       		.byte	-107
 706 02a9 03       		.byte	3
 707 02aa 96       		.byte	-106
 708 02ab 10       		.byte	16
 709 02ac 98       		.byte	-104
 710 02ad 01       		.byte	1
 711 02ae 9A       		.byte	-102
 712 02af 0E       		.byte	14
 713 02b0 9B       		.byte	-101
 714 02b1 03       		.byte	3
 715 02b2 9C       		.byte	-100
 716 02b3 01       		.byte	1
 717 02b4 9E       		.byte	-98
 718 02b5 06       		.byte	6
 719 02b6 9F       		.byte	-97
 720 02b7 03       		.byte	3
 721 02b8 A0       		.byte	-96
 722 02b9 0C       		.byte	12
 723 02ba A2       		.byte	-94
 724 02bb 03       		.byte	3
 725 02bc A5       		.byte	-91
 726 02bd 03       		.byte	3
 727 02be A6       		.byte	-90
 728 02bf 08       		.byte	8
 729 02c0 A8       		.byte	-88
 730 02c1 10       		.byte	16
 731 02c2 AB       		.byte	-85
 732 02c3 03       		.byte	3
 733 02c4 AC       		.byte	-84
 734 02c5 10       		.byte	16
 735 02c6 AD       		.byte	-83
 736 02c7 09       		.byte	9
 737 02c8 AF       		.byte	-81
 738 02c9 14       		.byte	20
 739 02ca B0       		.byte	-80
 740 02cb 10       		.byte	16
 741 02cc B1       		.byte	-79
ARM GAS  C:\Users\fabis\AppData\Local\Temp\cc0aXjqC.s 			page 14


 742 02cd 04       		.byte	4
 743 02ce B3       		.byte	-77
 744 02cf 03       		.byte	3
 745 02d0 B4       		.byte	-76
 746 02d1 0F       		.byte	15
 747 02d2 B5       		.byte	-75
 748 02d3 18       		.byte	24
 749 02d4 B8       		.byte	-72
 750 02d5 02       		.byte	2
 751 02d6 BA       		.byte	-70
 752 02d7 20       		.byte	32
 753 02d8 D8       		.byte	-40
 754 02d9 04       		.byte	4
 755 02da D9       		.byte	-39
 756 02db 04       		.byte	4
 757 02dc DF       		.byte	-33
 758 02dd 01       		.byte	1
 759 02de 00       		.byte	0
 760 02df 06       		.byte	6
 761 02e0 04       		.byte	4
 762 02e1 20       		.byte	32
 763 02e2 05       		.byte	5
 764 02e3 02       		.byte	2
 765 02e4 07       		.byte	7
 766 02e5 10       		.byte	16
 767 02e6 09       		.byte	9
 768 02e7 02       		.byte	2
 769 02e8 0A       		.byte	10
 770 02e9 08       		.byte	8
 771 02ea 0B       		.byte	11
 772 02eb 20       		.byte	32
 773 02ec 0C       		.byte	12
 774 02ed 04       		.byte	4
 775 02ee 0D       		.byte	13
 776 02ef 40       		.byte	64
 777 02f0 0F       		.byte	15
 778 02f1 04       		.byte	4
 779 02f2 10       		.byte	16
 780 02f3 20       		.byte	32
 781 02f4 11       		.byte	17
 782 02f5 10       		.byte	16
 783 02f6 14       		.byte	20
 784 02f7 90       		.byte	-112
 785 02f8 16       		.byte	22
 786 02f9 0E       		.byte	14
 787 02fa 18       		.byte	24
 788 02fb 04       		.byte	4
 789 02fc 1B       		.byte	27
 790 02fd 08       		.byte	8
 791 02fe 1C       		.byte	28
 792 02ff 40       		.byte	64
 793 0300 1F       		.byte	31
 794 0301 30       		.byte	48
 795 0302 21       		.byte	33
 796 0303 0A       		.byte	10
 797 0304 26       		.byte	38
 798 0305 2A       		.byte	42
ARM GAS  C:\Users\fabis\AppData\Local\Temp\cc0aXjqC.s 			page 15


 799 0306 28       		.byte	40
 800 0307 10       		.byte	16
 801 0308 29       		.byte	41
 802 0309 04       		.byte	4
 803 030a 2A       		.byte	42
 804 030b 40       		.byte	64
 805 030c 2C       		.byte	44
 806 030d 04       		.byte	4
 807 030e 2D       		.byte	45
 808 030f 80       		.byte	-128
 809 0310 2E       		.byte	46
 810 0311 08       		.byte	8
 811 0312 31       		.byte	49
 812 0313 02       		.byte	2
 813 0314 32       		.byte	50
 814 0315 04       		.byte	4
 815 0316 33       		.byte	51
 816 0317 20       		.byte	32
 817 0318 36       		.byte	54
 818 0319 80       		.byte	-128
 819 031a 37       		.byte	55
 820 031b 14       		.byte	20
 821 031c 38       		.byte	56
 822 031d 24       		.byte	36
 823 031e 39       		.byte	57
 824 031f 90       		.byte	-112
 825 0320 3B       		.byte	59
 826 0321 04       		.byte	4
 827 0322 3D       		.byte	61
 828 0323 22       		.byte	34
 829 0324 3E       		.byte	62
 830 0325 06       		.byte	6
 831 0326 3F       		.byte	63
 832 0327 40       		.byte	64
 833 0328 41       		.byte	65
 834 0329 08       		.byte	8
 835 032a 48       		.byte	72
 836 032b 20       		.byte	32
 837 032c 49       		.byte	73
 838 032d 04       		.byte	4
 839 032e 50       		.byte	80
 840 032f 10       		.byte	16
 841 0330 83       		.byte	-125
 842 0331 08       		.byte	8
 843 0332 85       		.byte	-123
 844 0333 03       		.byte	3
 845 0334 86       		.byte	-122
 846 0335 2C       		.byte	44
 847 0336 87       		.byte	-121
 848 0337 40       		.byte	64
 849 0338 88       		.byte	-120
 850 0339 80       		.byte	-128
 851 033a 89       		.byte	-119
 852 033b 80       		.byte	-128
 853 033c 8B       		.byte	-117
 854 033d 10       		.byte	16
 855 033e 91       		.byte	-111
ARM GAS  C:\Users\fabis\AppData\Local\Temp\cc0aXjqC.s 			page 16


 856 033f 80       		.byte	-128
 857 0340 92       		.byte	-110
 858 0341 0C       		.byte	12
 859 0342 94       		.byte	-108
 860 0343 44       		.byte	68
 861 0344 95       		.byte	-107
 862 0345 11       		.byte	17
 863 0346 97       		.byte	-105
 864 0347 20       		.byte	32
 865 0348 98       		.byte	-104
 866 0349 04       		.byte	4
 867 034a 9A       		.byte	-102
 868 034b 44       		.byte	68
 869 034c 9B       		.byte	-101
 870 034d 14       		.byte	20
 871 034e 9D       		.byte	-99
 872 034f 80       		.byte	-128
 873 0350 A0       		.byte	-96
 874 0351 01       		.byte	1
 875 0352 A1       		.byte	-95
 876 0353 11       		.byte	17
 877 0354 A2       		.byte	-94
 878 0355 80       		.byte	-128
 879 0356 A6       		.byte	-90
 880 0357 22       		.byte	34
 881 0358 B6       		.byte	-74
 882 0359 01       		.byte	1
 883 035a B7       		.byte	-73
 884 035b 08       		.byte	8
 885 035c C0       		.byte	-64
 886 035d 7C       		.byte	124
 887 035e C2       		.byte	-62
 888 035f EE       		.byte	-18
 889 0360 C4       		.byte	-60
 890 0361 F6       		.byte	-10
 891 0362 CA       		.byte	-54
 892 0363 7A       		.byte	122
 893 0364 CC       		.byte	-52
 894 0365 77       		.byte	119
 895 0366 CE       		.byte	-50
 896 0367 FE       		.byte	-2
 897 0368 D0       		.byte	-48
 898 0369 02       		.byte	2
 899 036a E4       		.byte	-28
 900 036b 01       		.byte	1
 901 036c 11       		.byte	17
 902 036d 01       		.byte	1
 903 036e 70       		.byte	112
 904 036f 04       		.byte	4
 905 0370 80       		.byte	-128
 906 0371 04       		.byte	4
 907 0372 89       		.byte	-119
 908 0373 01       		.byte	1
 909 0374 C4       		.byte	-60
 910 0375 08       		.byte	8
 911 0376 DC       		.byte	-36
 912 0377 01       		.byte	1
ARM GAS  C:\Users\fabis\AppData\Local\Temp\cc0aXjqC.s 			page 17


 913 0378 E6       		.byte	-26
 914 0379 01       		.byte	1
 915 037a 00       		.byte	0
 916 037b 01       		.byte	1
 917 037c 0C       		.byte	12
 918 037d 01       		.byte	1
 919 037e 10       		.byte	16
 920 037f 01       		.byte	1
 921 0380 1C       		.byte	28
 922 0381 01       		.byte	1
 923 0382 00       		.byte	0
 924 0383 00       		.byte	0
 925 0384 00       		.byte	0
 926 0385 00       		.byte	0
 927 0386 01       		.byte	1
 928 0387 01       		.byte	1
 929 0388 01       		.byte	1
 930 0389 01       		.byte	1
 931 038a 00       		.byte	0
 932 038b 00       		.byte	0
 933 038c 01       		.byte	1
 934 038d 01       		.byte	1
 935 038e 01       		.byte	1
 936 038f 01       		.byte	1
 937 0390 00       		.byte	0
 938 0391 00       		.byte	0
 939 0392 00       		.byte	0
 940 0393 00       		.byte	0
 941 0394 FF       		.byte	-1
 942 0395 00       		.byte	0
 943 0396 00       		.byte	0
 944 0397 00       		.byte	0
 945 0398 00       		.byte	0
 946 0399 00       		.byte	0
 947 039a 00       		.byte	0
 948 039b 00       		.byte	0
 949 039c 80       		.byte	-128
 950 039d 00       		.byte	0
 951 039e 40       		.byte	64
 952 039f 80       		.byte	-128
 953 03a0 80       		.byte	-128
 954 03a1 00       		.byte	0
 955 03a2 80       		.byte	-128
 956 03a3 00       		.byte	0
 957 03a4 00       		.byte	0
 958 03a5 00       		.byte	0
 959 03a6 00       		.byte	0
 960 03a7 00       		.byte	0
 961 03a8 3C       		.byte	60
 962 03a9 43       		.byte	67
 963 03aa 43       		.byte	67
 964 03ab 00       		.byte	0
 965 03ac 00       		.byte	0
 966 03ad 00       		.byte	0
 967 03ae 00       		.byte	0
 968 03af 00       		.byte	0
 969 03b0 0F       		.byte	15
ARM GAS  C:\Users\fabis\AppData\Local\Temp\cc0aXjqC.s 			page 18


 970 03b1 00       		.byte	0
 971 03b2 00       		.byte	0
 972 03b3 00       		.byte	0
 973 03b4 00       		.byte	0
 974 03b5 00       		.byte	0
 975 03b6 00       		.byte	0
 976 03b7 00       		.byte	0
 977 03b8 01       		.byte	1
 978 03b9 00       		.byte	0
 979 03ba 14       		.byte	20
 980 03bb 01       		.byte	1
 981              		.global	cy_meta_custnvl
 982              		.section	.cycustnvl,"a",%progbits
 983              		.align	2
 984              		.type	cy_meta_custnvl, %object
 985              		.size	cy_meta_custnvl, 4
 986              	cy_meta_custnvl:
 987 0000 00       		.byte	0
 988 0001 00       		.byte	0
 989 0002 40       		.byte	64
 990 0003 05       		.byte	5
 991              		.global	cy_meta_wonvl
 992              		.section	.cywolatch,"a",%progbits
 993              		.align	2
 994              		.type	cy_meta_wonvl, %object
 995              		.size	cy_meta_wonvl, 4
 996              	cy_meta_wonvl:
 997 0000 BC       		.byte	-68
 998 0001 90       		.byte	-112
 999 0002 AC       		.byte	-84
 1000 0003 AF       		.byte	-81
 1001              		.global	cy_meta_flashprotect
 1002              		.section	.cyflashprotect,"a",%progbits
 1003              		.align	2
 1004              		.type	cy_meta_flashprotect, %object
 1005              		.size	cy_meta_flashprotect, 256
 1006              	cy_meta_flashprotect:
 1007 0000 00000000 		.space	256
 1007      00000000 
 1007      00000000 
 1007      00000000 
 1007      00000000 
 1008              		.global	cy_metadata
 1009              		.section	.cymeta,"a",%progbits
 1010              		.align	2
 1011              		.type	cy_metadata, %object
 1012              		.size	cy_metadata, 12
 1013              	cy_metadata:
 1014 0000 00       		.byte	0
 1015 0001 01       		.byte	1
 1016 0002 2E       		.byte	46
 1017 0003 16       		.byte	22
 1018 0004 10       		.byte	16
 1019 0005 69       		.byte	105
 1020 0006 00       		.byte	0
 1021 0007 01       		.byte	1
 1022 0008 00       		.byte	0
ARM GAS  C:\Users\fabis\AppData\Local\Temp\cc0aXjqC.s 			page 19


 1023 0009 00       		.byte	0
 1024 000a 00       		.byte	0
 1025 000b 00       		.byte	0
 1026              		.text
 1027              	.Letext0:
 1028              		.file 1 "c:\\program files (x86)\\cypress\\psoc creator\\4.2\\psoc creator\\import\\gnu\\arm\\5.4.
 1029              		.file 2 "c:\\program files (x86)\\cypress\\psoc creator\\4.2\\psoc creator\\import\\gnu\\arm\\5.4.
 1030              		.file 3 "Generated_Source\\PSoC5\\cymetadata.c"
 1031              		.section	.debug_info,"",%progbits
 1032              	.Ldebug_info0:
 1033 0000 31010000 		.4byte	0x131
 1034 0004 0400     		.2byte	0x4
 1035 0006 00000000 		.4byte	.Ldebug_abbrev0
 1036 000a 04       		.byte	0x4
 1037 000b 01       		.uleb128 0x1
 1038 000c 0A000000 		.4byte	.LASF17
 1039 0010 0C       		.byte	0xc
 1040 0011 B3010000 		.4byte	.LASF18
 1041 0015 69010000 		.4byte	.LASF19
 1042 0019 00000000 		.4byte	.Ldebug_line0
 1043 001d 02       		.uleb128 0x2
 1044 001e 01       		.byte	0x1
 1045 001f 06       		.byte	0x6
 1046 0020 A7010000 		.4byte	.LASF0
 1047 0024 03       		.uleb128 0x3
 1048 0025 00000000 		.4byte	.LASF9
 1049 0029 01       		.byte	0x1
 1050 002a 1D       		.byte	0x1d
 1051 002b 2F000000 		.4byte	0x2f
 1052 002f 02       		.uleb128 0x2
 1053 0030 01       		.byte	0x1
 1054 0031 08       		.byte	0x8
 1055 0032 A4000000 		.4byte	.LASF1
 1056 0036 02       		.uleb128 0x2
 1057 0037 02       		.byte	0x2
 1058 0038 05       		.byte	0x5
 1059 0039 5F010000 		.4byte	.LASF2
 1060 003d 02       		.uleb128 0x2
 1061 003e 02       		.byte	0x2
 1062 003f 07       		.byte	0x7
 1063 0040 C4000000 		.4byte	.LASF3
 1064 0044 02       		.uleb128 0x2
 1065 0045 04       		.byte	0x4
 1066 0046 05       		.byte	0x5
 1067 0047 9E010000 		.4byte	.LASF4
 1068 004b 02       		.uleb128 0x2
 1069 004c 04       		.byte	0x4
 1070 004d 07       		.byte	0x7
 1071 004e B2000000 		.4byte	.LASF5
 1072 0052 02       		.uleb128 0x2
 1073 0053 08       		.byte	0x8
 1074 0054 05       		.byte	0x5
 1075 0055 51010000 		.4byte	.LASF6
 1076 0059 02       		.uleb128 0x2
 1077 005a 08       		.byte	0x8
 1078 005b 07       		.byte	0x7
 1079 005c 06010000 		.4byte	.LASF7
ARM GAS  C:\Users\fabis\AppData\Local\Temp\cc0aXjqC.s 			page 20


 1080 0060 04       		.uleb128 0x4
 1081 0061 04       		.byte	0x4
 1082 0062 05       		.byte	0x5
 1083 0063 696E7400 		.ascii	"int\000"
 1084 0067 02       		.uleb128 0x2
 1085 0068 04       		.byte	0x4
 1086 0069 07       		.byte	0x7
 1087 006a F9000000 		.4byte	.LASF8
 1088 006e 03       		.uleb128 0x3
 1089 006f 1D010000 		.4byte	.LASF10
 1090 0073 02       		.byte	0x2
 1091 0074 18       		.byte	0x18
 1092 0075 24000000 		.4byte	0x24
 1093 0079 05       		.uleb128 0x5
 1094 007a 91000000 		.4byte	0x91
 1095 007e 8A000000 		.4byte	0x8a
 1096 0082 06       		.uleb128 0x6
 1097 0083 8A000000 		.4byte	0x8a
 1098 0087 BB03     		.2byte	0x3bb
 1099 0089 00       		.byte	0
 1100 008a 02       		.uleb128 0x2
 1101 008b 04       		.byte	0x4
 1102 008c 07       		.byte	0x7
 1103 008d 48010000 		.4byte	.LASF11
 1104 0091 07       		.uleb128 0x7
 1105 0092 6E000000 		.4byte	0x6e
 1106 0096 08       		.uleb128 0x8
 1107 0097 E7000000 		.4byte	.LASF12
 1108 009b 03       		.byte	0x3
 1109 009c 1F       		.byte	0x1f
 1110 009d A7000000 		.4byte	0xa7
 1111 00a1 05       		.uleb128 0x5
 1112 00a2 03       		.byte	0x3
 1113 00a3 00000000 		.4byte	cy_meta_configecc
 1114 00a7 07       		.uleb128 0x7
 1115 00a8 79000000 		.4byte	0x79
 1116 00ac 05       		.uleb128 0x5
 1117 00ad 91000000 		.4byte	0x91
 1118 00b1 BC000000 		.4byte	0xbc
 1119 00b5 09       		.uleb128 0x9
 1120 00b6 8A000000 		.4byte	0x8a
 1121 00ba 03       		.byte	0x3
 1122 00bb 00       		.byte	0
 1123 00bc 08       		.uleb128 0x8
 1124 00bd D7000000 		.4byte	.LASF13
 1125 00c1 03       		.byte	0x3
 1126 00c2 A4       		.byte	0xa4
 1127 00c3 CD000000 		.4byte	0xcd
 1128 00c7 05       		.uleb128 0x5
 1129 00c8 03       		.byte	0x3
 1130 00c9 00000000 		.4byte	cy_meta_custnvl
 1131 00cd 07       		.uleb128 0x7
 1132 00ce AC000000 		.4byte	0xac
 1133 00d2 08       		.uleb128 0x8
 1134 00d3 3A010000 		.4byte	.LASF14
 1135 00d7 03       		.byte	0x3
 1136 00d8 B2       		.byte	0xb2
ARM GAS  C:\Users\fabis\AppData\Local\Temp\cc0aXjqC.s 			page 21


 1137 00d9 E3000000 		.4byte	0xe3
 1138 00dd 05       		.uleb128 0x5
 1139 00de 03       		.byte	0x3
 1140 00df 00000000 		.4byte	cy_meta_wonvl
 1141 00e3 07       		.uleb128 0x7
 1142 00e4 AC000000 		.4byte	0xac
 1143 00e8 05       		.uleb128 0x5
 1144 00e9 91000000 		.4byte	0x91
 1145 00ed F8000000 		.4byte	0xf8
 1146 00f1 09       		.uleb128 0x9
 1147 00f2 8A000000 		.4byte	0x8a
 1148 00f6 FF       		.byte	0xff
 1149 00f7 00       		.byte	0
 1150 00f8 08       		.uleb128 0x8
 1151 00f9 25010000 		.4byte	.LASF15
 1152 00fd 03       		.byte	0x3
 1153 00fe C0       		.byte	0xc0
 1154 00ff 09010000 		.4byte	0x109
 1155 0103 05       		.uleb128 0x5
 1156 0104 03       		.byte	0x3
 1157 0105 00000000 		.4byte	cy_meta_flashprotect
 1158 0109 07       		.uleb128 0x7
 1159 010a E8000000 		.4byte	0xe8
 1160 010e 05       		.uleb128 0x5
 1161 010f 91000000 		.4byte	0x91
 1162 0113 1E010000 		.4byte	0x11e
 1163 0117 09       		.uleb128 0x9
 1164 0118 8A000000 		.4byte	0x8a
 1165 011c 0B       		.byte	0xb
 1166 011d 00       		.byte	0
 1167 011e 08       		.uleb128 0x8
 1168 011f 98000000 		.4byte	.LASF16
 1169 0123 03       		.byte	0x3
 1170 0124 ED       		.byte	0xed
 1171 0125 2F010000 		.4byte	0x12f
 1172 0129 05       		.uleb128 0x5
 1173 012a 03       		.byte	0x3
 1174 012b 00000000 		.4byte	cy_metadata
 1175 012f 07       		.uleb128 0x7
 1176 0130 0E010000 		.4byte	0x10e
 1177 0134 00       		.byte	0
 1178              		.section	.debug_abbrev,"",%progbits
 1179              	.Ldebug_abbrev0:
 1180 0000 01       		.uleb128 0x1
 1181 0001 11       		.uleb128 0x11
 1182 0002 01       		.byte	0x1
 1183 0003 25       		.uleb128 0x25
 1184 0004 0E       		.uleb128 0xe
 1185 0005 13       		.uleb128 0x13
 1186 0006 0B       		.uleb128 0xb
 1187 0007 03       		.uleb128 0x3
 1188 0008 0E       		.uleb128 0xe
 1189 0009 1B       		.uleb128 0x1b
 1190 000a 0E       		.uleb128 0xe
 1191 000b 10       		.uleb128 0x10
 1192 000c 17       		.uleb128 0x17
 1193 000d 00       		.byte	0
ARM GAS  C:\Users\fabis\AppData\Local\Temp\cc0aXjqC.s 			page 22


 1194 000e 00       		.byte	0
 1195 000f 02       		.uleb128 0x2
 1196 0010 24       		.uleb128 0x24
 1197 0011 00       		.byte	0
 1198 0012 0B       		.uleb128 0xb
 1199 0013 0B       		.uleb128 0xb
 1200 0014 3E       		.uleb128 0x3e
 1201 0015 0B       		.uleb128 0xb
 1202 0016 03       		.uleb128 0x3
 1203 0017 0E       		.uleb128 0xe
 1204 0018 00       		.byte	0
 1205 0019 00       		.byte	0
 1206 001a 03       		.uleb128 0x3
 1207 001b 16       		.uleb128 0x16
 1208 001c 00       		.byte	0
 1209 001d 03       		.uleb128 0x3
 1210 001e 0E       		.uleb128 0xe
 1211 001f 3A       		.uleb128 0x3a
 1212 0020 0B       		.uleb128 0xb
 1213 0021 3B       		.uleb128 0x3b
 1214 0022 0B       		.uleb128 0xb
 1215 0023 49       		.uleb128 0x49
 1216 0024 13       		.uleb128 0x13
 1217 0025 00       		.byte	0
 1218 0026 00       		.byte	0
 1219 0027 04       		.uleb128 0x4
 1220 0028 24       		.uleb128 0x24
 1221 0029 00       		.byte	0
 1222 002a 0B       		.uleb128 0xb
 1223 002b 0B       		.uleb128 0xb
 1224 002c 3E       		.uleb128 0x3e
 1225 002d 0B       		.uleb128 0xb
 1226 002e 03       		.uleb128 0x3
 1227 002f 08       		.uleb128 0x8
 1228 0030 00       		.byte	0
 1229 0031 00       		.byte	0
 1230 0032 05       		.uleb128 0x5
 1231 0033 01       		.uleb128 0x1
 1232 0034 01       		.byte	0x1
 1233 0035 49       		.uleb128 0x49
 1234 0036 13       		.uleb128 0x13
 1235 0037 01       		.uleb128 0x1
 1236 0038 13       		.uleb128 0x13
 1237 0039 00       		.byte	0
 1238 003a 00       		.byte	0
 1239 003b 06       		.uleb128 0x6
 1240 003c 21       		.uleb128 0x21
 1241 003d 00       		.byte	0
 1242 003e 49       		.uleb128 0x49
 1243 003f 13       		.uleb128 0x13
 1244 0040 2F       		.uleb128 0x2f
 1245 0041 05       		.uleb128 0x5
 1246 0042 00       		.byte	0
 1247 0043 00       		.byte	0
 1248 0044 07       		.uleb128 0x7
 1249 0045 26       		.uleb128 0x26
 1250 0046 00       		.byte	0
ARM GAS  C:\Users\fabis\AppData\Local\Temp\cc0aXjqC.s 			page 23


 1251 0047 49       		.uleb128 0x49
 1252 0048 13       		.uleb128 0x13
 1253 0049 00       		.byte	0
 1254 004a 00       		.byte	0
 1255 004b 08       		.uleb128 0x8
 1256 004c 34       		.uleb128 0x34
 1257 004d 00       		.byte	0
 1258 004e 03       		.uleb128 0x3
 1259 004f 0E       		.uleb128 0xe
 1260 0050 3A       		.uleb128 0x3a
 1261 0051 0B       		.uleb128 0xb
 1262 0052 3B       		.uleb128 0x3b
 1263 0053 0B       		.uleb128 0xb
 1264 0054 49       		.uleb128 0x49
 1265 0055 13       		.uleb128 0x13
 1266 0056 3F       		.uleb128 0x3f
 1267 0057 19       		.uleb128 0x19
 1268 0058 02       		.uleb128 0x2
 1269 0059 18       		.uleb128 0x18
 1270 005a 00       		.byte	0
 1271 005b 00       		.byte	0
 1272 005c 09       		.uleb128 0x9
 1273 005d 21       		.uleb128 0x21
 1274 005e 00       		.byte	0
 1275 005f 49       		.uleb128 0x49
 1276 0060 13       		.uleb128 0x13
 1277 0061 2F       		.uleb128 0x2f
 1278 0062 0B       		.uleb128 0xb
 1279 0063 00       		.byte	0
 1280 0064 00       		.byte	0
 1281 0065 00       		.byte	0
 1282              		.section	.debug_aranges,"",%progbits
 1283 0000 14000000 		.4byte	0x14
 1284 0004 0200     		.2byte	0x2
 1285 0006 00000000 		.4byte	.Ldebug_info0
 1286 000a 04       		.byte	0x4
 1287 000b 00       		.byte	0
 1288 000c 0000     		.2byte	0
 1289 000e 0000     		.2byte	0
 1290 0010 00000000 		.4byte	0
 1291 0014 00000000 		.4byte	0
 1292              		.section	.debug_line,"",%progbits
 1293              	.Ldebug_line0:
 1294 0000 3D010000 		.section	.debug_str,"MS",%progbits,1
 1294      02003701 
 1294      00000201 
 1294      FB0E0D00 
 1294      01010101 
 1295              	.LASF9:
 1296 0000 5F5F7569 		.ascii	"__uint8_t\000"
 1296      6E74385F 
 1296      7400
 1297              	.LASF17:
 1298 000a 474E5520 		.ascii	"GNU C11 5.4.1 20160609 (release) [ARM/embedded-5-br"
 1298      43313120 
 1298      352E342E 
 1298      31203230 
ARM GAS  C:\Users\fabis\AppData\Local\Temp\cc0aXjqC.s 			page 24


 1298      31363036 
 1299 003d 616E6368 		.ascii	"anch revision 237715] -mcpu=cortex-m3 -mthumb -g -O"
 1299      20726576 
 1299      6973696F 
 1299      6E203233 
 1299      37373135 
 1300 0070 30202D66 		.ascii	"0 -ffunction-sections -ffat-lto-objects\000"
 1300      66756E63 
 1300      74696F6E 
 1300      2D736563 
 1300      74696F6E 
 1301              	.LASF16:
 1302 0098 63795F6D 		.ascii	"cy_metadata\000"
 1302      65746164 
 1302      61746100 
 1303              	.LASF1:
 1304 00a4 756E7369 		.ascii	"unsigned char\000"
 1304      676E6564 
 1304      20636861 
 1304      7200
 1305              	.LASF5:
 1306 00b2 6C6F6E67 		.ascii	"long unsigned int\000"
 1306      20756E73 
 1306      69676E65 
 1306      6420696E 
 1306      7400
 1307              	.LASF3:
 1308 00c4 73686F72 		.ascii	"short unsigned int\000"
 1308      7420756E 
 1308      7369676E 
 1308      65642069 
 1308      6E7400
 1309              	.LASF13:
 1310 00d7 63795F6D 		.ascii	"cy_meta_custnvl\000"
 1310      6574615F 
 1310      63757374 
 1310      6E766C00 
 1311              	.LASF12:
 1312 00e7 63795F6D 		.ascii	"cy_meta_configecc\000"
 1312      6574615F 
 1312      636F6E66 
 1312      69676563 
 1312      6300
 1313              	.LASF8:
 1314 00f9 756E7369 		.ascii	"unsigned int\000"
 1314      676E6564 
 1314      20696E74 
 1314      00
 1315              	.LASF7:
 1316 0106 6C6F6E67 		.ascii	"long long unsigned int\000"
 1316      206C6F6E 
 1316      6720756E 
 1316      7369676E 
 1316      65642069 
 1317              	.LASF10:
 1318 011d 75696E74 		.ascii	"uint8_t\000"
 1318      385F7400 
ARM GAS  C:\Users\fabis\AppData\Local\Temp\cc0aXjqC.s 			page 25


 1319              	.LASF15:
 1320 0125 63795F6D 		.ascii	"cy_meta_flashprotect\000"
 1320      6574615F 
 1320      666C6173 
 1320      6870726F 
 1320      74656374 
 1321              	.LASF14:
 1322 013a 63795F6D 		.ascii	"cy_meta_wonvl\000"
 1322      6574615F 
 1322      776F6E76 
 1322      6C00
 1323              	.LASF11:
 1324 0148 73697A65 		.ascii	"sizetype\000"
 1324      74797065 
 1324      00
 1325              	.LASF6:
 1326 0151 6C6F6E67 		.ascii	"long long int\000"
 1326      206C6F6E 
 1326      6720696E 
 1326      7400
 1327              	.LASF2:
 1328 015f 73686F72 		.ascii	"short int\000"
 1328      7420696E 
 1328      7400
 1329              	.LASF19:
 1330 0169 433A5C55 		.ascii	"C:\\Users\\fabis\\Desktop\\CE210558_GPIO_Interrupt."
 1330      73657273 
 1330      5C666162 
 1330      69735C44 
 1330      65736B74 
 1331 0198 63796473 		.ascii	"cydsn\000"
 1331      6E00
 1332              	.LASF4:
 1333 019e 6C6F6E67 		.ascii	"long int\000"
 1333      20696E74 
 1333      00
 1334              	.LASF0:
 1335 01a7 7369676E 		.ascii	"signed char\000"
 1335      65642063 
 1335      68617200 
 1336              	.LASF18:
 1337 01b3 47656E65 		.ascii	"Generated_Source\\PSoC5\\cymetadata.c\000"
 1337      72617465 
 1337      645F536F 
 1337      75726365 
 1337      5C50536F 
 1338              		.ident	"GCC: (GNU Tools for ARM Embedded Processors) 5.4.1 20160609 (release) [ARM/embedded-5-bran
