ARM GAS  C:\Users\fabis\AppData\Local\Temp\ccVgbwGh.s 			page 1


   1              		.syntax unified
   2              		.cpu cortex-m3
   3              		.fpu softvfp
   4              		.eabi_attribute 20, 1
   5              		.eabi_attribute 21, 1
   6              		.eabi_attribute 23, 3
   7              		.eabi_attribute 24, 1
   8              		.eabi_attribute 25, 1
   9              		.eabi_attribute 26, 1
  10              		.eabi_attribute 30, 6
  11              		.eabi_attribute 34, 1
  12              		.eabi_attribute 18, 4
  13              		.thumb
  14              		.syntax unified
  15              		.file	"InterruptRoutine.c"
  16              		.text
  17              	.Ltext0:
  18              		.cfi_sections	.debug_frame
  19              		.section	.text.GPIO_ISR,"ax",%progbits
  20              		.align	2
  21              		.global	GPIO_ISR
  22              		.thumb
  23              		.thumb_func
  24              		.type	GPIO_ISR, %function
  25              	GPIO_ISR:
  26              	.LFB63:
  27              		.file 1 "InterruptRoutine.c"
   1:InterruptRoutine.c **** /*****************************************************************************
   2:InterruptRoutine.c **** * File Name: InterruptRoutine.c
   3:InterruptRoutine.c **** *
   4:InterruptRoutine.c **** * Version: 1.0
   5:InterruptRoutine.c **** *
   6:InterruptRoutine.c **** * Description:
   7:InterruptRoutine.c **** * The file contains user ISR (as opposed to auto-generated ISRs) for the GPIO 
   8:InterruptRoutine.c **** * interrupt. In the ISR, Logic 0 is written at LED pin (port P0[2]) on the rising  
   9:InterruptRoutine.c **** * edge interrupt and Logic 1 is written on falling edge interrupt. For testing  
  10:InterruptRoutine.c **** * purposes, both the interrupt pins - P0[0] and P0[1] can be shorted externally  
  11:InterruptRoutine.c **** * and driven with the same signal.
  12:InterruptRoutine.c **** *
  13:InterruptRoutine.c **** * Related Document: Code example CE210558
  14:InterruptRoutine.c **** *
  15:InterruptRoutine.c **** * Hardware Dependency: See code example CE210558
  16:InterruptRoutine.c **** *
  17:InterruptRoutine.c **** ******************************************************************************
  18:InterruptRoutine.c **** * Copyright (2015), Cypress Semiconductor Corporation.
  19:InterruptRoutine.c **** ******************************************************************************
  20:InterruptRoutine.c **** * This software is owned by Cypress Semiconductor Corporation (Cypress) and is
  21:InterruptRoutine.c **** * protected by and subject to worldwide patent protection (United States and
  22:InterruptRoutine.c **** * foreign), United States copyright laws and international treaty provisions.
  23:InterruptRoutine.c **** * Cypress hereby grants to licensee a personal, non-exclusive, non-transferable
  24:InterruptRoutine.c **** * license to copy, use, modify, create derivative works of, and compile the
  25:InterruptRoutine.c **** * Cypress Source Code and derivative works for the sole purpose of creating
  26:InterruptRoutine.c **** * custom software in support of licensee product to be used only in conjunction
  27:InterruptRoutine.c **** * with a Cypress integrated circuit as specified in the applicable agreement.
  28:InterruptRoutine.c **** * Any reproduction, modification, translation, compilation, or representation of
  29:InterruptRoutine.c **** * this software except as specified above is prohibited without the express
  30:InterruptRoutine.c **** * written permission of Cypress.
ARM GAS  C:\Users\fabis\AppData\Local\Temp\ccVgbwGh.s 			page 2


  31:InterruptRoutine.c **** *
  32:InterruptRoutine.c **** * Disclaimer: CYPRESS MAKES NO WARRANTY OF ANY KIND, EXPRESS OR IMPLIED, WITH
  33:InterruptRoutine.c **** * REGARD TO THIS MATERIAL, INCLUDING, BUT NOT LIMITED TO, THE IMPLIED
  34:InterruptRoutine.c **** * WARRANTIES OF MERCHANTABILITY AND FITNESS FOR A PARTICULAR PURPOSE.
  35:InterruptRoutine.c **** * Cypress reserves the right to make changes without further notice to the
  36:InterruptRoutine.c **** * materials described herein. Cypress does not assume any liability arising out
  37:InterruptRoutine.c **** * of the application or use of any product or circuit described herein. Cypress
  38:InterruptRoutine.c **** * does not authorize its products for use as critical components in life-support
  39:InterruptRoutine.c **** * systems where a malfunction or failure may reasonably be expected to result in
  40:InterruptRoutine.c **** * significant injury to the user. The inclusion of Cypress' product in a life-
  41:InterruptRoutine.c **** * support systems application implies that the manufacturer assumes all risk of
  42:InterruptRoutine.c **** * such use and in doing so indemnifies Cypress against all charges. Use may be
  43:InterruptRoutine.c **** * limited by and subject to the applicable Cypress software license agreement.
  44:InterruptRoutine.c **** *****************************************************************************/
  45:InterruptRoutine.c **** 
  46:InterruptRoutine.c **** #include "InterruptRoutine.h"
  47:InterruptRoutine.c **** 
  48:InterruptRoutine.c **** CY_ISR(GPIO_ISR)
  49:InterruptRoutine.c **** {
  28              		.loc 1 49 0
  29              		.cfi_startproc
  30              		@ args = 0, pretend = 0, frame = 8
  31              		@ frame_needed = 1, uses_anonymous_args = 0
  32 0000 80B5     		push	{r7, lr}
  33              		.cfi_def_cfa_offset 8
  34              		.cfi_offset 7, -8
  35              		.cfi_offset 14, -4
  36 0002 82B0     		sub	sp, sp, #8
  37              		.cfi_def_cfa_offset 16
  38 0004 00AF     		add	r7, sp, #0
  39              		.cfi_def_cfa_register 7
  50:InterruptRoutine.c **** 	/* Read the GPIO interrupt status and clear the interrupt */
  51:InterruptRoutine.c ****     
  52:InterruptRoutine.c ****     uint8 rowsOut = Rows_Read();
  40              		.loc 1 52 0
  41 0006 FFF7FEFF 		bl	Rows_Read
  42 000a 0346     		mov	r3, r0
  43 000c FB71     		strb	r3, [r7, #7]
  53:InterruptRoutine.c ****     uint8 columnsOut = Columns_Read();
  44              		.loc 1 53 0
  45 000e FFF7FEFF 		bl	Columns_Read
  46 0012 0346     		mov	r3, r0
  47 0014 BB71     		strb	r3, [r7, #6]
  54:InterruptRoutine.c ****     
  55:InterruptRoutine.c ****     if ( rowsOut > 0 && columnsOut > 0 )
  48              		.loc 1 55 0
  49 0016 FB79     		ldrb	r3, [r7, #7]	@ zero_extendqisi2
  50 0018 002B     		cmp	r3, #0
  51 001a 06D0     		beq	.L2
  52              		.loc 1 55 0 is_stmt 0 discriminator 1
  53 001c BB79     		ldrb	r3, [r7, #6]	@ zero_extendqisi2
  54 001e 002B     		cmp	r3, #0
  55 0020 03D0     		beq	.L2
  56:InterruptRoutine.c ****     {
  57:InterruptRoutine.c ****         Notification_Write(1);
  56              		.loc 1 57 0 is_stmt 1
  57 0022 0120     		movs	r0, #1
ARM GAS  C:\Users\fabis\AppData\Local\Temp\ccVgbwGh.s 			page 3


  58 0024 FFF7FEFF 		bl	Notification_Write
  59 0028 02E0     		b	.L3
  60              	.L2:
  58:InterruptRoutine.c ****     }
  59:InterruptRoutine.c ****     else
  60:InterruptRoutine.c ****     {
  61:InterruptRoutine.c ****         Notification_Write(0);
  61              		.loc 1 61 0
  62 002a 0020     		movs	r0, #0
  63 002c FFF7FEFF 		bl	Notification_Write
  64              	.L3:
  62:InterruptRoutine.c ****     }
  63:InterruptRoutine.c ****     
  64:InterruptRoutine.c **** 	//uint8 InterruptState = Pins_ClearInterrupt();
  65:InterruptRoutine.c **** 	
  66:InterruptRoutine.c **** 	/* If "ON" pin has triggered interrupt */
  67:InterruptRoutine.c **** 	/*if(InterruptState == ON_PIN)
  68:InterruptRoutine.c **** 	{
  69:InterruptRoutine.c **** 		Turn ON the LED
  70:InterruptRoutine.c **** 		Pin_LED_Write(LED_ON);
  71:InterruptRoutine.c **** 	}
  72:InterruptRoutine.c **** 	else
  73:InterruptRoutine.c **** 	If "OFF" pin has triggered interrupt
  74:InterruptRoutine.c **** 	if(InterruptState == OFF_PIN)
  75:InterruptRoutine.c **** 	{
  76:InterruptRoutine.c **** 		Turn OFF the LED
  77:InterruptRoutine.c **** 		Pin_LED_Write(LED_OFF);
  78:InterruptRoutine.c **** 	}*/
  79:InterruptRoutine.c **** }
  65              		.loc 1 79 0
  66 0030 00BF     		nop
  67 0032 0837     		adds	r7, r7, #8
  68              		.cfi_def_cfa_offset 8
  69 0034 BD46     		mov	sp, r7
  70              		.cfi_def_cfa_register 13
  71              		@ sp needed
  72 0036 80BD     		pop	{r7, pc}
  73              		.cfi_endproc
  74              	.LFE63:
  75              		.size	GPIO_ISR, .-GPIO_ISR
  76              		.text
  77              	.Letext0:
  78              		.file 2 "c:\\program files (x86)\\cypress\\psoc creator\\4.2\\psoc creator\\import\\gnu\\arm\\5.4.
  79              		.file 3 "c:\\program files (x86)\\cypress\\psoc creator\\4.2\\psoc creator\\import\\gnu\\arm\\5.4.
  80              		.file 4 "Generated_Source\\PSoC5/cytypes.h"
  81              		.file 5 "Generated_Source\\PSoC5/core_cm3.h"
  82              		.section	.debug_info,"",%progbits
  83              	.Ldebug_info0:
  84 0000 F0000000 		.4byte	0xf0
  85 0004 0400     		.2byte	0x4
  86 0006 00000000 		.4byte	.Ldebug_abbrev0
  87 000a 04       		.byte	0x4
  88 000b 01       		.uleb128 0x1
  89 000c 7C000000 		.4byte	.LASF19
  90 0010 0C       		.byte	0xc
  91 0011 5F010000 		.4byte	.LASF20
  92 0015 0A010000 		.4byte	.LASF21
ARM GAS  C:\Users\fabis\AppData\Local\Temp\ccVgbwGh.s 			page 4


  93 0019 00000000 		.4byte	.Ldebug_ranges0+0
  94 001d 00000000 		.4byte	0
  95 0021 00000000 		.4byte	.Ldebug_line0
  96 0025 02       		.uleb128 0x2
  97 0026 01       		.byte	0x1
  98 0027 06       		.byte	0x6
  99 0028 7F010000 		.4byte	.LASF0
 100 002c 02       		.uleb128 0x2
 101 002d 01       		.byte	0x1
 102 002e 08       		.byte	0x8
 103 002f 37000000 		.4byte	.LASF1
 104 0033 02       		.uleb128 0x2
 105 0034 02       		.byte	0x2
 106 0035 05       		.byte	0x5
 107 0036 A7010000 		.4byte	.LASF2
 108 003a 02       		.uleb128 0x2
 109 003b 02       		.byte	0x2
 110 003c 07       		.byte	0x7
 111 003d 0E000000 		.4byte	.LASF3
 112 0041 03       		.uleb128 0x3
 113 0042 97010000 		.4byte	.LASF9
 114 0046 02       		.byte	0x2
 115 0047 3F       		.byte	0x3f
 116 0048 4C000000 		.4byte	0x4c
 117 004c 02       		.uleb128 0x2
 118 004d 04       		.byte	0x4
 119 004e 05       		.byte	0x5
 120 004f 4F010000 		.4byte	.LASF4
 121 0053 02       		.uleb128 0x2
 122 0054 04       		.byte	0x4
 123 0055 07       		.byte	0x7
 124 0056 53000000 		.4byte	.LASF5
 125 005a 02       		.uleb128 0x2
 126 005b 08       		.byte	0x8
 127 005c 05       		.byte	0x5
 128 005d 00000000 		.4byte	.LASF6
 129 0061 02       		.uleb128 0x2
 130 0062 08       		.byte	0x8
 131 0063 07       		.byte	0x7
 132 0064 65000000 		.4byte	.LASF7
 133 0068 04       		.uleb128 0x4
 134 0069 04       		.byte	0x4
 135 006a 05       		.byte	0x5
 136 006b 696E7400 		.ascii	"int\000"
 137 006f 02       		.uleb128 0x2
 138 0070 04       		.byte	0x4
 139 0071 07       		.byte	0x7
 140 0072 21000000 		.4byte	.LASF8
 141 0076 03       		.uleb128 0x3
 142 0077 B1010000 		.4byte	.LASF10
 143 007b 03       		.byte	0x3
 144 007c 2C       		.byte	0x2c
 145 007d 41000000 		.4byte	0x41
 146 0081 05       		.uleb128 0x5
 147 0082 4D000000 		.4byte	.LASF11
 148 0086 04       		.byte	0x4
 149 0087 3801     		.2byte	0x138
ARM GAS  C:\Users\fabis\AppData\Local\Temp\ccVgbwGh.s 			page 5


 150 0089 2C000000 		.4byte	0x2c
 151 008d 02       		.uleb128 0x2
 152 008e 04       		.byte	0x4
 153 008f 04       		.byte	0x4
 154 0090 A1010000 		.4byte	.LASF12
 155 0094 02       		.uleb128 0x2
 156 0095 08       		.byte	0x8
 157 0096 04       		.byte	0x4
 158 0097 58010000 		.4byte	.LASF13
 159 009b 02       		.uleb128 0x2
 160 009c 01       		.byte	0x1
 161 009d 08       		.byte	0x8
 162 009e 4A010000 		.4byte	.LASF14
 163 00a2 02       		.uleb128 0x2
 164 00a3 08       		.byte	0x8
 165 00a4 04       		.byte	0x4
 166 00a5 8B010000 		.4byte	.LASF15
 167 00a9 02       		.uleb128 0x2
 168 00aa 04       		.byte	0x4
 169 00ab 07       		.byte	0x7
 170 00ac B9010000 		.4byte	.LASF16
 171 00b0 06       		.uleb128 0x6
 172 00b1 2E000000 		.4byte	.LASF22
 173 00b5 01       		.byte	0x1
 174 00b6 30       		.byte	0x30
 175 00b7 00000000 		.4byte	.LFB63
 176 00bb 38000000 		.4byte	.LFE63-.LFB63
 177 00bf 01       		.uleb128 0x1
 178 00c0 9C       		.byte	0x9c
 179 00c1 E2000000 		.4byte	0xe2
 180 00c5 07       		.uleb128 0x7
 181 00c6 45000000 		.4byte	.LASF17
 182 00ca 01       		.byte	0x1
 183 00cb 34       		.byte	0x34
 184 00cc 81000000 		.4byte	0x81
 185 00d0 02       		.uleb128 0x2
 186 00d1 91       		.byte	0x91
 187 00d2 77       		.sleb128 -9
 188 00d3 07       		.uleb128 0x7
 189 00d4 3F010000 		.4byte	.LASF18
 190 00d8 01       		.byte	0x1
 191 00d9 35       		.byte	0x35
 192 00da 81000000 		.4byte	0x81
 193 00de 02       		.uleb128 0x2
 194 00df 91       		.byte	0x91
 195 00e0 76       		.sleb128 -10
 196 00e1 00       		.byte	0
 197 00e2 08       		.uleb128 0x8
 198 00e3 72010000 		.4byte	.LASF23
 199 00e7 05       		.byte	0x5
 200 00e8 5506     		.2byte	0x655
 201 00ea EE000000 		.4byte	0xee
 202 00ee 09       		.uleb128 0x9
 203 00ef 76000000 		.4byte	0x76
 204 00f3 00       		.byte	0
 205              		.section	.debug_abbrev,"",%progbits
 206              	.Ldebug_abbrev0:
ARM GAS  C:\Users\fabis\AppData\Local\Temp\ccVgbwGh.s 			page 6


 207 0000 01       		.uleb128 0x1
 208 0001 11       		.uleb128 0x11
 209 0002 01       		.byte	0x1
 210 0003 25       		.uleb128 0x25
 211 0004 0E       		.uleb128 0xe
 212 0005 13       		.uleb128 0x13
 213 0006 0B       		.uleb128 0xb
 214 0007 03       		.uleb128 0x3
 215 0008 0E       		.uleb128 0xe
 216 0009 1B       		.uleb128 0x1b
 217 000a 0E       		.uleb128 0xe
 218 000b 55       		.uleb128 0x55
 219 000c 17       		.uleb128 0x17
 220 000d 11       		.uleb128 0x11
 221 000e 01       		.uleb128 0x1
 222 000f 10       		.uleb128 0x10
 223 0010 17       		.uleb128 0x17
 224 0011 00       		.byte	0
 225 0012 00       		.byte	0
 226 0013 02       		.uleb128 0x2
 227 0014 24       		.uleb128 0x24
 228 0015 00       		.byte	0
 229 0016 0B       		.uleb128 0xb
 230 0017 0B       		.uleb128 0xb
 231 0018 3E       		.uleb128 0x3e
 232 0019 0B       		.uleb128 0xb
 233 001a 03       		.uleb128 0x3
 234 001b 0E       		.uleb128 0xe
 235 001c 00       		.byte	0
 236 001d 00       		.byte	0
 237 001e 03       		.uleb128 0x3
 238 001f 16       		.uleb128 0x16
 239 0020 00       		.byte	0
 240 0021 03       		.uleb128 0x3
 241 0022 0E       		.uleb128 0xe
 242 0023 3A       		.uleb128 0x3a
 243 0024 0B       		.uleb128 0xb
 244 0025 3B       		.uleb128 0x3b
 245 0026 0B       		.uleb128 0xb
 246 0027 49       		.uleb128 0x49
 247 0028 13       		.uleb128 0x13
 248 0029 00       		.byte	0
 249 002a 00       		.byte	0
 250 002b 04       		.uleb128 0x4
 251 002c 24       		.uleb128 0x24
 252 002d 00       		.byte	0
 253 002e 0B       		.uleb128 0xb
 254 002f 0B       		.uleb128 0xb
 255 0030 3E       		.uleb128 0x3e
 256 0031 0B       		.uleb128 0xb
 257 0032 03       		.uleb128 0x3
 258 0033 08       		.uleb128 0x8
 259 0034 00       		.byte	0
 260 0035 00       		.byte	0
 261 0036 05       		.uleb128 0x5
 262 0037 16       		.uleb128 0x16
 263 0038 00       		.byte	0
ARM GAS  C:\Users\fabis\AppData\Local\Temp\ccVgbwGh.s 			page 7


 264 0039 03       		.uleb128 0x3
 265 003a 0E       		.uleb128 0xe
 266 003b 3A       		.uleb128 0x3a
 267 003c 0B       		.uleb128 0xb
 268 003d 3B       		.uleb128 0x3b
 269 003e 05       		.uleb128 0x5
 270 003f 49       		.uleb128 0x49
 271 0040 13       		.uleb128 0x13
 272 0041 00       		.byte	0
 273 0042 00       		.byte	0
 274 0043 06       		.uleb128 0x6
 275 0044 2E       		.uleb128 0x2e
 276 0045 01       		.byte	0x1
 277 0046 3F       		.uleb128 0x3f
 278 0047 19       		.uleb128 0x19
 279 0048 03       		.uleb128 0x3
 280 0049 0E       		.uleb128 0xe
 281 004a 3A       		.uleb128 0x3a
 282 004b 0B       		.uleb128 0xb
 283 004c 3B       		.uleb128 0x3b
 284 004d 0B       		.uleb128 0xb
 285 004e 27       		.uleb128 0x27
 286 004f 19       		.uleb128 0x19
 287 0050 11       		.uleb128 0x11
 288 0051 01       		.uleb128 0x1
 289 0052 12       		.uleb128 0x12
 290 0053 06       		.uleb128 0x6
 291 0054 40       		.uleb128 0x40
 292 0055 18       		.uleb128 0x18
 293 0056 9642     		.uleb128 0x2116
 294 0058 19       		.uleb128 0x19
 295 0059 01       		.uleb128 0x1
 296 005a 13       		.uleb128 0x13
 297 005b 00       		.byte	0
 298 005c 00       		.byte	0
 299 005d 07       		.uleb128 0x7
 300 005e 34       		.uleb128 0x34
 301 005f 00       		.byte	0
 302 0060 03       		.uleb128 0x3
 303 0061 0E       		.uleb128 0xe
 304 0062 3A       		.uleb128 0x3a
 305 0063 0B       		.uleb128 0xb
 306 0064 3B       		.uleb128 0x3b
 307 0065 0B       		.uleb128 0xb
 308 0066 49       		.uleb128 0x49
 309 0067 13       		.uleb128 0x13
 310 0068 02       		.uleb128 0x2
 311 0069 18       		.uleb128 0x18
 312 006a 00       		.byte	0
 313 006b 00       		.byte	0
 314 006c 08       		.uleb128 0x8
 315 006d 34       		.uleb128 0x34
 316 006e 00       		.byte	0
 317 006f 03       		.uleb128 0x3
 318 0070 0E       		.uleb128 0xe
 319 0071 3A       		.uleb128 0x3a
 320 0072 0B       		.uleb128 0xb
ARM GAS  C:\Users\fabis\AppData\Local\Temp\ccVgbwGh.s 			page 8


 321 0073 3B       		.uleb128 0x3b
 322 0074 05       		.uleb128 0x5
 323 0075 49       		.uleb128 0x49
 324 0076 13       		.uleb128 0x13
 325 0077 3F       		.uleb128 0x3f
 326 0078 19       		.uleb128 0x19
 327 0079 3C       		.uleb128 0x3c
 328 007a 19       		.uleb128 0x19
 329 007b 00       		.byte	0
 330 007c 00       		.byte	0
 331 007d 09       		.uleb128 0x9
 332 007e 35       		.uleb128 0x35
 333 007f 00       		.byte	0
 334 0080 49       		.uleb128 0x49
 335 0081 13       		.uleb128 0x13
 336 0082 00       		.byte	0
 337 0083 00       		.byte	0
 338 0084 00       		.byte	0
 339              		.section	.debug_aranges,"",%progbits
 340 0000 1C000000 		.4byte	0x1c
 341 0004 0200     		.2byte	0x2
 342 0006 00000000 		.4byte	.Ldebug_info0
 343 000a 04       		.byte	0x4
 344 000b 00       		.byte	0
 345 000c 0000     		.2byte	0
 346 000e 0000     		.2byte	0
 347 0010 00000000 		.4byte	.LFB63
 348 0014 38000000 		.4byte	.LFE63-.LFB63
 349 0018 00000000 		.4byte	0
 350 001c 00000000 		.4byte	0
 351              		.section	.debug_ranges,"",%progbits
 352              	.Ldebug_ranges0:
 353 0000 00000000 		.4byte	.LFB63
 354 0004 38000000 		.4byte	.LFE63
 355 0008 00000000 		.4byte	0
 356 000c 00000000 		.4byte	0
 357              		.section	.debug_line,"",%progbits
 358              	.Ldebug_line0:
 359 0000 7C010000 		.section	.debug_str,"MS",%progbits,1
 359      02005801 
 359      00000201 
 359      FB0E0D00 
 359      01010101 
 360              	.LASF6:
 361 0000 6C6F6E67 		.ascii	"long long int\000"
 361      206C6F6E 
 361      6720696E 
 361      7400
 362              	.LASF3:
 363 000e 73686F72 		.ascii	"short unsigned int\000"
 363      7420756E 
 363      7369676E 
 363      65642069 
 363      6E7400
 364              	.LASF8:
 365 0021 756E7369 		.ascii	"unsigned int\000"
 365      676E6564 
ARM GAS  C:\Users\fabis\AppData\Local\Temp\ccVgbwGh.s 			page 9


 365      20696E74 
 365      00
 366              	.LASF22:
 367 002e 4750494F 		.ascii	"GPIO_ISR\000"
 367      5F495352 
 367      00
 368              	.LASF1:
 369 0037 756E7369 		.ascii	"unsigned char\000"
 369      676E6564 
 369      20636861 
 369      7200
 370              	.LASF17:
 371 0045 726F7773 		.ascii	"rowsOut\000"
 371      4F757400 
 372              	.LASF11:
 373 004d 75696E74 		.ascii	"uint8\000"
 373      3800
 374              	.LASF5:
 375 0053 6C6F6E67 		.ascii	"long unsigned int\000"
 375      20756E73 
 375      69676E65 
 375      6420696E 
 375      7400
 376              	.LASF7:
 377 0065 6C6F6E67 		.ascii	"long long unsigned int\000"
 377      206C6F6E 
 377      6720756E 
 377      7369676E 
 377      65642069 
 378              	.LASF19:
 379 007c 474E5520 		.ascii	"GNU C11 5.4.1 20160609 (release) [ARM/embedded-5-br"
 379      43313120 
 379      352E342E 
 379      31203230 
 379      31363036 
 380 00af 616E6368 		.ascii	"anch revision 237715] -mcpu=cortex-m3 -mthumb -g -O"
 380      20726576 
 380      6973696F 
 380      6E203233 
 380      37373135 
 381 00e2 30202D66 		.ascii	"0 -ffunction-sections -ffat-lto-objects\000"
 381      66756E63 
 381      74696F6E 
 381      2D736563 
 381      74696F6E 
 382              	.LASF21:
 383 010a 433A5C55 		.ascii	"C:\\Users\\fabis\\Desktop\\CE210558_GPIO_Interrupt."
 383      73657273 
 383      5C666162 
 383      69735C44 
 383      65736B74 
 384 0139 63796473 		.ascii	"cydsn\000"
 384      6E00
 385              	.LASF18:
 386 013f 636F6C75 		.ascii	"columnsOut\000"
 386      6D6E734F 
 386      757400
ARM GAS  C:\Users\fabis\AppData\Local\Temp\ccVgbwGh.s 			page 10


 387              	.LASF14:
 388 014a 63686172 		.ascii	"char\000"
 388      00
 389              	.LASF4:
 390 014f 6C6F6E67 		.ascii	"long int\000"
 390      20696E74 
 390      00
 391              	.LASF13:
 392 0158 646F7562 		.ascii	"double\000"
 392      6C6500
 393              	.LASF20:
 394 015f 496E7465 		.ascii	"InterruptRoutine.c\000"
 394      72727570 
 394      74526F75 
 394      74696E65 
 394      2E6300
 395              	.LASF23:
 396 0172 49544D5F 		.ascii	"ITM_RxBuffer\000"
 396      52784275 
 396      66666572 
 396      00
 397              	.LASF0:
 398 017f 7369676E 		.ascii	"signed char\000"
 398      65642063 
 398      68617200 
 399              	.LASF15:
 400 018b 6C6F6E67 		.ascii	"long double\000"
 400      20646F75 
 400      626C6500 
 401              	.LASF9:
 402 0197 5F5F696E 		.ascii	"__int32_t\000"
 402      7433325F 
 402      7400
 403              	.LASF12:
 404 01a1 666C6F61 		.ascii	"float\000"
 404      7400
 405              	.LASF2:
 406 01a7 73686F72 		.ascii	"short int\000"
 406      7420696E 
 406      7400
 407              	.LASF10:
 408 01b1 696E7433 		.ascii	"int32_t\000"
 408      325F7400 
 409              	.LASF16:
 410 01b9 73697A65 		.ascii	"sizetype\000"
 410      74797065 
 410      00
 411              		.ident	"GCC: (GNU Tools for ARM Embedded Processors) 5.4.1 20160609 (release) [ARM/embedded-5-bran
