ARM GAS  C:\Users\fabis\AppData\Local\Temp\ccPgiahk.s 			page 1


   1              		.syntax unified
   2              		.cpu cortex-m3
   3              		.fpu softvfp
   4              		.eabi_attribute 20, 1
   5              		.eabi_attribute 21, 1
   6              		.eabi_attribute 23, 3
   7              		.eabi_attribute 24, 1
   8              		.eabi_attribute 25, 1
   9              		.eabi_attribute 26, 1
  10              		.eabi_attribute 30, 6
  11              		.eabi_attribute 34, 1
  12              		.eabi_attribute 18, 4
  13              		.thumb
  14              		.syntax unified
  15              		.file	"main.c"
  16              		.text
  17              	.Ltext0:
  18              		.cfi_sections	.debug_frame
  19              		.global	KeyPad_Key
  20              		.data
  21              		.align	2
  22              		.type	KeyPad_Key, %object
  23              		.size	KeyPad_Key, 16
  24              	KeyPad_Key:
  25 0000 31       		.byte	49
  26 0001 32       		.byte	50
  27 0002 33       		.byte	51
  28 0003 41       		.byte	65
  29 0004 34       		.byte	52
  30 0005 35       		.byte	53
  31 0006 36       		.byte	54
  32 0007 42       		.byte	66
  33 0008 37       		.byte	55
  34 0009 38       		.byte	56
  35 000a 39       		.byte	57
  36 000b 43       		.byte	67
  37 000c 2A       		.byte	42
  38 000d 30       		.byte	48
  39 000e 23       		.byte	35
  40 000f 44       		.byte	68
  41              		.section	.text.KeyPad_GetCol,"ax",%progbits
  42              		.align	2
  43              		.global	KeyPad_GetCol
  44              		.thumb
  45              		.thumb_func
  46              		.type	KeyPad_GetCol, %function
  47              	KeyPad_GetCol:
  48              	.LFB64:
  49              		.file 1 "main.c"
   1:main.c        **** /*****************************************************************************
   2:main.c        **** * File Name: main.c
   3:main.c        **** *
   4:main.c        **** * Version: 1.0
   5:main.c        **** *
   6:main.c        **** * Description:
   7:main.c        **** * In this project, custom ISR is created for the GPIO interrupt. The file -  
   8:main.c        **** * "InterruptRoutine.c" contains user ISR for the interrupt. Pin P0[0] is  
ARM GAS  C:\Users\fabis\AppData\Local\Temp\ccPgiahk.s 			page 2


   9:main.c        **** * configured with rising edge interrupt and P0[1] is configured with falling 
  10:main.c        **** * edge interrupt. In the ISR, Logic 0  is written at LED pin (port P0[2]) on 
  11:main.c        **** * the rising edge interrupt and Logic 1 is written on falling edge interrupt. 
  12:main.c        **** * For testing purposes, both the interrupt pins - P0[0] and P0[1] can be shorted 
  13:main.c        **** * externally and driven with the same signal.
  14:main.c        **** *
  15:main.c        **** * Related Document: Code example CE210558
  16:main.c        **** *
  17:main.c        **** * Hardware Dependency: See code example CE210558
  18:main.c        **** *
  19:main.c        **** ******************************************************************************
  20:main.c        **** * Copyright (2015), Cypress Semiconductor Corporation.
  21:main.c        **** ******************************************************************************
  22:main.c        **** * This software is owned by Cypress Semiconductor Corporation (Cypress) and is
  23:main.c        **** * protected by and subject to worldwide patent protection (United States and
  24:main.c        **** * foreign), United States copyright laws and international treaty provisions.
  25:main.c        **** * Cypress hereby grants to licensee a personal, non-exclusive, non-transferable
  26:main.c        **** * license to copy, use, modify, create derivative works of, and compile the
  27:main.c        **** * Cypress Source Code and derivative works for the sole purpose of creating
  28:main.c        **** * custom software in support of licensee product to be used only in conjunction
  29:main.c        **** * with a Cypress integrated circuit as specified in the applicable agreement.
  30:main.c        **** * Any reproduction, modification, translation, compilation, or representation of
  31:main.c        **** * this software except as specified above is prohibited without the express
  32:main.c        **** * written permission of Cypress.
  33:main.c        **** *
  34:main.c        **** * Disclaimer: CYPRESS MAKES NO WARRANTY OF ANY KIND, EXPRESS OR IMPLIED, WITH
  35:main.c        **** * REGARD TO THIS MATERIAL, INCLUDING, BUT NOT LIMITED TO, THE IMPLIED
  36:main.c        **** * WARRANTIES OF MERCHANTABILITY AND FITNESS FOR A PARTICULAR PURPOSE.
  37:main.c        **** * Cypress reserves the right to make changes without further notice to the
  38:main.c        **** * materials described herein. Cypress does not assume any liability arising out
  39:main.c        **** * of the application or use of any product or circuit described herein. Cypress
  40:main.c        **** * does not authorize its products for use as critical components in life-support
  41:main.c        **** * systems where a malfunction or failure may reasonably be expected to result in
  42:main.c        **** * significant injury to the user. The inclusion of Cypress' product in a life-
  43:main.c        **** * support systems application implies that the manufacturer assumes all risk of
  44:main.c        **** * such use and in doing so indemnifies Cypress against all charges. Use may be
  45:main.c        **** * limited by and subject to the applicable Cypress software license agreement.
  46:main.c        **** *****************************************************************************/
  47:main.c        **** 
  48:main.c        **** #include <project.h>
  49:main.c        **** #include <stdio.h>
  50:main.c        **** #include "cyfitter.h"
  51:main.c        **** 
  52:main.c        **** /* Project Defines */
  53:main.c        **** //#define TRANSMIT_BUFFER_SIZE  16
  54:main.c        **** 
  55:main.c        ****     /* Transmit Buffers */
  56:main.c        ****     /*char rowsBuffer[TRANSMIT_BUFFER_SIZE];
  57:main.c        ****     char columnsBuffer[TRANSMIT_BUFFER_SIZE];*/
  58:main.c        ****     //char keyPadBuffer[TRANSMIT_BUFFER_SIZE];
  59:main.c        ****     /* Variables for output data */
  60:main.c        ****     /*uint8 rowsOutput;
  61:main.c        ****     uint8 columnsOutput;*/
  62:main.c        ****     //uint8 keyPadOutput;
  63:main.c        **** 
  64:main.c        **** //UART transmit interrupt for rows and columns
  65:main.c        **** /*CY_ISR_PROTO(Transmit_Rows);
ARM GAS  C:\Users\fabis\AppData\Local\Temp\ccPgiahk.s 			page 3


  66:main.c        **** CY_ISR_PROTO(Transmit_Columns);*/
  67:main.c        **** /*CY_ISR_PROTO(Transmit_KeyPad);
  68:main.c        **** 
  69:main.c        **** CY_ISR_PROTO(Transmit_KeyPad)
  70:main.c        **** {
  71:main.c        ****     CyDelay(50);
  72:main.c        ****     char8 keyPressed;					
  73:main.c        **** 		
  74:main.c        **** 	keyPressed = KeyPad_GetButton();		//Value recieved from Matrix
  75:main.c        ****     UART_1_PutChar(keyPressed);
  76:main.c        **** }*/
  77:main.c        **** 
  78:main.c        **** /*CY_ISR_PROTO(Transmit_Rows)
  79:main.c        **** {
  80:main.c        ****     CyDelay(50);
  81:main.c        ****     rowsOutput = Rows_Read();
  82:main.c        ****     
  83:main.c        ****     if (rowsOutput > 0)
  84:main.c        ****     {
  85:main.c        ****         sprintf(rowsBuffer, "%d\r\n", rowsOutput);
  86:main.c        ****         UART_1_PutString(rowsBuffer);
  87:main.c        ****     }
  88:main.c        **** }
  89:main.c        **** 
  90:main.c        **** CY_ISR_PROTO(Transmit_Columns)
  91:main.c        **** {
  92:main.c        ****     CyDelay(50);
  93:main.c        ****     columnsOutput = Columns_Read();
  94:main.c        ****     
  95:main.c        ****     if (columnsOutput > 0)
  96:main.c        ****     {
  97:main.c        ****         sprintf(columnsBuffer, "%d\r\n", columnsOutput);
  98:main.c        ****         UART_1_PutString(columnsBuffer);
  99:main.c        ****     }
 100:main.c        **** }*/
 101:main.c        **** char8 KeyPad_Key[4][4] = {
 102:main.c        **** 					{'1','2','3','A'},		//Row 0
 103:main.c        **** 					
 104:main.c        **** 					{'4','5','6','B'},		//Row 1
 105:main.c        **** 										
 106:main.c        **** 					{'7','8','9','C'},		//Row 2
 107:main.c        **** 					
 108:main.c        **** 					{'*','0','#','D'}		//Row 3
 109:main.c        **** 				  };
 110:main.c        ****     
 111:main.c        **** uint8 KeyPad_GetCol(void)
 112:main.c        **** {
  50              		.loc 1 112 0
  51              		.cfi_startproc
  52              		@ args = 0, pretend = 0, frame = 8
  53              		@ frame_needed = 1, uses_anonymous_args = 0
  54 0000 80B5     		push	{r7, lr}
  55              		.cfi_def_cfa_offset 8
  56              		.cfi_offset 7, -8
  57              		.cfi_offset 14, -4
  58 0002 82B0     		sub	sp, sp, #8
  59              		.cfi_def_cfa_offset 16
ARM GAS  C:\Users\fabis\AppData\Local\Temp\ccPgiahk.s 			page 4


  60 0004 00AF     		add	r7, sp, #0
  61              		.cfi_def_cfa_register 7
 113:main.c        **** 	uint8 column;
 114:main.c        **** 		
 115:main.c        **** 	while(!(KeyPad_Read() & 0x10));	//Wait for a valid press of button
  62              		.loc 1 115 0
  63 0006 00BF     		nop
  64              	.L2:
  65              		.loc 1 115 0 is_stmt 0 discriminator 1
  66 0008 FFF7FEFF 		bl	KeyPad_Read
  67 000c 0346     		mov	r3, r0
  68 000e 03F01003 		and	r3, r3, #16
  69 0012 002B     		cmp	r3, #0
  70 0014 F8D0     		beq	.L2
 116:main.c        **** 	
 117:main.c        **** 	if(KeyPad_Read() & 0x10)			//Check for a valid press of button
  71              		.loc 1 117 0 is_stmt 1
  72 0016 FFF7FEFF 		bl	KeyPad_Read
  73 001a 0346     		mov	r3, r0
  74 001c 03F01003 		and	r3, r3, #16
  75 0020 002B     		cmp	r3, #0
  76 0022 03D0     		beq	.L3
 118:main.c        **** 	{
 119:main.c        **** 		column = KeyPad_Read();
  77              		.loc 1 119 0
  78 0024 FFF7FEFF 		bl	KeyPad_Read
  79 0028 0346     		mov	r3, r0
  80 002a FB71     		strb	r3, [r7, #7]
  81              	.L3:
 120:main.c        **** 	}
 121:main.c        **** 	
 122:main.c        **** 	column = (column & 0x03);										//Extract correct Column
  82              		.loc 1 122 0
  83 002c FB79     		ldrb	r3, [r7, #7]
  84 002e 03F00303 		and	r3, r3, #3
  85 0032 FB71     		strb	r3, [r7, #7]
 123:main.c        **** 	
 124:main.c        **** 	return (column);
  86              		.loc 1 124 0
  87 0034 FB79     		ldrb	r3, [r7, #7]	@ zero_extendqisi2
 125:main.c        **** }
  88              		.loc 1 125 0
  89 0036 1846     		mov	r0, r3
  90 0038 0837     		adds	r7, r7, #8
  91              		.cfi_def_cfa_offset 8
  92 003a BD46     		mov	sp, r7
  93              		.cfi_def_cfa_register 13
  94              		@ sp needed
  95 003c 80BD     		pop	{r7, pc}
  96              		.cfi_endproc
  97              	.LFE64:
  98              		.size	KeyPad_GetCol, .-KeyPad_GetCol
  99 003e 00BF     		.section	.text.KeyPad_GetRow,"ax",%progbits
 100              		.align	2
 101              		.global	KeyPad_GetRow
 102              		.thumb
 103              		.thumb_func
ARM GAS  C:\Users\fabis\AppData\Local\Temp\ccPgiahk.s 			page 5


 104              		.type	KeyPad_GetRow, %function
 105              	KeyPad_GetRow:
 106              	.LFB65:
 126:main.c        **** 
 127:main.c        **** uint8 KeyPad_GetRow(void)
 128:main.c        **** {
 107              		.loc 1 128 0
 108              		.cfi_startproc
 109              		@ args = 0, pretend = 0, frame = 8
 110              		@ frame_needed = 1, uses_anonymous_args = 0
 111 0000 80B5     		push	{r7, lr}
 112              		.cfi_def_cfa_offset 8
 113              		.cfi_offset 7, -8
 114              		.cfi_offset 14, -4
 115 0002 82B0     		sub	sp, sp, #8
 116              		.cfi_def_cfa_offset 16
 117 0004 00AF     		add	r7, sp, #0
 118              		.cfi_def_cfa_register 7
 129:main.c        **** 	uint8 row;
 130:main.c        **** 	
 131:main.c        **** 	while(!(KeyPad_Read() & 0x10));	//Wait for a valid press of button
 119              		.loc 1 131 0
 120 0006 00BF     		nop
 121              	.L6:
 122              		.loc 1 131 0 is_stmt 0 discriminator 1
 123 0008 FFF7FEFF 		bl	KeyPad_Read
 124 000c 0346     		mov	r3, r0
 125 000e 03F01003 		and	r3, r3, #16
 126 0012 002B     		cmp	r3, #0
 127 0014 F8D0     		beq	.L6
 132:main.c        **** 	
 133:main.c        **** 	if(KeyPad_Read() & 0x10)			//Check for a valid press of button
 128              		.loc 1 133 0 is_stmt 1
 129 0016 FFF7FEFF 		bl	KeyPad_Read
 130 001a 0346     		mov	r3, r0
 131 001c 03F01003 		and	r3, r3, #16
 132 0020 002B     		cmp	r3, #0
 133 0022 03D0     		beq	.L7
 134:main.c        **** 	{
 135:main.c        **** 		row = KeyPad_Read();
 134              		.loc 1 135 0
 135 0024 FFF7FEFF 		bl	KeyPad_Read
 136 0028 0346     		mov	r3, r0
 137 002a FB71     		strb	r3, [r7, #7]
 138              	.L7:
 136:main.c        **** 	}
 137:main.c        **** 		
 138:main.c        **** 	row = (row & 0x0C) >> 2;								//Extract correct Row
 139              		.loc 1 138 0
 140 002c FB79     		ldrb	r3, [r7, #7]	@ zero_extendqisi2
 141 002e 9B10     		asrs	r3, r3, #2
 142 0030 DBB2     		uxtb	r3, r3
 143 0032 03F00303 		and	r3, r3, #3
 144 0036 FB71     		strb	r3, [r7, #7]
 139:main.c        **** 	
 140:main.c        **** 	return row;
 145              		.loc 1 140 0
ARM GAS  C:\Users\fabis\AppData\Local\Temp\ccPgiahk.s 			page 6


 146 0038 FB79     		ldrb	r3, [r7, #7]	@ zero_extendqisi2
 141:main.c        **** }
 147              		.loc 1 141 0
 148 003a 1846     		mov	r0, r3
 149 003c 0837     		adds	r7, r7, #8
 150              		.cfi_def_cfa_offset 8
 151 003e BD46     		mov	sp, r7
 152              		.cfi_def_cfa_register 13
 153              		@ sp needed
 154 0040 80BD     		pop	{r7, pc}
 155              		.cfi_endproc
 156              	.LFE65:
 157              		.size	KeyPad_GetRow, .-KeyPad_GetRow
 158 0042 00BF     		.section	.text.KeyPad_GetButton,"ax",%progbits
 159              		.align	2
 160              		.global	KeyPad_GetButton
 161              		.thumb
 162              		.thumb_func
 163              		.type	KeyPad_GetButton, %function
 164              	KeyPad_GetButton:
 165              	.LFB66:
 142:main.c        **** 
 143:main.c        **** char8 KeyPad_GetButton(void)
 144:main.c        **** {
 166              		.loc 1 144 0
 167              		.cfi_startproc
 168              		@ args = 0, pretend = 0, frame = 8
 169              		@ frame_needed = 1, uses_anonymous_args = 0
 170 0000 80B5     		push	{r7, lr}
 171              		.cfi_def_cfa_offset 8
 172              		.cfi_offset 7, -8
 173              		.cfi_offset 14, -4
 174 0002 82B0     		sub	sp, sp, #8
 175              		.cfi_def_cfa_offset 16
 176 0004 00AF     		add	r7, sp, #0
 177              		.cfi_def_cfa_register 7
 145:main.c        **** 	char8 button;
 146:main.c        **** 	
 147:main.c        **** 	uint8 row,col;
 148:main.c        **** 	
 149:main.c        **** 	row = KeyPad_GetRow();
 178              		.loc 1 149 0
 179 0006 FFF7FEFF 		bl	KeyPad_GetRow
 180 000a 0346     		mov	r3, r0
 181 000c FB71     		strb	r3, [r7, #7]
 150:main.c        ****     
 151:main.c        ****     col = KeyPad_GetCol();
 182              		.loc 1 151 0
 183 000e FFF7FEFF 		bl	KeyPad_GetCol
 184 0012 0346     		mov	r3, r0
 185 0014 BB71     		strb	r3, [r7, #6]
 152:main.c        **** 
 153:main.c        **** 	button = KeyPad_Key[row][col];										//Assign correct Character
 186              		.loc 1 153 0
 187 0016 FA79     		ldrb	r2, [r7, #7]	@ zero_extendqisi2
 188 0018 BB79     		ldrb	r3, [r7, #6]	@ zero_extendqisi2
 189 001a 0949     		ldr	r1, .L12
ARM GAS  C:\Users\fabis\AppData\Local\Temp\ccPgiahk.s 			page 7


 190 001c 9200     		lsls	r2, r2, #2
 191 001e 0A44     		add	r2, r2, r1
 192 0020 1344     		add	r3, r3, r2
 193 0022 1B78     		ldrb	r3, [r3]
 194 0024 7B71     		strb	r3, [r7, #5]
 154:main.c        **** 	
 155:main.c        **** 	while(!(KeyPad_Read() & 0x10));	//Wait for a valid press of button
 195              		.loc 1 155 0
 196 0026 00BF     		nop
 197              	.L10:
 198              		.loc 1 155 0 is_stmt 0 discriminator 1
 199 0028 FFF7FEFF 		bl	KeyPad_Read
 200 002c 0346     		mov	r3, r0
 201 002e 03F01003 		and	r3, r3, #16
 202 0032 002B     		cmp	r3, #0
 203 0034 F8D0     		beq	.L10
 156:main.c        **** 	
 157:main.c        **** 	return button;
 204              		.loc 1 157 0 is_stmt 1
 205 0036 7B79     		ldrb	r3, [r7, #5]	@ zero_extendqisi2
 158:main.c        **** }
 206              		.loc 1 158 0
 207 0038 1846     		mov	r0, r3
 208 003a 0837     		adds	r7, r7, #8
 209              		.cfi_def_cfa_offset 8
 210 003c BD46     		mov	sp, r7
 211              		.cfi_def_cfa_register 13
 212              		@ sp needed
 213 003e 80BD     		pop	{r7, pc}
 214              	.L13:
 215              		.align	2
 216              	.L12:
 217 0040 00000000 		.word	KeyPad_Key
 218              		.cfi_endproc
 219              	.LFE66:
 220              		.size	KeyPad_GetButton, .-KeyPad_GetButton
 221              		.section	.rodata
 222              		.align	2
 223              	.LC0:
 224 0000 434F4D20 		.ascii	"COM Port Open\000"
 224      506F7274 
 224      204F7065 
 224      6E00
 225              		.section	.text.main,"ax",%progbits
 226              		.align	2
 227              		.global	main
 228              		.thumb
 229              		.thumb_func
 230              		.type	main, %function
 231              	main:
 232              	.LFB67:
 159:main.c        **** 
 160:main.c        **** /*CY_ISR_PROTO(Transmit_KeyPad);
 161:main.c        **** 
 162:main.c        **** CY_ISR(Transmit_KeyPad)
 163:main.c        **** {
 164:main.c        ****     //CyDelay(50);
ARM GAS  C:\Users\fabis\AppData\Local\Temp\ccPgiahk.s 			page 8


 165:main.c        ****     char8 keyPressed;					
 166:main.c        **** 		
 167:main.c        **** 	keyPressed = KeyPad_GetButton();		//Value recieved from Matrix
 168:main.c        ****     UART_1_PutChar(keyPressed);
 169:main.c        **** }*/
 170:main.c        **** 
 171:main.c        **** 
 172:main.c        **** int main()
 173:main.c        **** {	
 233              		.loc 1 173 0
 234              		.cfi_startproc
 235              		@ args = 0, pretend = 0, frame = 8
 236              		@ frame_needed = 1, uses_anonymous_args = 0
 237 0000 80B5     		push	{r7, lr}
 238              		.cfi_def_cfa_offset 8
 239              		.cfi_offset 7, -8
 240              		.cfi_offset 14, -4
 241 0002 82B0     		sub	sp, sp, #8
 242              		.cfi_def_cfa_offset 16
 243 0004 00AF     		add	r7, sp, #0
 244              		.cfi_def_cfa_register 7
 174:main.c        ****     /* Disable global interrupt */
 175:main.c        ****     //CyGlobalIntDisable;
 176:main.c        ****     
 177:main.c        ****     /* Start all components used on schematic */
 178:main.c        ****     /*isr_rows_StartEx(Transmit_Rows);
 179:main.c        ****     isr_columns_StartEx(Transmit_Columns);*/
 180:main.c        ****     //isr_keypad_StartEx(Transmit_KeyPad);
 181:main.c        ****     UART_1_Start();
 245              		.loc 1 181 0
 246 0006 FFF7FEFF 		bl	UART_1_Start
 182:main.c        ****     
 183:main.c        ****     /* Send message to verify COM port is connected properly */
 184:main.c        ****     UART_1_PutString("COM Port Open");
 247              		.loc 1 184 0
 248 000a 0648     		ldr	r0, .L16
 249 000c FFF7FEFF 		bl	UART_1_PutString
 185:main.c        **** 
 186:main.c        **** 	/* Enable global interrupt */
 187:main.c        ****     CyGlobalIntEnable;
 250              		.loc 1 187 0
 251              		.syntax unified
 252              	@ 187 "main.c" 1
 253 0010 62B6     		CPSIE   i
 254              	@ 0 "" 2
 255              		.thumb
 256              		.syntax unified
 257              	.L15:
 258              	.LBB2:
 188:main.c        **** 
 189:main.c        ****     for(;;)
 190:main.c        ****     {
 191:main.c        **** 		/* wait here */
 192:main.c        ****         /*CyDelay(500);
 193:main.c        ****         keyPadOutput = KeyPad_Read();
 194:main.c        ****         if (keyPadOutput > 0)
 195:main.c        ****         {
ARM GAS  C:\Users\fabis\AppData\Local\Temp\ccPgiahk.s 			page 9


 196:main.c        ****             sprintf(keyPadBuffer, "%d\r\n", keyPadOutput);
 197:main.c        ****             UART_1_PutString(keyPadBuffer);
 198:main.c        ****         }*/
 199:main.c        ****         /*char8 keyPressed;						
 200:main.c        **** 	    keyPressed = KeyPad_GetButton();		//Value recieved from Matrix
 201:main.c        ****         sprintf(keyPadBuffer, "%c\r\n", keyPressed);
 202:main.c        ****         UART_1_PutString(keyPadBuffer);*/
 203:main.c        ****         char8 keyPressed;					
 204:main.c        **** 		
 205:main.c        **** 	    keyPressed = KeyPad_GetButton();		//Value recieved from Matrix
 259              		.loc 1 205 0 discriminator 1
 260 0012 FFF7FEFF 		bl	KeyPad_GetButton
 261 0016 0346     		mov	r3, r0
 262 0018 FB71     		strb	r3, [r7, #7]
 206:main.c        ****         UART_1_PutChar(keyPressed);
 263              		.loc 1 206 0 discriminator 1
 264 001a FB79     		ldrb	r3, [r7, #7]	@ zero_extendqisi2
 265 001c 1846     		mov	r0, r3
 266 001e FFF7FEFF 		bl	UART_1_PutChar
 267              	.LBE2:
 207:main.c        ****     }
 268              		.loc 1 207 0 discriminator 1
 269 0022 F6E7     		b	.L15
 270              	.L17:
 271              		.align	2
 272              	.L16:
 273 0024 00000000 		.word	.LC0
 274              		.cfi_endproc
 275              	.LFE67:
 276              		.size	main, .-main
 277              		.text
 278              	.Letext0:
 279              		.file 2 "c:\\program files (x86)\\cypress\\psoc creator\\4.2\\psoc creator\\import\\gnu\\arm\\5.4.
 280              		.file 3 "c:\\program files (x86)\\cypress\\psoc creator\\4.2\\psoc creator\\import\\gnu\\arm\\5.4.
 281              		.file 4 "Generated_Source\\PSoC5/cytypes.h"
 282              		.file 5 "Generated_Source\\PSoC5/core_cm3.h"
 283              		.section	.debug_info,"",%progbits
 284              	.Ldebug_info0:
 285 0000 B7010000 		.4byte	0x1b7
 286 0004 0400     		.2byte	0x4
 287 0006 00000000 		.4byte	.Ldebug_abbrev0
 288 000a 04       		.byte	0x4
 289 000b 01       		.uleb128 0x1
 290 000c 0B000000 		.4byte	.LASF26
 291 0010 0C       		.byte	0xc
 292 0011 78010000 		.4byte	.LASF27
 293 0015 99010000 		.4byte	.LASF28
 294 0019 00000000 		.4byte	.Ldebug_ranges0+0
 295 001d 00000000 		.4byte	0
 296 0021 00000000 		.4byte	.Ldebug_line0
 297 0025 02       		.uleb128 0x2
 298 0026 01       		.byte	0x1
 299 0027 06       		.byte	0x6
 300 0028 EA010000 		.4byte	.LASF0
 301 002c 02       		.uleb128 0x2
 302 002d 01       		.byte	0x1
 303 002e 08       		.byte	0x8
ARM GAS  C:\Users\fabis\AppData\Local\Temp\ccPgiahk.s 			page 10


 304 002f D7000000 		.4byte	.LASF1
 305 0033 02       		.uleb128 0x2
 306 0034 02       		.byte	0x2
 307 0035 05       		.byte	0x5
 308 0036 84010000 		.4byte	.LASF2
 309 003a 02       		.uleb128 0x2
 310 003b 02       		.byte	0x2
 311 003c 07       		.byte	0x7
 312 003d A3000000 		.4byte	.LASF3
 313 0041 03       		.uleb128 0x3
 314 0042 99000000 		.4byte	.LASF9
 315 0046 02       		.byte	0x2
 316 0047 3F       		.byte	0x3f
 317 0048 4C000000 		.4byte	0x4c
 318 004c 02       		.uleb128 0x2
 319 004d 04       		.byte	0x4
 320 004e 05       		.byte	0x5
 321 004f CE010000 		.4byte	.LASF4
 322 0053 02       		.uleb128 0x2
 323 0054 04       		.byte	0x4
 324 0055 07       		.byte	0x7
 325 0056 EB000000 		.4byte	.LASF5
 326 005a 02       		.uleb128 0x2
 327 005b 08       		.byte	0x8
 328 005c 05       		.byte	0x5
 329 005d 6A010000 		.4byte	.LASF6
 330 0061 02       		.uleb128 0x2
 331 0062 08       		.byte	0x8
 332 0063 07       		.byte	0x7
 333 0064 42010000 		.4byte	.LASF7
 334 0068 04       		.uleb128 0x4
 335 0069 04       		.byte	0x4
 336 006a 05       		.byte	0x5
 337 006b 696E7400 		.ascii	"int\000"
 338 006f 02       		.uleb128 0x2
 339 0070 04       		.byte	0x4
 340 0071 07       		.byte	0x7
 341 0072 35010000 		.4byte	.LASF8
 342 0076 03       		.uleb128 0x3
 343 0077 59010000 		.4byte	.LASF10
 344 007b 03       		.byte	0x3
 345 007c 2C       		.byte	0x2c
 346 007d 41000000 		.4byte	0x41
 347 0081 05       		.uleb128 0x5
 348 0082 D1000000 		.4byte	.LASF11
 349 0086 04       		.byte	0x4
 350 0087 3801     		.2byte	0x138
 351 0089 2C000000 		.4byte	0x2c
 352 008d 02       		.uleb128 0x2
 353 008e 04       		.byte	0x4
 354 008f 04       		.byte	0x4
 355 0090 CB000000 		.4byte	.LASF12
 356 0094 02       		.uleb128 0x2
 357 0095 08       		.byte	0x8
 358 0096 04       		.byte	0x4
 359 0097 B6000000 		.4byte	.LASF13
 360 009b 05       		.uleb128 0x5
ARM GAS  C:\Users\fabis\AppData\Local\Temp\ccPgiahk.s 			page 11


 361 009c E5000000 		.4byte	.LASF14
 362 00a0 04       		.byte	0x4
 363 00a1 4901     		.2byte	0x149
 364 00a3 A7000000 		.4byte	0xa7
 365 00a7 02       		.uleb128 0x2
 366 00a8 01       		.byte	0x1
 367 00a9 08       		.byte	0x8
 368 00aa 7F010000 		.4byte	.LASF15
 369 00ae 02       		.uleb128 0x2
 370 00af 08       		.byte	0x8
 371 00b0 04       		.byte	0x4
 372 00b1 DE010000 		.4byte	.LASF16
 373 00b5 02       		.uleb128 0x2
 374 00b6 04       		.byte	0x4
 375 00b7 07       		.byte	0x7
 376 00b8 61010000 		.4byte	.LASF17
 377 00bc 06       		.uleb128 0x6
 378 00bd BD000000 		.4byte	.LASF18
 379 00c1 01       		.byte	0x1
 380 00c2 6F       		.byte	0x6f
 381 00c3 81000000 		.4byte	0x81
 382 00c7 00000000 		.4byte	.LFB64
 383 00cb 3E000000 		.4byte	.LFE64-.LFB64
 384 00cf 01       		.uleb128 0x1
 385 00d0 9C       		.byte	0x9c
 386 00d1 E4000000 		.4byte	0xe4
 387 00d5 07       		.uleb128 0x7
 388 00d6 FD000000 		.4byte	.LASF20
 389 00da 01       		.byte	0x1
 390 00db 71       		.byte	0x71
 391 00dc 81000000 		.4byte	0x81
 392 00e0 02       		.uleb128 0x2
 393 00e1 91       		.byte	0x91
 394 00e2 77       		.sleb128 -9
 395 00e3 00       		.byte	0
 396 00e4 06       		.uleb128 0x6
 397 00e5 22010000 		.4byte	.LASF19
 398 00e9 01       		.byte	0x1
 399 00ea 7F       		.byte	0x7f
 400 00eb 81000000 		.4byte	0x81
 401 00ef 00000000 		.4byte	.LFB65
 402 00f3 42000000 		.4byte	.LFE65-.LFB65
 403 00f7 01       		.uleb128 0x1
 404 00f8 9C       		.byte	0x9c
 405 00f9 0C010000 		.4byte	0x10c
 406 00fd 08       		.uleb128 0x8
 407 00fe 726F7700 		.ascii	"row\000"
 408 0102 01       		.byte	0x1
 409 0103 81       		.byte	0x81
 410 0104 81000000 		.4byte	0x81
 411 0108 02       		.uleb128 0x2
 412 0109 91       		.byte	0x91
 413 010a 77       		.sleb128 -9
 414 010b 00       		.byte	0
 415 010c 06       		.uleb128 0x6
 416 010d 11010000 		.4byte	.LASF21
 417 0111 01       		.byte	0x1
ARM GAS  C:\Users\fabis\AppData\Local\Temp\ccPgiahk.s 			page 12


 418 0112 8F       		.byte	0x8f
 419 0113 9B000000 		.4byte	0x9b
 420 0117 00000000 		.4byte	.LFB66
 421 011b 44000000 		.4byte	.LFE66-.LFB66
 422 011f 01       		.uleb128 0x1
 423 0120 9C       		.byte	0x9c
 424 0121 50010000 		.4byte	0x150
 425 0125 07       		.uleb128 0x7
 426 0126 D7010000 		.4byte	.LASF22
 427 012a 01       		.byte	0x1
 428 012b 91       		.byte	0x91
 429 012c 9B000000 		.4byte	0x9b
 430 0130 02       		.uleb128 0x2
 431 0131 91       		.byte	0x91
 432 0132 75       		.sleb128 -11
 433 0133 08       		.uleb128 0x8
 434 0134 726F7700 		.ascii	"row\000"
 435 0138 01       		.byte	0x1
 436 0139 93       		.byte	0x93
 437 013a 81000000 		.4byte	0x81
 438 013e 02       		.uleb128 0x2
 439 013f 91       		.byte	0x91
 440 0140 77       		.sleb128 -9
 441 0141 08       		.uleb128 0x8
 442 0142 636F6C00 		.ascii	"col\000"
 443 0146 01       		.byte	0x1
 444 0147 93       		.byte	0x93
 445 0148 81000000 		.4byte	0x81
 446 014c 02       		.uleb128 0x2
 447 014d 91       		.byte	0x91
 448 014e 76       		.sleb128 -10
 449 014f 00       		.byte	0
 450 0150 09       		.uleb128 0x9
 451 0151 30010000 		.4byte	.LASF29
 452 0155 01       		.byte	0x1
 453 0156 AC       		.byte	0xac
 454 0157 68000000 		.4byte	0x68
 455 015b 00000000 		.4byte	.LFB67
 456 015f 28000000 		.4byte	.LFE67-.LFB67
 457 0163 01       		.uleb128 0x1
 458 0164 9C       		.byte	0x9c
 459 0165 82010000 		.4byte	0x182
 460 0169 0A       		.uleb128 0xa
 461 016a 12000000 		.4byte	.LBB2
 462 016e 10000000 		.4byte	.LBE2-.LBB2
 463 0172 07       		.uleb128 0x7
 464 0173 00000000 		.4byte	.LASF23
 465 0177 01       		.byte	0x1
 466 0178 CB       		.byte	0xcb
 467 0179 9B000000 		.4byte	0x9b
 468 017d 02       		.uleb128 0x2
 469 017e 91       		.byte	0x91
 470 017f 77       		.sleb128 -9
 471 0180 00       		.byte	0
 472 0181 00       		.byte	0
 473 0182 0B       		.uleb128 0xb
 474 0183 04010000 		.4byte	.LASF24
ARM GAS  C:\Users\fabis\AppData\Local\Temp\ccPgiahk.s 			page 13


 475 0187 05       		.byte	0x5
 476 0188 5506     		.2byte	0x655
 477 018a 8E010000 		.4byte	0x18e
 478 018e 0C       		.uleb128 0xc
 479 018f 76000000 		.4byte	0x76
 480 0193 0D       		.uleb128 0xd
 481 0194 9B000000 		.4byte	0x9b
 482 0198 A9010000 		.4byte	0x1a9
 483 019c 0E       		.uleb128 0xe
 484 019d B5000000 		.4byte	0xb5
 485 01a1 03       		.byte	0x3
 486 01a2 0E       		.uleb128 0xe
 487 01a3 B5000000 		.4byte	0xb5
 488 01a7 03       		.byte	0x3
 489 01a8 00       		.byte	0
 490 01a9 0F       		.uleb128 0xf
 491 01aa 8E010000 		.4byte	.LASF25
 492 01ae 01       		.byte	0x1
 493 01af 65       		.byte	0x65
 494 01b0 93010000 		.4byte	0x193
 495 01b4 05       		.uleb128 0x5
 496 01b5 03       		.byte	0x3
 497 01b6 00000000 		.4byte	KeyPad_Key
 498 01ba 00       		.byte	0
 499              		.section	.debug_abbrev,"",%progbits
 500              	.Ldebug_abbrev0:
 501 0000 01       		.uleb128 0x1
 502 0001 11       		.uleb128 0x11
 503 0002 01       		.byte	0x1
 504 0003 25       		.uleb128 0x25
 505 0004 0E       		.uleb128 0xe
 506 0005 13       		.uleb128 0x13
 507 0006 0B       		.uleb128 0xb
 508 0007 03       		.uleb128 0x3
 509 0008 0E       		.uleb128 0xe
 510 0009 1B       		.uleb128 0x1b
 511 000a 0E       		.uleb128 0xe
 512 000b 55       		.uleb128 0x55
 513 000c 17       		.uleb128 0x17
 514 000d 11       		.uleb128 0x11
 515 000e 01       		.uleb128 0x1
 516 000f 10       		.uleb128 0x10
 517 0010 17       		.uleb128 0x17
 518 0011 00       		.byte	0
 519 0012 00       		.byte	0
 520 0013 02       		.uleb128 0x2
 521 0014 24       		.uleb128 0x24
 522 0015 00       		.byte	0
 523 0016 0B       		.uleb128 0xb
 524 0017 0B       		.uleb128 0xb
 525 0018 3E       		.uleb128 0x3e
 526 0019 0B       		.uleb128 0xb
 527 001a 03       		.uleb128 0x3
 528 001b 0E       		.uleb128 0xe
 529 001c 00       		.byte	0
 530 001d 00       		.byte	0
 531 001e 03       		.uleb128 0x3
ARM GAS  C:\Users\fabis\AppData\Local\Temp\ccPgiahk.s 			page 14


 532 001f 16       		.uleb128 0x16
 533 0020 00       		.byte	0
 534 0021 03       		.uleb128 0x3
 535 0022 0E       		.uleb128 0xe
 536 0023 3A       		.uleb128 0x3a
 537 0024 0B       		.uleb128 0xb
 538 0025 3B       		.uleb128 0x3b
 539 0026 0B       		.uleb128 0xb
 540 0027 49       		.uleb128 0x49
 541 0028 13       		.uleb128 0x13
 542 0029 00       		.byte	0
 543 002a 00       		.byte	0
 544 002b 04       		.uleb128 0x4
 545 002c 24       		.uleb128 0x24
 546 002d 00       		.byte	0
 547 002e 0B       		.uleb128 0xb
 548 002f 0B       		.uleb128 0xb
 549 0030 3E       		.uleb128 0x3e
 550 0031 0B       		.uleb128 0xb
 551 0032 03       		.uleb128 0x3
 552 0033 08       		.uleb128 0x8
 553 0034 00       		.byte	0
 554 0035 00       		.byte	0
 555 0036 05       		.uleb128 0x5
 556 0037 16       		.uleb128 0x16
 557 0038 00       		.byte	0
 558 0039 03       		.uleb128 0x3
 559 003a 0E       		.uleb128 0xe
 560 003b 3A       		.uleb128 0x3a
 561 003c 0B       		.uleb128 0xb
 562 003d 3B       		.uleb128 0x3b
 563 003e 05       		.uleb128 0x5
 564 003f 49       		.uleb128 0x49
 565 0040 13       		.uleb128 0x13
 566 0041 00       		.byte	0
 567 0042 00       		.byte	0
 568 0043 06       		.uleb128 0x6
 569 0044 2E       		.uleb128 0x2e
 570 0045 01       		.byte	0x1
 571 0046 3F       		.uleb128 0x3f
 572 0047 19       		.uleb128 0x19
 573 0048 03       		.uleb128 0x3
 574 0049 0E       		.uleb128 0xe
 575 004a 3A       		.uleb128 0x3a
 576 004b 0B       		.uleb128 0xb
 577 004c 3B       		.uleb128 0x3b
 578 004d 0B       		.uleb128 0xb
 579 004e 27       		.uleb128 0x27
 580 004f 19       		.uleb128 0x19
 581 0050 49       		.uleb128 0x49
 582 0051 13       		.uleb128 0x13
 583 0052 11       		.uleb128 0x11
 584 0053 01       		.uleb128 0x1
 585 0054 12       		.uleb128 0x12
 586 0055 06       		.uleb128 0x6
 587 0056 40       		.uleb128 0x40
 588 0057 18       		.uleb128 0x18
ARM GAS  C:\Users\fabis\AppData\Local\Temp\ccPgiahk.s 			page 15


 589 0058 9642     		.uleb128 0x2116
 590 005a 19       		.uleb128 0x19
 591 005b 01       		.uleb128 0x1
 592 005c 13       		.uleb128 0x13
 593 005d 00       		.byte	0
 594 005e 00       		.byte	0
 595 005f 07       		.uleb128 0x7
 596 0060 34       		.uleb128 0x34
 597 0061 00       		.byte	0
 598 0062 03       		.uleb128 0x3
 599 0063 0E       		.uleb128 0xe
 600 0064 3A       		.uleb128 0x3a
 601 0065 0B       		.uleb128 0xb
 602 0066 3B       		.uleb128 0x3b
 603 0067 0B       		.uleb128 0xb
 604 0068 49       		.uleb128 0x49
 605 0069 13       		.uleb128 0x13
 606 006a 02       		.uleb128 0x2
 607 006b 18       		.uleb128 0x18
 608 006c 00       		.byte	0
 609 006d 00       		.byte	0
 610 006e 08       		.uleb128 0x8
 611 006f 34       		.uleb128 0x34
 612 0070 00       		.byte	0
 613 0071 03       		.uleb128 0x3
 614 0072 08       		.uleb128 0x8
 615 0073 3A       		.uleb128 0x3a
 616 0074 0B       		.uleb128 0xb
 617 0075 3B       		.uleb128 0x3b
 618 0076 0B       		.uleb128 0xb
 619 0077 49       		.uleb128 0x49
 620 0078 13       		.uleb128 0x13
 621 0079 02       		.uleb128 0x2
 622 007a 18       		.uleb128 0x18
 623 007b 00       		.byte	0
 624 007c 00       		.byte	0
 625 007d 09       		.uleb128 0x9
 626 007e 2E       		.uleb128 0x2e
 627 007f 01       		.byte	0x1
 628 0080 3F       		.uleb128 0x3f
 629 0081 19       		.uleb128 0x19
 630 0082 03       		.uleb128 0x3
 631 0083 0E       		.uleb128 0xe
 632 0084 3A       		.uleb128 0x3a
 633 0085 0B       		.uleb128 0xb
 634 0086 3B       		.uleb128 0x3b
 635 0087 0B       		.uleb128 0xb
 636 0088 49       		.uleb128 0x49
 637 0089 13       		.uleb128 0x13
 638 008a 11       		.uleb128 0x11
 639 008b 01       		.uleb128 0x1
 640 008c 12       		.uleb128 0x12
 641 008d 06       		.uleb128 0x6
 642 008e 40       		.uleb128 0x40
 643 008f 18       		.uleb128 0x18
 644 0090 9642     		.uleb128 0x2116
 645 0092 19       		.uleb128 0x19
ARM GAS  C:\Users\fabis\AppData\Local\Temp\ccPgiahk.s 			page 16


 646 0093 01       		.uleb128 0x1
 647 0094 13       		.uleb128 0x13
 648 0095 00       		.byte	0
 649 0096 00       		.byte	0
 650 0097 0A       		.uleb128 0xa
 651 0098 0B       		.uleb128 0xb
 652 0099 01       		.byte	0x1
 653 009a 11       		.uleb128 0x11
 654 009b 01       		.uleb128 0x1
 655 009c 12       		.uleb128 0x12
 656 009d 06       		.uleb128 0x6
 657 009e 00       		.byte	0
 658 009f 00       		.byte	0
 659 00a0 0B       		.uleb128 0xb
 660 00a1 34       		.uleb128 0x34
 661 00a2 00       		.byte	0
 662 00a3 03       		.uleb128 0x3
 663 00a4 0E       		.uleb128 0xe
 664 00a5 3A       		.uleb128 0x3a
 665 00a6 0B       		.uleb128 0xb
 666 00a7 3B       		.uleb128 0x3b
 667 00a8 05       		.uleb128 0x5
 668 00a9 49       		.uleb128 0x49
 669 00aa 13       		.uleb128 0x13
 670 00ab 3F       		.uleb128 0x3f
 671 00ac 19       		.uleb128 0x19
 672 00ad 3C       		.uleb128 0x3c
 673 00ae 19       		.uleb128 0x19
 674 00af 00       		.byte	0
 675 00b0 00       		.byte	0
 676 00b1 0C       		.uleb128 0xc
 677 00b2 35       		.uleb128 0x35
 678 00b3 00       		.byte	0
 679 00b4 49       		.uleb128 0x49
 680 00b5 13       		.uleb128 0x13
 681 00b6 00       		.byte	0
 682 00b7 00       		.byte	0
 683 00b8 0D       		.uleb128 0xd
 684 00b9 01       		.uleb128 0x1
 685 00ba 01       		.byte	0x1
 686 00bb 49       		.uleb128 0x49
 687 00bc 13       		.uleb128 0x13
 688 00bd 01       		.uleb128 0x1
 689 00be 13       		.uleb128 0x13
 690 00bf 00       		.byte	0
 691 00c0 00       		.byte	0
 692 00c1 0E       		.uleb128 0xe
 693 00c2 21       		.uleb128 0x21
 694 00c3 00       		.byte	0
 695 00c4 49       		.uleb128 0x49
 696 00c5 13       		.uleb128 0x13
 697 00c6 2F       		.uleb128 0x2f
 698 00c7 0B       		.uleb128 0xb
 699 00c8 00       		.byte	0
 700 00c9 00       		.byte	0
 701 00ca 0F       		.uleb128 0xf
 702 00cb 34       		.uleb128 0x34
ARM GAS  C:\Users\fabis\AppData\Local\Temp\ccPgiahk.s 			page 17


 703 00cc 00       		.byte	0
 704 00cd 03       		.uleb128 0x3
 705 00ce 0E       		.uleb128 0xe
 706 00cf 3A       		.uleb128 0x3a
 707 00d0 0B       		.uleb128 0xb
 708 00d1 3B       		.uleb128 0x3b
 709 00d2 0B       		.uleb128 0xb
 710 00d3 49       		.uleb128 0x49
 711 00d4 13       		.uleb128 0x13
 712 00d5 3F       		.uleb128 0x3f
 713 00d6 19       		.uleb128 0x19
 714 00d7 02       		.uleb128 0x2
 715 00d8 18       		.uleb128 0x18
 716 00d9 00       		.byte	0
 717 00da 00       		.byte	0
 718 00db 00       		.byte	0
 719              		.section	.debug_aranges,"",%progbits
 720 0000 34000000 		.4byte	0x34
 721 0004 0200     		.2byte	0x2
 722 0006 00000000 		.4byte	.Ldebug_info0
 723 000a 04       		.byte	0x4
 724 000b 00       		.byte	0
 725 000c 0000     		.2byte	0
 726 000e 0000     		.2byte	0
 727 0010 00000000 		.4byte	.LFB64
 728 0014 3E000000 		.4byte	.LFE64-.LFB64
 729 0018 00000000 		.4byte	.LFB65
 730 001c 42000000 		.4byte	.LFE65-.LFB65
 731 0020 00000000 		.4byte	.LFB66
 732 0024 44000000 		.4byte	.LFE66-.LFB66
 733 0028 00000000 		.4byte	.LFB67
 734 002c 28000000 		.4byte	.LFE67-.LFB67
 735 0030 00000000 		.4byte	0
 736 0034 00000000 		.4byte	0
 737              		.section	.debug_ranges,"",%progbits
 738              	.Ldebug_ranges0:
 739 0000 00000000 		.4byte	.LFB64
 740 0004 3E000000 		.4byte	.LFE64
 741 0008 00000000 		.4byte	.LFB65
 742 000c 42000000 		.4byte	.LFE65
 743 0010 00000000 		.4byte	.LFB66
 744 0014 44000000 		.4byte	.LFE66
 745 0018 00000000 		.4byte	.LFB67
 746 001c 28000000 		.4byte	.LFE67
 747 0020 00000000 		.4byte	0
 748 0024 00000000 		.4byte	0
 749              		.section	.debug_line,"",%progbits
 750              	.Ldebug_line0:
 751 0000 CD010000 		.section	.debug_str,"MS",%progbits,1
 751      02004C01 
 751      00000201 
 751      FB0E0D00 
 751      01010101 
 752              	.LASF23:
 753 0000 6B657950 		.ascii	"keyPressed\000"
 753      72657373 
 753      656400
ARM GAS  C:\Users\fabis\AppData\Local\Temp\ccPgiahk.s 			page 18


 754              	.LASF26:
 755 000b 474E5520 		.ascii	"GNU C11 5.4.1 20160609 (release) [ARM/embedded-5-br"
 755      43313120 
 755      352E342E 
 755      31203230 
 755      31363036 
 756 003e 616E6368 		.ascii	"anch revision 237715] -mcpu=cortex-m3 -mthumb -g -O"
 756      20726576 
 756      6973696F 
 756      6E203233 
 756      37373135 
 757 0071 30202D66 		.ascii	"0 -ffunction-sections -ffat-lto-objects\000"
 757      66756E63 
 757      74696F6E 
 757      2D736563 
 757      74696F6E 
 758              	.LASF9:
 759 0099 5F5F696E 		.ascii	"__int32_t\000"
 759      7433325F 
 759      7400
 760              	.LASF3:
 761 00a3 73686F72 		.ascii	"short unsigned int\000"
 761      7420756E 
 761      7369676E 
 761      65642069 
 761      6E7400
 762              	.LASF13:
 763 00b6 646F7562 		.ascii	"double\000"
 763      6C6500
 764              	.LASF18:
 765 00bd 4B657950 		.ascii	"KeyPad_GetCol\000"
 765      61645F47 
 765      6574436F 
 765      6C00
 766              	.LASF12:
 767 00cb 666C6F61 		.ascii	"float\000"
 767      7400
 768              	.LASF11:
 769 00d1 75696E74 		.ascii	"uint8\000"
 769      3800
 770              	.LASF1:
 771 00d7 756E7369 		.ascii	"unsigned char\000"
 771      676E6564 
 771      20636861 
 771      7200
 772              	.LASF14:
 773 00e5 63686172 		.ascii	"char8\000"
 773      3800
 774              	.LASF5:
 775 00eb 6C6F6E67 		.ascii	"long unsigned int\000"
 775      20756E73 
 775      69676E65 
 775      6420696E 
 775      7400
 776              	.LASF20:
 777 00fd 636F6C75 		.ascii	"column\000"
 777      6D6E00
ARM GAS  C:\Users\fabis\AppData\Local\Temp\ccPgiahk.s 			page 19


 778              	.LASF24:
 779 0104 49544D5F 		.ascii	"ITM_RxBuffer\000"
 779      52784275 
 779      66666572 
 779      00
 780              	.LASF21:
 781 0111 4B657950 		.ascii	"KeyPad_GetButton\000"
 781      61645F47 
 781      65744275 
 781      74746F6E 
 781      00
 782              	.LASF19:
 783 0122 4B657950 		.ascii	"KeyPad_GetRow\000"
 783      61645F47 
 783      6574526F 
 783      7700
 784              	.LASF29:
 785 0130 6D61696E 		.ascii	"main\000"
 785      00
 786              	.LASF8:
 787 0135 756E7369 		.ascii	"unsigned int\000"
 787      676E6564 
 787      20696E74 
 787      00
 788              	.LASF7:
 789 0142 6C6F6E67 		.ascii	"long long unsigned int\000"
 789      206C6F6E 
 789      6720756E 
 789      7369676E 
 789      65642069 
 790              	.LASF10:
 791 0159 696E7433 		.ascii	"int32_t\000"
 791      325F7400 
 792              	.LASF17:
 793 0161 73697A65 		.ascii	"sizetype\000"
 793      74797065 
 793      00
 794              	.LASF6:
 795 016a 6C6F6E67 		.ascii	"long long int\000"
 795      206C6F6E 
 795      6720696E 
 795      7400
 796              	.LASF27:
 797 0178 6D61696E 		.ascii	"main.c\000"
 797      2E6300
 798              	.LASF15:
 799 017f 63686172 		.ascii	"char\000"
 799      00
 800              	.LASF2:
 801 0184 73686F72 		.ascii	"short int\000"
 801      7420696E 
 801      7400
 802              	.LASF25:
 803 018e 4B657950 		.ascii	"KeyPad_Key\000"
 803      61645F4B 
 803      657900
 804              	.LASF28:
ARM GAS  C:\Users\fabis\AppData\Local\Temp\ccPgiahk.s 			page 20


 805 0199 433A5C55 		.ascii	"C:\\Users\\fabis\\Desktop\\CE210558_GPIO_Interrupt."
 805      73657273 
 805      5C666162 
 805      69735C44 
 805      65736B74 
 806 01c8 63796473 		.ascii	"cydsn\000"
 806      6E00
 807              	.LASF4:
 808 01ce 6C6F6E67 		.ascii	"long int\000"
 808      20696E74 
 808      00
 809              	.LASF22:
 810 01d7 62757474 		.ascii	"button\000"
 810      6F6E00
 811              	.LASF16:
 812 01de 6C6F6E67 		.ascii	"long double\000"
 812      20646F75 
 812      626C6500 
 813              	.LASF0:
 814 01ea 7369676E 		.ascii	"signed char\000"
 814      65642063 
 814      68617200 
 815              		.ident	"GCC: (GNU Tools for ARM Embedded Processors) 5.4.1 20160609 (release) [ARM/embedded-5-bran
