ARM GAS  C:\Users\LUISAL~1\AppData\Local\Temp\ccKONoCF.s 			page 1


   1              		.syntax unified
   2              		.cpu cortex-m3
   3              		.fpu softvfp
   4              		.eabi_attribute 20, 1
   5              		.eabi_attribute 21, 1
   6              		.eabi_attribute 23, 3
   7              		.eabi_attribute 24, 1
   8              		.eabi_attribute 25, 1
   9              		.eabi_attribute 26, 1
  10              		.eabi_attribute 30, 6
  11              		.eabi_attribute 34, 1
  12              		.eabi_attribute 18, 4
  13              		.thumb
  14              		.syntax unified
  15              		.file	"cymetadata.c"
  16              		.text
  17              	.Ltext0:
  18              		.cfi_sections	.debug_frame
  19              		.global	cy_meta_configecc
  20              		.section	.cyconfigecc,"a",%progbits
  21              		.align	2
  22              		.type	cy_meta_configecc, %object
  23              		.size	cy_meta_configecc, 1508
  24              	cy_meta_configecc:
  25 0000 02       		.byte	2
  26 0001 4F       		.byte	79
  27 0002 00       		.byte	0
  28 0003 40       		.byte	64
  29 0004 01       		.byte	1
  30 0005 52       		.byte	82
  31 0006 00       		.byte	0
  32 0007 40       		.byte	64
  33 0008 02       		.byte	2
  34 0009 5A       		.byte	90
  35 000a 00       		.byte	0
  36 000b 40       		.byte	64
  37 000c 02       		.byte	2
  38 000d 64       		.byte	100
  39 000e 00       		.byte	0
  40 000f 40       		.byte	64
  41 0010 03       		.byte	3
  42 0011 65       		.byte	101
  43 0012 00       		.byte	0
  44 0013 40       		.byte	64
  45 0014 02       		.byte	2
  46 0015 01       		.byte	1
  47 0016 01       		.byte	1
  48 0017 40       		.byte	64
  49 0018 02       		.byte	2
  50 0019 03       		.byte	3
  51 001a 01       		.byte	1
  52 001b 40       		.byte	64
  53 001c 04       		.byte	4
  54 001d 04       		.byte	4
  55 001e 01       		.byte	1
  56 001f 40       		.byte	64
  57 0020 03       		.byte	3
ARM GAS  C:\Users\LUISAL~1\AppData\Local\Temp\ccKONoCF.s 			page 2


  58 0021 05       		.byte	5
  59 0022 01       		.byte	1
  60 0023 40       		.byte	64
  61 0024 01       		.byte	1
  62 0025 07       		.byte	7
  63 0026 01       		.byte	1
  64 0027 40       		.byte	64
  65 0028 46       		.byte	70
  66 0029 08       		.byte	8
  67 002a 01       		.byte	1
  68 002b 40       		.byte	64
  69 002c 42       		.byte	66
  70 002d 09       		.byte	9
  71 002e 01       		.byte	1
  72 002f 40       		.byte	64
  73 0030 59       		.byte	89
  74 0031 0A       		.byte	10
  75 0032 01       		.byte	1
  76 0033 40       		.byte	64
  77 0034 3A       		.byte	58
  78 0035 0B       		.byte	11
  79 0036 01       		.byte	1
  80 0037 40       		.byte	64
  81 0038 01       		.byte	1
  82 0039 0D       		.byte	13
  83 003a 01       		.byte	1
  84 003b 40       		.byte	64
  85 003c 01       		.byte	1
  86 003d 0F       		.byte	15
  87 003e 01       		.byte	1
  88 003f 40       		.byte	64
  89 0040 01       		.byte	1
  90 0041 15       		.byte	21
  91 0042 01       		.byte	1
  92 0043 40       		.byte	64
  93 0044 5E       		.byte	94
  94 0045 18       		.byte	24
  95 0046 01       		.byte	1
  96 0047 40       		.byte	64
  97 0048 3F       		.byte	63
  98 0049 19       		.byte	25
  99 004a 01       		.byte	1
 100 004b 40       		.byte	64
 101 004c 4C       		.byte	76
 102 004d 1A       		.byte	26
 103 004e 01       		.byte	1
 104 004f 40       		.byte	64
 105 0050 47       		.byte	71
 106 0051 1B       		.byte	27
 107 0052 01       		.byte	1
 108 0053 40       		.byte	64
 109 0054 05       		.byte	5
 110 0055 40       		.byte	64
 111 0056 01       		.byte	1
 112 0057 40       		.byte	64
 113 0058 05       		.byte	5
 114 0059 41       		.byte	65
ARM GAS  C:\Users\LUISAL~1\AppData\Local\Temp\ccKONoCF.s 			page 3


 115 005a 01       		.byte	1
 116 005b 40       		.byte	64
 117 005c 08       		.byte	8
 118 005d 42       		.byte	66
 119 005e 01       		.byte	1
 120 005f 40       		.byte	64
 121 0060 03       		.byte	3
 122 0061 43       		.byte	67
 123 0062 01       		.byte	1
 124 0063 40       		.byte	64
 125 0064 05       		.byte	5
 126 0065 44       		.byte	68
 127 0066 01       		.byte	1
 128 0067 40       		.byte	64
 129 0068 01       		.byte	1
 130 0069 45       		.byte	69
 131 006a 01       		.byte	1
 132 006b 40       		.byte	64
 133 006c 05       		.byte	5
 134 006d 46       		.byte	70
 135 006e 01       		.byte	1
 136 006f 40       		.byte	64
 137 0070 06       		.byte	6
 138 0071 47       		.byte	71
 139 0072 01       		.byte	1
 140 0073 40       		.byte	64
 141 0074 02       		.byte	2
 142 0075 48       		.byte	72
 143 0076 01       		.byte	1
 144 0077 40       		.byte	64
 145 0078 01       		.byte	1
 146 0079 49       		.byte	73
 147 007a 01       		.byte	1
 148 007b 40       		.byte	64
 149 007c 02       		.byte	2
 150 007d 4C       		.byte	76
 151 007e 01       		.byte	1
 152 007f 40       		.byte	64
 153 0080 06       		.byte	6
 154 0081 4D       		.byte	77
 155 0082 01       		.byte	1
 156 0083 40       		.byte	64
 157 0084 08       		.byte	8
 158 0085 50       		.byte	80
 159 0086 01       		.byte	1
 160 0087 40       		.byte	64
 161 0088 02       		.byte	2
 162 0089 51       		.byte	81
 163 008a 01       		.byte	1
 164 008b 40       		.byte	64
 165 008c 01       		.byte	1
 166 008d 20       		.byte	32
 167 008e 0A       		.byte	10
 168 008f 4B       		.byte	75
 169 0090 64       		.byte	100
 170 0091 40       		.byte	64
 171 0092 97       		.byte	-105
ARM GAS  C:\Users\LUISAL~1\AppData\Local\Temp\ccKONoCF.s 			page 4


 172 0093 01       		.byte	1
 173 0094 9F       		.byte	-97
 174 0095 01       		.byte	1
 175 0096 89       		.byte	-119
 176 0097 72       		.byte	114
 177 0098 8A       		.byte	-118
 178 0099 38       		.byte	56
 179 009a 88       		.byte	-120
 180 009b 0F       		.byte	15
 181 009c 89       		.byte	-119
 182 009d 0F       		.byte	15
 183 009e 8B       		.byte	-117
 184 009f 0F       		.byte	15
 185 00a0 82       		.byte	-126
 186 00a1 10       		.byte	16
 187 00a2 E0       		.byte	-32
 188 00a3 01       		.byte	1
 189 00a4 96       		.byte	-106
 190 00a5 10       		.byte	16
 191 00a6 E2       		.byte	-30
 192 00a7 04       		.byte	4
 193 00a8 38       		.byte	56
 194 00a9 08       		.byte	8
 195 00aa 3E       		.byte	62
 196 00ab 04       		.byte	4
 197 00ac 58       		.byte	88
 198 00ad 04       		.byte	4
 199 00ae 5F       		.byte	95
 200 00af 01       		.byte	1
 201 00b0 1A       		.byte	26
 202 00b1 10       		.byte	16
 203 00b2 82       		.byte	-126
 204 00b3 10       		.byte	16
 205 00b4 96       		.byte	-106
 206 00b5 10       		.byte	16
 207 00b6 E2       		.byte	-30
 208 00b7 08       		.byte	8
 209 00b8 0B       		.byte	11
 210 00b9 01       		.byte	1
 211 00ba 0E       		.byte	14
 212 00bb 01       		.byte	1
 213 00bc 13       		.byte	19
 214 00bd 02       		.byte	2
 215 00be 22       		.byte	34
 216 00bf 01       		.byte	1
 217 00c0 27       		.byte	39
 218 00c1 01       		.byte	1
 219 00c2 2A       		.byte	42
 220 00c3 02       		.byte	2
 221 00c4 30       		.byte	48
 222 00c5 01       		.byte	1
 223 00c6 32       		.byte	50
 224 00c7 02       		.byte	2
 225 00c8 33       		.byte	51
 226 00c9 01       		.byte	1
 227 00ca 37       		.byte	55
 228 00cb 02       		.byte	2
ARM GAS  C:\Users\LUISAL~1\AppData\Local\Temp\ccKONoCF.s 			page 5


 229 00cc 58       		.byte	88
 230 00cd 04       		.byte	4
 231 00ce 59       		.byte	89
 232 00cf 04       		.byte	4
 233 00d0 5C       		.byte	92
 234 00d1 11       		.byte	17
 235 00d2 5F       		.byte	95
 236 00d3 01       		.byte	1
 237 00d4 80       		.byte	-128
 238 00d5 09       		.byte	9
 239 00d6 81       		.byte	-127
 240 00d7 08       		.byte	8
 241 00d8 82       		.byte	-126
 242 00d9 06       		.byte	6
 243 00da 85       		.byte	-123
 244 00db 0C       		.byte	12
 245 00dc 89       		.byte	-119
 246 00dd 04       		.byte	4
 247 00de 8C       		.byte	-116
 248 00df 07       		.byte	7
 249 00e0 8E       		.byte	-114
 250 00e1 08       		.byte	8
 251 00e2 8F       		.byte	-113
 252 00e3 40       		.byte	64
 253 00e4 91       		.byte	-111
 254 00e5 4C       		.byte	76
 255 00e6 92       		.byte	-110
 256 00e7 09       		.byte	9
 257 00e8 93       		.byte	-109
 258 00e9 23       		.byte	35
 259 00ea 94       		.byte	-108
 260 00eb 06       		.byte	6
 261 00ec 95       		.byte	-107
 262 00ed 03       		.byte	3
 263 00ee 96       		.byte	-106
 264 00ef 09       		.byte	9
 265 00f0 98       		.byte	-104
 266 00f1 0F       		.byte	15
 267 00f2 99       		.byte	-103
 268 00f3 7F       		.byte	127
 269 00f4 9F       		.byte	-97
 270 00f5 33       		.byte	51
 271 00f6 A0       		.byte	-96
 272 00f7 04       		.byte	4
 273 00f8 A1       		.byte	-95
 274 00f9 41       		.byte	65
 275 00fa A4       		.byte	-92
 276 00fb 02       		.byte	2
 277 00fc A5       		.byte	-91
 278 00fd 4F       		.byte	79
 279 00fe A7       		.byte	-89
 280 00ff 10       		.byte	16
 281 0100 A8       		.byte	-88
 282 0101 06       		.byte	6
 283 0102 A9       		.byte	-87
 284 0103 02       		.byte	2
 285 0104 AD       		.byte	-83
ARM GAS  C:\Users\LUISAL~1\AppData\Local\Temp\ccKONoCF.s 			page 6


 286 0105 73       		.byte	115
 287 0106 AF       		.byte	-81
 288 0107 0C       		.byte	12
 289 0108 B0       		.byte	-80
 290 0109 07       		.byte	7
 291 010a B1       		.byte	-79
 292 010b 7C       		.byte	124
 293 010c B3       		.byte	-77
 294 010d 0F       		.byte	15
 295 010e B4       		.byte	-76
 296 010f 0E       		.byte	14
 297 0110 BA       		.byte	-70
 298 0111 20       		.byte	32
 299 0112 BB       		.byte	-69
 300 0113 0A       		.byte	10
 301 0114 C0       		.byte	-64
 302 0115 14       		.byte	20
 303 0116 C1       		.byte	-63
 304 0117 02       		.byte	2
 305 0118 C5       		.byte	-59
 306 0119 0B       		.byte	11
 307 011a C6       		.byte	-58
 308 011b 0C       		.byte	12
 309 011c C7       		.byte	-57
 310 011d 0E       		.byte	14
 311 011e C8       		.byte	-56
 312 011f 15       		.byte	21
 313 0120 C9       		.byte	-55
 314 0121 FF       		.byte	-1
 315 0122 CA       		.byte	-54
 316 0123 FF       		.byte	-1
 317 0124 CB       		.byte	-53
 318 0125 FF       		.byte	-1
 319 0126 CE       		.byte	-50
 320 0127 F0       		.byte	-16
 321 0128 CF       		.byte	-49
 322 0129 44       		.byte	68
 323 012a D0       		.byte	-48
 324 012b 0C       		.byte	12
 325 012c D6       		.byte	-42
 326 012d 02       		.byte	2
 327 012e D7       		.byte	-41
 328 012f 12       		.byte	18
 329 0130 D8       		.byte	-40
 330 0131 04       		.byte	4
 331 0132 D9       		.byte	-39
 332 0133 04       		.byte	4
 333 0134 DA       		.byte	-38
 334 0135 04       		.byte	4
 335 0136 DB       		.byte	-37
 336 0137 04       		.byte	4
 337 0138 DC       		.byte	-36
 338 0139 33       		.byte	51
 339 013a DD       		.byte	-35
 340 013b 33       		.byte	51
 341 013c DF       		.byte	-33
 342 013d 01       		.byte	1
ARM GAS  C:\Users\LUISAL~1\AppData\Local\Temp\ccKONoCF.s 			page 7


 343 013e E6       		.byte	-26
 344 013f C0       		.byte	-64
 345 0140 EA       		.byte	-22
 346 0141 40       		.byte	64
 347 0142 EB       		.byte	-21
 348 0143 02       		.byte	2
 349 0144 02       		.byte	2
 350 0145 42       		.byte	66
 351 0146 06       		.byte	6
 352 0147 01       		.byte	1
 353 0148 08       		.byte	8
 354 0149 18       		.byte	24
 355 014a 0A       		.byte	10
 356 014b 84       		.byte	-124
 357 014c 10       		.byte	16
 358 014d 80       		.byte	-128
 359 014e 13       		.byte	19
 360 014f 14       		.byte	20
 361 0150 16       		.byte	22
 362 0151 08       		.byte	8
 363 0152 17       		.byte	23
 364 0153 01       		.byte	1
 365 0154 19       		.byte	25
 366 0155 10       		.byte	16
 367 0156 1A       		.byte	26
 368 0157 40       		.byte	64
 369 0158 1B       		.byte	27
 370 0159 10       		.byte	16
 371 015a 1E       		.byte	30
 372 015b 10       		.byte	16
 373 015c 1F       		.byte	31
 374 015d 03       		.byte	3
 375 015e 21       		.byte	33
 376 015f 01       		.byte	1
 377 0160 22       		.byte	34
 378 0161 0A       		.byte	10
 379 0162 25       		.byte	37
 380 0163 04       		.byte	4
 381 0164 27       		.byte	39
 382 0165 11       		.byte	17
 383 0166 29       		.byte	41
 384 0167 20       		.byte	32
 385 0168 2A       		.byte	42
 386 0169 40       		.byte	64
 387 016a 2B       		.byte	43
 388 016b 90       		.byte	-112
 389 016c 2E       		.byte	46
 390 016d 08       		.byte	8
 391 016e 2F       		.byte	47
 392 016f 20       		.byte	32
 393 0170 30       		.byte	48
 394 0171 10       		.byte	16
 395 0172 31       		.byte	49
 396 0173 48       		.byte	72
 397 0174 32       		.byte	50
 398 0175 42       		.byte	66
 399 0176 35       		.byte	53
ARM GAS  C:\Users\LUISAL~1\AppData\Local\Temp\ccKONoCF.s 			page 8


 400 0177 02       		.byte	2
 401 0178 38       		.byte	56
 402 0179 28       		.byte	40
 403 017a 3A       		.byte	58
 404 017b 02       		.byte	2
 405 017c 3B       		.byte	59
 406 017d 40       		.byte	64
 407 017e 3E       		.byte	62
 408 017f 20       		.byte	32
 409 0180 40       		.byte	64
 410 0181 82       		.byte	-126
 411 0182 41       		.byte	65
 412 0183 10       		.byte	16
 413 0184 49       		.byte	73
 414 0185 04       		.byte	4
 415 0186 52       		.byte	82
 416 0187 80       		.byte	-128
 417 0188 53       		.byte	83
 418 0189 04       		.byte	4
 419 018a 5A       		.byte	90
 420 018b 08       		.byte	8
 421 018c 60       		.byte	96
 422 018d 08       		.byte	8
 423 018e 61       		.byte	97
 424 018f 10       		.byte	16
 425 0190 69       		.byte	105
 426 0191 54       		.byte	84
 427 0192 70       		.byte	112
 428 0193 94       		.byte	-108
 429 0194 72       		.byte	114
 430 0195 02       		.byte	2
 431 0196 73       		.byte	115
 432 0197 14       		.byte	20
 433 0198 83       		.byte	-125
 434 0199 01       		.byte	1
 435 019a 87       		.byte	-121
 436 019b 02       		.byte	2
 437 019c 90       		.byte	-112
 438 019d 80       		.byte	-128
 439 019e 91       		.byte	-111
 440 019f 20       		.byte	32
 441 01a0 92       		.byte	-110
 442 01a1 2C       		.byte	44
 443 01a2 94       		.byte	-108
 444 01a3 04       		.byte	4
 445 01a4 95       		.byte	-107
 446 01a5 02       		.byte	2
 447 01a6 96       		.byte	-106
 448 01a7 42       		.byte	66
 449 01a8 98       		.byte	-104
 450 01a9 C2       		.byte	-62
 451 01aa 99       		.byte	-103
 452 01ab 02       		.byte	2
 453 01ac 9D       		.byte	-99
 454 01ad 14       		.byte	20
 455 01ae 9F       		.byte	-97
 456 01af 10       		.byte	16
ARM GAS  C:\Users\LUISAL~1\AppData\Local\Temp\ccKONoCF.s 			page 9


 457 01b0 A4       		.byte	-92
 458 01b1 10       		.byte	16
 459 01b2 A6       		.byte	-90
 460 01b3 88       		.byte	-120
 461 01b4 B4       		.byte	-76
 462 01b5 10       		.byte	16
 463 01b6 C0       		.byte	-64
 464 01b7 89       		.byte	-119
 465 01b8 C2       		.byte	-62
 466 01b9 0E       		.byte	14
 467 01ba C4       		.byte	-60
 468 01bb 5E       		.byte	94
 469 01bc CA       		.byte	-54
 470 01bd 4F       		.byte	79
 471 01be CC       		.byte	-52
 472 01bf 8F       		.byte	-113
 473 01c0 CE       		.byte	-50
 474 01c1 2F       		.byte	47
 475 01c2 D0       		.byte	-48
 476 01c3 0D       		.byte	13
 477 01c4 D6       		.byte	-42
 478 01c5 02       		.byte	2
 479 01c6 E4       		.byte	-28
 480 01c7 04       		.byte	4
 481 01c8 01       		.byte	1
 482 01c9 40       		.byte	64
 483 01ca 0A       		.byte	10
 484 01cb 10       		.byte	16
 485 01cc 0B       		.byte	11
 486 01cd 20       		.byte	32
 487 01ce 0C       		.byte	12
 488 01cf 0C       		.byte	12
 489 01d0 0E       		.byte	14
 490 01d1 03       		.byte	3
 491 01d2 0F       		.byte	15
 492 01d3 15       		.byte	21
 493 01d4 12       		.byte	18
 494 01d5 10       		.byte	16
 495 01d6 13       		.byte	19
 496 01d7 28       		.byte	40
 497 01d8 15       		.byte	21
 498 01d9 40       		.byte	64
 499 01da 16       		.byte	22
 500 01db 08       		.byte	8
 501 01dc 19       		.byte	25
 502 01dd 40       		.byte	64
 503 01de 1D       		.byte	29
 504 01df 03       		.byte	3
 505 01e0 1E       		.byte	30
 506 01e1 03       		.byte	3
 507 01e2 1F       		.byte	31
 508 01e3 04       		.byte	4
 509 01e4 20       		.byte	32
 510 01e5 01       		.byte	1
 511 01e6 21       		.byte	33
 512 01e7 03       		.byte	3
 513 01e8 22       		.byte	34
ARM GAS  C:\Users\LUISAL~1\AppData\Local\Temp\ccKONoCF.s 			page 10


 514 01e9 06       		.byte	6
 515 01ea 23       		.byte	35
 516 01eb 1C       		.byte	28
 517 01ec 24       		.byte	36
 518 01ed 01       		.byte	1
 519 01ee 25       		.byte	37
 520 01ef 40       		.byte	64
 521 01f0 26       		.byte	38
 522 01f1 0E       		.byte	14
 523 01f2 29       		.byte	41
 524 01f3 03       		.byte	3
 525 01f4 2B       		.byte	43
 526 01f5 34       		.byte	52
 527 01f6 2D       		.byte	45
 528 01f7 2A       		.byte	42
 529 01f8 2E       		.byte	46
 530 01f9 0C       		.byte	12
 531 01fa 2F       		.byte	47
 532 01fb 14       		.byte	20
 533 01fc 30       		.byte	48
 534 01fd 0F       		.byte	15
 535 01fe 33       		.byte	51
 536 01ff 40       		.byte	64
 537 0200 35       		.byte	53
 538 0201 38       		.byte	56
 539 0202 36       		.byte	54
 540 0203 10       		.byte	16
 541 0204 37       		.byte	55
 542 0205 0F       		.byte	15
 543 0206 3A       		.byte	58
 544 0207 22       		.byte	34
 545 0208 3B       		.byte	59
 546 0209 A0       		.byte	-96
 547 020a 3E       		.byte	62
 548 020b 40       		.byte	64
 549 020c 3F       		.byte	63
 550 020d 04       		.byte	4
 551 020e 54       		.byte	84
 552 020f 18       		.byte	24
 553 0210 58       		.byte	88
 554 0211 04       		.byte	4
 555 0212 59       		.byte	89
 556 0213 04       		.byte	4
 557 0214 5B       		.byte	91
 558 0215 04       		.byte	4
 559 0216 5C       		.byte	92
 560 0217 33       		.byte	51
 561 0218 5D       		.byte	93
 562 0219 30       		.byte	48
 563 021a 5F       		.byte	95
 564 021b 01       		.byte	1
 565 021c 80       		.byte	-128
 566 021d 24       		.byte	36
 567 021e 82       		.byte	-126
 568 021f 40       		.byte	64
 569 0220 83       		.byte	-125
 570 0221 01       		.byte	1
ARM GAS  C:\Users\LUISAL~1\AppData\Local\Temp\ccKONoCF.s 			page 11


 571 0222 84       		.byte	-124
 572 0223 50       		.byte	80
 573 0224 85       		.byte	-123
 574 0225 01       		.byte	1
 575 0226 88       		.byte	-120
 576 0227 40       		.byte	64
 577 0228 8C       		.byte	-116
 578 0229 43       		.byte	67
 579 022a 8D       		.byte	-115
 580 022b 04       		.byte	4
 581 022c 8E       		.byte	-114
 582 022d 30       		.byte	48
 583 022e 91       		.byte	-111
 584 022f 01       		.byte	1
 585 0230 92       		.byte	-110
 586 0231 0C       		.byte	12
 587 0232 9C       		.byte	-100
 588 0233 72       		.byte	114
 589 0234 9D       		.byte	-99
 590 0235 02       		.byte	2
 591 0236 9E       		.byte	-98
 592 0237 08       		.byte	8
 593 0238 A2       		.byte	-94
 594 0239 01       		.byte	1
 595 023a A4       		.byte	-92
 596 023b 33       		.byte	51
 597 023c A6       		.byte	-90
 598 023d 44       		.byte	68
 599 023e B0       		.byte	-80
 600 023f 7C       		.byte	124
 601 0240 B1       		.byte	-79
 602 0241 03       		.byte	3
 603 0242 B2       		.byte	-78
 604 0243 03       		.byte	3
 605 0244 B3       		.byte	-77
 606 0245 04       		.byte	4
 607 0246 B8       		.byte	-72
 608 0247 08       		.byte	8
 609 0248 B9       		.byte	-71
 610 0249 02       		.byte	2
 611 024a BE       		.byte	-66
 612 024b 04       		.byte	4
 613 024c BF       		.byte	-65
 614 024d 04       		.byte	4
 615 024e C0       		.byte	-64
 616 024f 03       		.byte	3
 617 0250 C7       		.byte	-57
 618 0251 04       		.byte	4
 619 0252 C9       		.byte	-55
 620 0253 FF       		.byte	-1
 621 0254 CA       		.byte	-54
 622 0255 07       		.byte	7
 623 0256 CB       		.byte	-53
 624 0257 FF       		.byte	-1
 625 0258 CC       		.byte	-52
 626 0259 40       		.byte	64
 627 025a CD       		.byte	-51
ARM GAS  C:\Users\LUISAL~1\AppData\Local\Temp\ccKONoCF.s 			page 12


 628 025b 20       		.byte	32
 629 025c CE       		.byte	-50
 630 025d F0       		.byte	-16
 631 025e CF       		.byte	-49
 632 025f 05       		.byte	5
 633 0260 D0       		.byte	-48
 634 0261 08       		.byte	8
 635 0262 D2       		.byte	-46
 636 0263 80       		.byte	-128
 637 0264 D8       		.byte	-40
 638 0265 04       		.byte	4
 639 0266 D9       		.byte	-39
 640 0267 04       		.byte	4
 641 0268 DA       		.byte	-38
 642 0269 04       		.byte	4
 643 026a DB       		.byte	-37
 644 026b 04       		.byte	4
 645 026c DC       		.byte	-36
 646 026d 33       		.byte	51
 647 026e DD       		.byte	-35
 648 026f 13       		.byte	19
 649 0270 DF       		.byte	-33
 650 0271 01       		.byte	1
 651 0272 E0       		.byte	-32
 652 0273 40       		.byte	64
 653 0274 E1       		.byte	-31
 654 0275 A8       		.byte	-88
 655 0276 E2       		.byte	-30
 656 0277 40       		.byte	64
 657 0278 E3       		.byte	-29
 658 0279 20       		.byte	32
 659 027a 00       		.byte	0
 660 027b 60       		.byte	96
 661 027c 05       		.byte	5
 662 027d 04       		.byte	4
 663 027e 06       		.byte	6
 664 027f 04       		.byte	4
 665 0280 07       		.byte	7
 666 0281 42       		.byte	66
 667 0282 08       		.byte	8
 668 0283 80       		.byte	-128
 669 0284 09       		.byte	9
 670 0285 04       		.byte	4
 671 0286 0A       		.byte	10
 672 0287 40       		.byte	64
 673 0288 0B       		.byte	11
 674 0289 20       		.byte	32
 675 028a 0E       		.byte	14
 676 028b 80       		.byte	-128
 677 028c 0F       		.byte	15
 678 028d 02       		.byte	2
 679 028e 12       		.byte	18
 680 028f 02       		.byte	2
 681 0290 13       		.byte	19
 682 0291 06       		.byte	6
 683 0292 14       		.byte	20
 684 0293 C0       		.byte	-64
ARM GAS  C:\Users\LUISAL~1\AppData\Local\Temp\ccKONoCF.s 			page 13


 685 0294 16       		.byte	22
 686 0295 60       		.byte	96
 687 0296 17       		.byte	23
 688 0297 08       		.byte	8
 689 0298 18       		.byte	24
 690 0299 C0       		.byte	-64
 691 029a 19       		.byte	25
 692 029b 40       		.byte	64
 693 029c 1A       		.byte	26
 694 029d 04       		.byte	4
 695 029e 1B       		.byte	27
 696 029f 11       		.byte	17
 697 02a0 1C       		.byte	28
 698 02a1 80       		.byte	-128
 699 02a2 1D       		.byte	29
 700 02a3 08       		.byte	8
 701 02a4 1E       		.byte	30
 702 02a5 80       		.byte	-128
 703 02a6 21       		.byte	33
 704 02a7 10       		.byte	16
 705 02a8 22       		.byte	34
 706 02a9 14       		.byte	20
 707 02aa 23       		.byte	35
 708 02ab 0E       		.byte	14
 709 02ac 24       		.byte	36
 710 02ad 20       		.byte	32
 711 02ae 26       		.byte	38
 712 02af 02       		.byte	2
 713 02b0 27       		.byte	39
 714 02b1 40       		.byte	64
 715 02b2 29       		.byte	41
 716 02b3 01       		.byte	1
 717 02b4 2A       		.byte	42
 718 02b5 20       		.byte	32
 719 02b6 2B       		.byte	43
 720 02b7 11       		.byte	17
 721 02b8 31       		.byte	49
 722 02b9 10       		.byte	16
 723 02ba 32       		.byte	50
 724 02bb 8A       		.byte	-118
 725 02bc 34       		.byte	52
 726 02bd 42       		.byte	66
 727 02be 35       		.byte	53
 728 02bf 01       		.byte	1
 729 02c0 37       		.byte	55
 730 02c1 02       		.byte	2
 731 02c2 39       		.byte	57
 732 02c3 02       		.byte	2
 733 02c4 3A       		.byte	58
 734 02c5 40       		.byte	64
 735 02c6 3B       		.byte	59
 736 02c7 20       		.byte	32
 737 02c8 3C       		.byte	60
 738 02c9 80       		.byte	-128
 739 02ca 3F       		.byte	63
 740 02cb 06       		.byte	6
 741 02cc 45       		.byte	69
ARM GAS  C:\Users\LUISAL~1\AppData\Local\Temp\ccKONoCF.s 			page 14


 742 02cd 08       		.byte	8
 743 02ce 55       		.byte	85
 744 02cf 04       		.byte	4
 745 02d0 56       		.byte	86
 746 02d1 44       		.byte	68
 747 02d2 5A       		.byte	90
 748 02d3 02       		.byte	2
 749 02d4 60       		.byte	96
 750 02d5 04       		.byte	4
 751 02d6 61       		.byte	97
 752 02d7 40       		.byte	64
 753 02d8 75       		.byte	117
 754 02d9 02       		.byte	2
 755 02da 9F       		.byte	-97
 756 02db 10       		.byte	16
 757 02dc C0       		.byte	-64
 758 02dd F3       		.byte	-13
 759 02de C2       		.byte	-62
 760 02df 9D       		.byte	-99
 761 02e0 C4       		.byte	-60
 762 02e1 3D       		.byte	61
 763 02e2 CA       		.byte	-54
 764 02e3 0F       		.byte	15
 765 02e4 CC       		.byte	-52
 766 02e5 9F       		.byte	-97
 767 02e6 CE       		.byte	-50
 768 02e7 DD       		.byte	-35
 769 02e8 D0       		.byte	-48
 770 02e9 40       		.byte	64
 771 02ea D6       		.byte	-42
 772 02eb 01       		.byte	1
 773 02ec D8       		.byte	-40
 774 02ed 0C       		.byte	12
 775 02ee 83       		.byte	-125
 776 02ef 10       		.byte	16
 777 02f0 E0       		.byte	-32
 778 02f1 01       		.byte	1
 779 02f2 EC       		.byte	-20
 780 02f3 10       		.byte	16
 781 02f4 00       		.byte	0
 782 02f5 01       		.byte	1
 783 02f6 06       		.byte	6
 784 02f7 04       		.byte	4
 785 02f8 09       		.byte	9
 786 02f9 01       		.byte	1
 787 02fa 0A       		.byte	10
 788 02fb 08       		.byte	8
 789 02fc 27       		.byte	39
 790 02fd 01       		.byte	1
 791 02fe 2A       		.byte	42
 792 02ff 04       		.byte	4
 793 0300 2E       		.byte	46
 794 0301 03       		.byte	3
 795 0302 30       		.byte	48
 796 0303 02       		.byte	2
 797 0304 31       		.byte	49
 798 0305 01       		.byte	1
ARM GAS  C:\Users\LUISAL~1\AppData\Local\Temp\ccKONoCF.s 			page 15


 799 0306 32       		.byte	50
 800 0307 01       		.byte	1
 801 0308 34       		.byte	52
 802 0309 04       		.byte	4
 803 030a 36       		.byte	54
 804 030b 08       		.byte	8
 805 030c 3E       		.byte	62
 806 030d 10       		.byte	16
 807 030e 40       		.byte	64
 808 030f 30       		.byte	48
 809 0310 41       		.byte	65
 810 0311 02       		.byte	2
 811 0312 45       		.byte	69
 812 0313 D0       		.byte	-48
 813 0314 46       		.byte	70
 814 0315 10       		.byte	16
 815 0316 47       		.byte	71
 816 0317 52       		.byte	82
 817 0318 48       		.byte	72
 818 0319 3A       		.byte	58
 819 031a 49       		.byte	73
 820 031b FF       		.byte	-1
 821 031c 4A       		.byte	74
 822 031d FF       		.byte	-1
 823 031e 4B       		.byte	75
 824 031f FF       		.byte	-1
 825 0320 4D       		.byte	77
 826 0321 A0       		.byte	-96
 827 0322 4F       		.byte	79
 828 0323 04       		.byte	4
 829 0324 50       		.byte	80
 830 0325 18       		.byte	24
 831 0326 54       		.byte	84
 832 0327 07       		.byte	7
 833 0328 58       		.byte	88
 834 0329 04       		.byte	4
 835 032a 59       		.byte	89
 836 032b 04       		.byte	4
 837 032c 5A       		.byte	90
 838 032d 04       		.byte	4
 839 032e 5B       		.byte	91
 840 032f 04       		.byte	4
 841 0330 5C       		.byte	92
 842 0331 11       		.byte	17
 843 0332 5D       		.byte	93
 844 0333 11       		.byte	17
 845 0334 5F       		.byte	95
 846 0335 01       		.byte	1
 847 0336 60       		.byte	96
 848 0337 40       		.byte	64
 849 0338 62       		.byte	98
 850 0339 C0       		.byte	-64
 851 033a 64       		.byte	100
 852 033b 40       		.byte	64
 853 033c 65       		.byte	101
 854 033d 40       		.byte	64
 855 033e 66       		.byte	102
ARM GAS  C:\Users\LUISAL~1\AppData\Local\Temp\ccKONoCF.s 			page 16


 856 033f C0       		.byte	-64
 857 0340 68       		.byte	104
 858 0341 C0       		.byte	-64
 859 0342 6A       		.byte	106
 860 0343 C0       		.byte	-64
 861 0344 6C       		.byte	108
 862 0345 C0       		.byte	-64
 863 0346 6E       		.byte	110
 864 0347 C0       		.byte	-64
 865 0348 85       		.byte	-123
 866 0349 1C       		.byte	28
 867 034a 89       		.byte	-119
 868 034b 1C       		.byte	28
 869 034c 8F       		.byte	-113
 870 034d 02       		.byte	2
 871 034e 95       		.byte	-107
 872 034f 04       		.byte	4
 873 0350 97       		.byte	-105
 874 0351 38       		.byte	56
 875 0352 98       		.byte	-104
 876 0353 01       		.byte	1
 877 0354 99       		.byte	-103
 878 0355 02       		.byte	2
 879 0356 9F       		.byte	-97
 880 0357 02       		.byte	2
 881 0358 A3       		.byte	-93
 882 0359 02       		.byte	2
 883 035a A5       		.byte	-91
 884 035b 08       		.byte	8
 885 035c A7       		.byte	-89
 886 035d 45       		.byte	69
 887 035e A9       		.byte	-87
 888 035f 10       		.byte	16
 889 0360 AB       		.byte	-85
 890 0361 44       		.byte	68
 891 0362 AD       		.byte	-83
 892 0363 02       		.byte	2
 893 0364 B1       		.byte	-79
 894 0365 01       		.byte	1
 895 0366 B2       		.byte	-78
 896 0367 01       		.byte	1
 897 0368 B3       		.byte	-77
 898 0369 1C       		.byte	28
 899 036a B5       		.byte	-75
 900 036b 02       		.byte	2
 901 036c B7       		.byte	-73
 902 036d 60       		.byte	96
 903 036e BE       		.byte	-66
 904 036f 04       		.byte	4
 905 0370 BF       		.byte	-65
 906 0371 50       		.byte	80
 907 0372 C0       		.byte	-64
 908 0373 65       		.byte	101
 909 0374 C1       		.byte	-63
 910 0375 02       		.byte	2
 911 0376 C2       		.byte	-62
 912 0377 04       		.byte	4
ARM GAS  C:\Users\LUISAL~1\AppData\Local\Temp\ccKONoCF.s 			page 17


 913 0378 C4       		.byte	-60
 914 0379 01       		.byte	1
 915 037a C5       		.byte	-59
 916 037b 0C       		.byte	12
 917 037c C7       		.byte	-57
 918 037d 0E       		.byte	14
 919 037e C8       		.byte	-56
 920 037f 11       		.byte	17
 921 0380 C9       		.byte	-55
 922 0381 FF       		.byte	-1
 923 0382 CA       		.byte	-54
 924 0383 FF       		.byte	-1
 925 0384 CB       		.byte	-53
 926 0385 FF       		.byte	-1
 927 0386 CC       		.byte	-52
 928 0387 62       		.byte	98
 929 0388 CD       		.byte	-51
 930 0389 A0       		.byte	-96
 931 038a CE       		.byte	-50
 932 038b F0       		.byte	-16
 933 038c CF       		.byte	-49
 934 038d 41       		.byte	65
 935 038e D0       		.byte	-48
 936 038f 0C       		.byte	12
 937 0390 D4       		.byte	-44
 938 0391 01       		.byte	1
 939 0392 D8       		.byte	-40
 940 0393 04       		.byte	4
 941 0394 D9       		.byte	-39
 942 0395 04       		.byte	4
 943 0396 DA       		.byte	-38
 944 0397 04       		.byte	4
 945 0398 DB       		.byte	-37
 946 0399 04       		.byte	4
 947 039a DC       		.byte	-36
 948 039b 30       		.byte	48
 949 039c DD       		.byte	-35
 950 039d 33       		.byte	51
 951 039e DF       		.byte	-33
 952 039f 01       		.byte	1
 953 03a0 E6       		.byte	-26
 954 03a1 40       		.byte	64
 955 03a2 E7       		.byte	-25
 956 03a3 02       		.byte	2
 957 03a4 E9       		.byte	-23
 958 03a5 10       		.byte	16
 959 03a6 EA       		.byte	-22
 960 03a7 30       		.byte	48
 961 03a8 EB       		.byte	-21
 962 03a9 10       		.byte	16
 963 03aa ED       		.byte	-19
 964 03ab 10       		.byte	16
 965 03ac EE       		.byte	-18
 966 03ad 10       		.byte	16
 967 03ae EF       		.byte	-17
 968 03af 12       		.byte	18
 969 03b0 05       		.byte	5
ARM GAS  C:\Users\LUISAL~1\AppData\Local\Temp\ccKONoCF.s 			page 18


 970 03b1 01       		.byte	1
 971 03b2 06       		.byte	6
 972 03b3 24       		.byte	36
 973 03b4 07       		.byte	7
 974 03b5 20       		.byte	32
 975 03b6 0B       		.byte	11
 976 03b7 0C       		.byte	12
 977 03b8 16       		.byte	22
 978 03b9 0A       		.byte	10
 979 03ba 19       		.byte	25
 980 03bb 04       		.byte	4
 981 03bc 1D       		.byte	29
 982 03bd 01       		.byte	1
 983 03be 1E       		.byte	30
 984 03bf 2A       		.byte	42
 985 03c0 20       		.byte	32
 986 03c1 09       		.byte	9
 987 03c2 21       		.byte	33
 988 03c3 08       		.byte	8
 989 03c4 23       		.byte	35
 990 03c5 40       		.byte	64
 991 03c6 24       		.byte	36
 992 03c7 40       		.byte	64
 993 03c8 28       		.byte	40
 994 03c9 62       		.byte	98
 995 03ca 29       		.byte	41
 996 03cb 20       		.byte	32
 997 03cc 2F       		.byte	47
 998 03cd 20       		.byte	32
 999 03ce 31       		.byte	49
 1000 03cf 08       		.byte	8
 1001 03d0 32       		.byte	50
 1002 03d1 90       		.byte	-112
 1003 03d2 38       		.byte	56
 1004 03d3 80       		.byte	-128
 1005 03d4 39       		.byte	57
 1006 03d5 14       		.byte	20
 1007 03d6 3E       		.byte	62
 1008 03d7 10       		.byte	16
 1009 03d8 40       		.byte	64
 1010 03d9 01       		.byte	1
 1011 03da 42       		.byte	66
 1012 03db 44       		.byte	68
 1013 03dc 46       		.byte	70
 1014 03dd 28       		.byte	40
 1015 03de 48       		.byte	72
 1016 03df 11       		.byte	17
 1017 03e0 49       		.byte	73
 1018 03e1 40       		.byte	64
 1019 03e2 4A       		.byte	74
 1020 03e3 08       		.byte	8
 1021 03e4 4F       		.byte	79
 1022 03e5 01       		.byte	1
 1023 03e6 51       		.byte	81
 1024 03e7 04       		.byte	4
 1025 03e8 56       		.byte	86
 1026 03e9 0A       		.byte	10
ARM GAS  C:\Users\LUISAL~1\AppData\Local\Temp\ccKONoCF.s 			page 19


 1027 03ea 57       		.byte	87
 1028 03eb 20       		.byte	32
 1029 03ec 58       		.byte	88
 1030 03ed 81       		.byte	-127
 1031 03ee 59       		.byte	89
 1032 03ef 14       		.byte	20
 1033 03f0 5C       		.byte	92
 1034 03f1 40       		.byte	64
 1035 03f2 5E       		.byte	94
 1036 03f3 28       		.byte	40
 1037 03f4 5F       		.byte	95
 1038 03f5 01       		.byte	1
 1039 03f6 90       		.byte	-112
 1040 03f7 80       		.byte	-128
 1041 03f8 91       		.byte	-111
 1042 03f9 54       		.byte	84
 1043 03fa 92       		.byte	-110
 1044 03fb 74       		.byte	116
 1045 03fc 93       		.byte	-109
 1046 03fd 08       		.byte	8
 1047 03fe 94       		.byte	-108
 1048 03ff 04       		.byte	4
 1049 0400 96       		.byte	-106
 1050 0401 02       		.byte	2
 1051 0402 97       		.byte	-105
 1052 0403 40       		.byte	64
 1053 0404 98       		.byte	-104
 1054 0405 4A       		.byte	74
 1055 0406 9A       		.byte	-102
 1056 0407 40       		.byte	64
 1057 0408 9B       		.byte	-101
 1058 0409 01       		.byte	1
 1059 040a 9D       		.byte	-99
 1060 040b 60       		.byte	96
 1061 040c 9E       		.byte	-98
 1062 040d 21       		.byte	33
 1063 040e A2       		.byte	-94
 1064 040f 8A       		.byte	-118
 1065 0410 A4       		.byte	-92
 1066 0411 10       		.byte	16
 1067 0412 A5       		.byte	-91
 1068 0413 08       		.byte	8
 1069 0414 A7       		.byte	-89
 1070 0415 A0       		.byte	-96
 1071 0416 A9       		.byte	-87
 1072 0417 04       		.byte	4
 1073 0418 B2       		.byte	-78
 1074 0419 48       		.byte	72
 1075 041a C0       		.byte	-64
 1076 041b 70       		.byte	112
 1077 041c C2       		.byte	-62
 1078 041d 02       		.byte	2
 1079 041e C4       		.byte	-60
 1080 041f C0       		.byte	-64
 1081 0420 CA       		.byte	-54
 1082 0421 4F       		.byte	79
 1083 0422 CC       		.byte	-52
ARM GAS  C:\Users\LUISAL~1\AppData\Local\Temp\ccKONoCF.s 			page 20


 1084 0423 0E       		.byte	14
 1085 0424 CE       		.byte	-50
 1086 0425 2E       		.byte	46
 1087 0426 D0       		.byte	-48
 1088 0427 6D       		.byte	109
 1089 0428 D2       		.byte	-46
 1090 0429 0C       		.byte	12
 1091 042a D6       		.byte	-42
 1092 042b FF       		.byte	-1
 1093 042c E8       		.byte	-24
 1094 042d 04       		.byte	4
 1095 042e 00       		.byte	0
 1096 042f 01       		.byte	1
 1097 0430 02       		.byte	2
 1098 0431 02       		.byte	2
 1099 0432 04       		.byte	4
 1100 0433 02       		.byte	2
 1101 0434 05       		.byte	5
 1102 0435 04       		.byte	4
 1103 0436 06       		.byte	6
 1104 0437 01       		.byte	1
 1105 0438 09       		.byte	9
 1106 0439 04       		.byte	4
 1107 043a 0D       		.byte	13
 1108 043b 04       		.byte	4
 1109 043c 13       		.byte	19
 1110 043d 03       		.byte	3
 1111 043e 15       		.byte	21
 1112 043f 03       		.byte	3
 1113 0440 16       		.byte	22
 1114 0441 04       		.byte	4
 1115 0442 18       		.byte	24
 1116 0443 04       		.byte	4
 1117 0444 19       		.byte	25
 1118 0445 03       		.byte	3
 1119 0446 1F       		.byte	31
 1120 0447 03       		.byte	3
 1121 0448 20       		.byte	32
 1122 0449 04       		.byte	4
 1123 044a 21       		.byte	33
 1124 044b 01       		.byte	1
 1125 044c 24       		.byte	36
 1126 044d 03       		.byte	3
 1127 044e 25       		.byte	37
 1128 044f 02       		.byte	2
 1129 0450 28       		.byte	40
 1130 0451 03       		.byte	3
 1131 0452 2B       		.byte	43
 1132 0453 03       		.byte	3
 1133 0454 2D       		.byte	45
 1134 0455 03       		.byte	3
 1135 0456 2E       		.byte	46
 1136 0457 04       		.byte	4
 1137 0458 31       		.byte	49
 1138 0459 03       		.byte	3
 1139 045a 32       		.byte	50
 1140 045b 04       		.byte	4
ARM GAS  C:\Users\LUISAL~1\AppData\Local\Temp\ccKONoCF.s 			page 21


 1141 045c 34       		.byte	52
 1142 045d 03       		.byte	3
 1143 045e 37       		.byte	55
 1144 045f 04       		.byte	4
 1145 0460 38       		.byte	56
 1146 0461 08       		.byte	8
 1147 0462 58       		.byte	88
 1148 0463 04       		.byte	4
 1149 0464 59       		.byte	89
 1150 0465 04       		.byte	4
 1151 0466 5C       		.byte	92
 1152 0467 33       		.byte	51
 1153 0468 5F       		.byte	95
 1154 0469 01       		.byte	1
 1155 046a 83       		.byte	-125
 1156 046b 05       		.byte	5
 1157 046c 86       		.byte	-122
 1158 046d 01       		.byte	1
 1159 046e 8A       		.byte	-118
 1160 046f 04       		.byte	4
 1161 0470 91       		.byte	-111
 1162 0471 01       		.byte	1
 1163 0472 96       		.byte	-106
 1164 0473 02       		.byte	2
 1165 0474 9C       		.byte	-100
 1166 0475 04       		.byte	4
 1167 0476 A2       		.byte	-94
 1168 0477 02       		.byte	2
 1169 0478 A3       		.byte	-93
 1170 0479 02       		.byte	2
 1171 047a A6       		.byte	-90
 1172 047b 01       		.byte	1
 1173 047c B1       		.byte	-79
 1174 047d 01       		.byte	1
 1175 047e B2       		.byte	-78
 1176 047f 04       		.byte	4
 1177 0480 B3       		.byte	-77
 1178 0481 02       		.byte	2
 1179 0482 B4       		.byte	-76
 1180 0483 01       		.byte	1
 1181 0484 B6       		.byte	-74
 1182 0485 02       		.byte	2
 1183 0486 B7       		.byte	-73
 1184 0487 04       		.byte	4
 1185 0488 BE       		.byte	-66
 1186 0489 50       		.byte	80
 1187 048a C0       		.byte	-64
 1188 048b 40       		.byte	64
 1189 048c C1       		.byte	-63
 1190 048d 06       		.byte	6
 1191 048e C5       		.byte	-59
 1192 048f D0       		.byte	-48
 1193 0490 C6       		.byte	-58
 1194 0491 20       		.byte	32
 1195 0492 C7       		.byte	-57
 1196 0493 15       		.byte	21
 1197 0494 C8       		.byte	-56
ARM GAS  C:\Users\LUISAL~1\AppData\Local\Temp\ccKONoCF.s 			page 22


 1198 0495 3A       		.byte	58
 1199 0496 C9       		.byte	-55
 1200 0497 FF       		.byte	-1
 1201 0498 CA       		.byte	-54
 1202 0499 FF       		.byte	-1
 1203 049a CB       		.byte	-53
 1204 049b FF       		.byte	-1
 1205 049c CD       		.byte	-51
 1206 049d A0       		.byte	-96
 1207 049e CF       		.byte	-49
 1208 049f 04       		.byte	4
 1209 04a0 D0       		.byte	-48
 1210 04a1 18       		.byte	24
 1211 04a2 D2       		.byte	-46
 1212 04a3 80       		.byte	-128
 1213 04a4 D4       		.byte	-44
 1214 04a5 07       		.byte	7
 1215 04a6 D8       		.byte	-40
 1216 04a7 04       		.byte	4
 1217 04a8 D9       		.byte	-39
 1218 04a9 04       		.byte	4
 1219 04aa DA       		.byte	-38
 1220 04ab 04       		.byte	4
 1221 04ac DB       		.byte	-37
 1222 04ad 04       		.byte	4
 1223 04ae DC       		.byte	-36
 1224 04af 11       		.byte	17
 1225 04b0 DD       		.byte	-35
 1226 04b1 11       		.byte	17
 1227 04b2 DF       		.byte	-33
 1228 04b3 01       		.byte	1
 1229 04b4 E0       		.byte	-32
 1230 04b5 40       		.byte	64
 1231 04b6 E2       		.byte	-30
 1232 04b7 C0       		.byte	-64
 1233 04b8 E4       		.byte	-28
 1234 04b9 40       		.byte	64
 1235 04ba E5       		.byte	-27
 1236 04bb 40       		.byte	64
 1237 04bc E6       		.byte	-26
 1238 04bd C0       		.byte	-64
 1239 04be E8       		.byte	-24
 1240 04bf C0       		.byte	-64
 1241 04c0 EA       		.byte	-22
 1242 04c1 C0       		.byte	-64
 1243 04c2 EC       		.byte	-20
 1244 04c3 C0       		.byte	-64
 1245 04c4 EE       		.byte	-18
 1246 04c5 C0       		.byte	-64
 1247 04c6 03       		.byte	3
 1248 04c7 A0       		.byte	-96
 1249 04c8 05       		.byte	5
 1250 04c9 04       		.byte	4
 1251 04ca 06       		.byte	6
 1252 04cb 04       		.byte	4
 1253 04cc 08       		.byte	8
 1254 04cd 18       		.byte	24
ARM GAS  C:\Users\LUISAL~1\AppData\Local\Temp\ccKONoCF.s 			page 23


 1255 04ce 0A       		.byte	10
 1256 04cf 04       		.byte	4
 1257 04d0 0E       		.byte	14
 1258 04d1 02       		.byte	2
 1259 04d2 0F       		.byte	15
 1260 04d3 20       		.byte	32
 1261 04d4 11       		.byte	17
 1262 04d5 14       		.byte	20
 1263 04d6 12       		.byte	18
 1264 04d7 42       		.byte	66
 1265 04d8 15       		.byte	21
 1266 04d9 08       		.byte	8
 1267 04da 17       		.byte	23
 1268 04db 01       		.byte	1
 1269 04dc 19       		.byte	25
 1270 04dd 24       		.byte	36
 1271 04de 1B       		.byte	27
 1272 04df 20       		.byte	32
 1273 04e0 1C       		.byte	28
 1274 04e1 04       		.byte	4
 1275 04e2 1E       		.byte	30
 1276 04e3 20       		.byte	32
 1277 04e4 1F       		.byte	31
 1278 04e5 40       		.byte	64
 1279 04e6 20       		.byte	32
 1280 04e7 02       		.byte	2
 1281 04e8 21       		.byte	33
 1282 04e9 80       		.byte	-128
 1283 04ea 22       		.byte	34
 1284 04eb 01       		.byte	1
 1285 04ec 24       		.byte	36
 1286 04ed 40       		.byte	64
 1287 04ee 27       		.byte	39
 1288 04ef 22       		.byte	34
 1289 04f0 28       		.byte	40
 1290 04f1 08       		.byte	8
 1291 04f2 2A       		.byte	42
 1292 04f3 40       		.byte	64
 1293 04f4 2B       		.byte	43
 1294 04f5 A0       		.byte	-96
 1295 04f6 2D       		.byte	45
 1296 04f7 02       		.byte	2
 1297 04f8 30       		.byte	48
 1298 04f9 10       		.byte	16
 1299 04fa 31       		.byte	49
 1300 04fb 88       		.byte	-120
 1301 04fc 32       		.byte	50
 1302 04fd 02       		.byte	2
 1303 04fe 37       		.byte	55
 1304 04ff 02       		.byte	2
 1305 0500 39       		.byte	57
 1306 0501 54       		.byte	84
 1307 0502 3F       		.byte	63
 1308 0503 02       		.byte	2
 1309 0504 47       		.byte	71
 1310 0505 01       		.byte	1
 1311 0506 4F       		.byte	79
ARM GAS  C:\Users\LUISAL~1\AppData\Local\Temp\ccKONoCF.s 			page 24


 1312 0507 21       		.byte	33
 1313 0508 56       		.byte	86
 1314 0509 05       		.byte	5
 1315 050a 57       		.byte	87
 1316 050b 11       		.byte	17
 1317 050c 5C       		.byte	92
 1318 050d 40       		.byte	64
 1319 050e 5E       		.byte	94
 1320 050f 20       		.byte	32
 1321 0510 5F       		.byte	95
 1322 0511 09       		.byte	9
 1323 0512 75       		.byte	117
 1324 0513 02       		.byte	2
 1325 0514 88       		.byte	-120
 1326 0515 20       		.byte	32
 1327 0516 8B       		.byte	-117
 1328 0517 C8       		.byte	-56
 1329 0518 91       		.byte	-111
 1330 0519 5C       		.byte	92
 1331 051a 92       		.byte	-110
 1332 051b 04       		.byte	4
 1333 051c 94       		.byte	-108
 1334 051d 04       		.byte	4
 1335 051e 96       		.byte	-106
 1336 051f 02       		.byte	2
 1337 0520 98       		.byte	-104
 1338 0521 08       		.byte	8
 1339 0522 9A       		.byte	-102
 1340 0523 40       		.byte	64
 1341 0524 9B       		.byte	-101
 1342 0525 01       		.byte	1
 1343 0526 9C       		.byte	-100
 1344 0527 20       		.byte	32
 1345 0528 9D       		.byte	-99
 1346 0529 20       		.byte	32
 1347 052a 9E       		.byte	-98
 1348 052b 05       		.byte	5
 1349 052c 9F       		.byte	-97
 1350 052d 20       		.byte	32
 1351 052e A1       		.byte	-95
 1352 052f 08       		.byte	8
 1353 0530 A2       		.byte	-94
 1354 0531 03       		.byte	3
 1355 0532 A4       		.byte	-92
 1356 0533 01       		.byte	1
 1357 0534 A7       		.byte	-89
 1358 0535 80       		.byte	-128
 1359 0536 A9       		.byte	-87
 1360 0537 10       		.byte	16
 1361 0538 AA       		.byte	-86
 1362 0539 80       		.byte	-128
 1363 053a AC       		.byte	-84
 1364 053b 01       		.byte	1
 1365 053c AF       		.byte	-81
 1366 053d 04       		.byte	4
 1367 053e B0       		.byte	-80
 1368 053f 84       		.byte	-124
ARM GAS  C:\Users\LUISAL~1\AppData\Local\Temp\ccKONoCF.s 			page 25


 1369 0540 C0       		.byte	-64
 1370 0541 6C       		.byte	108
 1371 0542 C2       		.byte	-62
 1372 0543 A6       		.byte	-90
 1373 0544 C4       		.byte	-60
 1374 0545 3F       		.byte	63
 1375 0546 CA       		.byte	-54
 1376 0547 8F       		.byte	-113
 1377 0548 CC       		.byte	-52
 1378 0549 8F       		.byte	-113
 1379 054a CE       		.byte	-50
 1380 054b 8E       		.byte	-114
 1381 054c D0       		.byte	-48
 1382 054d 80       		.byte	-128
 1383 054e D2       		.byte	-46
 1384 054f 20       		.byte	32
 1385 0550 D6       		.byte	-42
 1386 0551 F0       		.byte	-16
 1387 0552 EC       		.byte	-20
 1388 0553 10       		.byte	16
 1389 0554 30       		.byte	48
 1390 0555 40       		.byte	64
 1391 0556 3C       		.byte	60
 1392 0557 04       		.byte	4
 1393 0558 3F       		.byte	63
 1394 0559 10       		.byte	16
 1395 055a CC       		.byte	-52
 1396 055b 10       		.byte	16
 1397 055c CE       		.byte	-50
 1398 055d A0       		.byte	-96
 1399 055e 80       		.byte	-128
 1400 055f 04       		.byte	4
 1401 0560 94       		.byte	-108
 1402 0561 04       		.byte	4
 1403 0562 97       		.byte	-105
 1404 0563 10       		.byte	16
 1405 0564 9C       		.byte	-100
 1406 0565 40       		.byte	64
 1407 0566 E2       		.byte	-30
 1408 0567 20       		.byte	32
 1409 0568 10       		.byte	16
 1410 0569 40       		.byte	64
 1411 056a 63       		.byte	99
 1412 056b 01       		.byte	1
 1413 056c 83       		.byte	-125
 1414 056d 01       		.byte	1
 1415 056e 97       		.byte	-105
 1416 056f 10       		.byte	16
 1417 0570 9C       		.byte	-100
 1418 0571 40       		.byte	64
 1419 0572 C4       		.byte	-60
 1420 0573 10       		.byte	16
 1421 0574 D6       		.byte	-42
 1422 0575 40       		.byte	64
 1423 0576 E2       		.byte	-30
 1424 0577 80       		.byte	-128
 1425 0578 87       		.byte	-121
ARM GAS  C:\Users\LUISAL~1\AppData\Local\Temp\ccKONoCF.s 			page 26


 1426 0579 10       		.byte	16
 1427 057a 97       		.byte	-105
 1428 057b 10       		.byte	16
 1429 057c E2       		.byte	-30
 1430 057d 10       		.byte	16
 1431 057e 71       		.byte	113
 1432 057f 01       		.byte	1
 1433 0580 7C       		.byte	124
 1434 0581 01       		.byte	1
 1435 0582 80       		.byte	-128
 1436 0583 01       		.byte	1
 1437 0584 DC       		.byte	-36
 1438 0585 01       		.byte	1
 1439 0586 DE       		.byte	-34
 1440 0587 01       		.byte	1
 1441 0588 9D       		.byte	-99
 1442 0589 01       		.byte	1
 1443 058a 31       		.byte	49
 1444 058b 20       		.byte	32
 1445 058c 45       		.byte	69
 1446 058d 08       		.byte	8
 1447 058e 9D       		.byte	-99
 1448 058f 01       		.byte	1
 1449 0590 CC       		.byte	-52
 1450 0591 08       		.byte	8
 1451 0592 D0       		.byte	-48
 1452 0593 01       		.byte	1
 1453 0594 33       		.byte	51
 1454 0595 80       		.byte	-128
 1455 0596 83       		.byte	-125
 1456 0597 80       		.byte	-128
 1457 0598 A5       		.byte	-91
 1458 0599 28       		.byte	40
 1459 059a B5       		.byte	-75
 1460 059b 01       		.byte	1
 1461 059c CC       		.byte	-52
 1462 059d 08       		.byte	8
 1463 059e EC       		.byte	-20
 1464 059f 02       		.byte	2
 1465 05a0 25       		.byte	37
 1466 05a1 10       		.byte	16
 1467 05a2 C8       		.byte	-56
 1468 05a3 20       		.byte	32
 1469 05a4 B5       		.byte	-75
 1470 05a5 10       		.byte	16
 1471 05a6 A5       		.byte	-91
 1472 05a7 08       		.byte	8
 1473 05a8 A9       		.byte	-87
 1474 05a9 20       		.byte	32
 1475 05aa 10       		.byte	16
 1476 05ab 40       		.byte	64
 1477 05ac 88       		.byte	-120
 1478 05ad 40       		.byte	64
 1479 05ae B5       		.byte	-75
 1480 05af 08       		.byte	8
 1481 05b0 C4       		.byte	-60
 1482 05b1 08       		.byte	8
ARM GAS  C:\Users\LUISAL~1\AppData\Local\Temp\ccKONoCF.s 			page 27


 1483 05b2 E2       		.byte	-30
 1484 05b3 01       		.byte	1
 1485 05b4 EC       		.byte	-20
 1486 05b5 08       		.byte	8
 1487 05b6 00       		.byte	0
 1488 05b7 0A       		.byte	10
 1489 05b8 01       		.byte	1
 1490 05b9 01       		.byte	1
 1491 05ba 0C       		.byte	12
 1492 05bb 0A       		.byte	10
 1493 05bc 0D       		.byte	13
 1494 05bd 01       		.byte	1
 1495 05be 10       		.byte	16
 1496 05bf 0A       		.byte	10
 1497 05c0 11       		.byte	17
 1498 05c1 01       		.byte	1
 1499 05c2 1C       		.byte	28
 1500 05c3 0A       		.byte	10
 1501 05c4 1D       		.byte	29
 1502 05c5 01       		.byte	1
 1503 05c6 00       		.byte	0
 1504 05c7 03       		.byte	3
 1505 05c8 10       		.byte	16
 1506 05c9 22       		.byte	34
 1507 05ca 00       		.byte	0
 1508 05cb 00       		.byte	0
 1509 05cc 80       		.byte	-128
 1510 05cd 00       		.byte	0
 1511 05ce 40       		.byte	64
 1512 05cf 80       		.byte	-128
 1513 05d0 80       		.byte	-128
 1514 05d1 00       		.byte	0
 1515 05d2 80       		.byte	-128
 1516 05d3 00       		.byte	0
 1517 05d4 00       		.byte	0
 1518 05d5 00       		.byte	0
 1519 05d6 00       		.byte	0
 1520 05d7 00       		.byte	0
 1521 05d8 00       		.byte	0
 1522 05d9 0B       		.byte	11
 1523 05da 0B       		.byte	11
 1524 05db 00       		.byte	0
 1525 05dc 00       		.byte	0
 1526 05dd 00       		.byte	0
 1527 05de 00       		.byte	0
 1528 05df 00       		.byte	0
 1529 05e0 95       		.byte	-107
 1530 05e1 00       		.byte	0
 1531 05e2 18       		.byte	24
 1532 05e3 01       		.byte	1
 1533              		.global	cy_meta_custnvl
 1534              		.section	.cycustnvl,"a",%progbits
 1535              		.align	2
 1536              		.type	cy_meta_custnvl, %object
 1537              		.size	cy_meta_custnvl, 4
 1538              	cy_meta_custnvl:
 1539 0000 00       		.byte	0
ARM GAS  C:\Users\LUISAL~1\AppData\Local\Temp\ccKONoCF.s 			page 28


 1540 0001 00       		.byte	0
 1541 0002 40       		.byte	64
 1542 0003 05       		.byte	5
 1543              		.global	cy_meta_wonvl
 1544              		.section	.cywolatch,"a",%progbits
 1545              		.align	2
 1546              		.type	cy_meta_wonvl, %object
 1547              		.size	cy_meta_wonvl, 4
 1548              	cy_meta_wonvl:
 1549 0000 BC       		.byte	-68
 1550 0001 90       		.byte	-112
 1551 0002 AC       		.byte	-84
 1552 0003 AF       		.byte	-81
 1553              		.global	cy_meta_flashprotect
 1554              		.section	.cyflashprotect,"a",%progbits
 1555              		.align	2
 1556              		.type	cy_meta_flashprotect, %object
 1557              		.size	cy_meta_flashprotect, 256
 1558              	cy_meta_flashprotect:
 1559 0000 00000000 		.space	256
 1559      00000000 
 1559      00000000 
 1559      00000000 
 1559      00000000 
 1560              		.global	cy_metadata
 1561              		.section	.cymeta,"a",%progbits
 1562              		.align	2
 1563              		.type	cy_metadata, %object
 1564              		.size	cy_metadata, 12
 1565              	cy_metadata:
 1566 0000 00       		.byte	0
 1567 0001 01       		.byte	1
 1568 0002 2E       		.byte	46
 1569 0003 16       		.byte	22
 1570 0004 10       		.byte	16
 1571 0005 69       		.byte	105
 1572 0006 00       		.byte	0
 1573 0007 01       		.byte	1
 1574 0008 00       		.byte	0
 1575 0009 00       		.byte	0
 1576 000a 00       		.byte	0
 1577 000b 00       		.byte	0
 1578              		.text
 1579              	.Letext0:
 1580              		.file 1 "c:\\program files (x86)\\cypress\\psoc creator\\4.1\\psoc creator\\import\\gnu\\arm\\5.4.
 1581              		.file 2 "c:\\program files (x86)\\cypress\\psoc creator\\4.1\\psoc creator\\import\\gnu\\arm\\5.4.
 1582              		.file 3 "Generated_Source\\PSoC5\\cymetadata.c"
 1583              		.section	.debug_info,"",%progbits
 1584              	.Ldebug_info0:
 1585 0000 33010000 		.4byte	0x133
 1586 0004 0400     		.2byte	0x4
 1587 0006 00000000 		.4byte	.Ldebug_abbrev0
 1588 000a 04       		.byte	0x4
 1589 000b 01       		.uleb128 0x1
 1590 000c 0A000000 		.4byte	.LASF17
 1591 0010 0C       		.byte	0xc
 1592 0011 D8010000 		.4byte	.LASF18
ARM GAS  C:\Users\LUISAL~1\AppData\Local\Temp\ccKONoCF.s 			page 29


 1593 0015 5F010000 		.4byte	.LASF19
 1594 0019 00000000 		.4byte	.Ldebug_line0
 1595 001d 02       		.uleb128 0x2
 1596 001e 01       		.byte	0x1
 1597 001f 06       		.byte	0x6
 1598 0020 CC010000 		.4byte	.LASF0
 1599 0024 03       		.uleb128 0x3
 1600 0025 00000000 		.4byte	.LASF9
 1601 0029 01       		.byte	0x1
 1602 002a 1D       		.byte	0x1d
 1603 002b 2F000000 		.4byte	0x2f
 1604 002f 02       		.uleb128 0x2
 1605 0030 01       		.byte	0x1
 1606 0031 08       		.byte	0x8
 1607 0032 A4000000 		.4byte	.LASF1
 1608 0036 02       		.uleb128 0x2
 1609 0037 02       		.byte	0x2
 1610 0038 05       		.byte	0x5
 1611 0039 B9010000 		.4byte	.LASF2
 1612 003d 02       		.uleb128 0x2
 1613 003e 02       		.byte	0x2
 1614 003f 07       		.byte	0x7
 1615 0040 C4000000 		.4byte	.LASF3
 1616 0044 02       		.uleb128 0x2
 1617 0045 04       		.byte	0x4
 1618 0046 05       		.byte	0x5
 1619 0047 C3010000 		.4byte	.LASF4
 1620 004b 02       		.uleb128 0x2
 1621 004c 04       		.byte	0x4
 1622 004d 07       		.byte	0x7
 1623 004e B2000000 		.4byte	.LASF5
 1624 0052 02       		.uleb128 0x2
 1625 0053 08       		.byte	0x8
 1626 0054 05       		.byte	0x5
 1627 0055 51010000 		.4byte	.LASF6
 1628 0059 02       		.uleb128 0x2
 1629 005a 08       		.byte	0x8
 1630 005b 07       		.byte	0x7
 1631 005c 06010000 		.4byte	.LASF7
 1632 0060 04       		.uleb128 0x4
 1633 0061 04       		.byte	0x4
 1634 0062 05       		.byte	0x5
 1635 0063 696E7400 		.ascii	"int\000"
 1636 0067 02       		.uleb128 0x2
 1637 0068 04       		.byte	0x4
 1638 0069 07       		.byte	0x7
 1639 006a F9000000 		.4byte	.LASF8
 1640 006e 03       		.uleb128 0x3
 1641 006f 1D010000 		.4byte	.LASF10
 1642 0073 02       		.byte	0x2
 1643 0074 18       		.byte	0x18
 1644 0075 24000000 		.4byte	0x24
 1645 0079 05       		.uleb128 0x5
 1646 007a 91000000 		.4byte	0x91
 1647 007e 8A000000 		.4byte	0x8a
 1648 0082 06       		.uleb128 0x6
 1649 0083 8A000000 		.4byte	0x8a
ARM GAS  C:\Users\LUISAL~1\AppData\Local\Temp\ccKONoCF.s 			page 30


 1650 0087 E305     		.2byte	0x5e3
 1651 0089 00       		.byte	0
 1652 008a 02       		.uleb128 0x2
 1653 008b 04       		.byte	0x4
 1654 008c 07       		.byte	0x7
 1655 008d 48010000 		.4byte	.LASF11
 1656 0091 07       		.uleb128 0x7
 1657 0092 6E000000 		.4byte	0x6e
 1658 0096 08       		.uleb128 0x8
 1659 0097 E7000000 		.4byte	.LASF12
 1660 009b 03       		.byte	0x3
 1661 009c 1F       		.byte	0x1f
 1662 009d A7000000 		.4byte	0xa7
 1663 00a1 05       		.uleb128 0x5
 1664 00a2 03       		.byte	0x3
 1665 00a3 00000000 		.4byte	cy_meta_configecc
 1666 00a7 07       		.uleb128 0x7
 1667 00a8 79000000 		.4byte	0x79
 1668 00ac 05       		.uleb128 0x5
 1669 00ad 91000000 		.4byte	0x91
 1670 00b1 BC000000 		.4byte	0xbc
 1671 00b5 09       		.uleb128 0x9
 1672 00b6 8A000000 		.4byte	0x8a
 1673 00ba 03       		.byte	0x3
 1674 00bb 00       		.byte	0
 1675 00bc 08       		.uleb128 0x8
 1676 00bd D7000000 		.4byte	.LASF13
 1677 00c1 03       		.byte	0x3
 1678 00c2 E9       		.byte	0xe9
 1679 00c3 CD000000 		.4byte	0xcd
 1680 00c7 05       		.uleb128 0x5
 1681 00c8 03       		.byte	0x3
 1682 00c9 00000000 		.4byte	cy_meta_custnvl
 1683 00cd 07       		.uleb128 0x7
 1684 00ce AC000000 		.4byte	0xac
 1685 00d2 08       		.uleb128 0x8
 1686 00d3 3A010000 		.4byte	.LASF14
 1687 00d7 03       		.byte	0x3
 1688 00d8 F7       		.byte	0xf7
 1689 00d9 E3000000 		.4byte	0xe3
 1690 00dd 05       		.uleb128 0x5
 1691 00de 03       		.byte	0x3
 1692 00df 00000000 		.4byte	cy_meta_wonvl
 1693 00e3 07       		.uleb128 0x7
 1694 00e4 AC000000 		.4byte	0xac
 1695 00e8 05       		.uleb128 0x5
 1696 00e9 91000000 		.4byte	0x91
 1697 00ed F8000000 		.4byte	0xf8
 1698 00f1 09       		.uleb128 0x9
 1699 00f2 8A000000 		.4byte	0x8a
 1700 00f6 FF       		.byte	0xff
 1701 00f7 00       		.byte	0
 1702 00f8 0A       		.uleb128 0xa
 1703 00f9 25010000 		.4byte	.LASF15
 1704 00fd 03       		.byte	0x3
 1705 00fe 0501     		.2byte	0x105
 1706 0100 0A010000 		.4byte	0x10a
ARM GAS  C:\Users\LUISAL~1\AppData\Local\Temp\ccKONoCF.s 			page 31


 1707 0104 05       		.uleb128 0x5
 1708 0105 03       		.byte	0x3
 1709 0106 00000000 		.4byte	cy_meta_flashprotect
 1710 010a 07       		.uleb128 0x7
 1711 010b E8000000 		.4byte	0xe8
 1712 010f 05       		.uleb128 0x5
 1713 0110 91000000 		.4byte	0x91
 1714 0114 1F010000 		.4byte	0x11f
 1715 0118 09       		.uleb128 0x9
 1716 0119 8A000000 		.4byte	0x8a
 1717 011d 0B       		.byte	0xb
 1718 011e 00       		.byte	0
 1719 011f 0A       		.uleb128 0xa
 1720 0120 98000000 		.4byte	.LASF16
 1721 0124 03       		.byte	0x3
 1722 0125 3201     		.2byte	0x132
 1723 0127 31010000 		.4byte	0x131
 1724 012b 05       		.uleb128 0x5
 1725 012c 03       		.byte	0x3
 1726 012d 00000000 		.4byte	cy_metadata
 1727 0131 07       		.uleb128 0x7
 1728 0132 0F010000 		.4byte	0x10f
 1729 0136 00       		.byte	0
 1730              		.section	.debug_abbrev,"",%progbits
 1731              	.Ldebug_abbrev0:
 1732 0000 01       		.uleb128 0x1
 1733 0001 11       		.uleb128 0x11
 1734 0002 01       		.byte	0x1
 1735 0003 25       		.uleb128 0x25
 1736 0004 0E       		.uleb128 0xe
 1737 0005 13       		.uleb128 0x13
 1738 0006 0B       		.uleb128 0xb
 1739 0007 03       		.uleb128 0x3
 1740 0008 0E       		.uleb128 0xe
 1741 0009 1B       		.uleb128 0x1b
 1742 000a 0E       		.uleb128 0xe
 1743 000b 10       		.uleb128 0x10
 1744 000c 17       		.uleb128 0x17
 1745 000d 00       		.byte	0
 1746 000e 00       		.byte	0
 1747 000f 02       		.uleb128 0x2
 1748 0010 24       		.uleb128 0x24
 1749 0011 00       		.byte	0
 1750 0012 0B       		.uleb128 0xb
 1751 0013 0B       		.uleb128 0xb
 1752 0014 3E       		.uleb128 0x3e
 1753 0015 0B       		.uleb128 0xb
 1754 0016 03       		.uleb128 0x3
 1755 0017 0E       		.uleb128 0xe
 1756 0018 00       		.byte	0
 1757 0019 00       		.byte	0
 1758 001a 03       		.uleb128 0x3
 1759 001b 16       		.uleb128 0x16
 1760 001c 00       		.byte	0
 1761 001d 03       		.uleb128 0x3
 1762 001e 0E       		.uleb128 0xe
 1763 001f 3A       		.uleb128 0x3a
ARM GAS  C:\Users\LUISAL~1\AppData\Local\Temp\ccKONoCF.s 			page 32


 1764 0020 0B       		.uleb128 0xb
 1765 0021 3B       		.uleb128 0x3b
 1766 0022 0B       		.uleb128 0xb
 1767 0023 49       		.uleb128 0x49
 1768 0024 13       		.uleb128 0x13
 1769 0025 00       		.byte	0
 1770 0026 00       		.byte	0
 1771 0027 04       		.uleb128 0x4
 1772 0028 24       		.uleb128 0x24
 1773 0029 00       		.byte	0
 1774 002a 0B       		.uleb128 0xb
 1775 002b 0B       		.uleb128 0xb
 1776 002c 3E       		.uleb128 0x3e
 1777 002d 0B       		.uleb128 0xb
 1778 002e 03       		.uleb128 0x3
 1779 002f 08       		.uleb128 0x8
 1780 0030 00       		.byte	0
 1781 0031 00       		.byte	0
 1782 0032 05       		.uleb128 0x5
 1783 0033 01       		.uleb128 0x1
 1784 0034 01       		.byte	0x1
 1785 0035 49       		.uleb128 0x49
 1786 0036 13       		.uleb128 0x13
 1787 0037 01       		.uleb128 0x1
 1788 0038 13       		.uleb128 0x13
 1789 0039 00       		.byte	0
 1790 003a 00       		.byte	0
 1791 003b 06       		.uleb128 0x6
 1792 003c 21       		.uleb128 0x21
 1793 003d 00       		.byte	0
 1794 003e 49       		.uleb128 0x49
 1795 003f 13       		.uleb128 0x13
 1796 0040 2F       		.uleb128 0x2f
 1797 0041 05       		.uleb128 0x5
 1798 0042 00       		.byte	0
 1799 0043 00       		.byte	0
 1800 0044 07       		.uleb128 0x7
 1801 0045 26       		.uleb128 0x26
 1802 0046 00       		.byte	0
 1803 0047 49       		.uleb128 0x49
 1804 0048 13       		.uleb128 0x13
 1805 0049 00       		.byte	0
 1806 004a 00       		.byte	0
 1807 004b 08       		.uleb128 0x8
 1808 004c 34       		.uleb128 0x34
 1809 004d 00       		.byte	0
 1810 004e 03       		.uleb128 0x3
 1811 004f 0E       		.uleb128 0xe
 1812 0050 3A       		.uleb128 0x3a
 1813 0051 0B       		.uleb128 0xb
 1814 0052 3B       		.uleb128 0x3b
 1815 0053 0B       		.uleb128 0xb
 1816 0054 49       		.uleb128 0x49
 1817 0055 13       		.uleb128 0x13
 1818 0056 3F       		.uleb128 0x3f
 1819 0057 19       		.uleb128 0x19
 1820 0058 02       		.uleb128 0x2
ARM GAS  C:\Users\LUISAL~1\AppData\Local\Temp\ccKONoCF.s 			page 33


 1821 0059 18       		.uleb128 0x18
 1822 005a 00       		.byte	0
 1823 005b 00       		.byte	0
 1824 005c 09       		.uleb128 0x9
 1825 005d 21       		.uleb128 0x21
 1826 005e 00       		.byte	0
 1827 005f 49       		.uleb128 0x49
 1828 0060 13       		.uleb128 0x13
 1829 0061 2F       		.uleb128 0x2f
 1830 0062 0B       		.uleb128 0xb
 1831 0063 00       		.byte	0
 1832 0064 00       		.byte	0
 1833 0065 0A       		.uleb128 0xa
 1834 0066 34       		.uleb128 0x34
 1835 0067 00       		.byte	0
 1836 0068 03       		.uleb128 0x3
 1837 0069 0E       		.uleb128 0xe
 1838 006a 3A       		.uleb128 0x3a
 1839 006b 0B       		.uleb128 0xb
 1840 006c 3B       		.uleb128 0x3b
 1841 006d 05       		.uleb128 0x5
 1842 006e 49       		.uleb128 0x49
 1843 006f 13       		.uleb128 0x13
 1844 0070 3F       		.uleb128 0x3f
 1845 0071 19       		.uleb128 0x19
 1846 0072 02       		.uleb128 0x2
 1847 0073 18       		.uleb128 0x18
 1848 0074 00       		.byte	0
 1849 0075 00       		.byte	0
 1850 0076 00       		.byte	0
 1851              		.section	.debug_aranges,"",%progbits
 1852 0000 14000000 		.4byte	0x14
 1853 0004 0200     		.2byte	0x2
 1854 0006 00000000 		.4byte	.Ldebug_info0
 1855 000a 04       		.byte	0x4
 1856 000b 00       		.byte	0
 1857 000c 0000     		.2byte	0
 1858 000e 0000     		.2byte	0
 1859 0010 00000000 		.4byte	0
 1860 0014 00000000 		.4byte	0
 1861              		.section	.debug_line,"",%progbits
 1862              	.Ldebug_line0:
 1863 0000 3D010000 		.section	.debug_str,"MS",%progbits,1
 1863      02003701 
 1863      00000201 
 1863      FB0E0D00 
 1863      01010101 
 1864              	.LASF9:
 1865 0000 5F5F7569 		.ascii	"__uint8_t\000"
 1865      6E74385F 
 1865      7400
 1866              	.LASF17:
 1867 000a 474E5520 		.ascii	"GNU C11 5.4.1 20160609 (release) [ARM/embedded-5-br"
 1867      43313120 
 1867      352E342E 
 1867      31203230 
 1867      31363036 
ARM GAS  C:\Users\LUISAL~1\AppData\Local\Temp\ccKONoCF.s 			page 34


 1868 003d 616E6368 		.ascii	"anch revision 237715] -mcpu=cortex-m3 -mthumb -g -O"
 1868      20726576 
 1868      6973696F 
 1868      6E203233 
 1868      37373135 
 1869 0070 30202D66 		.ascii	"0 -ffunction-sections -ffat-lto-objects\000"
 1869      66756E63 
 1869      74696F6E 
 1869      2D736563 
 1869      74696F6E 
 1870              	.LASF16:
 1871 0098 63795F6D 		.ascii	"cy_metadata\000"
 1871      65746164 
 1871      61746100 
 1872              	.LASF1:
 1873 00a4 756E7369 		.ascii	"unsigned char\000"
 1873      676E6564 
 1873      20636861 
 1873      7200
 1874              	.LASF5:
 1875 00b2 6C6F6E67 		.ascii	"long unsigned int\000"
 1875      20756E73 
 1875      69676E65 
 1875      6420696E 
 1875      7400
 1876              	.LASF3:
 1877 00c4 73686F72 		.ascii	"short unsigned int\000"
 1877      7420756E 
 1877      7369676E 
 1877      65642069 
 1877      6E7400
 1878              	.LASF13:
 1879 00d7 63795F6D 		.ascii	"cy_meta_custnvl\000"
 1879      6574615F 
 1879      63757374 
 1879      6E766C00 
 1880              	.LASF12:
 1881 00e7 63795F6D 		.ascii	"cy_meta_configecc\000"
 1881      6574615F 
 1881      636F6E66 
 1881      69676563 
 1881      6300
 1882              	.LASF8:
 1883 00f9 756E7369 		.ascii	"unsigned int\000"
 1883      676E6564 
 1883      20696E74 
 1883      00
 1884              	.LASF7:
 1885 0106 6C6F6E67 		.ascii	"long long unsigned int\000"
 1885      206C6F6E 
 1885      6720756E 
 1885      7369676E 
 1885      65642069 
 1886              	.LASF10:
 1887 011d 75696E74 		.ascii	"uint8_t\000"
 1887      385F7400 
 1888              	.LASF15:
ARM GAS  C:\Users\LUISAL~1\AppData\Local\Temp\ccKONoCF.s 			page 35


 1889 0125 63795F6D 		.ascii	"cy_meta_flashprotect\000"
 1889      6574615F 
 1889      666C6173 
 1889      6870726F 
 1889      74656374 
 1890              	.LASF14:
 1891 013a 63795F6D 		.ascii	"cy_meta_wonvl\000"
 1891      6574615F 
 1891      776F6E76 
 1891      6C00
 1892              	.LASF11:
 1893 0148 73697A65 		.ascii	"sizetype\000"
 1893      74797065 
 1893      00
 1894              	.LASF6:
 1895 0151 6C6F6E67 		.ascii	"long long int\000"
 1895      206C6F6E 
 1895      6720696E 
 1895      7400
 1896              	.LASF19:
 1897 015f 433A5C55 		.ascii	"C:\\Users\\Luis Alonso Murillo\\Documents\\GitHub\\"
 1897      73657273 
 1897      5C4C7569 
 1897      7320416C 
 1897      6F6E736F 
 1898 018d 44544D46 		.ascii	"DTMF\\transmitter\\CE95277 ADC and UART.cydsn\000"
 1898      5C747261 
 1898      6E736D69 
 1898      74746572 
 1898      5C434539 
 1899              	.LASF2:
 1900 01b9 73686F72 		.ascii	"short int\000"
 1900      7420696E 
 1900      7400
 1901              	.LASF4:
 1902 01c3 6C6F6E67 		.ascii	"long int\000"
 1902      20696E74 
 1902      00
 1903              	.LASF0:
 1904 01cc 7369676E 		.ascii	"signed char\000"
 1904      65642063 
 1904      68617200 
 1905              	.LASF18:
 1906 01d8 47656E65 		.ascii	"Generated_Source\\PSoC5\\cymetadata.c\000"
 1906      72617465 
 1906      645F536F 
 1906      75726365 
 1906      5C50536F 
 1907              		.ident	"GCC: (GNU Tools for ARM Embedded Processors) 5.4.1 20160609 (release) [ARM/embedded-5-bran
