ARM GAS  C:\Users\LUISAL~1\AppData\Local\Temp\cc5eoSMg.s 			page 1


   1              		.syntax unified
   2              		.cpu cortex-m3
   3              		.fpu softvfp
   4              		.eabi_attribute 20, 1
   5              		.eabi_attribute 21, 1
   6              		.eabi_attribute 23, 3
   7              		.eabi_attribute 24, 1
   8              		.eabi_attribute 25, 1
   9              		.eabi_attribute 26, 1
  10              		.eabi_attribute 30, 6
  11              		.eabi_attribute 34, 1
  12              		.eabi_attribute 18, 4
  13              		.thumb
  14              		.syntax unified
  15              		.file	"Col_Tone.c"
  16              		.text
  17              	.Ltext0:
  18              		.cfi_sections	.debug_frame
  19              		.global	Col_Tone_initVar
  20              		.bss
  21              		.type	Col_Tone_initVar, %object
  22              		.size	Col_Tone_initVar, 1
  23              	Col_Tone_initVar:
  24 0000 00       		.space	1
  25              		.global	Col_Tone_wave1
  26              		.section	.rodata
  27              		.align	2
  28              		.type	Col_Tone_wave1, %object
  29              		.size	Col_Tone_wave1, 50
  30              	Col_Tone_wave1:
  31 0000 80       		.byte	-128
  32 0001 90       		.byte	-112
  33 0002 9F       		.byte	-97
  34 0003 AE       		.byte	-82
  35 0004 BC       		.byte	-68
  36 0005 CA       		.byte	-54
  37 0006 D6       		.byte	-42
  38 0007 E1       		.byte	-31
  39 0008 EA       		.byte	-22
  40 0009 F2       		.byte	-14
  41 000a F7       		.byte	-9
  42 000b FB       		.byte	-5
  43 000c FD       		.byte	-3
  44 000d FD       		.byte	-3
  45 000e FB       		.byte	-5
  46 000f F7       		.byte	-9
  47 0010 F2       		.byte	-14
  48 0011 EA       		.byte	-22
  49 0012 E1       		.byte	-31
  50 0013 D6       		.byte	-42
  51 0014 CA       		.byte	-54
  52 0015 BC       		.byte	-68
  53 0016 AE       		.byte	-82
  54 0017 9F       		.byte	-97
  55 0018 90       		.byte	-112
  56 0019 80       		.byte	-128
  57 001a 70       		.byte	112
ARM GAS  C:\Users\LUISAL~1\AppData\Local\Temp\cc5eoSMg.s 			page 2


  58 001b 61       		.byte	97
  59 001c 52       		.byte	82
  60 001d 44       		.byte	68
  61 001e 36       		.byte	54
  62 001f 2A       		.byte	42
  63 0020 1F       		.byte	31
  64 0021 16       		.byte	22
  65 0022 0E       		.byte	14
  66 0023 09       		.byte	9
  67 0024 05       		.byte	5
  68 0025 03       		.byte	3
  69 0026 03       		.byte	3
  70 0027 05       		.byte	5
  71 0028 09       		.byte	9
  72 0029 0E       		.byte	14
  73 002a 16       		.byte	22
  74 002b 1F       		.byte	31
  75 002c 2A       		.byte	42
  76 002d 36       		.byte	54
  77 002e 44       		.byte	68
  78 002f 52       		.byte	82
  79 0030 61       		.byte	97
  80 0031 70       		.byte	112
  81              		.global	Col_Tone_wave2
  82 0032 0000     		.align	2
  83              		.type	Col_Tone_wave2, %object
  84              		.size	Col_Tone_wave2, 50
  85              	Col_Tone_wave2:
  86 0034 80       		.byte	-128
  87 0035 8A       		.byte	-118
  88 0036 94       		.byte	-108
  89 0037 9E       		.byte	-98
  90 0038 A8       		.byte	-88
  91 0039 B2       		.byte	-78
  92 003a BC       		.byte	-68
  93 003b C6       		.byte	-58
  94 003c D0       		.byte	-48
  95 003d DA       		.byte	-38
  96 003e E4       		.byte	-28
  97 003f EE       		.byte	-18
  98 0040 F8       		.byte	-8
  99 0041 EE       		.byte	-18
 100 0042 E4       		.byte	-28
 101 0043 DA       		.byte	-38
 102 0044 D0       		.byte	-48
 103 0045 C6       		.byte	-58
 104 0046 BC       		.byte	-68
 105 0047 B2       		.byte	-78
 106 0048 A8       		.byte	-88
 107 0049 9E       		.byte	-98
 108 004a 94       		.byte	-108
 109 004b 8A       		.byte	-118
 110 004c 80       		.byte	-128
 111 004d 76       		.byte	118
 112 004e 6C       		.byte	108
 113 004f 62       		.byte	98
 114 0050 58       		.byte	88
ARM GAS  C:\Users\LUISAL~1\AppData\Local\Temp\cc5eoSMg.s 			page 3


 115 0051 4E       		.byte	78
 116 0052 44       		.byte	68
 117 0053 3A       		.byte	58
 118 0054 30       		.byte	48
 119 0055 26       		.byte	38
 120 0056 1C       		.byte	28
 121 0057 12       		.byte	18
 122 0058 08       		.byte	8
 123 0059 00       		.byte	0
 124 005a 08       		.byte	8
 125 005b 12       		.byte	18
 126 005c 1C       		.byte	28
 127 005d 26       		.byte	38
 128 005e 30       		.byte	48
 129 005f 3A       		.byte	58
 130 0060 44       		.byte	68
 131 0061 4E       		.byte	78
 132 0062 58       		.byte	88
 133 0063 62       		.byte	98
 134 0064 6C       		.byte	108
 135 0065 76       		.byte	118
 136              		.bss
 137              	Col_Tone_Wave1Chan:
 138 0001 00       		.space	1
 139              	Col_Tone_Wave2Chan:
 140 0002 00       		.space	1
 141              	Col_Tone_Wave1TD:
 142 0003 00       		.space	1
 143              	Col_Tone_Wave2TD:
 144 0004 00       		.space	1
 145              		.section	.text.Col_Tone_Init,"ax",%progbits
 146              		.align	2
 147              		.global	Col_Tone_Init
 148              		.thumb
 149              		.thumb_func
 150              		.type	Col_Tone_Init, %function
 151              	Col_Tone_Init:
 152              	.LFB0:
 153              		.file 1 "Generated_Source\\PSoC5\\Col_Tone.c"
   1:Generated_Source\PSoC5/Col_Tone.c **** /*******************************************************************************
   2:Generated_Source\PSoC5/Col_Tone.c **** * File Name: Col_Tone.c
   3:Generated_Source\PSoC5/Col_Tone.c **** * Version 2.10
   4:Generated_Source\PSoC5/Col_Tone.c **** *
   5:Generated_Source\PSoC5/Col_Tone.c **** * Description:
   6:Generated_Source\PSoC5/Col_Tone.c **** *  This file provides the source code for the 8-bit Waveform DAC 
   7:Generated_Source\PSoC5/Col_Tone.c **** *  (WaveDAC8) Component.
   8:Generated_Source\PSoC5/Col_Tone.c **** *
   9:Generated_Source\PSoC5/Col_Tone.c **** ********************************************************************************
  10:Generated_Source\PSoC5/Col_Tone.c **** * Copyright 2013, Cypress Semiconductor Corporation.  All rights reserved.
  11:Generated_Source\PSoC5/Col_Tone.c **** * You may use this file only in accordance with the license, terms, conditions,
  12:Generated_Source\PSoC5/Col_Tone.c **** * disclaimers, and limitations in the end user license agreement accompanying
  13:Generated_Source\PSoC5/Col_Tone.c **** * the software package with which this file was provided.
  14:Generated_Source\PSoC5/Col_Tone.c **** *******************************************************************************/
  15:Generated_Source\PSoC5/Col_Tone.c **** 
  16:Generated_Source\PSoC5/Col_Tone.c **** #include "Col_Tone.h"
  17:Generated_Source\PSoC5/Col_Tone.c **** 
  18:Generated_Source\PSoC5/Col_Tone.c **** uint8  Col_Tone_initVar = 0u;
ARM GAS  C:\Users\LUISAL~1\AppData\Local\Temp\cc5eoSMg.s 			page 4


  19:Generated_Source\PSoC5/Col_Tone.c **** 
  20:Generated_Source\PSoC5/Col_Tone.c **** const uint8 CYCODE Col_Tone_wave1[Col_Tone_WAVE1_LENGTH] = { 128,144,159,174,188,202,214,225,234,24
  21:Generated_Source\PSoC5/Col_Tone.c **** const uint8 CYCODE Col_Tone_wave2[Col_Tone_WAVE2_LENGTH] = { 128,138,148,158,168,178,188,198,208,21
  22:Generated_Source\PSoC5/Col_Tone.c **** 
  23:Generated_Source\PSoC5/Col_Tone.c **** static uint8  Col_Tone_Wave1Chan;
  24:Generated_Source\PSoC5/Col_Tone.c **** static uint8  Col_Tone_Wave2Chan;
  25:Generated_Source\PSoC5/Col_Tone.c **** static uint8  Col_Tone_Wave1TD;
  26:Generated_Source\PSoC5/Col_Tone.c **** static uint8  Col_Tone_Wave2TD;
  27:Generated_Source\PSoC5/Col_Tone.c **** 
  28:Generated_Source\PSoC5/Col_Tone.c **** 
  29:Generated_Source\PSoC5/Col_Tone.c **** /*******************************************************************************
  30:Generated_Source\PSoC5/Col_Tone.c **** * Function Name: Col_Tone_Init
  31:Generated_Source\PSoC5/Col_Tone.c **** ********************************************************************************
  32:Generated_Source\PSoC5/Col_Tone.c **** *
  33:Generated_Source\PSoC5/Col_Tone.c **** * Summary:
  34:Generated_Source\PSoC5/Col_Tone.c **** *  Initializes component with parameters set in the customizer.
  35:Generated_Source\PSoC5/Col_Tone.c **** *
  36:Generated_Source\PSoC5/Col_Tone.c **** * Parameters:  
  37:Generated_Source\PSoC5/Col_Tone.c **** *  None
  38:Generated_Source\PSoC5/Col_Tone.c **** *
  39:Generated_Source\PSoC5/Col_Tone.c **** * Return: 
  40:Generated_Source\PSoC5/Col_Tone.c **** *  None
  41:Generated_Source\PSoC5/Col_Tone.c **** *
  42:Generated_Source\PSoC5/Col_Tone.c **** *******************************************************************************/
  43:Generated_Source\PSoC5/Col_Tone.c **** void Col_Tone_Init(void) 
  44:Generated_Source\PSoC5/Col_Tone.c **** {
 154              		.loc 1 44 0
 155              		.cfi_startproc
 156              		@ args = 0, pretend = 0, frame = 0
 157              		@ frame_needed = 1, uses_anonymous_args = 0
 158 0000 80B5     		push	{r7, lr}
 159              		.cfi_def_cfa_offset 8
 160              		.cfi_offset 7, -8
 161              		.cfi_offset 14, -4
 162 0002 00AF     		add	r7, sp, #0
 163              		.cfi_def_cfa_register 7
  45:Generated_Source\PSoC5/Col_Tone.c **** 	Col_Tone_VDAC8_Init();
 164              		.loc 1 45 0
 165 0004 FFF7FEFF 		bl	Col_Tone_VDAC8_Init
  46:Generated_Source\PSoC5/Col_Tone.c **** 	Col_Tone_VDAC8_SetSpeed(Col_Tone_HIGHSPEED);
 166              		.loc 1 46 0
 167 0008 0220     		movs	r0, #2
 168 000a FFF7FEFF 		bl	Col_Tone_VDAC8_SetSpeed
  47:Generated_Source\PSoC5/Col_Tone.c **** 	Col_Tone_VDAC8_SetRange(Col_Tone_DAC_RANGE);
 169              		.loc 1 47 0
 170 000e 0020     		movs	r0, #0
 171 0010 FFF7FEFF 		bl	Col_Tone_VDAC8_SetRange
  48:Generated_Source\PSoC5/Col_Tone.c **** 
  49:Generated_Source\PSoC5/Col_Tone.c **** 	#if(Col_Tone_DAC_MODE == Col_Tone_CURRENT_MODE)
  50:Generated_Source\PSoC5/Col_Tone.c **** 		Col_Tone_IDAC8_SetPolarity(Col_Tone_DAC_POL);
  51:Generated_Source\PSoC5/Col_Tone.c **** 	#endif /* Col_Tone_DAC_MODE == Col_Tone_CURRENT_MODE */
  52:Generated_Source\PSoC5/Col_Tone.c **** 
  53:Generated_Source\PSoC5/Col_Tone.c **** 	#if(Col_Tone_OUT_MODE == Col_Tone_BUFFER_MODE)
  54:Generated_Source\PSoC5/Col_Tone.c **** 	   Col_Tone_BuffAmp_Init();
  55:Generated_Source\PSoC5/Col_Tone.c **** 	#endif /* Col_Tone_OUT_MODE == Col_Tone_BUFFER_MODE */
  56:Generated_Source\PSoC5/Col_Tone.c **** 
  57:Generated_Source\PSoC5/Col_Tone.c **** 	/* Get the TD Number for the DMA channel 1 and 2   */
ARM GAS  C:\Users\LUISAL~1\AppData\Local\Temp\cc5eoSMg.s 			page 5


  58:Generated_Source\PSoC5/Col_Tone.c **** 	Col_Tone_Wave1TD = CyDmaTdAllocate();
 172              		.loc 1 58 0
 173 0014 FFF7FEFF 		bl	CyDmaTdAllocate
 174 0018 0346     		mov	r3, r0
 175 001a 1A46     		mov	r2, r3
 176 001c 084B     		ldr	r3, .L2
 177 001e 1A70     		strb	r2, [r3]
  59:Generated_Source\PSoC5/Col_Tone.c **** 	Col_Tone_Wave2TD = CyDmaTdAllocate();
 178              		.loc 1 59 0
 179 0020 FFF7FEFF 		bl	CyDmaTdAllocate
 180 0024 0346     		mov	r3, r0
 181 0026 1A46     		mov	r2, r3
 182 0028 064B     		ldr	r3, .L2+4
 183 002a 1A70     		strb	r2, [r3]
  60:Generated_Source\PSoC5/Col_Tone.c **** 	
  61:Generated_Source\PSoC5/Col_Tone.c **** 	/* Initialize waveform pointers  */
  62:Generated_Source\PSoC5/Col_Tone.c **** 	Col_Tone_Wave1Setup(Col_Tone_wave1, Col_Tone_WAVE1_LENGTH) ;
 184              		.loc 1 62 0
 185 002c 3221     		movs	r1, #50
 186 002e 0648     		ldr	r0, .L2+8
 187 0030 FFF7FEFF 		bl	Col_Tone_Wave1Setup
  63:Generated_Source\PSoC5/Col_Tone.c **** 	Col_Tone_Wave2Setup(Col_Tone_wave2, Col_Tone_WAVE2_LENGTH) ;
 188              		.loc 1 63 0
 189 0034 3221     		movs	r1, #50
 190 0036 0548     		ldr	r0, .L2+12
 191 0038 FFF7FEFF 		bl	Col_Tone_Wave2Setup
  64:Generated_Source\PSoC5/Col_Tone.c **** 	
  65:Generated_Source\PSoC5/Col_Tone.c **** 	/* Initialize the internal clock if one present  */
  66:Generated_Source\PSoC5/Col_Tone.c **** 	#if defined(Col_Tone_DacClk_PHASE)
  67:Generated_Source\PSoC5/Col_Tone.c **** 	   Col_Tone_DacClk_SetPhase(Col_Tone_CLK_PHASE_0nS);
  68:Generated_Source\PSoC5/Col_Tone.c **** 	#endif /* defined(Col_Tone_DacClk_PHASE) */
  69:Generated_Source\PSoC5/Col_Tone.c **** }
 192              		.loc 1 69 0
 193 003c 00BF     		nop
 194 003e 80BD     		pop	{r7, pc}
 195              	.L3:
 196              		.align	2
 197              	.L2:
 198 0040 03000000 		.word	Col_Tone_Wave1TD
 199 0044 04000000 		.word	Col_Tone_Wave2TD
 200 0048 00000000 		.word	Col_Tone_wave1
 201 004c 00000000 		.word	Col_Tone_wave2
 202              		.cfi_endproc
 203              	.LFE0:
 204              		.size	Col_Tone_Init, .-Col_Tone_Init
 205              		.section	.text.Col_Tone_Enable,"ax",%progbits
 206              		.align	2
 207              		.global	Col_Tone_Enable
 208              		.thumb
 209              		.thumb_func
 210              		.type	Col_Tone_Enable, %function
 211              	Col_Tone_Enable:
 212              	.LFB1:
  70:Generated_Source\PSoC5/Col_Tone.c **** 
  71:Generated_Source\PSoC5/Col_Tone.c **** 
  72:Generated_Source\PSoC5/Col_Tone.c **** /*******************************************************************************
  73:Generated_Source\PSoC5/Col_Tone.c **** * Function Name: Col_Tone_Enable
ARM GAS  C:\Users\LUISAL~1\AppData\Local\Temp\cc5eoSMg.s 			page 6


  74:Generated_Source\PSoC5/Col_Tone.c **** ********************************************************************************
  75:Generated_Source\PSoC5/Col_Tone.c **** *  
  76:Generated_Source\PSoC5/Col_Tone.c **** * Summary: 
  77:Generated_Source\PSoC5/Col_Tone.c **** *  Enables the DAC block and DMA operation.
  78:Generated_Source\PSoC5/Col_Tone.c **** *
  79:Generated_Source\PSoC5/Col_Tone.c **** * Parameters:  
  80:Generated_Source\PSoC5/Col_Tone.c **** *  None
  81:Generated_Source\PSoC5/Col_Tone.c **** *
  82:Generated_Source\PSoC5/Col_Tone.c **** * Return: 
  83:Generated_Source\PSoC5/Col_Tone.c **** *  None
  84:Generated_Source\PSoC5/Col_Tone.c **** *
  85:Generated_Source\PSoC5/Col_Tone.c **** *******************************************************************************/
  86:Generated_Source\PSoC5/Col_Tone.c **** void Col_Tone_Enable(void) 
  87:Generated_Source\PSoC5/Col_Tone.c **** {
 213              		.loc 1 87 0
 214              		.cfi_startproc
 215              		@ args = 0, pretend = 0, frame = 0
 216              		@ frame_needed = 1, uses_anonymous_args = 0
 217 0000 80B5     		push	{r7, lr}
 218              		.cfi_def_cfa_offset 8
 219              		.cfi_offset 7, -8
 220              		.cfi_offset 14, -4
 221 0002 00AF     		add	r7, sp, #0
 222              		.cfi_def_cfa_register 7
  88:Generated_Source\PSoC5/Col_Tone.c **** 	Col_Tone_VDAC8_Enable();
 223              		.loc 1 88 0
 224 0004 FFF7FEFF 		bl	Col_Tone_VDAC8_Enable
  89:Generated_Source\PSoC5/Col_Tone.c **** 
  90:Generated_Source\PSoC5/Col_Tone.c **** 	#if(Col_Tone_OUT_MODE == Col_Tone_BUFFER_MODE)
  91:Generated_Source\PSoC5/Col_Tone.c **** 	   Col_Tone_BuffAmp_Enable();
  92:Generated_Source\PSoC5/Col_Tone.c **** 	#endif /* Col_Tone_OUT_MODE == Col_Tone_BUFFER_MODE */
  93:Generated_Source\PSoC5/Col_Tone.c **** 
  94:Generated_Source\PSoC5/Col_Tone.c **** 	/* 
  95:Generated_Source\PSoC5/Col_Tone.c **** 	* Enable the channel. It is configured to remember the TD value so that
  96:Generated_Source\PSoC5/Col_Tone.c **** 	* it can be restored from the place where it has been stopped.
  97:Generated_Source\PSoC5/Col_Tone.c **** 	*/
  98:Generated_Source\PSoC5/Col_Tone.c **** 	(void)CyDmaChEnable(Col_Tone_Wave1Chan, 1u);
 225              		.loc 1 98 0
 226 0008 084B     		ldr	r3, .L5
 227 000a 1B78     		ldrb	r3, [r3]	@ zero_extendqisi2
 228 000c 0121     		movs	r1, #1
 229 000e 1846     		mov	r0, r3
 230 0010 FFF7FEFF 		bl	CyDmaChEnable
  99:Generated_Source\PSoC5/Col_Tone.c **** 	(void)CyDmaChEnable(Col_Tone_Wave2Chan, 1u);
 231              		.loc 1 99 0
 232 0014 064B     		ldr	r3, .L5+4
 233 0016 1B78     		ldrb	r3, [r3]	@ zero_extendqisi2
 234 0018 0121     		movs	r1, #1
 235 001a 1846     		mov	r0, r3
 236 001c FFF7FEFF 		bl	CyDmaChEnable
 100:Generated_Source\PSoC5/Col_Tone.c **** 	
 101:Generated_Source\PSoC5/Col_Tone.c **** 	/* set the initial value */
 102:Generated_Source\PSoC5/Col_Tone.c **** 	Col_Tone_SetValue(0u);
 237              		.loc 1 102 0
 238 0020 0020     		movs	r0, #0
 239 0022 FFF7FEFF 		bl	Col_Tone_VDAC8_SetValue
 103:Generated_Source\PSoC5/Col_Tone.c **** 	
ARM GAS  C:\Users\LUISAL~1\AppData\Local\Temp\cc5eoSMg.s 			page 7


 104:Generated_Source\PSoC5/Col_Tone.c **** 	#if(Col_Tone_CLOCK_SRC == Col_Tone_CLOCK_INT)  	
 105:Generated_Source\PSoC5/Col_Tone.c **** 	   Col_Tone_DacClk_Start();
 106:Generated_Source\PSoC5/Col_Tone.c **** 	#endif /* Col_Tone_CLOCK_SRC == Col_Tone_CLOCK_INT */
 107:Generated_Source\PSoC5/Col_Tone.c **** }
 240              		.loc 1 107 0
 241 0026 00BF     		nop
 242 0028 80BD     		pop	{r7, pc}
 243              	.L6:
 244 002a 00BF     		.align	2
 245              	.L5:
 246 002c 01000000 		.word	Col_Tone_Wave1Chan
 247 0030 02000000 		.word	Col_Tone_Wave2Chan
 248              		.cfi_endproc
 249              	.LFE1:
 250              		.size	Col_Tone_Enable, .-Col_Tone_Enable
 251              		.section	.text.Col_Tone_Start,"ax",%progbits
 252              		.align	2
 253              		.global	Col_Tone_Start
 254              		.thumb
 255              		.thumb_func
 256              		.type	Col_Tone_Start, %function
 257              	Col_Tone_Start:
 258              	.LFB2:
 108:Generated_Source\PSoC5/Col_Tone.c **** 
 109:Generated_Source\PSoC5/Col_Tone.c **** 
 110:Generated_Source\PSoC5/Col_Tone.c **** /*******************************************************************************
 111:Generated_Source\PSoC5/Col_Tone.c **** * Function Name: Col_Tone_Start
 112:Generated_Source\PSoC5/Col_Tone.c **** ********************************************************************************
 113:Generated_Source\PSoC5/Col_Tone.c **** *
 114:Generated_Source\PSoC5/Col_Tone.c **** * Summary:
 115:Generated_Source\PSoC5/Col_Tone.c **** *  The start function initializes the voltage DAC with the default values, 
 116:Generated_Source\PSoC5/Col_Tone.c **** *  and sets the power to the given level.  A power level of 0, is the same as 
 117:Generated_Source\PSoC5/Col_Tone.c **** *  executing the stop function.
 118:Generated_Source\PSoC5/Col_Tone.c **** *
 119:Generated_Source\PSoC5/Col_Tone.c **** * Parameters:  
 120:Generated_Source\PSoC5/Col_Tone.c **** *  None
 121:Generated_Source\PSoC5/Col_Tone.c **** *
 122:Generated_Source\PSoC5/Col_Tone.c **** * Return: 
 123:Generated_Source\PSoC5/Col_Tone.c **** *  None
 124:Generated_Source\PSoC5/Col_Tone.c **** *
 125:Generated_Source\PSoC5/Col_Tone.c **** * Reentrant:
 126:Generated_Source\PSoC5/Col_Tone.c **** *  No
 127:Generated_Source\PSoC5/Col_Tone.c **** *
 128:Generated_Source\PSoC5/Col_Tone.c **** *******************************************************************************/
 129:Generated_Source\PSoC5/Col_Tone.c **** void Col_Tone_Start(void) 
 130:Generated_Source\PSoC5/Col_Tone.c **** {
 259              		.loc 1 130 0
 260              		.cfi_startproc
 261              		@ args = 0, pretend = 0, frame = 0
 262              		@ frame_needed = 1, uses_anonymous_args = 0
 263 0000 80B5     		push	{r7, lr}
 264              		.cfi_def_cfa_offset 8
 265              		.cfi_offset 7, -8
 266              		.cfi_offset 14, -4
 267 0002 00AF     		add	r7, sp, #0
 268              		.cfi_def_cfa_register 7
 131:Generated_Source\PSoC5/Col_Tone.c **** 	/* If not Initialized then initialize all required hardware and software */
ARM GAS  C:\Users\LUISAL~1\AppData\Local\Temp\cc5eoSMg.s 			page 8


 132:Generated_Source\PSoC5/Col_Tone.c **** 	if(Col_Tone_initVar == 0u)
 269              		.loc 1 132 0
 270 0004 064B     		ldr	r3, .L9
 271 0006 1B78     		ldrb	r3, [r3]	@ zero_extendqisi2
 272 0008 002B     		cmp	r3, #0
 273 000a 04D1     		bne	.L8
 133:Generated_Source\PSoC5/Col_Tone.c **** 	{
 134:Generated_Source\PSoC5/Col_Tone.c **** 		Col_Tone_Init();
 274              		.loc 1 134 0
 275 000c FFF7FEFF 		bl	Col_Tone_Init
 135:Generated_Source\PSoC5/Col_Tone.c **** 		Col_Tone_initVar = 1u;
 276              		.loc 1 135 0
 277 0010 034B     		ldr	r3, .L9
 278 0012 0122     		movs	r2, #1
 279 0014 1A70     		strb	r2, [r3]
 280              	.L8:
 136:Generated_Source\PSoC5/Col_Tone.c **** 	}
 137:Generated_Source\PSoC5/Col_Tone.c **** 	
 138:Generated_Source\PSoC5/Col_Tone.c **** 	Col_Tone_Enable();
 281              		.loc 1 138 0
 282 0016 FFF7FEFF 		bl	Col_Tone_Enable
 139:Generated_Source\PSoC5/Col_Tone.c **** }
 283              		.loc 1 139 0
 284 001a 00BF     		nop
 285 001c 80BD     		pop	{r7, pc}
 286              	.L10:
 287 001e 00BF     		.align	2
 288              	.L9:
 289 0020 00000000 		.word	Col_Tone_initVar
 290              		.cfi_endproc
 291              	.LFE2:
 292              		.size	Col_Tone_Start, .-Col_Tone_Start
 293              		.section	.text.Col_Tone_StartEx,"ax",%progbits
 294              		.align	2
 295              		.global	Col_Tone_StartEx
 296              		.thumb
 297              		.thumb_func
 298              		.type	Col_Tone_StartEx, %function
 299              	Col_Tone_StartEx:
 300              	.LFB3:
 140:Generated_Source\PSoC5/Col_Tone.c **** 
 141:Generated_Source\PSoC5/Col_Tone.c **** 
 142:Generated_Source\PSoC5/Col_Tone.c **** /*******************************************************************************
 143:Generated_Source\PSoC5/Col_Tone.c **** * Function Name: Col_Tone_StartEx
 144:Generated_Source\PSoC5/Col_Tone.c **** ********************************************************************************
 145:Generated_Source\PSoC5/Col_Tone.c **** *
 146:Generated_Source\PSoC5/Col_Tone.c **** * Summary:
 147:Generated_Source\PSoC5/Col_Tone.c **** *  The StartEx function sets pointers and sizes for both waveforms
 148:Generated_Source\PSoC5/Col_Tone.c **** *  and then starts the component.
 149:Generated_Source\PSoC5/Col_Tone.c **** *
 150:Generated_Source\PSoC5/Col_Tone.c **** * Parameters:  
 151:Generated_Source\PSoC5/Col_Tone.c **** *   uint8 * wavePtr1:     Pointer to the waveform 1 array.
 152:Generated_Source\PSoC5/Col_Tone.c **** *   uint16  sampleSize1:  The amount of samples in the waveform 1.
 153:Generated_Source\PSoC5/Col_Tone.c **** *   uint8 * wavePtr2:     Pointer to the waveform 2 array.
 154:Generated_Source\PSoC5/Col_Tone.c **** *   uint16  sampleSize2:  The amount of samples in the waveform 2.
 155:Generated_Source\PSoC5/Col_Tone.c **** *
 156:Generated_Source\PSoC5/Col_Tone.c **** * Return: 
ARM GAS  C:\Users\LUISAL~1\AppData\Local\Temp\cc5eoSMg.s 			page 9


 157:Generated_Source\PSoC5/Col_Tone.c **** *  None
 158:Generated_Source\PSoC5/Col_Tone.c **** *
 159:Generated_Source\PSoC5/Col_Tone.c **** * Reentrant:
 160:Generated_Source\PSoC5/Col_Tone.c **** *  No
 161:Generated_Source\PSoC5/Col_Tone.c **** *
 162:Generated_Source\PSoC5/Col_Tone.c **** *******************************************************************************/
 163:Generated_Source\PSoC5/Col_Tone.c **** void Col_Tone_StartEx(const uint8 * wavePtr1, uint16 sampleSize1, const uint8 * wavePtr2, uint16 sa
 164:Generated_Source\PSoC5/Col_Tone.c **** 
 165:Generated_Source\PSoC5/Col_Tone.c **** {
 301              		.loc 1 165 0
 302              		.cfi_startproc
 303              		@ args = 0, pretend = 0, frame = 16
 304              		@ frame_needed = 1, uses_anonymous_args = 0
 305 0000 80B5     		push	{r7, lr}
 306              		.cfi_def_cfa_offset 8
 307              		.cfi_offset 7, -8
 308              		.cfi_offset 14, -4
 309 0002 84B0     		sub	sp, sp, #16
 310              		.cfi_def_cfa_offset 24
 311 0004 00AF     		add	r7, sp, #0
 312              		.cfi_def_cfa_register 7
 313 0006 F860     		str	r0, [r7, #12]
 314 0008 7A60     		str	r2, [r7, #4]
 315 000a 1A46     		mov	r2, r3
 316 000c 0B46     		mov	r3, r1	@ movhi
 317 000e 7B81     		strh	r3, [r7, #10]	@ movhi
 318 0010 1346     		mov	r3, r2	@ movhi
 319 0012 3B81     		strh	r3, [r7, #8]	@ movhi
 166:Generated_Source\PSoC5/Col_Tone.c **** 	Col_Tone_Wave1Setup(wavePtr1, sampleSize1);
 320              		.loc 1 166 0
 321 0014 7B89     		ldrh	r3, [r7, #10]
 322 0016 1946     		mov	r1, r3
 323 0018 F868     		ldr	r0, [r7, #12]
 324 001a FFF7FEFF 		bl	Col_Tone_Wave1Setup
 167:Generated_Source\PSoC5/Col_Tone.c **** 	Col_Tone_Wave2Setup(wavePtr2, sampleSize2);
 325              		.loc 1 167 0
 326 001e 3B89     		ldrh	r3, [r7, #8]
 327 0020 1946     		mov	r1, r3
 328 0022 7868     		ldr	r0, [r7, #4]
 329 0024 FFF7FEFF 		bl	Col_Tone_Wave2Setup
 168:Generated_Source\PSoC5/Col_Tone.c **** 	Col_Tone_Start();
 330              		.loc 1 168 0
 331 0028 FFF7FEFF 		bl	Col_Tone_Start
 169:Generated_Source\PSoC5/Col_Tone.c **** }
 332              		.loc 1 169 0
 333 002c 00BF     		nop
 334 002e 1037     		adds	r7, r7, #16
 335              		.cfi_def_cfa_offset 8
 336 0030 BD46     		mov	sp, r7
 337              		.cfi_def_cfa_register 13
 338              		@ sp needed
 339 0032 80BD     		pop	{r7, pc}
 340              		.cfi_endproc
 341              	.LFE3:
 342              		.size	Col_Tone_StartEx, .-Col_Tone_StartEx
 343              		.section	.text.Col_Tone_Stop,"ax",%progbits
 344              		.align	2
ARM GAS  C:\Users\LUISAL~1\AppData\Local\Temp\cc5eoSMg.s 			page 10


 345              		.global	Col_Tone_Stop
 346              		.thumb
 347              		.thumb_func
 348              		.type	Col_Tone_Stop, %function
 349              	Col_Tone_Stop:
 350              	.LFB4:
 170:Generated_Source\PSoC5/Col_Tone.c **** 
 171:Generated_Source\PSoC5/Col_Tone.c **** 
 172:Generated_Source\PSoC5/Col_Tone.c **** /*******************************************************************************
 173:Generated_Source\PSoC5/Col_Tone.c **** * Function Name: Col_Tone_Stop
 174:Generated_Source\PSoC5/Col_Tone.c **** ********************************************************************************
 175:Generated_Source\PSoC5/Col_Tone.c **** *
 176:Generated_Source\PSoC5/Col_Tone.c **** * Summary:
 177:Generated_Source\PSoC5/Col_Tone.c **** *  Stops the clock (if internal), disables the DMA channels
 178:Generated_Source\PSoC5/Col_Tone.c **** *  and powers down the DAC.
 179:Generated_Source\PSoC5/Col_Tone.c **** *
 180:Generated_Source\PSoC5/Col_Tone.c **** * Parameters:  
 181:Generated_Source\PSoC5/Col_Tone.c **** *  None  
 182:Generated_Source\PSoC5/Col_Tone.c **** *
 183:Generated_Source\PSoC5/Col_Tone.c **** * Return: 
 184:Generated_Source\PSoC5/Col_Tone.c **** *  None
 185:Generated_Source\PSoC5/Col_Tone.c **** *
 186:Generated_Source\PSoC5/Col_Tone.c **** *******************************************************************************/
 187:Generated_Source\PSoC5/Col_Tone.c **** void Col_Tone_Stop(void) 
 188:Generated_Source\PSoC5/Col_Tone.c **** {
 351              		.loc 1 188 0
 352              		.cfi_startproc
 353              		@ args = 0, pretend = 0, frame = 0
 354              		@ frame_needed = 1, uses_anonymous_args = 0
 355 0000 80B5     		push	{r7, lr}
 356              		.cfi_def_cfa_offset 8
 357              		.cfi_offset 7, -8
 358              		.cfi_offset 14, -4
 359 0002 00AF     		add	r7, sp, #0
 360              		.cfi_def_cfa_register 7
 189:Generated_Source\PSoC5/Col_Tone.c **** 	/* Turn off internal clock, if one present */
 190:Generated_Source\PSoC5/Col_Tone.c **** 	#if(Col_Tone_CLOCK_SRC == Col_Tone_CLOCK_INT)  	
 191:Generated_Source\PSoC5/Col_Tone.c **** 	   Col_Tone_DacClk_Stop();
 192:Generated_Source\PSoC5/Col_Tone.c **** 	#endif /* Col_Tone_CLOCK_SRC == Col_Tone_CLOCK_INT */
 193:Generated_Source\PSoC5/Col_Tone.c **** 	
 194:Generated_Source\PSoC5/Col_Tone.c **** 	/* Disble DMA channels */
 195:Generated_Source\PSoC5/Col_Tone.c **** 	(void)CyDmaChDisable(Col_Tone_Wave1Chan);
 361              		.loc 1 195 0
 362 0004 064B     		ldr	r3, .L13
 363 0006 1B78     		ldrb	r3, [r3]	@ zero_extendqisi2
 364 0008 1846     		mov	r0, r3
 365 000a FFF7FEFF 		bl	CyDmaChDisable
 196:Generated_Source\PSoC5/Col_Tone.c **** 	(void)CyDmaChDisable(Col_Tone_Wave2Chan);
 366              		.loc 1 196 0
 367 000e 054B     		ldr	r3, .L13+4
 368 0010 1B78     		ldrb	r3, [r3]	@ zero_extendqisi2
 369 0012 1846     		mov	r0, r3
 370 0014 FFF7FEFF 		bl	CyDmaChDisable
 197:Generated_Source\PSoC5/Col_Tone.c **** 
 198:Generated_Source\PSoC5/Col_Tone.c **** 	/* Disable power to DAC */
 199:Generated_Source\PSoC5/Col_Tone.c **** 	Col_Tone_VDAC8_Stop();
 371              		.loc 1 199 0
ARM GAS  C:\Users\LUISAL~1\AppData\Local\Temp\cc5eoSMg.s 			page 11


 372 0018 FFF7FEFF 		bl	Col_Tone_VDAC8_Stop
 200:Generated_Source\PSoC5/Col_Tone.c **** }
 373              		.loc 1 200 0
 374 001c 00BF     		nop
 375 001e 80BD     		pop	{r7, pc}
 376              	.L14:
 377              		.align	2
 378              	.L13:
 379 0020 01000000 		.word	Col_Tone_Wave1Chan
 380 0024 02000000 		.word	Col_Tone_Wave2Chan
 381              		.cfi_endproc
 382              	.LFE4:
 383              		.size	Col_Tone_Stop, .-Col_Tone_Stop
 384              		.section	.text.Col_Tone_Wave1Setup,"ax",%progbits
 385              		.align	2
 386              		.global	Col_Tone_Wave1Setup
 387              		.thumb
 388              		.thumb_func
 389              		.type	Col_Tone_Wave1Setup, %function
 390              	Col_Tone_Wave1Setup:
 391              	.LFB5:
 201:Generated_Source\PSoC5/Col_Tone.c **** 
 202:Generated_Source\PSoC5/Col_Tone.c **** 
 203:Generated_Source\PSoC5/Col_Tone.c **** /*******************************************************************************
 204:Generated_Source\PSoC5/Col_Tone.c **** * Function Name: Col_Tone_Wave1Setup
 205:Generated_Source\PSoC5/Col_Tone.c **** ********************************************************************************
 206:Generated_Source\PSoC5/Col_Tone.c **** *
 207:Generated_Source\PSoC5/Col_Tone.c **** * Summary:
 208:Generated_Source\PSoC5/Col_Tone.c **** *  Sets pointer and size for waveform 1.                                    
 209:Generated_Source\PSoC5/Col_Tone.c **** *
 210:Generated_Source\PSoC5/Col_Tone.c **** * Parameters:  
 211:Generated_Source\PSoC5/Col_Tone.c **** *  uint8 * WavePtr:     Pointer to the waveform array.
 212:Generated_Source\PSoC5/Col_Tone.c **** *  uint16  SampleSize:  The amount of samples in the waveform.
 213:Generated_Source\PSoC5/Col_Tone.c **** *
 214:Generated_Source\PSoC5/Col_Tone.c **** * Return: 
 215:Generated_Source\PSoC5/Col_Tone.c **** *  None 
 216:Generated_Source\PSoC5/Col_Tone.c **** *
 217:Generated_Source\PSoC5/Col_Tone.c **** *******************************************************************************/
 218:Generated_Source\PSoC5/Col_Tone.c **** void Col_Tone_Wave1Setup(const uint8 * wavePtr, uint16 sampleSize)
 219:Generated_Source\PSoC5/Col_Tone.c **** 
 220:Generated_Source\PSoC5/Col_Tone.c **** {
 392              		.loc 1 220 0
 393              		.cfi_startproc
 394              		@ args = 0, pretend = 0, frame = 8
 395              		@ frame_needed = 1, uses_anonymous_args = 0
 396 0000 80B5     		push	{r7, lr}
 397              		.cfi_def_cfa_offset 8
 398              		.cfi_offset 7, -8
 399              		.cfi_offset 14, -4
 400 0002 82B0     		sub	sp, sp, #8
 401              		.cfi_def_cfa_offset 16
 402 0004 00AF     		add	r7, sp, #0
 403              		.cfi_def_cfa_register 7
 404 0006 7860     		str	r0, [r7, #4]
 405 0008 0B46     		mov	r3, r1
 406 000a 7B80     		strh	r3, [r7, #2]	@ movhi
 221:Generated_Source\PSoC5/Col_Tone.c **** 	#if (CY_PSOC3)
ARM GAS  C:\Users\LUISAL~1\AppData\Local\Temp\cc5eoSMg.s 			page 12


 222:Generated_Source\PSoC5/Col_Tone.c **** 		uint16 memoryType; /* determining the source memory type */
 223:Generated_Source\PSoC5/Col_Tone.c **** 		memoryType = (Col_Tone_HI16FLASHPTR == HI16(wavePtr)) ? HI16(CYDEV_FLS_BASE) : HI16(CYDEV_SRAM_BA
 224:Generated_Source\PSoC5/Col_Tone.c **** 		
 225:Generated_Source\PSoC5/Col_Tone.c **** 		Col_Tone_Wave1Chan = Col_Tone_Wave1_DMA_DmaInitialize(
 226:Generated_Source\PSoC5/Col_Tone.c **** 		Col_Tone_Wave1_DMA_BYTES_PER_BURST, Col_Tone_Wave1_DMA_REQUEST_PER_BURST,
 227:Generated_Source\PSoC5/Col_Tone.c **** 		memoryType, HI16(CYDEV_PERIPH_BASE));
 228:Generated_Source\PSoC5/Col_Tone.c **** 	#else /* PSoC 5 */
 229:Generated_Source\PSoC5/Col_Tone.c **** 		Col_Tone_Wave1Chan = Col_Tone_Wave1_DMA_DmaInitialize(
 230:Generated_Source\PSoC5/Col_Tone.c **** 		Col_Tone_Wave1_DMA_BYTES_PER_BURST, Col_Tone_Wave1_DMA_REQUEST_PER_BURST,
 231:Generated_Source\PSoC5/Col_Tone.c **** 		HI16(wavePtr), HI16(Col_Tone_DAC8__D));
 407              		.loc 1 231 0
 408 000c 7B68     		ldr	r3, [r7, #4]
 409 000e 1B0C     		lsrs	r3, r3, #16
 229:Generated_Source\PSoC5/Col_Tone.c **** 		Col_Tone_Wave1_DMA_BYTES_PER_BURST, Col_Tone_Wave1_DMA_REQUEST_PER_BURST,
 410              		.loc 1 229 0
 411 0010 9AB2     		uxth	r2, r3
 412 0012 4FF48043 		mov	r3, #16384
 413 0016 0121     		movs	r1, #1
 414 0018 0120     		movs	r0, #1
 415 001a FFF7FEFF 		bl	Col_Tone_Wave1_DMA_DmaInitialize
 416 001e 0346     		mov	r3, r0
 417 0020 1A46     		mov	r2, r3
 418 0022 0F4B     		ldr	r3, .L16
 419 0024 1A70     		strb	r2, [r3]
 232:Generated_Source\PSoC5/Col_Tone.c **** 	#endif /* CY_PSOC3 */
 233:Generated_Source\PSoC5/Col_Tone.c **** 	
 234:Generated_Source\PSoC5/Col_Tone.c **** 	/*
 235:Generated_Source\PSoC5/Col_Tone.c **** 	* TD is looping on itself. 
 236:Generated_Source\PSoC5/Col_Tone.c ****     * Increment the source address, but not the destination address. 
 237:Generated_Source\PSoC5/Col_Tone.c **** 	*/
 238:Generated_Source\PSoC5/Col_Tone.c **** 	(void)CyDmaTdSetConfiguration(Col_Tone_Wave1TD, sampleSize, Col_Tone_Wave1TD, 
 420              		.loc 1 238 0
 421 0026 0F4B     		ldr	r3, .L16+4
 422 0028 1878     		ldrb	r0, [r3]	@ zero_extendqisi2
 423 002a 0E4B     		ldr	r3, .L16+4
 424 002c 1A78     		ldrb	r2, [r3]	@ zero_extendqisi2
 425 002e 7988     		ldrh	r1, [r7, #2]
 426 0030 0123     		movs	r3, #1
 427 0032 FFF7FEFF 		bl	CyDmaTdSetConfiguration
 239:Generated_Source\PSoC5/Col_Tone.c ****                                     (uint8)CY_DMA_TD_INC_SRC_ADR | (uint8)Col_Tone_Wave1_DMA__TD_TE
 240:Generated_Source\PSoC5/Col_Tone.c **** 	
 241:Generated_Source\PSoC5/Col_Tone.c **** 	/* Set the TD source and destination address */
 242:Generated_Source\PSoC5/Col_Tone.c **** 	(void)CyDmaTdSetAddress(Col_Tone_Wave1TD, LO16((uint32)wavePtr), LO16(Col_Tone_DAC8__D));
 428              		.loc 1 242 0
 429 0036 0B4B     		ldr	r3, .L16+4
 430 0038 1B78     		ldrb	r3, [r3]	@ zero_extendqisi2
 431 003a 7A68     		ldr	r2, [r7, #4]
 432 003c 91B2     		uxth	r1, r2
 433 003e 45F68232 		movw	r2, #23426
 434 0042 1846     		mov	r0, r3
 435 0044 FFF7FEFF 		bl	CyDmaTdSetAddress
 243:Generated_Source\PSoC5/Col_Tone.c **** 	
 244:Generated_Source\PSoC5/Col_Tone.c **** 	/* Associate the TD with the channel */
 245:Generated_Source\PSoC5/Col_Tone.c **** 	(void)CyDmaChSetInitialTd(Col_Tone_Wave1Chan, Col_Tone_Wave1TD);
 436              		.loc 1 245 0
 437 0048 054B     		ldr	r3, .L16
 438 004a 1A78     		ldrb	r2, [r3]	@ zero_extendqisi2
ARM GAS  C:\Users\LUISAL~1\AppData\Local\Temp\cc5eoSMg.s 			page 13


 439 004c 054B     		ldr	r3, .L16+4
 440 004e 1B78     		ldrb	r3, [r3]	@ zero_extendqisi2
 441 0050 1946     		mov	r1, r3
 442 0052 1046     		mov	r0, r2
 443 0054 FFF7FEFF 		bl	CyDmaChSetInitialTd
 246:Generated_Source\PSoC5/Col_Tone.c **** }
 444              		.loc 1 246 0
 445 0058 00BF     		nop
 446 005a 0837     		adds	r7, r7, #8
 447              		.cfi_def_cfa_offset 8
 448 005c BD46     		mov	sp, r7
 449              		.cfi_def_cfa_register 13
 450              		@ sp needed
 451 005e 80BD     		pop	{r7, pc}
 452              	.L17:
 453              		.align	2
 454              	.L16:
 455 0060 01000000 		.word	Col_Tone_Wave1Chan
 456 0064 03000000 		.word	Col_Tone_Wave1TD
 457              		.cfi_endproc
 458              	.LFE5:
 459              		.size	Col_Tone_Wave1Setup, .-Col_Tone_Wave1Setup
 460              		.section	.text.Col_Tone_Wave2Setup,"ax",%progbits
 461              		.align	2
 462              		.global	Col_Tone_Wave2Setup
 463              		.thumb
 464              		.thumb_func
 465              		.type	Col_Tone_Wave2Setup, %function
 466              	Col_Tone_Wave2Setup:
 467              	.LFB6:
 247:Generated_Source\PSoC5/Col_Tone.c **** 
 248:Generated_Source\PSoC5/Col_Tone.c **** 
 249:Generated_Source\PSoC5/Col_Tone.c **** /*******************************************************************************
 250:Generated_Source\PSoC5/Col_Tone.c **** * Function Name: Col_Tone_Wave2Setup
 251:Generated_Source\PSoC5/Col_Tone.c **** ********************************************************************************
 252:Generated_Source\PSoC5/Col_Tone.c **** *
 253:Generated_Source\PSoC5/Col_Tone.c **** * Summary:
 254:Generated_Source\PSoC5/Col_Tone.c **** *  Sets pointer and size for waveform 2.                                    
 255:Generated_Source\PSoC5/Col_Tone.c **** *
 256:Generated_Source\PSoC5/Col_Tone.c **** * Parameters:  
 257:Generated_Source\PSoC5/Col_Tone.c **** *  uint8 * WavePtr:     Pointer to the waveform array.
 258:Generated_Source\PSoC5/Col_Tone.c **** *  uint16  SampleSize:  The amount of samples in the waveform.
 259:Generated_Source\PSoC5/Col_Tone.c **** *
 260:Generated_Source\PSoC5/Col_Tone.c **** * Return: 
 261:Generated_Source\PSoC5/Col_Tone.c **** *  None
 262:Generated_Source\PSoC5/Col_Tone.c **** *
 263:Generated_Source\PSoC5/Col_Tone.c **** *******************************************************************************/
 264:Generated_Source\PSoC5/Col_Tone.c **** void Col_Tone_Wave2Setup(const uint8 * wavePtr, uint16 sampleSize)
 265:Generated_Source\PSoC5/Col_Tone.c ****  
 266:Generated_Source\PSoC5/Col_Tone.c **** {
 468              		.loc 1 266 0
 469              		.cfi_startproc
 470              		@ args = 0, pretend = 0, frame = 8
 471              		@ frame_needed = 1, uses_anonymous_args = 0
 472 0000 80B5     		push	{r7, lr}
 473              		.cfi_def_cfa_offset 8
 474              		.cfi_offset 7, -8
ARM GAS  C:\Users\LUISAL~1\AppData\Local\Temp\cc5eoSMg.s 			page 14


 475              		.cfi_offset 14, -4
 476 0002 82B0     		sub	sp, sp, #8
 477              		.cfi_def_cfa_offset 16
 478 0004 00AF     		add	r7, sp, #0
 479              		.cfi_def_cfa_register 7
 480 0006 7860     		str	r0, [r7, #4]
 481 0008 0B46     		mov	r3, r1
 482 000a 7B80     		strh	r3, [r7, #2]	@ movhi
 267:Generated_Source\PSoC5/Col_Tone.c **** 	#if (CY_PSOC3)
 268:Generated_Source\PSoC5/Col_Tone.c **** 		uint16 memoryType; /* determining the source memory type */
 269:Generated_Source\PSoC5/Col_Tone.c **** 		memoryType = (Col_Tone_HI16FLASHPTR == HI16(wavePtr)) ? HI16(CYDEV_FLS_BASE) : HI16(CYDEV_SRAM_BA
 270:Generated_Source\PSoC5/Col_Tone.c **** 			
 271:Generated_Source\PSoC5/Col_Tone.c **** 		Col_Tone_Wave2Chan = Col_Tone_Wave2_DMA_DmaInitialize(
 272:Generated_Source\PSoC5/Col_Tone.c **** 		Col_Tone_Wave2_DMA_BYTES_PER_BURST, Col_Tone_Wave2_DMA_REQUEST_PER_BURST,
 273:Generated_Source\PSoC5/Col_Tone.c **** 		memoryType, HI16(CYDEV_PERIPH_BASE));
 274:Generated_Source\PSoC5/Col_Tone.c **** 	#else /* PSoC 5 */
 275:Generated_Source\PSoC5/Col_Tone.c **** 		Col_Tone_Wave2Chan = Col_Tone_Wave2_DMA_DmaInitialize(
 276:Generated_Source\PSoC5/Col_Tone.c **** 		Col_Tone_Wave2_DMA_BYTES_PER_BURST, Col_Tone_Wave2_DMA_REQUEST_PER_BURST,
 277:Generated_Source\PSoC5/Col_Tone.c **** 		HI16(wavePtr), HI16(Col_Tone_DAC8__D));
 483              		.loc 1 277 0
 484 000c 7B68     		ldr	r3, [r7, #4]
 485 000e 1B0C     		lsrs	r3, r3, #16
 275:Generated_Source\PSoC5/Col_Tone.c **** 		Col_Tone_Wave2_DMA_BYTES_PER_BURST, Col_Tone_Wave2_DMA_REQUEST_PER_BURST,
 486              		.loc 1 275 0
 487 0010 9AB2     		uxth	r2, r3
 488 0012 4FF48043 		mov	r3, #16384
 489 0016 0121     		movs	r1, #1
 490 0018 0120     		movs	r0, #1
 491 001a FFF7FEFF 		bl	Col_Tone_Wave2_DMA_DmaInitialize
 492 001e 0346     		mov	r3, r0
 493 0020 1A46     		mov	r2, r3
 494 0022 0F4B     		ldr	r3, .L19
 495 0024 1A70     		strb	r2, [r3]
 278:Generated_Source\PSoC5/Col_Tone.c **** 	#endif /* CY_PSOC3 */
 279:Generated_Source\PSoC5/Col_Tone.c **** 	
 280:Generated_Source\PSoC5/Col_Tone.c **** 	/*
 281:Generated_Source\PSoC5/Col_Tone.c **** 	* TD is looping on itself. 
 282:Generated_Source\PSoC5/Col_Tone.c **** 	* Increment the source address, but not the destination address. 
 283:Generated_Source\PSoC5/Col_Tone.c **** 	*/
 284:Generated_Source\PSoC5/Col_Tone.c **** 	(void)CyDmaTdSetConfiguration(Col_Tone_Wave2TD, sampleSize, Col_Tone_Wave2TD, 
 496              		.loc 1 284 0
 497 0026 0F4B     		ldr	r3, .L19+4
 498 0028 1878     		ldrb	r0, [r3]	@ zero_extendqisi2
 499 002a 0E4B     		ldr	r3, .L19+4
 500 002c 1A78     		ldrb	r2, [r3]	@ zero_extendqisi2
 501 002e 7988     		ldrh	r1, [r7, #2]
 502 0030 0123     		movs	r3, #1
 503 0032 FFF7FEFF 		bl	CyDmaTdSetConfiguration
 285:Generated_Source\PSoC5/Col_Tone.c ****                                     (uint8)CY_DMA_TD_INC_SRC_ADR | (uint8)Col_Tone_Wave2_DMA__TD_TE
 286:Generated_Source\PSoC5/Col_Tone.c **** 	
 287:Generated_Source\PSoC5/Col_Tone.c **** 	/* Set the TD source and destination address */
 288:Generated_Source\PSoC5/Col_Tone.c **** 	(void)CyDmaTdSetAddress(Col_Tone_Wave2TD, LO16((uint32)wavePtr), LO16(Col_Tone_DAC8__D));
 504              		.loc 1 288 0
 505 0036 0B4B     		ldr	r3, .L19+4
 506 0038 1B78     		ldrb	r3, [r3]	@ zero_extendqisi2
 507 003a 7A68     		ldr	r2, [r7, #4]
 508 003c 91B2     		uxth	r1, r2
ARM GAS  C:\Users\LUISAL~1\AppData\Local\Temp\cc5eoSMg.s 			page 15


 509 003e 45F68232 		movw	r2, #23426
 510 0042 1846     		mov	r0, r3
 511 0044 FFF7FEFF 		bl	CyDmaTdSetAddress
 289:Generated_Source\PSoC5/Col_Tone.c **** 	
 290:Generated_Source\PSoC5/Col_Tone.c **** 	/* Associate the TD with the channel */
 291:Generated_Source\PSoC5/Col_Tone.c **** 	(void)CyDmaChSetInitialTd(Col_Tone_Wave2Chan, Col_Tone_Wave2TD);
 512              		.loc 1 291 0
 513 0048 054B     		ldr	r3, .L19
 514 004a 1A78     		ldrb	r2, [r3]	@ zero_extendqisi2
 515 004c 054B     		ldr	r3, .L19+4
 516 004e 1B78     		ldrb	r3, [r3]	@ zero_extendqisi2
 517 0050 1946     		mov	r1, r3
 518 0052 1046     		mov	r0, r2
 519 0054 FFF7FEFF 		bl	CyDmaChSetInitialTd
 292:Generated_Source\PSoC5/Col_Tone.c **** }
 520              		.loc 1 292 0
 521 0058 00BF     		nop
 522 005a 0837     		adds	r7, r7, #8
 523              		.cfi_def_cfa_offset 8
 524 005c BD46     		mov	sp, r7
 525              		.cfi_def_cfa_register 13
 526              		@ sp needed
 527 005e 80BD     		pop	{r7, pc}
 528              	.L20:
 529              		.align	2
 530              	.L19:
 531 0060 02000000 		.word	Col_Tone_Wave2Chan
 532 0064 04000000 		.word	Col_Tone_Wave2TD
 533              		.cfi_endproc
 534              	.LFE6:
 535              		.size	Col_Tone_Wave2Setup, .-Col_Tone_Wave2Setup
 536              		.text
 537              	.Letext0:
 538              		.file 2 "Generated_Source\\PSoC5\\cytypes.h"
 539              		.section	.debug_info,"",%progbits
 540              	.Ldebug_info0:
 541 0000 44020000 		.4byte	0x244
 542 0004 0400     		.2byte	0x4
 543 0006 00000000 		.4byte	.Ldebug_abbrev0
 544 000a 04       		.byte	0x4
 545 000b 01       		.uleb128 0x1
 546 000c 0E000000 		.4byte	.LASF37
 547 0010 0C       		.byte	0xc
 548 0011 3E020000 		.4byte	.LASF38
 549 0015 D8000000 		.4byte	.LASF39
 550 0019 00000000 		.4byte	.Ldebug_ranges0+0
 551 001d 00000000 		.4byte	0
 552 0021 00000000 		.4byte	.Ldebug_line0
 553 0025 02       		.uleb128 0x2
 554 0026 01       		.byte	0x1
 555 0027 06       		.byte	0x6
 556 0028 D8020000 		.4byte	.LASF0
 557 002c 02       		.uleb128 0x2
 558 002d 01       		.byte	0x1
 559 002e 08       		.byte	0x8
 560 002f 9A010000 		.4byte	.LASF1
 561 0033 02       		.uleb128 0x2
ARM GAS  C:\Users\LUISAL~1\AppData\Local\Temp\cc5eoSMg.s 			page 16


 562 0034 02       		.byte	0x2
 563 0035 05       		.byte	0x5
 564 0036 97020000 		.4byte	.LASF2
 565 003a 02       		.uleb128 0x2
 566 003b 02       		.byte	0x2
 567 003c 07       		.byte	0x7
 568 003d 9C000000 		.4byte	.LASF3
 569 0041 02       		.uleb128 0x2
 570 0042 04       		.byte	0x4
 571 0043 05       		.byte	0x5
 572 0044 B2020000 		.4byte	.LASF4
 573 0048 02       		.uleb128 0x2
 574 0049 04       		.byte	0x4
 575 004a 07       		.byte	0x7
 576 004b 53010000 		.4byte	.LASF5
 577 004f 02       		.uleb128 0x2
 578 0050 08       		.byte	0x8
 579 0051 05       		.byte	0x5
 580 0052 30020000 		.4byte	.LASF6
 581 0056 02       		.uleb128 0x2
 582 0057 08       		.byte	0x8
 583 0058 07       		.byte	0x7
 584 0059 D8010000 		.4byte	.LASF7
 585 005d 03       		.uleb128 0x3
 586 005e 04       		.byte	0x4
 587 005f 05       		.byte	0x5
 588 0060 696E7400 		.ascii	"int\000"
 589 0064 02       		.uleb128 0x2
 590 0065 04       		.byte	0x4
 591 0066 07       		.byte	0x7
 592 0067 CB010000 		.4byte	.LASF8
 593 006b 04       		.uleb128 0x4
 594 006c 74010000 		.4byte	.LASF9
 595 0070 02       		.byte	0x2
 596 0071 9201     		.2byte	0x192
 597 0073 2C000000 		.4byte	0x2c
 598 0077 04       		.uleb128 0x4
 599 0078 BD010000 		.4byte	.LASF10
 600 007c 02       		.byte	0x2
 601 007d 9301     		.2byte	0x193
 602 007f 3A000000 		.4byte	0x3a
 603 0083 04       		.uleb128 0x4
 604 0084 C4010000 		.4byte	.LASF11
 605 0088 02       		.byte	0x2
 606 0089 9401     		.2byte	0x194
 607 008b 48000000 		.4byte	0x48
 608 008f 02       		.uleb128 0x2
 609 0090 04       		.byte	0x4
 610 0091 04       		.byte	0x4
 611 0092 D2000000 		.4byte	.LASF12
 612 0096 02       		.uleb128 0x2
 613 0097 08       		.byte	0x8
 614 0098 04       		.byte	0x4
 615 0099 B6010000 		.4byte	.LASF13
 616 009d 02       		.uleb128 0x2
 617 009e 01       		.byte	0x1
 618 009f 08       		.byte	0x8
ARM GAS  C:\Users\LUISAL~1\AppData\Local\Temp\cc5eoSMg.s 			page 17


 619 00a0 60020000 		.4byte	.LASF14
 620 00a4 02       		.uleb128 0x2
 621 00a5 08       		.byte	0x8
 622 00a6 04       		.byte	0x4
 623 00a7 CC020000 		.4byte	.LASF15
 624 00ab 02       		.uleb128 0x2
 625 00ac 04       		.byte	0x4
 626 00ad 07       		.byte	0x7
 627 00ae 27020000 		.4byte	.LASF16
 628 00b2 05       		.uleb128 0x5
 629 00b3 00000000 		.4byte	.LASF17
 630 00b7 01       		.byte	0x1
 631 00b8 2B       		.byte	0x2b
 632 00b9 00000000 		.4byte	.LFB0
 633 00bd 50000000 		.4byte	.LFE0-.LFB0
 634 00c1 01       		.uleb128 0x1
 635 00c2 9C       		.byte	0x9c
 636 00c3 05       		.uleb128 0x5
 637 00c4 87020000 		.4byte	.LASF18
 638 00c8 01       		.byte	0x1
 639 00c9 56       		.byte	0x56
 640 00ca 00000000 		.4byte	.LFB1
 641 00ce 34000000 		.4byte	.LFE1-.LFB1
 642 00d2 01       		.uleb128 0x1
 643 00d3 9C       		.byte	0x9c
 644 00d4 05       		.uleb128 0x5
 645 00d5 78020000 		.4byte	.LASF19
 646 00d9 01       		.byte	0x1
 647 00da 81       		.byte	0x81
 648 00db 00000000 		.4byte	.LFB2
 649 00df 24000000 		.4byte	.LFE2-.LFB2
 650 00e3 01       		.uleb128 0x1
 651 00e4 9C       		.byte	0x9c
 652 00e5 06       		.uleb128 0x6
 653 00e6 A1020000 		.4byte	.LASF25
 654 00ea 01       		.byte	0x1
 655 00eb A3       		.byte	0xa3
 656 00ec 00000000 		.4byte	.LFB3
 657 00f0 34000000 		.4byte	.LFE3-.LFB3
 658 00f4 01       		.uleb128 0x1
 659 00f5 9C       		.byte	0x9c
 660 00f6 33010000 		.4byte	0x133
 661 00fa 07       		.uleb128 0x7
 662 00fb AF000000 		.4byte	.LASF20
 663 00ff 01       		.byte	0x1
 664 0100 A3       		.byte	0xa3
 665 0101 33010000 		.4byte	0x133
 666 0105 02       		.uleb128 0x2
 667 0106 91       		.byte	0x91
 668 0107 74       		.sleb128 -12
 669 0108 07       		.uleb128 0x7
 670 0109 82010000 		.4byte	.LASF21
 671 010d 01       		.byte	0x1
 672 010e A3       		.byte	0xa3
 673 010f 77000000 		.4byte	0x77
 674 0113 02       		.uleb128 0x2
 675 0114 91       		.byte	0x91
ARM GAS  C:\Users\LUISAL~1\AppData\Local\Temp\cc5eoSMg.s 			page 18


 676 0115 72       		.sleb128 -14
 677 0116 07       		.uleb128 0x7
 678 0117 B8000000 		.4byte	.LASF22
 679 011b 01       		.byte	0x1
 680 011c A3       		.byte	0xa3
 681 011d 33010000 		.4byte	0x133
 682 0121 02       		.uleb128 0x2
 683 0122 91       		.byte	0x91
 684 0123 6C       		.sleb128 -20
 685 0124 07       		.uleb128 0x7
 686 0125 8E010000 		.4byte	.LASF23
 687 0129 01       		.byte	0x1
 688 012a A3       		.byte	0xa3
 689 012b 77000000 		.4byte	0x77
 690 012f 02       		.uleb128 0x2
 691 0130 91       		.byte	0x91
 692 0131 70       		.sleb128 -16
 693 0132 00       		.byte	0
 694 0133 08       		.uleb128 0x8
 695 0134 04       		.byte	0x4
 696 0135 39010000 		.4byte	0x139
 697 0139 09       		.uleb128 0x9
 698 013a 6B000000 		.4byte	0x6b
 699 013e 05       		.uleb128 0x5
 700 013f A8010000 		.4byte	.LASF24
 701 0143 01       		.byte	0x1
 702 0144 BB       		.byte	0xbb
 703 0145 00000000 		.4byte	.LFB4
 704 0149 28000000 		.4byte	.LFE4-.LFB4
 705 014d 01       		.uleb128 0x1
 706 014e 9C       		.byte	0x9c
 707 014f 06       		.uleb128 0x6
 708 0150 30010000 		.4byte	.LASF26
 709 0154 01       		.byte	0x1
 710 0155 DA       		.byte	0xda
 711 0156 00000000 		.4byte	.LFB5
 712 015a 68000000 		.4byte	.LFE5-.LFB5
 713 015e 01       		.uleb128 0x1
 714 015f 9C       		.byte	0x9c
 715 0160 81010000 		.4byte	0x181
 716 0164 07       		.uleb128 0x7
 717 0165 7A010000 		.4byte	.LASF27
 718 0169 01       		.byte	0x1
 719 016a DA       		.byte	0xda
 720 016b 33010000 		.4byte	0x133
 721 016f 02       		.uleb128 0x2
 722 0170 91       		.byte	0x91
 723 0171 74       		.sleb128 -12
 724 0172 07       		.uleb128 0x7
 725 0173 25010000 		.4byte	.LASF28
 726 0177 01       		.byte	0x1
 727 0178 DA       		.byte	0xda
 728 0179 77000000 		.4byte	0x77
 729 017d 02       		.uleb128 0x2
 730 017e 91       		.byte	0x91
 731 017f 72       		.sleb128 -14
 732 0180 00       		.byte	0
ARM GAS  C:\Users\LUISAL~1\AppData\Local\Temp\cc5eoSMg.s 			page 19


 733 0181 0A       		.uleb128 0xa
 734 0182 13020000 		.4byte	.LASF29
 735 0186 01       		.byte	0x1
 736 0187 0801     		.2byte	0x108
 737 0189 00000000 		.4byte	.LFB6
 738 018d 68000000 		.4byte	.LFE6-.LFB6
 739 0191 01       		.uleb128 0x1
 740 0192 9C       		.byte	0x9c
 741 0193 B6010000 		.4byte	0x1b6
 742 0197 0B       		.uleb128 0xb
 743 0198 7A010000 		.4byte	.LASF27
 744 019c 01       		.byte	0x1
 745 019d 0801     		.2byte	0x108
 746 019f 33010000 		.4byte	0x133
 747 01a3 02       		.uleb128 0x2
 748 01a4 91       		.byte	0x91
 749 01a5 74       		.sleb128 -12
 750 01a6 0B       		.uleb128 0xb
 751 01a7 25010000 		.4byte	.LASF28
 752 01ab 01       		.byte	0x1
 753 01ac 0801     		.2byte	0x108
 754 01ae 77000000 		.4byte	0x77
 755 01b2 02       		.uleb128 0x2
 756 01b3 91       		.byte	0x91
 757 01b4 72       		.sleb128 -14
 758 01b5 00       		.byte	0
 759 01b6 0C       		.uleb128 0xc
 760 01b7 00020000 		.4byte	.LASF30
 761 01bb 01       		.byte	0x1
 762 01bc 17       		.byte	0x17
 763 01bd 6B000000 		.4byte	0x6b
 764 01c1 05       		.uleb128 0x5
 765 01c2 03       		.byte	0x3
 766 01c3 01000000 		.4byte	Col_Tone_Wave1Chan
 767 01c7 0C       		.uleb128 0xc
 768 01c8 65020000 		.4byte	.LASF31
 769 01cc 01       		.byte	0x1
 770 01cd 18       		.byte	0x18
 771 01ce 6B000000 		.4byte	0x6b
 772 01d2 05       		.uleb128 0x5
 773 01d3 03       		.byte	0x3
 774 01d4 02000000 		.4byte	Col_Tone_Wave2Chan
 775 01d8 0C       		.uleb128 0xc
 776 01d9 BB020000 		.4byte	.LASF32
 777 01dd 01       		.byte	0x1
 778 01de 19       		.byte	0x19
 779 01df 6B000000 		.4byte	0x6b
 780 01e3 05       		.uleb128 0x5
 781 01e4 03       		.byte	0x3
 782 01e5 03000000 		.4byte	Col_Tone_Wave1TD
 783 01e9 0C       		.uleb128 0xc
 784 01ea C1000000 		.4byte	.LASF33
 785 01ee 01       		.byte	0x1
 786 01ef 1A       		.byte	0x1a
 787 01f0 6B000000 		.4byte	0x6b
 788 01f4 05       		.uleb128 0x5
 789 01f5 03       		.byte	0x3
ARM GAS  C:\Users\LUISAL~1\AppData\Local\Temp\cc5eoSMg.s 			page 20


 790 01f6 04000000 		.4byte	Col_Tone_Wave2TD
 791 01fa 0D       		.uleb128 0xd
 792 01fb EF010000 		.4byte	.LASF34
 793 01ff 01       		.byte	0x1
 794 0200 12       		.byte	0x12
 795 0201 6B000000 		.4byte	0x6b
 796 0205 05       		.uleb128 0x5
 797 0206 03       		.byte	0x3
 798 0207 00000000 		.4byte	Col_Tone_initVar
 799 020b 0E       		.uleb128 0xe
 800 020c 39010000 		.4byte	0x139
 801 0210 1B020000 		.4byte	0x21b
 802 0214 0F       		.uleb128 0xf
 803 0215 AB000000 		.4byte	0xab
 804 0219 31       		.byte	0x31
 805 021a 00       		.byte	0
 806 021b 0D       		.uleb128 0xd
 807 021c 44010000 		.4byte	.LASF35
 808 0220 01       		.byte	0x1
 809 0221 14       		.byte	0x14
 810 0222 2C020000 		.4byte	0x22c
 811 0226 05       		.uleb128 0x5
 812 0227 03       		.byte	0x3
 813 0228 00000000 		.4byte	Col_Tone_wave1
 814 022c 09       		.uleb128 0x9
 815 022d 0B020000 		.4byte	0x20b
 816 0231 0D       		.uleb128 0xd
 817 0232 65010000 		.4byte	.LASF36
 818 0236 01       		.byte	0x1
 819 0237 15       		.byte	0x15
 820 0238 42020000 		.4byte	0x242
 821 023c 05       		.uleb128 0x5
 822 023d 03       		.byte	0x3
 823 023e 00000000 		.4byte	Col_Tone_wave2
 824 0242 09       		.uleb128 0x9
 825 0243 0B020000 		.4byte	0x20b
 826 0247 00       		.byte	0
 827              		.section	.debug_abbrev,"",%progbits
 828              	.Ldebug_abbrev0:
 829 0000 01       		.uleb128 0x1
 830 0001 11       		.uleb128 0x11
 831 0002 01       		.byte	0x1
 832 0003 25       		.uleb128 0x25
 833 0004 0E       		.uleb128 0xe
 834 0005 13       		.uleb128 0x13
 835 0006 0B       		.uleb128 0xb
 836 0007 03       		.uleb128 0x3
 837 0008 0E       		.uleb128 0xe
 838 0009 1B       		.uleb128 0x1b
 839 000a 0E       		.uleb128 0xe
 840 000b 55       		.uleb128 0x55
 841 000c 17       		.uleb128 0x17
 842 000d 11       		.uleb128 0x11
 843 000e 01       		.uleb128 0x1
 844 000f 10       		.uleb128 0x10
 845 0010 17       		.uleb128 0x17
 846 0011 00       		.byte	0
ARM GAS  C:\Users\LUISAL~1\AppData\Local\Temp\cc5eoSMg.s 			page 21


 847 0012 00       		.byte	0
 848 0013 02       		.uleb128 0x2
 849 0014 24       		.uleb128 0x24
 850 0015 00       		.byte	0
 851 0016 0B       		.uleb128 0xb
 852 0017 0B       		.uleb128 0xb
 853 0018 3E       		.uleb128 0x3e
 854 0019 0B       		.uleb128 0xb
 855 001a 03       		.uleb128 0x3
 856 001b 0E       		.uleb128 0xe
 857 001c 00       		.byte	0
 858 001d 00       		.byte	0
 859 001e 03       		.uleb128 0x3
 860 001f 24       		.uleb128 0x24
 861 0020 00       		.byte	0
 862 0021 0B       		.uleb128 0xb
 863 0022 0B       		.uleb128 0xb
 864 0023 3E       		.uleb128 0x3e
 865 0024 0B       		.uleb128 0xb
 866 0025 03       		.uleb128 0x3
 867 0026 08       		.uleb128 0x8
 868 0027 00       		.byte	0
 869 0028 00       		.byte	0
 870 0029 04       		.uleb128 0x4
 871 002a 16       		.uleb128 0x16
 872 002b 00       		.byte	0
 873 002c 03       		.uleb128 0x3
 874 002d 0E       		.uleb128 0xe
 875 002e 3A       		.uleb128 0x3a
 876 002f 0B       		.uleb128 0xb
 877 0030 3B       		.uleb128 0x3b
 878 0031 05       		.uleb128 0x5
 879 0032 49       		.uleb128 0x49
 880 0033 13       		.uleb128 0x13
 881 0034 00       		.byte	0
 882 0035 00       		.byte	0
 883 0036 05       		.uleb128 0x5
 884 0037 2E       		.uleb128 0x2e
 885 0038 00       		.byte	0
 886 0039 3F       		.uleb128 0x3f
 887 003a 19       		.uleb128 0x19
 888 003b 03       		.uleb128 0x3
 889 003c 0E       		.uleb128 0xe
 890 003d 3A       		.uleb128 0x3a
 891 003e 0B       		.uleb128 0xb
 892 003f 3B       		.uleb128 0x3b
 893 0040 0B       		.uleb128 0xb
 894 0041 27       		.uleb128 0x27
 895 0042 19       		.uleb128 0x19
 896 0043 11       		.uleb128 0x11
 897 0044 01       		.uleb128 0x1
 898 0045 12       		.uleb128 0x12
 899 0046 06       		.uleb128 0x6
 900 0047 40       		.uleb128 0x40
 901 0048 18       		.uleb128 0x18
 902 0049 9642     		.uleb128 0x2116
 903 004b 19       		.uleb128 0x19
ARM GAS  C:\Users\LUISAL~1\AppData\Local\Temp\cc5eoSMg.s 			page 22


 904 004c 00       		.byte	0
 905 004d 00       		.byte	0
 906 004e 06       		.uleb128 0x6
 907 004f 2E       		.uleb128 0x2e
 908 0050 01       		.byte	0x1
 909 0051 3F       		.uleb128 0x3f
 910 0052 19       		.uleb128 0x19
 911 0053 03       		.uleb128 0x3
 912 0054 0E       		.uleb128 0xe
 913 0055 3A       		.uleb128 0x3a
 914 0056 0B       		.uleb128 0xb
 915 0057 3B       		.uleb128 0x3b
 916 0058 0B       		.uleb128 0xb
 917 0059 27       		.uleb128 0x27
 918 005a 19       		.uleb128 0x19
 919 005b 11       		.uleb128 0x11
 920 005c 01       		.uleb128 0x1
 921 005d 12       		.uleb128 0x12
 922 005e 06       		.uleb128 0x6
 923 005f 40       		.uleb128 0x40
 924 0060 18       		.uleb128 0x18
 925 0061 9642     		.uleb128 0x2116
 926 0063 19       		.uleb128 0x19
 927 0064 01       		.uleb128 0x1
 928 0065 13       		.uleb128 0x13
 929 0066 00       		.byte	0
 930 0067 00       		.byte	0
 931 0068 07       		.uleb128 0x7
 932 0069 05       		.uleb128 0x5
 933 006a 00       		.byte	0
 934 006b 03       		.uleb128 0x3
 935 006c 0E       		.uleb128 0xe
 936 006d 3A       		.uleb128 0x3a
 937 006e 0B       		.uleb128 0xb
 938 006f 3B       		.uleb128 0x3b
 939 0070 0B       		.uleb128 0xb
 940 0071 49       		.uleb128 0x49
 941 0072 13       		.uleb128 0x13
 942 0073 02       		.uleb128 0x2
 943 0074 18       		.uleb128 0x18
 944 0075 00       		.byte	0
 945 0076 00       		.byte	0
 946 0077 08       		.uleb128 0x8
 947 0078 0F       		.uleb128 0xf
 948 0079 00       		.byte	0
 949 007a 0B       		.uleb128 0xb
 950 007b 0B       		.uleb128 0xb
 951 007c 49       		.uleb128 0x49
 952 007d 13       		.uleb128 0x13
 953 007e 00       		.byte	0
 954 007f 00       		.byte	0
 955 0080 09       		.uleb128 0x9
 956 0081 26       		.uleb128 0x26
 957 0082 00       		.byte	0
 958 0083 49       		.uleb128 0x49
 959 0084 13       		.uleb128 0x13
 960 0085 00       		.byte	0
ARM GAS  C:\Users\LUISAL~1\AppData\Local\Temp\cc5eoSMg.s 			page 23


 961 0086 00       		.byte	0
 962 0087 0A       		.uleb128 0xa
 963 0088 2E       		.uleb128 0x2e
 964 0089 01       		.byte	0x1
 965 008a 3F       		.uleb128 0x3f
 966 008b 19       		.uleb128 0x19
 967 008c 03       		.uleb128 0x3
 968 008d 0E       		.uleb128 0xe
 969 008e 3A       		.uleb128 0x3a
 970 008f 0B       		.uleb128 0xb
 971 0090 3B       		.uleb128 0x3b
 972 0091 05       		.uleb128 0x5
 973 0092 27       		.uleb128 0x27
 974 0093 19       		.uleb128 0x19
 975 0094 11       		.uleb128 0x11
 976 0095 01       		.uleb128 0x1
 977 0096 12       		.uleb128 0x12
 978 0097 06       		.uleb128 0x6
 979 0098 40       		.uleb128 0x40
 980 0099 18       		.uleb128 0x18
 981 009a 9642     		.uleb128 0x2116
 982 009c 19       		.uleb128 0x19
 983 009d 01       		.uleb128 0x1
 984 009e 13       		.uleb128 0x13
 985 009f 00       		.byte	0
 986 00a0 00       		.byte	0
 987 00a1 0B       		.uleb128 0xb
 988 00a2 05       		.uleb128 0x5
 989 00a3 00       		.byte	0
 990 00a4 03       		.uleb128 0x3
 991 00a5 0E       		.uleb128 0xe
 992 00a6 3A       		.uleb128 0x3a
 993 00a7 0B       		.uleb128 0xb
 994 00a8 3B       		.uleb128 0x3b
 995 00a9 05       		.uleb128 0x5
 996 00aa 49       		.uleb128 0x49
 997 00ab 13       		.uleb128 0x13
 998 00ac 02       		.uleb128 0x2
 999 00ad 18       		.uleb128 0x18
 1000 00ae 00       		.byte	0
 1001 00af 00       		.byte	0
 1002 00b0 0C       		.uleb128 0xc
 1003 00b1 34       		.uleb128 0x34
 1004 00b2 00       		.byte	0
 1005 00b3 03       		.uleb128 0x3
 1006 00b4 0E       		.uleb128 0xe
 1007 00b5 3A       		.uleb128 0x3a
 1008 00b6 0B       		.uleb128 0xb
 1009 00b7 3B       		.uleb128 0x3b
 1010 00b8 0B       		.uleb128 0xb
 1011 00b9 49       		.uleb128 0x49
 1012 00ba 13       		.uleb128 0x13
 1013 00bb 02       		.uleb128 0x2
 1014 00bc 18       		.uleb128 0x18
 1015 00bd 00       		.byte	0
 1016 00be 00       		.byte	0
 1017 00bf 0D       		.uleb128 0xd
ARM GAS  C:\Users\LUISAL~1\AppData\Local\Temp\cc5eoSMg.s 			page 24


 1018 00c0 34       		.uleb128 0x34
 1019 00c1 00       		.byte	0
 1020 00c2 03       		.uleb128 0x3
 1021 00c3 0E       		.uleb128 0xe
 1022 00c4 3A       		.uleb128 0x3a
 1023 00c5 0B       		.uleb128 0xb
 1024 00c6 3B       		.uleb128 0x3b
 1025 00c7 0B       		.uleb128 0xb
 1026 00c8 49       		.uleb128 0x49
 1027 00c9 13       		.uleb128 0x13
 1028 00ca 3F       		.uleb128 0x3f
 1029 00cb 19       		.uleb128 0x19
 1030 00cc 02       		.uleb128 0x2
 1031 00cd 18       		.uleb128 0x18
 1032 00ce 00       		.byte	0
 1033 00cf 00       		.byte	0
 1034 00d0 0E       		.uleb128 0xe
 1035 00d1 01       		.uleb128 0x1
 1036 00d2 01       		.byte	0x1
 1037 00d3 49       		.uleb128 0x49
 1038 00d4 13       		.uleb128 0x13
 1039 00d5 01       		.uleb128 0x1
 1040 00d6 13       		.uleb128 0x13
 1041 00d7 00       		.byte	0
 1042 00d8 00       		.byte	0
 1043 00d9 0F       		.uleb128 0xf
 1044 00da 21       		.uleb128 0x21
 1045 00db 00       		.byte	0
 1046 00dc 49       		.uleb128 0x49
 1047 00dd 13       		.uleb128 0x13
 1048 00de 2F       		.uleb128 0x2f
 1049 00df 0B       		.uleb128 0xb
 1050 00e0 00       		.byte	0
 1051 00e1 00       		.byte	0
 1052 00e2 00       		.byte	0
 1053              		.section	.debug_aranges,"",%progbits
 1054 0000 4C000000 		.4byte	0x4c
 1055 0004 0200     		.2byte	0x2
 1056 0006 00000000 		.4byte	.Ldebug_info0
 1057 000a 04       		.byte	0x4
 1058 000b 00       		.byte	0
 1059 000c 0000     		.2byte	0
 1060 000e 0000     		.2byte	0
 1061 0010 00000000 		.4byte	.LFB0
 1062 0014 50000000 		.4byte	.LFE0-.LFB0
 1063 0018 00000000 		.4byte	.LFB1
 1064 001c 34000000 		.4byte	.LFE1-.LFB1
 1065 0020 00000000 		.4byte	.LFB2
 1066 0024 24000000 		.4byte	.LFE2-.LFB2
 1067 0028 00000000 		.4byte	.LFB3
 1068 002c 34000000 		.4byte	.LFE3-.LFB3
 1069 0030 00000000 		.4byte	.LFB4
 1070 0034 28000000 		.4byte	.LFE4-.LFB4
 1071 0038 00000000 		.4byte	.LFB5
 1072 003c 68000000 		.4byte	.LFE5-.LFB5
 1073 0040 00000000 		.4byte	.LFB6
 1074 0044 68000000 		.4byte	.LFE6-.LFB6
ARM GAS  C:\Users\LUISAL~1\AppData\Local\Temp\cc5eoSMg.s 			page 25


 1075 0048 00000000 		.4byte	0
 1076 004c 00000000 		.4byte	0
 1077              		.section	.debug_ranges,"",%progbits
 1078              	.Ldebug_ranges0:
 1079 0000 00000000 		.4byte	.LFB0
 1080 0004 50000000 		.4byte	.LFE0
 1081 0008 00000000 		.4byte	.LFB1
 1082 000c 34000000 		.4byte	.LFE1
 1083 0010 00000000 		.4byte	.LFB2
 1084 0014 24000000 		.4byte	.LFE2
 1085 0018 00000000 		.4byte	.LFB3
 1086 001c 34000000 		.4byte	.LFE3
 1087 0020 00000000 		.4byte	.LFB4
 1088 0024 28000000 		.4byte	.LFE4
 1089 0028 00000000 		.4byte	.LFB5
 1090 002c 68000000 		.4byte	.LFE5
 1091 0030 00000000 		.4byte	.LFB6
 1092 0034 68000000 		.4byte	.LFE6
 1093 0038 00000000 		.4byte	0
 1094 003c 00000000 		.4byte	0
 1095              		.section	.debug_line,"",%progbits
 1096              	.Ldebug_line0:
 1097 0000 EC000000 		.section	.debug_str,"MS",%progbits,1
 1097      02004500 
 1097      00000201 
 1097      FB0E0D00 
 1097      01010101 
 1098              	.LASF17:
 1099 0000 436F6C5F 		.ascii	"Col_Tone_Init\000"
 1099      546F6E65 
 1099      5F496E69 
 1099      7400
 1100              	.LASF37:
 1101 000e 474E5520 		.ascii	"GNU C11 5.4.1 20160609 (release) [ARM/embedded-5-br"
 1101      43313120 
 1101      352E342E 
 1101      31203230 
 1101      31363036 
 1102 0041 616E6368 		.ascii	"anch revision 237715] -mcpu=cortex-m3 -mthumb -g -O"
 1102      20726576 
 1102      6973696F 
 1102      6E203233 
 1102      37373135 
 1103 0074 30202D66 		.ascii	"0 -ffunction-sections -ffat-lto-objects\000"
 1103      66756E63 
 1103      74696F6E 
 1103      2D736563 
 1103      74696F6E 
 1104              	.LASF3:
 1105 009c 73686F72 		.ascii	"short unsigned int\000"
 1105      7420756E 
 1105      7369676E 
 1105      65642069 
 1105      6E7400
 1106              	.LASF20:
 1107 00af 77617665 		.ascii	"wavePtr1\000"
 1107      50747231 
ARM GAS  C:\Users\LUISAL~1\AppData\Local\Temp\cc5eoSMg.s 			page 26


 1107      00
 1108              	.LASF22:
 1109 00b8 77617665 		.ascii	"wavePtr2\000"
 1109      50747232 
 1109      00
 1110              	.LASF33:
 1111 00c1 436F6C5F 		.ascii	"Col_Tone_Wave2TD\000"
 1111      546F6E65 
 1111      5F576176 
 1111      65325444 
 1111      00
 1112              	.LASF12:
 1113 00d2 666C6F61 		.ascii	"float\000"
 1113      7400
 1114              	.LASF39:
 1115 00d8 433A5C55 		.ascii	"C:\\Users\\Luis Alonso Murillo\\Documents\\GitHub\\"
 1115      73657273 
 1115      5C4C7569 
 1115      7320416C 
 1115      6F6E736F 
 1116 0106 44544D46 		.ascii	"DTMF\\transmitter\\Encoder.cydsn\000"
 1116      5C747261 
 1116      6E736D69 
 1116      74746572 
 1116      5C456E63 
 1117              	.LASF28:
 1118 0125 73616D70 		.ascii	"sampleSize\000"
 1118      6C655369 
 1118      7A6500
 1119              	.LASF26:
 1120 0130 436F6C5F 		.ascii	"Col_Tone_Wave1Setup\000"
 1120      546F6E65 
 1120      5F576176 
 1120      65315365 
 1120      74757000 
 1121              	.LASF35:
 1122 0144 436F6C5F 		.ascii	"Col_Tone_wave1\000"
 1122      546F6E65 
 1122      5F776176 
 1122      653100
 1123              	.LASF5:
 1124 0153 6C6F6E67 		.ascii	"long unsigned int\000"
 1124      20756E73 
 1124      69676E65 
 1124      6420696E 
 1124      7400
 1125              	.LASF36:
 1126 0165 436F6C5F 		.ascii	"Col_Tone_wave2\000"
 1126      546F6E65 
 1126      5F776176 
 1126      653200
 1127              	.LASF9:
 1128 0174 75696E74 		.ascii	"uint8\000"
 1128      3800
 1129              	.LASF27:
 1130 017a 77617665 		.ascii	"wavePtr\000"
 1130      50747200 
ARM GAS  C:\Users\LUISAL~1\AppData\Local\Temp\cc5eoSMg.s 			page 27


 1131              	.LASF21:
 1132 0182 73616D70 		.ascii	"sampleSize1\000"
 1132      6C655369 
 1132      7A653100 
 1133              	.LASF23:
 1134 018e 73616D70 		.ascii	"sampleSize2\000"
 1134      6C655369 
 1134      7A653200 
 1135              	.LASF1:
 1136 019a 756E7369 		.ascii	"unsigned char\000"
 1136      676E6564 
 1136      20636861 
 1136      7200
 1137              	.LASF24:
 1138 01a8 436F6C5F 		.ascii	"Col_Tone_Stop\000"
 1138      546F6E65 
 1138      5F53746F 
 1138      7000
 1139              	.LASF13:
 1140 01b6 646F7562 		.ascii	"double\000"
 1140      6C6500
 1141              	.LASF10:
 1142 01bd 75696E74 		.ascii	"uint16\000"
 1142      313600
 1143              	.LASF11:
 1144 01c4 75696E74 		.ascii	"uint32\000"
 1144      333200
 1145              	.LASF8:
 1146 01cb 756E7369 		.ascii	"unsigned int\000"
 1146      676E6564 
 1146      20696E74 
 1146      00
 1147              	.LASF7:
 1148 01d8 6C6F6E67 		.ascii	"long long unsigned int\000"
 1148      206C6F6E 
 1148      6720756E 
 1148      7369676E 
 1148      65642069 
 1149              	.LASF34:
 1150 01ef 436F6C5F 		.ascii	"Col_Tone_initVar\000"
 1150      546F6E65 
 1150      5F696E69 
 1150      74566172 
 1150      00
 1151              	.LASF30:
 1152 0200 436F6C5F 		.ascii	"Col_Tone_Wave1Chan\000"
 1152      546F6E65 
 1152      5F576176 
 1152      65314368 
 1152      616E00
 1153              	.LASF29:
 1154 0213 436F6C5F 		.ascii	"Col_Tone_Wave2Setup\000"
 1154      546F6E65 
 1154      5F576176 
 1154      65325365 
 1154      74757000 
 1155              	.LASF16:
ARM GAS  C:\Users\LUISAL~1\AppData\Local\Temp\cc5eoSMg.s 			page 28


 1156 0227 73697A65 		.ascii	"sizetype\000"
 1156      74797065 
 1156      00
 1157              	.LASF6:
 1158 0230 6C6F6E67 		.ascii	"long long int\000"
 1158      206C6F6E 
 1158      6720696E 
 1158      7400
 1159              	.LASF38:
 1160 023e 47656E65 		.ascii	"Generated_Source\\PSoC5\\Col_Tone.c\000"
 1160      72617465 
 1160      645F536F 
 1160      75726365 
 1160      5C50536F 
 1161              	.LASF14:
 1162 0260 63686172 		.ascii	"char\000"
 1162      00
 1163              	.LASF31:
 1164 0265 436F6C5F 		.ascii	"Col_Tone_Wave2Chan\000"
 1164      546F6E65 
 1164      5F576176 
 1164      65324368 
 1164      616E00
 1165              	.LASF19:
 1166 0278 436F6C5F 		.ascii	"Col_Tone_Start\000"
 1166      546F6E65 
 1166      5F537461 
 1166      727400
 1167              	.LASF18:
 1168 0287 436F6C5F 		.ascii	"Col_Tone_Enable\000"
 1168      546F6E65 
 1168      5F456E61 
 1168      626C6500 
 1169              	.LASF2:
 1170 0297 73686F72 		.ascii	"short int\000"
 1170      7420696E 
 1170      7400
 1171              	.LASF25:
 1172 02a1 436F6C5F 		.ascii	"Col_Tone_StartEx\000"
 1172      546F6E65 
 1172      5F537461 
 1172      72744578 
 1172      00
 1173              	.LASF4:
 1174 02b2 6C6F6E67 		.ascii	"long int\000"
 1174      20696E74 
 1174      00
 1175              	.LASF32:
 1176 02bb 436F6C5F 		.ascii	"Col_Tone_Wave1TD\000"
 1176      546F6E65 
 1176      5F576176 
 1176      65315444 
 1176      00
 1177              	.LASF15:
 1178 02cc 6C6F6E67 		.ascii	"long double\000"
 1178      20646F75 
 1178      626C6500 
ARM GAS  C:\Users\LUISAL~1\AppData\Local\Temp\cc5eoSMg.s 			page 29


 1179              	.LASF0:
 1180 02d8 7369676E 		.ascii	"signed char\000"
 1180      65642063 
 1180      68617200 
 1181              		.ident	"GCC: (GNU Tools for ARM Embedded Processors) 5.4.1 20160609 (release) [ARM/embedded-5-bran
