ARM GAS  C:\Users\LUISAL~1\AppData\Local\Temp\ccePrpcN.s 			page 1


   1              		.syntax unified
   2              		.cpu cortex-m3
   3              		.fpu softvfp
   4              		.eabi_attribute 20, 1
   5              		.eabi_attribute 21, 1
   6              		.eabi_attribute 23, 3
   7              		.eabi_attribute 24, 1
   8              		.eabi_attribute 25, 1
   9              		.eabi_attribute 26, 1
  10              		.eabi_attribute 30, 6
  11              		.eabi_attribute 34, 1
  12              		.eabi_attribute 18, 4
  13              		.thumb
  14              		.syntax unified
  15              		.file	"cymetadata.c"
  16              		.text
  17              	.Ltext0:
  18              		.cfi_sections	.debug_frame
  19              		.global	cy_meta_configecc
  20              		.section	.cyconfigecc,"a",%progbits
  21              		.align	2
  22              		.type	cy_meta_configecc, %object
  23              		.size	cy_meta_configecc, 1380
  24              	cy_meta_configecc:
  25 0000 02       		.byte	2
  26 0001 5A       		.byte	90
  27 0002 00       		.byte	0
  28 0003 40       		.byte	64
  29 0004 02       		.byte	2
  30 0005 64       		.byte	100
  31 0006 00       		.byte	0
  32 0007 40       		.byte	64
  33 0008 03       		.byte	3
  34 0009 65       		.byte	101
  35 000a 00       		.byte	0
  36 000b 40       		.byte	64
  37 000c 01       		.byte	1
  38 000d 05       		.byte	5
  39 000e 01       		.byte	1
  40 000f 40       		.byte	64
  41 0010 45       		.byte	69
  42 0011 08       		.byte	8
  43 0012 01       		.byte	1
  44 0013 40       		.byte	64
  45 0014 42       		.byte	66
  46 0015 09       		.byte	9
  47 0016 01       		.byte	1
  48 0017 40       		.byte	64
  49 0018 60       		.byte	96
  50 0019 0A       		.byte	10
  51 001a 01       		.byte	1
  52 001b 40       		.byte	64
  53 001c 36       		.byte	54
  54 001d 0B       		.byte	11
  55 001e 01       		.byte	1
  56 001f 40       		.byte	64
  57 0020 01       		.byte	1
ARM GAS  C:\Users\LUISAL~1\AppData\Local\Temp\ccePrpcN.s 			page 2


  58 0021 17       		.byte	23
  59 0022 01       		.byte	1
  60 0023 40       		.byte	64
  61 0024 11       		.byte	17
  62 0025 18       		.byte	24
  63 0026 01       		.byte	1
  64 0027 40       		.byte	64
  65 0028 44       		.byte	68
  66 0029 19       		.byte	25
  67 002a 01       		.byte	1
  68 002b 40       		.byte	64
  69 002c 51       		.byte	81
  70 002d 1A       		.byte	26
  71 002e 01       		.byte	1
  72 002f 40       		.byte	64
  73 0030 40       		.byte	64
  74 0031 1B       		.byte	27
  75 0032 01       		.byte	1
  76 0033 40       		.byte	64
  77 0034 03       		.byte	3
  78 0035 40       		.byte	64
  79 0036 01       		.byte	1
  80 0037 40       		.byte	64
  81 0038 02       		.byte	2
  82 0039 41       		.byte	65
  83 003a 01       		.byte	1
  84 003b 40       		.byte	64
  85 003c 04       		.byte	4
  86 003d 42       		.byte	66
  87 003e 01       		.byte	1
  88 003f 40       		.byte	64
  89 0040 01       		.byte	1
  90 0041 43       		.byte	67
  91 0042 01       		.byte	1
  92 0043 40       		.byte	64
  93 0044 03       		.byte	3
  94 0045 46       		.byte	70
  95 0046 01       		.byte	1
  96 0047 40       		.byte	64
  97 0048 03       		.byte	3
  98 0049 47       		.byte	71
  99 004a 01       		.byte	1
 100 004b 40       		.byte	64
 101 004c 02       		.byte	2
 102 004d 48       		.byte	72
 103 004e 01       		.byte	1
 104 004f 40       		.byte	64
 105 0050 02       		.byte	2
 106 0051 4C       		.byte	76
 107 0052 01       		.byte	1
 108 0053 40       		.byte	64
 109 0054 07       		.byte	7
 110 0055 4D       		.byte	77
 111 0056 01       		.byte	1
 112 0057 40       		.byte	64
 113 0058 08       		.byte	8
 114 0059 50       		.byte	80
ARM GAS  C:\Users\LUISAL~1\AppData\Local\Temp\ccePrpcN.s 			page 3


 115 005a 01       		.byte	1
 116 005b 40       		.byte	64
 117 005c 01       		.byte	1
 118 005d 51       		.byte	81
 119 005e 01       		.byte	1
 120 005f 40       		.byte	64
 121 0060 97       		.byte	-105
 122 0061 01       		.byte	1
 123 0062 9F       		.byte	-97
 124 0063 01       		.byte	1
 125 0064 89       		.byte	-119
 126 0065 72       		.byte	114
 127 0066 8B       		.byte	-117
 128 0067 0F       		.byte	15
 129 0068 88       		.byte	-120
 130 0069 0F       		.byte	15
 131 006a 89       		.byte	-119
 132 006b 38       		.byte	56
 133 006c 8B       		.byte	-117
 134 006d 0F       		.byte	15
 135 006e E6       		.byte	-26
 136 006f 01       		.byte	1
 137 0070 03       		.byte	3
 138 0071 01       		.byte	1
 139 0072 21       		.byte	33
 140 0073 01       		.byte	1
 141 0074 2E       		.byte	46
 142 0075 01       		.byte	1
 143 0076 2F       		.byte	47
 144 0077 02       		.byte	2
 145 0078 30       		.byte	48
 146 0079 01       		.byte	1
 147 007a 33       		.byte	51
 148 007b 02       		.byte	2
 149 007c 37       		.byte	55
 150 007d 01       		.byte	1
 151 007e 52       		.byte	82
 152 007f 80       		.byte	-128
 153 0080 58       		.byte	88
 154 0081 04       		.byte	4
 155 0082 59       		.byte	89
 156 0083 04       		.byte	4
 157 0084 5B       		.byte	91
 158 0085 04       		.byte	4
 159 0086 5F       		.byte	95
 160 0087 01       		.byte	1
 161 0088 83       		.byte	-125
 162 0089 02       		.byte	2
 163 008a 84       		.byte	-124
 164 008b 0D       		.byte	13
 165 008c 85       		.byte	-123
 166 008d 0E       		.byte	14
 167 008e 86       		.byte	-122
 168 008f 02       		.byte	2
 169 0090 89       		.byte	-119
 170 0091 01       		.byte	1
 171 0092 8C       		.byte	-116
ARM GAS  C:\Users\LUISAL~1\AppData\Local\Temp\ccePrpcN.s 			page 4


 172 0093 03       		.byte	3
 173 0094 8D       		.byte	-115
 174 0095 08       		.byte	8
 175 0096 8E       		.byte	-114
 176 0097 0C       		.byte	12
 177 0098 91       		.byte	-111
 178 0099 01       		.byte	1
 179 009a 95       		.byte	-107
 180 009b 0C       		.byte	12
 181 009c 96       		.byte	-106
 182 009d 02       		.byte	2
 183 009e 98       		.byte	-104
 184 009f 0F       		.byte	15
 185 00a0 99       		.byte	-103
 186 00a1 0E       		.byte	14
 187 00a2 9C       		.byte	-100
 188 00a3 0D       		.byte	13
 189 00a4 9D       		.byte	-99
 190 00a5 0C       		.byte	12
 191 00a6 9E       		.byte	-98
 192 00a7 02       		.byte	2
 193 00a8 9F       		.byte	-97
 194 00a9 02       		.byte	2
 195 00aa A0       		.byte	-96
 196 00ab 08       		.byte	8
 197 00ac A1       		.byte	-95
 198 00ad 02       		.byte	2
 199 00ae A3       		.byte	-93
 200 00af 0C       		.byte	12
 201 00b0 A4       		.byte	-92
 202 00b1 04       		.byte	4
 203 00b2 A5       		.byte	-91
 204 00b3 04       		.byte	4
 205 00b4 A8       		.byte	-88
 206 00b5 0C       		.byte	12
 207 00b6 A9       		.byte	-87
 208 00b7 10       		.byte	16
 209 00b8 AD       		.byte	-83
 210 00b9 01       		.byte	1
 211 00ba B0       		.byte	-80
 212 00bb 01       		.byte	1
 213 00bc B1       		.byte	-79
 214 00bd 10       		.byte	16
 215 00be B5       		.byte	-75
 216 00bf 01       		.byte	1
 217 00c0 B6       		.byte	-74
 218 00c1 0E       		.byte	14
 219 00c2 B7       		.byte	-73
 220 00c3 0E       		.byte	14
 221 00c4 BA       		.byte	-70
 222 00c5 A0       		.byte	-96
 223 00c6 BE       		.byte	-66
 224 00c7 01       		.byte	1
 225 00c8 BF       		.byte	-65
 226 00c9 01       		.byte	1
 227 00ca C0       		.byte	-64
 228 00cb 25       		.byte	37
ARM GAS  C:\Users\LUISAL~1\AppData\Local\Temp\ccePrpcN.s 			page 5


 229 00cc C1       		.byte	-63
 230 00cd 04       		.byte	4
 231 00ce C5       		.byte	-59
 232 00cf 0E       		.byte	14
 233 00d0 C6       		.byte	-58
 234 00d1 B0       		.byte	-80
 235 00d2 C7       		.byte	-57
 236 00d3 0C       		.byte	12
 237 00d4 C8       		.byte	-56
 238 00d5 19       		.byte	25
 239 00d6 C9       		.byte	-55
 240 00d7 FF       		.byte	-1
 241 00d8 CA       		.byte	-54
 242 00d9 FF       		.byte	-1
 243 00da CB       		.byte	-53
 244 00db FF       		.byte	-1
 245 00dc CE       		.byte	-50
 246 00dd F0       		.byte	-16
 247 00de CF       		.byte	-49
 248 00df 44       		.byte	68
 249 00e0 D0       		.byte	-48
 250 00e1 0C       		.byte	12
 251 00e2 D6       		.byte	-42
 252 00e3 02       		.byte	2
 253 00e4 D7       		.byte	-41
 254 00e5 13       		.byte	19
 255 00e6 D8       		.byte	-40
 256 00e7 04       		.byte	4
 257 00e8 D9       		.byte	-39
 258 00e9 04       		.byte	4
 259 00ea DA       		.byte	-38
 260 00eb 04       		.byte	4
 261 00ec DB       		.byte	-37
 262 00ed 04       		.byte	4
 263 00ee DC       		.byte	-36
 264 00ef 11       		.byte	17
 265 00f0 DD       		.byte	-35
 266 00f1 11       		.byte	17
 267 00f2 DF       		.byte	-33
 268 00f3 01       		.byte	1
 269 00f4 E6       		.byte	-26
 270 00f5 C0       		.byte	-64
 271 00f6 EA       		.byte	-22
 272 00f7 40       		.byte	64
 273 00f8 EB       		.byte	-21
 274 00f9 02       		.byte	2
 275 00fa 00       		.byte	0
 276 00fb 04       		.byte	4
 277 00fc 02       		.byte	2
 278 00fd 01       		.byte	1
 279 00fe 03       		.byte	3
 280 00ff 02       		.byte	2
 281 0100 08       		.byte	8
 282 0101 40       		.byte	64
 283 0102 0A       		.byte	10
 284 0103 26       		.byte	38
 285 0104 10       		.byte	16
ARM GAS  C:\Users\LUISAL~1\AppData\Local\Temp\ccePrpcN.s 			page 6


 286 0105 A8       		.byte	-88
 287 0106 17       		.byte	23
 288 0107 40       		.byte	64
 289 0108 19       		.byte	25
 290 0109 11       		.byte	17
 291 010a 1A       		.byte	26
 292 010b 06       		.byte	6
 293 010c 1B       		.byte	27
 294 010d 40       		.byte	64
 295 010e 1D       		.byte	29
 296 010f 02       		.byte	2
 297 0110 1F       		.byte	31
 298 0111 01       		.byte	1
 299 0112 20       		.byte	32
 300 0113 08       		.byte	8
 301 0114 22       		.byte	34
 302 0115 50       		.byte	80
 303 0116 23       		.byte	35
 304 0117 40       		.byte	64
 305 0118 26       		.byte	38
 306 0119 40       		.byte	64
 307 011a 27       		.byte	39
 308 011b 30       		.byte	48
 309 011c 28       		.byte	40
 310 011d 02       		.byte	2
 311 011e 29       		.byte	41
 312 011f 20       		.byte	32
 313 0120 2A       		.byte	42
 314 0121 09       		.byte	9
 315 0122 2E       		.byte	46
 316 0123 80       		.byte	-128
 317 0124 2F       		.byte	47
 318 0125 80       		.byte	-128
 319 0126 30       		.byte	48
 320 0127 48       		.byte	72
 321 0128 31       		.byte	49
 322 0129 10       		.byte	16
 323 012a 33       		.byte	51
 324 012b 01       		.byte	1
 325 012c 34       		.byte	52
 326 012d 08       		.byte	8
 327 012e 35       		.byte	53
 328 012f 04       		.byte	4
 329 0130 38       		.byte	56
 330 0131 84       		.byte	-124
 331 0132 39       		.byte	57
 332 0133 12       		.byte	18
 333 0134 3F       		.byte	63
 334 0135 02       		.byte	2
 335 0136 40       		.byte	64
 336 0137 08       		.byte	8
 337 0138 42       		.byte	66
 338 0139 40       		.byte	64
 339 013a 4A       		.byte	74
 340 013b 01       		.byte	1
 341 013c 4B       		.byte	75
 342 013d 04       		.byte	4
ARM GAS  C:\Users\LUISAL~1\AppData\Local\Temp\ccePrpcN.s 			page 7


 343 013e 52       		.byte	82
 344 013f 24       		.byte	36
 345 0140 59       		.byte	89
 346 0141 01       		.byte	1
 347 0142 69       		.byte	105
 348 0143 14       		.byte	20
 349 0144 6B       		.byte	107
 350 0145 01       		.byte	1
 351 0146 70       		.byte	112
 352 0147 E8       		.byte	-24
 353 0148 72       		.byte	114
 354 0149 08       		.byte	8
 355 014a 76       		.byte	118
 356 014b 80       		.byte	-128
 357 014c 87       		.byte	-121
 358 014d 40       		.byte	64
 359 014e 88       		.byte	-120
 360 014f 04       		.byte	4
 361 0150 89       		.byte	-119
 362 0151 01       		.byte	1
 363 0152 92       		.byte	-110
 364 0153 40       		.byte	64
 365 0154 99       		.byte	-103
 366 0155 20       		.byte	32
 367 0156 9B       		.byte	-101
 368 0157 42       		.byte	66
 369 0158 9C       		.byte	-100
 370 0159 08       		.byte	8
 371 015a 9D       		.byte	-99
 372 015b 04       		.byte	4
 373 015c 9F       		.byte	-97
 374 015d 10       		.byte	16
 375 015e A0       		.byte	-96
 376 015f 50       		.byte	80
 377 0160 A2       		.byte	-94
 378 0161 01       		.byte	1
 379 0162 A3       		.byte	-93
 380 0163 01       		.byte	1
 381 0164 A5       		.byte	-91
 382 0165 02       		.byte	2
 383 0166 A6       		.byte	-90
 384 0167 60       		.byte	96
 385 0168 A7       		.byte	-89
 386 0169 20       		.byte	32
 387 016a C0       		.byte	-64
 388 016b 05       		.byte	5
 389 016c C2       		.byte	-62
 390 016d 07       		.byte	7
 391 016e C4       		.byte	-60
 392 016f 8E       		.byte	-114
 393 0170 CA       		.byte	-54
 394 0171 9F       		.byte	-97
 395 0172 CC       		.byte	-52
 396 0173 0F       		.byte	15
 397 0174 CE       		.byte	-50
 398 0175 8F       		.byte	-113
 399 0176 D0       		.byte	-48
ARM GAS  C:\Users\LUISAL~1\AppData\Local\Temp\ccePrpcN.s 			page 8


 400 0177 05       		.byte	5
 401 0178 D2       		.byte	-46
 402 0179 08       		.byte	8
 403 017a D6       		.byte	-42
 404 017b 01       		.byte	1
 405 017c E4       		.byte	-28
 406 017d 02       		.byte	2
 407 017e 04       		.byte	4
 408 017f 14       		.byte	20
 409 0180 07       		.byte	7
 410 0181 0C       		.byte	12
 411 0182 0D       		.byte	13
 412 0183 11       		.byte	17
 413 0184 0E       		.byte	14
 414 0185 20       		.byte	32
 415 0186 0F       		.byte	15
 416 0187 0E       		.byte	14
 417 0188 10       		.byte	16
 418 0189 0C       		.byte	12
 419 018a 12       		.byte	18
 420 018b 71       		.byte	113
 421 018c 14       		.byte	20
 422 018d 10       		.byte	16
 423 018e 15       		.byte	21
 424 018f 11       		.byte	17
 425 0190 16       		.byte	22
 426 0191 AC       		.byte	-84
 427 0192 17       		.byte	23
 428 0193 06       		.byte	6
 429 0194 1A       		.byte	26
 430 0195 03       		.byte	3
 431 0196 1B       		.byte	27
 432 0197 08       		.byte	8
 433 0198 1D       		.byte	29
 434 0199 0C       		.byte	12
 435 019a 1F       		.byte	31
 436 019b 13       		.byte	19
 437 019c 20       		.byte	32
 438 019d DC       		.byte	-36
 439 019e 21       		.byte	33
 440 019f 20       		.byte	32
 441 01a0 22       		.byte	34
 442 01a1 22       		.byte	34
 443 01a2 23       		.byte	35
 444 01a3 03       		.byte	3
 445 01a4 24       		.byte	36
 446 01a5 10       		.byte	16
 447 01a6 26       		.byte	38
 448 01a7 40       		.byte	64
 449 01a8 28       		.byte	40
 450 01a9 09       		.byte	9
 451 01aa 2A       		.byte	42
 452 01ab D0       		.byte	-48
 453 01ac 30       		.byte	48
 454 01ad E0       		.byte	-32
 455 01ae 33       		.byte	51
 456 01af 30       		.byte	48
ARM GAS  C:\Users\LUISAL~1\AppData\Local\Temp\ccePrpcN.s 			page 9


 457 01b0 34       		.byte	52
 458 01b1 1F       		.byte	31
 459 01b2 37       		.byte	55
 460 01b3 0F       		.byte	15
 461 01b4 39       		.byte	57
 462 01b5 08       		.byte	8
 463 01b6 3A       		.byte	58
 464 01b7 02       		.byte	2
 465 01b8 3B       		.byte	59
 466 01b9 80       		.byte	-128
 467 01ba 40       		.byte	64
 468 01bb 04       		.byte	4
 469 01bc 45       		.byte	69
 470 01bd 04       		.byte	4
 471 01be 49       		.byte	73
 472 01bf FF       		.byte	-1
 473 01c0 4A       		.byte	74
 474 01c1 07       		.byte	7
 475 01c2 4B       		.byte	75
 476 01c3 FF       		.byte	-1
 477 01c4 4C       		.byte	76
 478 01c5 40       		.byte	64
 479 01c6 4D       		.byte	77
 480 01c7 20       		.byte	32
 481 01c8 4E       		.byte	78
 482 01c9 F0       		.byte	-16
 483 01ca 4F       		.byte	79
 484 01cb 05       		.byte	5
 485 01cc 50       		.byte	80
 486 01cd 08       		.byte	8
 487 01ce 58       		.byte	88
 488 01cf 04       		.byte	4
 489 01d0 59       		.byte	89
 490 01d1 04       		.byte	4
 491 01d2 5A       		.byte	90
 492 01d3 04       		.byte	4
 493 01d4 5C       		.byte	92
 494 01d5 11       		.byte	17
 495 01d6 5D       		.byte	93
 496 01d7 01       		.byte	1
 497 01d8 5F       		.byte	95
 498 01d9 01       		.byte	1
 499 01da 60       		.byte	96
 500 01db 40       		.byte	64
 501 01dc 61       		.byte	97
 502 01dd A8       		.byte	-88
 503 01de 62       		.byte	98
 504 01df 40       		.byte	64
 505 01e0 63       		.byte	99
 506 01e1 20       		.byte	32
 507 01e2 84       		.byte	-124
 508 01e3 06       		.byte	6
 509 01e4 87       		.byte	-121
 510 01e5 01       		.byte	1
 511 01e6 8C       		.byte	-116
 512 01e7 06       		.byte	6
 513 01e8 92       		.byte	-110
ARM GAS  C:\Users\LUISAL~1\AppData\Local\Temp\ccePrpcN.s 			page 10


 514 01e9 01       		.byte	1
 515 01ea 9B       		.byte	-101
 516 01eb 02       		.byte	2
 517 01ec 9E       		.byte	-98
 518 01ed 02       		.byte	2
 519 01ee A0       		.byte	-96
 520 01ef 04       		.byte	4
 521 01f0 A1       		.byte	-95
 522 01f1 01       		.byte	1
 523 01f2 A6       		.byte	-90
 524 01f3 01       		.byte	1
 525 01f4 A7       		.byte	-89
 526 01f5 02       		.byte	2
 527 01f6 AA       		.byte	-86
 528 01f7 08       		.byte	8
 529 01f8 B0       		.byte	-80
 530 01f9 06       		.byte	6
 531 01fa B1       		.byte	-79
 532 01fb 02       		.byte	2
 533 01fc B4       		.byte	-76
 534 01fd 01       		.byte	1
 535 01fe B5       		.byte	-75
 536 01ff 01       		.byte	1
 537 0200 B6       		.byte	-74
 538 0201 08       		.byte	8
 539 0202 B8       		.byte	-72
 540 0203 02       		.byte	2
 541 0204 BE       		.byte	-66
 542 0205 11       		.byte	17
 543 0206 C0       		.byte	-64
 544 0207 40       		.byte	64
 545 0208 C1       		.byte	-63
 546 0209 03       		.byte	3
 547 020a C5       		.byte	-59
 548 020b D0       		.byte	-48
 549 020c C6       		.byte	-58
 550 020d 20       		.byte	32
 551 020e C7       		.byte	-57
 552 020f 15       		.byte	21
 553 0210 C8       		.byte	-56
 554 0211 3A       		.byte	58
 555 0212 C9       		.byte	-55
 556 0213 FF       		.byte	-1
 557 0214 CA       		.byte	-54
 558 0215 FF       		.byte	-1
 559 0216 CB       		.byte	-53
 560 0217 FF       		.byte	-1
 561 0218 CD       		.byte	-51
 562 0219 A0       		.byte	-96
 563 021a CF       		.byte	-49
 564 021b 04       		.byte	4
 565 021c D0       		.byte	-48
 566 021d 18       		.byte	24
 567 021e D2       		.byte	-46
 568 021f 80       		.byte	-128
 569 0220 D4       		.byte	-44
 570 0221 07       		.byte	7
ARM GAS  C:\Users\LUISAL~1\AppData\Local\Temp\ccePrpcN.s 			page 11


 571 0222 D8       		.byte	-40
 572 0223 04       		.byte	4
 573 0224 D9       		.byte	-39
 574 0225 04       		.byte	4
 575 0226 DA       		.byte	-38
 576 0227 04       		.byte	4
 577 0228 DB       		.byte	-37
 578 0229 04       		.byte	4
 579 022a DF       		.byte	-33
 580 022b 01       		.byte	1
 581 022c E0       		.byte	-32
 582 022d 40       		.byte	64
 583 022e E2       		.byte	-30
 584 022f C0       		.byte	-64
 585 0230 E4       		.byte	-28
 586 0231 40       		.byte	64
 587 0232 E5       		.byte	-27
 588 0233 40       		.byte	64
 589 0234 E6       		.byte	-26
 590 0235 C0       		.byte	-64
 591 0236 E8       		.byte	-24
 592 0237 C0       		.byte	-64
 593 0238 EA       		.byte	-22
 594 0239 C0       		.byte	-64
 595 023a EC       		.byte	-20
 596 023b C0       		.byte	-64
 597 023c EE       		.byte	-18
 598 023d C0       		.byte	-64
 599 023e 00       		.byte	0
 600 023f 80       		.byte	-128
 601 0240 02       		.byte	2
 602 0241 20       		.byte	32
 603 0242 04       		.byte	4
 604 0243 80       		.byte	-128
 605 0244 05       		.byte	5
 606 0245 04       		.byte	4
 607 0246 08       		.byte	8
 608 0247 08       		.byte	8
 609 0248 0A       		.byte	10
 610 0249 44       		.byte	68
 611 024a 0C       		.byte	12
 612 024b 80       		.byte	-128
 613 024c 0D       		.byte	13
 614 024d 02       		.byte	2
 615 024e 0E       		.byte	14
 616 024f 02       		.byte	2
 617 0250 10       		.byte	16
 618 0251 20       		.byte	32
 619 0252 12       		.byte	18
 620 0253 08       		.byte	8
 621 0254 13       		.byte	19
 622 0255 02       		.byte	2
 623 0256 16       		.byte	22
 624 0257 28       		.byte	40
 625 0258 17       		.byte	23
 626 0259 02       		.byte	2
 627 025a 18       		.byte	24
ARM GAS  C:\Users\LUISAL~1\AppData\Local\Temp\ccePrpcN.s 			page 12


 628 025b 80       		.byte	-128
 629 025c 19       		.byte	25
 630 025d 20       		.byte	32
 631 025e 1A       		.byte	26
 632 025f 44       		.byte	68
 633 0260 1E       		.byte	30
 634 0261 08       		.byte	8
 635 0262 1F       		.byte	31
 636 0263 82       		.byte	-126
 637 0264 20       		.byte	32
 638 0265 20       		.byte	32
 639 0266 21       		.byte	33
 640 0267 84       		.byte	-124
 641 0268 22       		.byte	34
 642 0269 08       		.byte	8
 643 026a 23       		.byte	35
 644 026b 02       		.byte	2
 645 026c 25       		.byte	37
 646 026d 01       		.byte	1
 647 026e 26       		.byte	38
 648 026f 10       		.byte	16
 649 0270 29       		.byte	41
 650 0271 01       		.byte	1
 651 0272 2F       		.byte	47
 652 0273 A0       		.byte	-96
 653 0274 30       		.byte	48
 654 0275 20       		.byte	32
 655 0276 31       		.byte	49
 656 0277 84       		.byte	-124
 657 0278 37       		.byte	55
 658 0279 10       		.byte	16
 659 027a 38       		.byte	56
 660 027b 80       		.byte	-128
 661 027c 39       		.byte	57
 662 027d 08       		.byte	8
 663 027e 3E       		.byte	62
 664 027f 08       		.byte	8
 665 0280 43       		.byte	67
 666 0281 02       		.byte	2
 667 0282 45       		.byte	69
 668 0283 02       		.byte	2
 669 0284 46       		.byte	70
 670 0285 20       		.byte	32
 671 0286 48       		.byte	72
 672 0287 E0       		.byte	-32
 673 0288 49       		.byte	73
 674 0289 01       		.byte	1
 675 028a 4F       		.byte	79
 676 028b 01       		.byte	1
 677 028c 56       		.byte	86
 678 028d 28       		.byte	40
 679 028e 57       		.byte	87
 680 028f 01       		.byte	1
 681 0290 5E       		.byte	94
 682 0291 A8       		.byte	-88
 683 0292 5F       		.byte	95
 684 0293 01       		.byte	1
ARM GAS  C:\Users\LUISAL~1\AppData\Local\Temp\ccePrpcN.s 			page 13


 685 0294 77       		.byte	119
 686 0295 40       		.byte	64
 687 0296 81       		.byte	-127
 688 0297 01       		.byte	1
 689 0298 C0       		.byte	-64
 690 0299 A5       		.byte	-91
 691 029a C2       		.byte	-62
 692 029b 9E       		.byte	-98
 693 029c C4       		.byte	-60
 694 029d 7E       		.byte	126
 695 029e CA       		.byte	-54
 696 029f C1       		.byte	-63
 697 02a0 CC       		.byte	-52
 698 02a1 2E       		.byte	46
 699 02a2 CE       		.byte	-50
 700 02a3 4A       		.byte	74
 701 02a4 D0       		.byte	-48
 702 02a5 C1       		.byte	-63
 703 02a6 D6       		.byte	-42
 704 02a7 F0       		.byte	-16
 705 02a8 E4       		.byte	-28
 706 02a9 01       		.byte	1
 707 02aa EE       		.byte	-18
 708 02ab 01       		.byte	1
 709 02ac 03       		.byte	3
 710 02ad 01       		.byte	1
 711 02ae 0C       		.byte	12
 712 02af 01       		.byte	1
 713 02b0 18       		.byte	24
 714 02b1 04       		.byte	4
 715 02b2 1E       		.byte	30
 716 02b3 02       		.byte	2
 717 02b4 2A       		.byte	42
 718 02b5 01       		.byte	1
 719 02b6 2F       		.byte	47
 720 02b7 01       		.byte	1
 721 02b8 31       		.byte	49
 722 02b9 01       		.byte	1
 723 02ba 32       		.byte	50
 724 02bb 01       		.byte	1
 725 02bc 34       		.byte	52
 726 02bd 04       		.byte	4
 727 02be 36       		.byte	54
 728 02bf 02       		.byte	2
 729 02c0 3E       		.byte	62
 730 02c1 10       		.byte	16
 731 02c2 54       		.byte	84
 732 02c3 01       		.byte	1
 733 02c4 58       		.byte	88
 734 02c5 04       		.byte	4
 735 02c6 59       		.byte	89
 736 02c7 04       		.byte	4
 737 02c8 5B       		.byte	91
 738 02c9 04       		.byte	4
 739 02ca 5D       		.byte	93
 740 02cb 10       		.byte	16
 741 02cc 5F       		.byte	95
ARM GAS  C:\Users\LUISAL~1\AppData\Local\Temp\ccePrpcN.s 			page 14


 742 02cd 01       		.byte	1
 743 02ce 00       		.byte	0
 744 02cf A0       		.byte	-96
 745 02d0 07       		.byte	7
 746 02d1 01       		.byte	1
 747 02d2 0A       		.byte	10
 748 02d3 60       		.byte	96
 749 02d4 0C       		.byte	12
 750 02d5 10       		.byte	16
 751 02d6 0F       		.byte	15
 752 02d7 06       		.byte	6
 753 02d8 12       		.byte	18
 754 02d9 04       		.byte	4
 755 02da 13       		.byte	19
 756 02db 12       		.byte	18
 757 02dc 16       		.byte	22
 758 02dd 08       		.byte	8
 759 02de 19       		.byte	25
 760 02df 84       		.byte	-124
 761 02e0 1A       		.byte	26
 762 02e1 20       		.byte	32
 763 02e2 1E       		.byte	30
 764 02e3 18       		.byte	24
 765 02e4 1F       		.byte	31
 766 02e5 80       		.byte	-128
 767 02e6 20       		.byte	32
 768 02e7 01       		.byte	1
 769 02e8 21       		.byte	33
 770 02e9 08       		.byte	8
 771 02ea 22       		.byte	34
 772 02eb 21       		.byte	33
 773 02ec 25       		.byte	37
 774 02ed 01       		.byte	1
 775 02ee 28       		.byte	40
 776 02ef 28       		.byte	40
 777 02f0 2A       		.byte	42
 778 02f1 02       		.byte	2
 779 02f2 2B       		.byte	43
 780 02f3 42       		.byte	66
 781 02f4 2F       		.byte	47
 782 02f5 01       		.byte	1
 783 02f6 31       		.byte	49
 784 02f7 19       		.byte	25
 785 02f8 32       		.byte	50
 786 02f9 80       		.byte	-128
 787 02fa 39       		.byte	57
 788 02fb 16       		.byte	22
 789 02fc 3A       		.byte	58
 790 02fd 80       		.byte	-128
 791 02fe 3F       		.byte	63
 792 02ff 02       		.byte	2
 793 0300 40       		.byte	64
 794 0301 09       		.byte	9
 795 0302 41       		.byte	65
 796 0303 10       		.byte	16
 797 0304 42       		.byte	66
 798 0305 04       		.byte	4
ARM GAS  C:\Users\LUISAL~1\AppData\Local\Temp\ccePrpcN.s 			page 15


 799 0306 43       		.byte	67
 800 0307 02       		.byte	2
 801 0308 48       		.byte	72
 802 0309 04       		.byte	4
 803 030a 49       		.byte	73
 804 030b 10       		.byte	16
 805 030c 4A       		.byte	74
 806 030d 80       		.byte	-128
 807 030e 4B       		.byte	75
 808 030f 80       		.byte	-128
 809 0310 50       		.byte	80
 810 0311 40       		.byte	64
 811 0312 5A       		.byte	90
 812 0313 02       		.byte	2
 813 0314 5C       		.byte	92
 814 0315 02       		.byte	2
 815 0316 5D       		.byte	93
 816 0317 80       		.byte	-128
 817 0318 5E       		.byte	94
 818 0319 08       		.byte	8
 819 031a 5F       		.byte	95
 820 031b 10       		.byte	16
 821 031c 61       		.byte	97
 822 031d 80       		.byte	-128
 823 031e 62       		.byte	98
 824 031f 20       		.byte	32
 825 0320 7E       		.byte	126
 826 0321 40       		.byte	64
 827 0322 7F       		.byte	127
 828 0323 40       		.byte	64
 829 0324 91       		.byte	-111
 830 0325 14       		.byte	20
 831 0326 92       		.byte	-110
 832 0327 C4       		.byte	-60
 833 0328 93       		.byte	-109
 834 0329 06       		.byte	6
 835 032a 94       		.byte	-108
 836 032b 04       		.byte	4
 837 032c 9A       		.byte	-102
 838 032d 04       		.byte	4
 839 032e 9B       		.byte	-101
 840 032f 22       		.byte	34
 841 0330 9D       		.byte	-99
 842 0331 04       		.byte	4
 843 0332 A0       		.byte	-96
 844 0333 FC       		.byte	-4
 845 0334 A3       		.byte	-93
 846 0335 41       		.byte	65
 847 0336 A5       		.byte	-91
 848 0337 01       		.byte	1
 849 0338 A7       		.byte	-89
 850 0339 A2       		.byte	-94
 851 033a A9       		.byte	-87
 852 033b 01       		.byte	1
 853 033c B0       		.byte	-80
 854 033d 02       		.byte	2
 855 033e B1       		.byte	-79
ARM GAS  C:\Users\LUISAL~1\AppData\Local\Temp\ccePrpcN.s 			page 16


 856 033f 04       		.byte	4
 857 0340 C0       		.byte	-64
 858 0341 83       		.byte	-125
 859 0342 C2       		.byte	-62
 860 0343 CC       		.byte	-52
 861 0344 C4       		.byte	-60
 862 0345 4A       		.byte	74
 863 0346 CA       		.byte	-54
 864 0347 1F       		.byte	31
 865 0348 CC       		.byte	-52
 866 0349 0F       		.byte	15
 867 034a CE       		.byte	-50
 868 034b 8F       		.byte	-113
 869 034c D0       		.byte	-48
 870 034d 0D       		.byte	13
 871 034e D2       		.byte	-46
 872 034f 0C       		.byte	12
 873 0350 D6       		.byte	-42
 874 0351 F1       		.byte	-15
 875 0352 D8       		.byte	-40
 876 0353 0C       		.byte	12
 877 0354 EC       		.byte	-20
 878 0355 01       		.byte	1
 879 0356 00       		.byte	0
 880 0357 44       		.byte	68
 881 0358 02       		.byte	2
 882 0359 20       		.byte	32
 883 035a 05       		.byte	5
 884 035b 07       		.byte	7
 885 035c 06       		.byte	6
 886 035d C3       		.byte	-61
 887 035e 08       		.byte	8
 888 035f DF       		.byte	-33
 889 0360 09       		.byte	9
 890 0361 07       		.byte	7
 891 0362 0E       		.byte	14
 892 0363 04       		.byte	4
 893 0364 0F       		.byte	15
 894 0365 08       		.byte	8
 895 0366 10       		.byte	16
 896 0367 C7       		.byte	-57
 897 0368 11       		.byte	17
 898 0369 01       		.byte	1
 899 036a 12       		.byte	18
 900 036b 18       		.byte	24
 901 036c 13       		.byte	19
 902 036d 06       		.byte	6
 903 036e 14       		.byte	20
 904 036f 80       		.byte	-128
 905 0370 15       		.byte	21
 906 0371 04       		.byte	4
 907 0372 17       		.byte	23
 908 0373 01       		.byte	1
 909 0374 18       		.byte	24
 910 0375 1C       		.byte	28
 911 0376 1A       		.byte	26
 912 0377 C2       		.byte	-62
ARM GAS  C:\Users\LUISAL~1\AppData\Local\Temp\ccePrpcN.s 			page 17


 913 0378 1C       		.byte	28
 914 0379 C0       		.byte	-64
 915 037a 1F       		.byte	31
 916 037b 08       		.byte	8
 917 037c 20       		.byte	32
 918 037d 10       		.byte	16
 919 037e 24       		.byte	36
 920 037f 08       		.byte	8
 921 0380 25       		.byte	37
 922 0381 02       		.byte	2
 923 0382 27       		.byte	39
 924 0383 01       		.byte	1
 925 0384 28       		.byte	40
 926 0385 18       		.byte	24
 927 0386 2C       		.byte	44
 928 0387 DC       		.byte	-36
 929 0388 2E       		.byte	46
 930 0389 01       		.byte	1
 931 038a 30       		.byte	48
 932 038b D8       		.byte	-40
 933 038c 31       		.byte	49
 934 038d 07       		.byte	7
 935 038e 34       		.byte	52
 936 038f 1F       		.byte	31
 937 0390 36       		.byte	54
 938 0391 20       		.byte	32
 939 0392 37       		.byte	55
 940 0393 08       		.byte	8
 941 0394 3A       		.byte	58
 942 0395 22       		.byte	34
 943 0396 3F       		.byte	63
 944 0397 40       		.byte	64
 945 0398 58       		.byte	88
 946 0399 04       		.byte	4
 947 039a 59       		.byte	89
 948 039b 04       		.byte	4
 949 039c 5C       		.byte	92
 950 039d 11       		.byte	17
 951 039e 5F       		.byte	95
 952 039f 01       		.byte	1
 953 03a0 86       		.byte	-122
 954 03a1 02       		.byte	2
 955 03a2 90       		.byte	-112
 956 03a3 01       		.byte	1
 957 03a4 99       		.byte	-103
 958 03a5 04       		.byte	4
 959 03a6 9A       		.byte	-102
 960 03a7 02       		.byte	2
 961 03a8 A2       		.byte	-94
 962 03a9 01       		.byte	1
 963 03aa A7       		.byte	-89
 964 03ab 06       		.byte	6
 965 03ac A8       		.byte	-88
 966 03ad 01       		.byte	1
 967 03ae AB       		.byte	-85
 968 03af 01       		.byte	1
 969 03b0 AE       		.byte	-82
ARM GAS  C:\Users\LUISAL~1\AppData\Local\Temp\ccePrpcN.s 			page 18


 970 03b1 01       		.byte	1
 971 03b2 B0       		.byte	-80
 972 03b3 01       		.byte	1
 973 03b4 B1       		.byte	-79
 974 03b5 04       		.byte	4
 975 03b6 B3       		.byte	-77
 976 03b7 02       		.byte	2
 977 03b8 B4       		.byte	-76
 978 03b9 02       		.byte	2
 979 03ba B7       		.byte	-73
 980 03bb 01       		.byte	1
 981 03bc B8       		.byte	-72
 982 03bd 02       		.byte	2
 983 03be BE       		.byte	-66
 984 03bf 10       		.byte	16
 985 03c0 C0       		.byte	-64
 986 03c1 20       		.byte	32
 987 03c2 C1       		.byte	-63
 988 03c3 03       		.byte	3
 989 03c4 C5       		.byte	-59
 990 03c5 D2       		.byte	-46
 991 03c6 C6       		.byte	-58
 992 03c7 10       		.byte	16
 993 03c8 C7       		.byte	-57
 994 03c9 05       		.byte	5
 995 03ca C8       		.byte	-56
 996 03cb 1B       		.byte	27
 997 03cc C9       		.byte	-55
 998 03cd FF       		.byte	-1
 999 03ce CA       		.byte	-54
 1000 03cf FF       		.byte	-1
 1001 03d0 CB       		.byte	-53
 1002 03d1 FF       		.byte	-1
 1003 03d2 CD       		.byte	-51
 1004 03d3 A0       		.byte	-96
 1005 03d4 CF       		.byte	-49
 1006 03d5 04       		.byte	4
 1007 03d6 D0       		.byte	-48
 1008 03d7 18       		.byte	24
 1009 03d8 D4       		.byte	-44
 1010 03d9 07       		.byte	7
 1011 03da D8       		.byte	-40
 1012 03db 04       		.byte	4
 1013 03dc D9       		.byte	-39
 1014 03dd 04       		.byte	4
 1015 03de DA       		.byte	-38
 1016 03df 04       		.byte	4
 1017 03e0 DB       		.byte	-37
 1018 03e1 04       		.byte	4
 1019 03e2 DC       		.byte	-36
 1020 03e3 01       		.byte	1
 1021 03e4 DF       		.byte	-33
 1022 03e5 01       		.byte	1
 1023 03e6 E0       		.byte	-32
 1024 03e7 40       		.byte	64
 1025 03e8 E2       		.byte	-30
 1026 03e9 C0       		.byte	-64
ARM GAS  C:\Users\LUISAL~1\AppData\Local\Temp\ccePrpcN.s 			page 19


 1027 03ea E4       		.byte	-28
 1028 03eb 40       		.byte	64
 1029 03ec E5       		.byte	-27
 1030 03ed 40       		.byte	64
 1031 03ee E6       		.byte	-26
 1032 03ef C0       		.byte	-64
 1033 03f0 E8       		.byte	-24
 1034 03f1 C0       		.byte	-64
 1035 03f2 EA       		.byte	-22
 1036 03f3 C0       		.byte	-64
 1037 03f4 EC       		.byte	-20
 1038 03f5 C0       		.byte	-64
 1039 03f6 EE       		.byte	-18
 1040 03f7 C0       		.byte	-64
 1041 03f8 00       		.byte	0
 1042 03f9 0A       		.byte	10
 1043 03fa 01       		.byte	1
 1044 03fb 80       		.byte	-128
 1045 03fc 02       		.byte	2
 1046 03fd 04       		.byte	4
 1047 03fe 07       		.byte	7
 1048 03ff 20       		.byte	32
 1049 0400 09       		.byte	9
 1050 0401 08       		.byte	8
 1051 0402 0A       		.byte	10
 1052 0403 46       		.byte	70
 1053 0404 0C       		.byte	12
 1054 0405 10       		.byte	16
 1055 0406 0E       		.byte	14
 1056 0407 40       		.byte	64
 1057 0408 0F       		.byte	15
 1058 0409 08       		.byte	8
 1059 040a 10       		.byte	16
 1060 040b A9       		.byte	-87
 1061 040c 14       		.byte	20
 1062 040d 01       		.byte	1
 1063 040e 15       		.byte	21
 1064 040f 20       		.byte	32
 1065 0410 16       		.byte	22
 1066 0411 86       		.byte	-122
 1067 0412 18       		.byte	24
 1068 0413 04       		.byte	4
 1069 0414 19       		.byte	25
 1070 0415 80       		.byte	-128
 1071 0416 1A       		.byte	26
 1072 0417 44       		.byte	68
 1073 0418 1B       		.byte	27
 1074 0419 02       		.byte	2
 1075 041a 1D       		.byte	29
 1076 041b 01       		.byte	1
 1077 041c 1E       		.byte	30
 1078 041d 08       		.byte	8
 1079 041e 21       		.byte	33
 1080 041f 83       		.byte	-125
 1081 0420 22       		.byte	34
 1082 0421 01       		.byte	1
 1083 0422 24       		.byte	36
ARM GAS  C:\Users\LUISAL~1\AppData\Local\Temp\ccePrpcN.s 			page 20


 1084 0423 40       		.byte	64
 1085 0424 27       		.byte	39
 1086 0425 11       		.byte	17
 1087 0426 28       		.byte	40
 1088 0427 20       		.byte	32
 1089 0428 2F       		.byte	47
 1090 0429 28       		.byte	40
 1091 042a 31       		.byte	49
 1092 042b 0A       		.byte	10
 1093 042c 32       		.byte	50
 1094 042d 40       		.byte	64
 1095 042e 37       		.byte	55
 1096 042f 10       		.byte	16
 1097 0430 38       		.byte	56
 1098 0431 80       		.byte	-128
 1099 0432 39       		.byte	57
 1100 0433 14       		.byte	20
 1101 0434 44       		.byte	68
 1102 0435 10       		.byte	16
 1103 0436 47       		.byte	71
 1104 0437 20       		.byte	32
 1105 0438 4F       		.byte	79
 1106 0439 09       		.byte	9
 1107 043a 56       		.byte	86
 1108 043b 08       		.byte	8
 1109 043c 57       		.byte	87
 1110 043d 28       		.byte	40
 1111 043e 5C       		.byte	92
 1112 043f 40       		.byte	64
 1113 0440 5E       		.byte	94
 1114 0441 18       		.byte	24
 1115 0442 5F       		.byte	95
 1116 0443 01       		.byte	1
 1117 0444 88       		.byte	-120
 1118 0445 21       		.byte	33
 1119 0446 8A       		.byte	-118
 1120 0447 84       		.byte	-124
 1121 0448 90       		.byte	-112
 1122 0449 80       		.byte	-128
 1123 044a 91       		.byte	-111
 1124 044b 34       		.byte	52
 1125 044c 92       		.byte	-110
 1126 044d 90       		.byte	-112
 1127 044e 94       		.byte	-108
 1128 044f 04       		.byte	4
 1129 0450 95       		.byte	-107
 1130 0451 02       		.byte	2
 1131 0452 9A       		.byte	-102
 1132 0453 02       		.byte	2
 1133 0454 9B       		.byte	-101
 1134 0455 20       		.byte	32
 1135 0456 9C       		.byte	-100
 1136 0457 20       		.byte	32
 1137 0458 9D       		.byte	-99
 1138 0459 01       		.byte	1
 1139 045a 9E       		.byte	-98
 1140 045b 88       		.byte	-120
ARM GAS  C:\Users\LUISAL~1\AppData\Local\Temp\ccePrpcN.s 			page 21


 1141 045c 9F       		.byte	-97
 1142 045d 01       		.byte	1
 1143 045e A0       		.byte	-96
 1144 045f AC       		.byte	-84
 1145 0460 A1       		.byte	-95
 1146 0461 08       		.byte	8
 1147 0462 A5       		.byte	-91
 1148 0463 80       		.byte	-128
 1149 0464 A7       		.byte	-89
 1150 0465 22       		.byte	34
 1151 0466 AC       		.byte	-84
 1152 0467 12       		.byte	18
 1153 0468 C0       		.byte	-64
 1154 0469 2F       		.byte	47
 1155 046a C2       		.byte	-62
 1156 046b 5F       		.byte	95
 1157 046c C4       		.byte	-60
 1158 046d DF       		.byte	-33
 1159 046e CA       		.byte	-54
 1160 046f 62       		.byte	98
 1161 0470 CC       		.byte	-52
 1162 0471 2B       		.byte	43
 1163 0472 CE       		.byte	-50
 1164 0473 0E       		.byte	14
 1165 0474 D0       		.byte	-48
 1166 0475 60       		.byte	96
 1167 0476 D6       		.byte	-42
 1168 0477 F0       		.byte	-16
 1169 0478 3D       		.byte	61
 1170 0479 02       		.byte	2
 1171 047a 3F       		.byte	63
 1172 047b 20       		.byte	32
 1173 047c CE       		.byte	-50
 1174 047d A0       		.byte	-96
 1175 047e A5       		.byte	-91
 1176 047f 01       		.byte	1
 1177 0480 A7       		.byte	-89
 1178 0481 10       		.byte	16
 1179 0482 83       		.byte	-125
 1180 0483 10       		.byte	16
 1181 0484 A5       		.byte	-91
 1182 0485 01       		.byte	1
 1183 0486 A7       		.byte	-89
 1184 0487 10       		.byte	16
 1185 0488 E6       		.byte	-26
 1186 0489 80       		.byte	-128
 1187 048a A5       		.byte	-91
 1188 048b 01       		.byte	1
 1189 048c 31       		.byte	49
 1190 048d 80       		.byte	-128
 1191 048e 81       		.byte	-127
 1192 048f 80       		.byte	-128
 1193 0490 CC       		.byte	-52
 1194 0491 08       		.byte	8
 1195 0492 31       		.byte	49
 1196 0493 80       		.byte	-128
 1197 0494 84       		.byte	-124
ARM GAS  C:\Users\LUISAL~1\AppData\Local\Temp\ccePrpcN.s 			page 22


 1198 0495 04       		.byte	4
 1199 0496 CC       		.byte	-52
 1200 0497 08       		.byte	8
 1201 0498 A9       		.byte	-87
 1202 0499 01       		.byte	1
 1203 049a EE       		.byte	-18
 1204 049b 80       		.byte	-128
 1205 049c A0       		.byte	-96
 1206 049d 04       		.byte	4
 1207 049e A9       		.byte	-87
 1208 049f 80       		.byte	-128
 1209 04a0 10       		.byte	16
 1210 04a1 40       		.byte	64
 1211 04a2 74       		.byte	116
 1212 04a3 04       		.byte	4
 1213 04a4 88       		.byte	-120
 1214 04a5 40       		.byte	64
 1215 04a6 A0       		.byte	-96
 1216 04a7 04       		.byte	4
 1217 04a8 C4       		.byte	-60
 1218 04a9 08       		.byte	8
 1219 04aa DE       		.byte	-34
 1220 04ab 04       		.byte	4
 1221 04ac E2       		.byte	-30
 1222 04ad 01       		.byte	1
 1223 04ae 00       		.byte	0
 1224 04af 03       		.byte	3
 1225 04b0 01       		.byte	1
 1226 04b1 01       		.byte	1
 1227 04b2 0C       		.byte	12
 1228 04b3 03       		.byte	3
 1229 04b4 0D       		.byte	13
 1230 04b5 01       		.byte	1
 1231 04b6 10       		.byte	16
 1232 04b7 03       		.byte	3
 1233 04b8 11       		.byte	17
 1234 04b9 01       		.byte	1
 1235 04ba 1C       		.byte	28
 1236 04bb 03       		.byte	3
 1237 04bc 1D       		.byte	29
 1238 04bd 01       		.byte	1
 1239 04be 10       		.byte	16
 1240 04bf 22       		.byte	34
 1241 04c0 80       		.byte	-128
 1242 04c1 80       		.byte	-128
 1243 04c2 00       		.byte	0
 1244 04c3 00       		.byte	0
 1245 04c4 40       		.byte	64
 1246 04c5 00       		.byte	0
 1247 04c6 00       		.byte	0
 1248 04c7 00       		.byte	0
 1249 04c8 00       		.byte	0
 1250 04c9 03       		.byte	3
 1251 04ca 00       		.byte	0
 1252 04cb 04       		.byte	4
 1253 04cc 00       		.byte	0
 1254 04cd 30       		.byte	48
ARM GAS  C:\Users\LUISAL~1\AppData\Local\Temp\ccePrpcN.s 			page 23


 1255 04ce 00       		.byte	0
 1256 04cf 00       		.byte	0
 1257 04d0 00       		.byte	0
 1258 04d1 30       		.byte	48
 1259 04d2 08       		.byte	8
 1260 04d3 00       		.byte	0
 1261 04d4 00       		.byte	0
 1262 04d5 00       		.byte	0
 1263 04d6 15       		.byte	21
 1264 04d7 03       		.byte	3
 1265 04d8 13       		.byte	19
 1266 04d9 00       		.byte	0
 1267 04da 04       		.byte	4
 1268 04db 40       		.byte	64
 1269 04dc 13       		.byte	19
 1270 04dd 22       		.byte	34
 1271 04de 0C       		.byte	12
 1272 04df 18       		.byte	24
 1273 04e0 00       		.byte	0
 1274 04e1 00       		.byte	0
 1275 04e2 00       		.byte	0
 1276 04e3 03       		.byte	3
 1277 04e4 00       		.byte	0
 1278 04e5 00       		.byte	0
 1279 04e6 00       		.byte	0
 1280 04e7 40       		.byte	64
 1281 04e8 0A       		.byte	10
 1282 04e9 00       		.byte	0
 1283 04ea 14       		.byte	20
 1284 04eb 03       		.byte	3
 1285 04ec 00       		.byte	0
 1286 04ed 11       		.byte	17
 1287 04ee 00       		.byte	0
 1288 04ef 28       		.byte	40
 1289 04f0 03       		.byte	3
 1290 04f1 03       		.byte	3
 1291 04f2 14       		.byte	20
 1292 04f3 00       		.byte	0
 1293 04f4 00       		.byte	0
 1294 04f5 03       		.byte	3
 1295 04f6 00       		.byte	0
 1296 04f7 00       		.byte	0
 1297 04f8 00       		.byte	0
 1298 04f9 03       		.byte	3
 1299 04fa 0F       		.byte	15
 1300 04fb 30       		.byte	48
 1301 04fc 00       		.byte	0
 1302 04fd 40       		.byte	64
 1303 04fe 10       		.byte	16
 1304 04ff 0C       		.byte	12
 1305 0500 00       		.byte	0
 1306 0501 00       		.byte	0
 1307 0502 08       		.byte	8
 1308 0503 00       		.byte	0
 1309 0504 00       		.byte	0
 1310 0505 00       		.byte	0
 1311 0506 40       		.byte	64
ARM GAS  C:\Users\LUISAL~1\AppData\Local\Temp\ccePrpcN.s 			page 24


 1312 0507 50       		.byte	80
 1313 0508 46       		.byte	70
 1314 0509 02       		.byte	2
 1315 050a 05       		.byte	5
 1316 050b 00       		.byte	0
 1317 050c 01       		.byte	1
 1318 050d E0       		.byte	-32
 1319 050e 0C       		.byte	12
 1320 050f 00       		.byte	0
 1321 0510 06       		.byte	6
 1322 0511 FF       		.byte	-1
 1323 0512 FF       		.byte	-1
 1324 0513 FF       		.byte	-1
 1325 0514 62       		.byte	98
 1326 0515 A0       		.byte	-96
 1327 0516 F0       		.byte	-16
 1328 0517 41       		.byte	65
 1329 0518 0C       		.byte	12
 1330 0519 00       		.byte	0
 1331 051a 00       		.byte	0
 1332 051b 00       		.byte	0
 1333 051c 18       		.byte	24
 1334 051d 00       		.byte	0
 1335 051e 00       		.byte	0
 1336 051f 00       		.byte	0
 1337 0520 04       		.byte	4
 1338 0521 04       		.byte	4
 1339 0522 04       		.byte	4
 1340 0523 04       		.byte	4
 1341 0524 11       		.byte	17
 1342 0525 11       		.byte	17
 1343 0526 00       		.byte	0
 1344 0527 01       		.byte	1
 1345 0528 00       		.byte	0
 1346 0529 00       		.byte	0
 1347 052a 00       		.byte	0
 1348 052b 00       		.byte	0
 1349 052c 00       		.byte	0
 1350 052d 00       		.byte	0
 1351 052e 40       		.byte	64
 1352 052f 02       		.byte	2
 1353 0530 00       		.byte	0
 1354 0531 10       		.byte	16
 1355 0532 30       		.byte	48
 1356 0533 10       		.byte	16
 1357 0534 00       		.byte	0
 1358 0535 10       		.byte	16
 1359 0536 10       		.byte	16
 1360 0537 12       		.byte	18
 1361 0538 00       		.byte	0
 1362 0539 00       		.byte	0
 1363 053a 00       		.byte	0
 1364 053b 00       		.byte	0
 1365 053c 00       		.byte	0
 1366 053d 00       		.byte	0
 1367 053e 00       		.byte	0
 1368 053f 00       		.byte	0
ARM GAS  C:\Users\LUISAL~1\AppData\Local\Temp\ccePrpcN.s 			page 25


 1369 0540 00       		.byte	0
 1370 0541 00       		.byte	0
 1371 0542 00       		.byte	0
 1372 0543 00       		.byte	0
 1373 0544 00       		.byte	0
 1374 0545 00       		.byte	0
 1375 0546 00       		.byte	0
 1376 0547 00       		.byte	0
 1377 0548 00       		.byte	0
 1378 0549 00       		.byte	0
 1379 054a 00       		.byte	0
 1380 054b 00       		.byte	0
 1381 054c 00       		.byte	0
 1382 054d 00       		.byte	0
 1383 054e 01       		.byte	1
 1384 054f 00       		.byte	0
 1385 0550 80       		.byte	-128
 1386 0551 00       		.byte	0
 1387 0552 40       		.byte	64
 1388 0553 80       		.byte	-128
 1389 0554 80       		.byte	-128
 1390 0555 00       		.byte	0
 1391 0556 80       		.byte	-128
 1392 0557 00       		.byte	0
 1393 0558 00       		.byte	0
 1394 0559 00       		.byte	0
 1395 055a 00       		.byte	0
 1396 055b 00       		.byte	0
 1397 055c 00       		.byte	0
 1398 055d 0B       		.byte	11
 1399 055e 0B       		.byte	11
 1400 055f 00       		.byte	0
 1401 0560 00       		.byte	0
 1402 0561 00       		.byte	0
 1403 0562 00       		.byte	0
 1404 0563 00       		.byte	0
 1405              		.global	cy_meta_custnvl
 1406              		.section	.cycustnvl,"a",%progbits
 1407              		.align	2
 1408              		.type	cy_meta_custnvl, %object
 1409              		.size	cy_meta_custnvl, 4
 1410              	cy_meta_custnvl:
 1411 0000 00       		.byte	0
 1412 0001 00       		.byte	0
 1413 0002 40       		.byte	64
 1414 0003 05       		.byte	5
 1415              		.global	cy_meta_wonvl
 1416              		.section	.cywolatch,"a",%progbits
 1417              		.align	2
 1418              		.type	cy_meta_wonvl, %object
 1419              		.size	cy_meta_wonvl, 4
 1420              	cy_meta_wonvl:
 1421 0000 BC       		.byte	-68
 1422 0001 90       		.byte	-112
 1423 0002 AC       		.byte	-84
 1424 0003 AF       		.byte	-81
 1425              		.global	cy_meta_flashprotect
ARM GAS  C:\Users\LUISAL~1\AppData\Local\Temp\ccePrpcN.s 			page 26


 1426              		.section	.cyflashprotect,"a",%progbits
 1427              		.align	2
 1428              		.type	cy_meta_flashprotect, %object
 1429              		.size	cy_meta_flashprotect, 256
 1430              	cy_meta_flashprotect:
 1431 0000 00000000 		.space	256
 1431      00000000 
 1431      00000000 
 1431      00000000 
 1431      00000000 
 1432              		.global	cy_metadata
 1433              		.section	.cymeta,"a",%progbits
 1434              		.align	2
 1435              		.type	cy_metadata, %object
 1436              		.size	cy_metadata, 12
 1437              	cy_metadata:
 1438 0000 00       		.byte	0
 1439 0001 01       		.byte	1
 1440 0002 2E       		.byte	46
 1441 0003 16       		.byte	22
 1442 0004 10       		.byte	16
 1443 0005 69       		.byte	105
 1444 0006 00       		.byte	0
 1445 0007 01       		.byte	1
 1446 0008 00       		.byte	0
 1447 0009 00       		.byte	0
 1448 000a 00       		.byte	0
 1449 000b 00       		.byte	0
 1450              		.text
 1451              	.Letext0:
 1452              		.file 1 "c:\\program files (x86)\\cypress\\psoc creator\\4.1\\psoc creator\\import\\gnu\\arm\\5.4.
 1453              		.file 2 "c:\\program files (x86)\\cypress\\psoc creator\\4.1\\psoc creator\\import\\gnu\\arm\\5.4.
 1454              		.file 3 "Generated_Source\\PSoC5\\cymetadata.c"
 1455              		.section	.debug_info,"",%progbits
 1456              	.Ldebug_info0:
 1457 0000 32010000 		.4byte	0x132
 1458 0004 0400     		.2byte	0x4
 1459 0006 00000000 		.4byte	.Ldebug_abbrev0
 1460 000a 04       		.byte	0x4
 1461 000b 01       		.uleb128 0x1
 1462 000c 0A000000 		.4byte	.LASF17
 1463 0010 0C       		.byte	0xc
 1464 0011 CB010000 		.4byte	.LASF18
 1465 0015 A4000000 		.4byte	.LASF19
 1466 0019 00000000 		.4byte	.Ldebug_line0
 1467 001d 02       		.uleb128 0x2
 1468 001e 01       		.byte	0x1
 1469 001f 06       		.byte	0x6
 1470 0020 BF010000 		.4byte	.LASF0
 1471 0024 03       		.uleb128 0x3
 1472 0025 00000000 		.4byte	.LASF9
 1473 0029 01       		.byte	0x1
 1474 002a 1D       		.byte	0x1d
 1475 002b 2F000000 		.4byte	0x2f
 1476 002f 02       		.uleb128 0x2
 1477 0030 01       		.byte	0x1
 1478 0031 08       		.byte	0x8
ARM GAS  C:\Users\LUISAL~1\AppData\Local\Temp\ccePrpcN.s 			page 27


 1479 0032 F1000000 		.4byte	.LASF1
 1480 0036 02       		.uleb128 0x2
 1481 0037 02       		.byte	0x2
 1482 0038 05       		.byte	0x5
 1483 0039 AC010000 		.4byte	.LASF2
 1484 003d 02       		.uleb128 0x2
 1485 003e 02       		.byte	0x2
 1486 003f 07       		.byte	0x7
 1487 0040 11010000 		.4byte	.LASF3
 1488 0044 02       		.uleb128 0x2
 1489 0045 04       		.byte	0x4
 1490 0046 05       		.byte	0x5
 1491 0047 B6010000 		.4byte	.LASF4
 1492 004b 02       		.uleb128 0x2
 1493 004c 04       		.byte	0x4
 1494 004d 07       		.byte	0x7
 1495 004e FF000000 		.4byte	.LASF5
 1496 0052 02       		.uleb128 0x2
 1497 0053 08       		.byte	0x8
 1498 0054 05       		.byte	0x5
 1499 0055 9E010000 		.4byte	.LASF6
 1500 0059 02       		.uleb128 0x2
 1501 005a 08       		.byte	0x8
 1502 005b 07       		.byte	0x7
 1503 005c 53010000 		.4byte	.LASF7
 1504 0060 04       		.uleb128 0x4
 1505 0061 04       		.byte	0x4
 1506 0062 05       		.byte	0x5
 1507 0063 696E7400 		.ascii	"int\000"
 1508 0067 02       		.uleb128 0x2
 1509 0068 04       		.byte	0x4
 1510 0069 07       		.byte	0x7
 1511 006a 46010000 		.4byte	.LASF8
 1512 006e 03       		.uleb128 0x3
 1513 006f 6A010000 		.4byte	.LASF10
 1514 0073 02       		.byte	0x2
 1515 0074 18       		.byte	0x18
 1516 0075 24000000 		.4byte	0x24
 1517 0079 05       		.uleb128 0x5
 1518 007a 91000000 		.4byte	0x91
 1519 007e 8A000000 		.4byte	0x8a
 1520 0082 06       		.uleb128 0x6
 1521 0083 8A000000 		.4byte	0x8a
 1522 0087 6305     		.2byte	0x563
 1523 0089 00       		.byte	0
 1524 008a 02       		.uleb128 0x2
 1525 008b 04       		.byte	0x4
 1526 008c 07       		.byte	0x7
 1527 008d 95010000 		.4byte	.LASF11
 1528 0091 07       		.uleb128 0x7
 1529 0092 6E000000 		.4byte	0x6e
 1530 0096 08       		.uleb128 0x8
 1531 0097 34010000 		.4byte	.LASF12
 1532 009b 03       		.byte	0x3
 1533 009c 1F       		.byte	0x1f
 1534 009d A7000000 		.4byte	0xa7
 1535 00a1 05       		.uleb128 0x5
ARM GAS  C:\Users\LUISAL~1\AppData\Local\Temp\ccePrpcN.s 			page 28


 1536 00a2 03       		.byte	0x3
 1537 00a3 00000000 		.4byte	cy_meta_configecc
 1538 00a7 07       		.uleb128 0x7
 1539 00a8 79000000 		.4byte	0x79
 1540 00ac 05       		.uleb128 0x5
 1541 00ad 91000000 		.4byte	0x91
 1542 00b1 BC000000 		.4byte	0xbc
 1543 00b5 09       		.uleb128 0x9
 1544 00b6 8A000000 		.4byte	0x8a
 1545 00ba 03       		.byte	0x3
 1546 00bb 00       		.byte	0
 1547 00bc 08       		.uleb128 0x8
 1548 00bd 24010000 		.4byte	.LASF13
 1549 00c1 03       		.byte	0x3
 1550 00c2 D9       		.byte	0xd9
 1551 00c3 CD000000 		.4byte	0xcd
 1552 00c7 05       		.uleb128 0x5
 1553 00c8 03       		.byte	0x3
 1554 00c9 00000000 		.4byte	cy_meta_custnvl
 1555 00cd 07       		.uleb128 0x7
 1556 00ce AC000000 		.4byte	0xac
 1557 00d2 08       		.uleb128 0x8
 1558 00d3 87010000 		.4byte	.LASF14
 1559 00d7 03       		.byte	0x3
 1560 00d8 E7       		.byte	0xe7
 1561 00d9 E3000000 		.4byte	0xe3
 1562 00dd 05       		.uleb128 0x5
 1563 00de 03       		.byte	0x3
 1564 00df 00000000 		.4byte	cy_meta_wonvl
 1565 00e3 07       		.uleb128 0x7
 1566 00e4 AC000000 		.4byte	0xac
 1567 00e8 05       		.uleb128 0x5
 1568 00e9 91000000 		.4byte	0x91
 1569 00ed F8000000 		.4byte	0xf8
 1570 00f1 09       		.uleb128 0x9
 1571 00f2 8A000000 		.4byte	0x8a
 1572 00f6 FF       		.byte	0xff
 1573 00f7 00       		.byte	0
 1574 00f8 08       		.uleb128 0x8
 1575 00f9 72010000 		.4byte	.LASF15
 1576 00fd 03       		.byte	0x3
 1577 00fe F5       		.byte	0xf5
 1578 00ff 09010000 		.4byte	0x109
 1579 0103 05       		.uleb128 0x5
 1580 0104 03       		.byte	0x3
 1581 0105 00000000 		.4byte	cy_meta_flashprotect
 1582 0109 07       		.uleb128 0x7
 1583 010a E8000000 		.4byte	0xe8
 1584 010e 05       		.uleb128 0x5
 1585 010f 91000000 		.4byte	0x91
 1586 0113 1E010000 		.4byte	0x11e
 1587 0117 09       		.uleb128 0x9
 1588 0118 8A000000 		.4byte	0x8a
 1589 011c 0B       		.byte	0xb
 1590 011d 00       		.byte	0
 1591 011e 0A       		.uleb128 0xa
 1592 011f 98000000 		.4byte	.LASF16
ARM GAS  C:\Users\LUISAL~1\AppData\Local\Temp\ccePrpcN.s 			page 29


 1593 0123 03       		.byte	0x3
 1594 0124 2201     		.2byte	0x122
 1595 0126 30010000 		.4byte	0x130
 1596 012a 05       		.uleb128 0x5
 1597 012b 03       		.byte	0x3
 1598 012c 00000000 		.4byte	cy_metadata
 1599 0130 07       		.uleb128 0x7
 1600 0131 0E010000 		.4byte	0x10e
 1601 0135 00       		.byte	0
 1602              		.section	.debug_abbrev,"",%progbits
 1603              	.Ldebug_abbrev0:
 1604 0000 01       		.uleb128 0x1
 1605 0001 11       		.uleb128 0x11
 1606 0002 01       		.byte	0x1
 1607 0003 25       		.uleb128 0x25
 1608 0004 0E       		.uleb128 0xe
 1609 0005 13       		.uleb128 0x13
 1610 0006 0B       		.uleb128 0xb
 1611 0007 03       		.uleb128 0x3
 1612 0008 0E       		.uleb128 0xe
 1613 0009 1B       		.uleb128 0x1b
 1614 000a 0E       		.uleb128 0xe
 1615 000b 10       		.uleb128 0x10
 1616 000c 17       		.uleb128 0x17
 1617 000d 00       		.byte	0
 1618 000e 00       		.byte	0
 1619 000f 02       		.uleb128 0x2
 1620 0010 24       		.uleb128 0x24
 1621 0011 00       		.byte	0
 1622 0012 0B       		.uleb128 0xb
 1623 0013 0B       		.uleb128 0xb
 1624 0014 3E       		.uleb128 0x3e
 1625 0015 0B       		.uleb128 0xb
 1626 0016 03       		.uleb128 0x3
 1627 0017 0E       		.uleb128 0xe
 1628 0018 00       		.byte	0
 1629 0019 00       		.byte	0
 1630 001a 03       		.uleb128 0x3
 1631 001b 16       		.uleb128 0x16
 1632 001c 00       		.byte	0
 1633 001d 03       		.uleb128 0x3
 1634 001e 0E       		.uleb128 0xe
 1635 001f 3A       		.uleb128 0x3a
 1636 0020 0B       		.uleb128 0xb
 1637 0021 3B       		.uleb128 0x3b
 1638 0022 0B       		.uleb128 0xb
 1639 0023 49       		.uleb128 0x49
 1640 0024 13       		.uleb128 0x13
 1641 0025 00       		.byte	0
 1642 0026 00       		.byte	0
 1643 0027 04       		.uleb128 0x4
 1644 0028 24       		.uleb128 0x24
 1645 0029 00       		.byte	0
 1646 002a 0B       		.uleb128 0xb
 1647 002b 0B       		.uleb128 0xb
 1648 002c 3E       		.uleb128 0x3e
 1649 002d 0B       		.uleb128 0xb
ARM GAS  C:\Users\LUISAL~1\AppData\Local\Temp\ccePrpcN.s 			page 30


 1650 002e 03       		.uleb128 0x3
 1651 002f 08       		.uleb128 0x8
 1652 0030 00       		.byte	0
 1653 0031 00       		.byte	0
 1654 0032 05       		.uleb128 0x5
 1655 0033 01       		.uleb128 0x1
 1656 0034 01       		.byte	0x1
 1657 0035 49       		.uleb128 0x49
 1658 0036 13       		.uleb128 0x13
 1659 0037 01       		.uleb128 0x1
 1660 0038 13       		.uleb128 0x13
 1661 0039 00       		.byte	0
 1662 003a 00       		.byte	0
 1663 003b 06       		.uleb128 0x6
 1664 003c 21       		.uleb128 0x21
 1665 003d 00       		.byte	0
 1666 003e 49       		.uleb128 0x49
 1667 003f 13       		.uleb128 0x13
 1668 0040 2F       		.uleb128 0x2f
 1669 0041 05       		.uleb128 0x5
 1670 0042 00       		.byte	0
 1671 0043 00       		.byte	0
 1672 0044 07       		.uleb128 0x7
 1673 0045 26       		.uleb128 0x26
 1674 0046 00       		.byte	0
 1675 0047 49       		.uleb128 0x49
 1676 0048 13       		.uleb128 0x13
 1677 0049 00       		.byte	0
 1678 004a 00       		.byte	0
 1679 004b 08       		.uleb128 0x8
 1680 004c 34       		.uleb128 0x34
 1681 004d 00       		.byte	0
 1682 004e 03       		.uleb128 0x3
 1683 004f 0E       		.uleb128 0xe
 1684 0050 3A       		.uleb128 0x3a
 1685 0051 0B       		.uleb128 0xb
 1686 0052 3B       		.uleb128 0x3b
 1687 0053 0B       		.uleb128 0xb
 1688 0054 49       		.uleb128 0x49
 1689 0055 13       		.uleb128 0x13
 1690 0056 3F       		.uleb128 0x3f
 1691 0057 19       		.uleb128 0x19
 1692 0058 02       		.uleb128 0x2
 1693 0059 18       		.uleb128 0x18
 1694 005a 00       		.byte	0
 1695 005b 00       		.byte	0
 1696 005c 09       		.uleb128 0x9
 1697 005d 21       		.uleb128 0x21
 1698 005e 00       		.byte	0
 1699 005f 49       		.uleb128 0x49
 1700 0060 13       		.uleb128 0x13
 1701 0061 2F       		.uleb128 0x2f
 1702 0062 0B       		.uleb128 0xb
 1703 0063 00       		.byte	0
 1704 0064 00       		.byte	0
 1705 0065 0A       		.uleb128 0xa
 1706 0066 34       		.uleb128 0x34
ARM GAS  C:\Users\LUISAL~1\AppData\Local\Temp\ccePrpcN.s 			page 31


 1707 0067 00       		.byte	0
 1708 0068 03       		.uleb128 0x3
 1709 0069 0E       		.uleb128 0xe
 1710 006a 3A       		.uleb128 0x3a
 1711 006b 0B       		.uleb128 0xb
 1712 006c 3B       		.uleb128 0x3b
 1713 006d 05       		.uleb128 0x5
 1714 006e 49       		.uleb128 0x49
 1715 006f 13       		.uleb128 0x13
 1716 0070 3F       		.uleb128 0x3f
 1717 0071 19       		.uleb128 0x19
 1718 0072 02       		.uleb128 0x2
 1719 0073 18       		.uleb128 0x18
 1720 0074 00       		.byte	0
 1721 0075 00       		.byte	0
 1722 0076 00       		.byte	0
 1723              		.section	.debug_aranges,"",%progbits
 1724 0000 14000000 		.4byte	0x14
 1725 0004 0200     		.2byte	0x2
 1726 0006 00000000 		.4byte	.Ldebug_info0
 1727 000a 04       		.byte	0x4
 1728 000b 00       		.byte	0
 1729 000c 0000     		.2byte	0
 1730 000e 0000     		.2byte	0
 1731 0010 00000000 		.4byte	0
 1732 0014 00000000 		.4byte	0
 1733              		.section	.debug_line,"",%progbits
 1734              	.Ldebug_line0:
 1735 0000 3D010000 		.section	.debug_str,"MS",%progbits,1
 1735      02003701 
 1735      00000201 
 1735      FB0E0D00 
 1735      01010101 
 1736              	.LASF9:
 1737 0000 5F5F7569 		.ascii	"__uint8_t\000"
 1737      6E74385F 
 1737      7400
 1738              	.LASF17:
 1739 000a 474E5520 		.ascii	"GNU C11 5.4.1 20160609 (release) [ARM/embedded-5-br"
 1739      43313120 
 1739      352E342E 
 1739      31203230 
 1739      31363036 
 1740 003d 616E6368 		.ascii	"anch revision 237715] -mcpu=cortex-m3 -mthumb -g -O"
 1740      20726576 
 1740      6973696F 
 1740      6E203233 
 1740      37373135 
 1741 0070 30202D66 		.ascii	"0 -ffunction-sections -ffat-lto-objects\000"
 1741      66756E63 
 1741      74696F6E 
 1741      2D736563 
 1741      74696F6E 
 1742              	.LASF16:
 1743 0098 63795F6D 		.ascii	"cy_metadata\000"
 1743      65746164 
 1743      61746100 
ARM GAS  C:\Users\LUISAL~1\AppData\Local\Temp\ccePrpcN.s 			page 32


 1744              	.LASF19:
 1745 00a4 433A5C55 		.ascii	"C:\\Users\\Luis Alonso Murillo\\Documents\\GitHub\\"
 1745      73657273 
 1745      5C4C7569 
 1745      7320416C 
 1745      6F6E736F 
 1746 00d2 44544D46 		.ascii	"DTMF\\transmitter\\Encoder.cydsn\000"
 1746      5C747261 
 1746      6E736D69 
 1746      74746572 
 1746      5C456E63 
 1747              	.LASF1:
 1748 00f1 756E7369 		.ascii	"unsigned char\000"
 1748      676E6564 
 1748      20636861 
 1748      7200
 1749              	.LASF5:
 1750 00ff 6C6F6E67 		.ascii	"long unsigned int\000"
 1750      20756E73 
 1750      69676E65 
 1750      6420696E 
 1750      7400
 1751              	.LASF3:
 1752 0111 73686F72 		.ascii	"short unsigned int\000"
 1752      7420756E 
 1752      7369676E 
 1752      65642069 
 1752      6E7400
 1753              	.LASF13:
 1754 0124 63795F6D 		.ascii	"cy_meta_custnvl\000"
 1754      6574615F 
 1754      63757374 
 1754      6E766C00 
 1755              	.LASF12:
 1756 0134 63795F6D 		.ascii	"cy_meta_configecc\000"
 1756      6574615F 
 1756      636F6E66 
 1756      69676563 
 1756      6300
 1757              	.LASF8:
 1758 0146 756E7369 		.ascii	"unsigned int\000"
 1758      676E6564 
 1758      20696E74 
 1758      00
 1759              	.LASF7:
 1760 0153 6C6F6E67 		.ascii	"long long unsigned int\000"
 1760      206C6F6E 
 1760      6720756E 
 1760      7369676E 
 1760      65642069 
 1761              	.LASF10:
 1762 016a 75696E74 		.ascii	"uint8_t\000"
 1762      385F7400 
 1763              	.LASF15:
 1764 0172 63795F6D 		.ascii	"cy_meta_flashprotect\000"
 1764      6574615F 
 1764      666C6173 
ARM GAS  C:\Users\LUISAL~1\AppData\Local\Temp\ccePrpcN.s 			page 33


 1764      6870726F 
 1764      74656374 
 1765              	.LASF14:
 1766 0187 63795F6D 		.ascii	"cy_meta_wonvl\000"
 1766      6574615F 
 1766      776F6E76 
 1766      6C00
 1767              	.LASF11:
 1768 0195 73697A65 		.ascii	"sizetype\000"
 1768      74797065 
 1768      00
 1769              	.LASF6:
 1770 019e 6C6F6E67 		.ascii	"long long int\000"
 1770      206C6F6E 
 1770      6720696E 
 1770      7400
 1771              	.LASF2:
 1772 01ac 73686F72 		.ascii	"short int\000"
 1772      7420696E 
 1772      7400
 1773              	.LASF4:
 1774 01b6 6C6F6E67 		.ascii	"long int\000"
 1774      20696E74 
 1774      00
 1775              	.LASF0:
 1776 01bf 7369676E 		.ascii	"signed char\000"
 1776      65642063 
 1776      68617200 
 1777              	.LASF18:
 1778 01cb 47656E65 		.ascii	"Generated_Source\\PSoC5\\cymetadata.c\000"
 1778      72617465 
 1778      645F536F 
 1778      75726365 
 1778      5C50536F 
 1779              		.ident	"GCC: (GNU Tools for ARM Embedded Processors) 5.4.1 20160609 (release) [ARM/embedded-5-bran
