ARM GAS  C:\Users\LUISAL~1\AppData\Local\Temp\cc8IIFSz.s 			page 1


   1              		.syntax unified
   2              		.cpu cortex-m3
   3              		.fpu softvfp
   4              		.eabi_attribute 20, 1
   5              		.eabi_attribute 21, 1
   6              		.eabi_attribute 23, 3
   7              		.eabi_attribute 24, 1
   8              		.eabi_attribute 25, 1
   9              		.eabi_attribute 26, 1
  10              		.eabi_attribute 30, 6
  11              		.eabi_attribute 34, 1
  12              		.eabi_attribute 18, 4
  13              		.thumb
  14              		.syntax unified
  15              		.file	"Filter_Coefficients.c"
  16              		.text
  17              	.Ltext0:
  18              		.cfi_sections	.debug_frame
  19              		.global	Filter_ChannelAFirCoefficients
  20              		.section	.rodata
  21              		.align	2
  22              		.type	Filter_ChannelAFirCoefficients, %object
  23              		.size	Filter_ChannelAFirCoefficients, 120
  24              	Filter_ChannelAFirCoefficients:
  25 0000 01       		.byte	1
  26 0001 00       		.byte	0
  27 0002 00       		.byte	0
  28 0003 00       		.byte	0
  29 0004 0A       		.byte	10
  30 0005 00       		.byte	0
  31 0006 00       		.byte	0
  32 0007 00       		.byte	0
  33 0008 3F       		.byte	63
  34 0009 00       		.byte	0
  35 000a 00       		.byte	0
  36 000b 00       		.byte	0
  37 000c 17       		.byte	23
  38 000d 01       		.byte	1
  39 000e 00       		.byte	0
  40 000f 00       		.byte	0
  41 0010 C1       		.byte	-63
  42 0011 03       		.byte	3
  43 0012 00       		.byte	0
  44 0013 00       		.byte	0
  45 0014 B7       		.byte	-73
  46 0015 0A       		.byte	10
  47 0016 00       		.byte	0
  48 0017 00       		.byte	0
  49 0018 2C       		.byte	44
  50 0019 1A       		.byte	26
  51 001a 00       		.byte	0
  52 001b 00       		.byte	0
  53 001c EF       		.byte	-17
  54 001d 37       		.byte	55
  55 001e 00       		.byte	0
  56 001f 00       		.byte	0
  57 0020 36       		.byte	54
ARM GAS  C:\Users\LUISAL~1\AppData\Local\Temp\cc8IIFSz.s 			page 2


  58 0021 6A       		.byte	106
  59 0022 00       		.byte	0
  60 0023 00       		.byte	0
  61 0024 2B       		.byte	43
  62 0025 B5       		.byte	-75
  63 0026 00       		.byte	0
  64 0027 00       		.byte	0
  65 0028 D9       		.byte	-39
  66 0029 17       		.byte	23
  67 002a 01       		.byte	1
  68 002b 00       		.byte	0
  69 002c CF       		.byte	-49
  70 002d 89       		.byte	-119
  71 002e 01       		.byte	1
  72 002f 00       		.byte	0
  73 0030 0D       		.byte	13
  74 0031 FB       		.byte	-5
  75 0032 01       		.byte	1
  76 0033 00       		.byte	0
  77 0034 28       		.byte	40
  78 0035 57       		.byte	87
  79 0036 02       		.byte	2
  80 0037 00       		.byte	0
  81 0038 00       		.byte	0
  82 0039 8B       		.byte	-117
  83 003a 02       		.byte	2
  84 003b 00       		.byte	0
  85 003c 00       		.byte	0
  86 003d 8B       		.byte	-117
  87 003e 02       		.byte	2
  88 003f 00       		.byte	0
  89 0040 28       		.byte	40
  90 0041 57       		.byte	87
  91 0042 02       		.byte	2
  92 0043 00       		.byte	0
  93 0044 0D       		.byte	13
  94 0045 FB       		.byte	-5
  95 0046 01       		.byte	1
  96 0047 00       		.byte	0
  97 0048 CF       		.byte	-49
  98 0049 89       		.byte	-119
  99 004a 01       		.byte	1
 100 004b 00       		.byte	0
 101 004c D9       		.byte	-39
 102 004d 17       		.byte	23
 103 004e 01       		.byte	1
 104 004f 00       		.byte	0
 105 0050 2B       		.byte	43
 106 0051 B5       		.byte	-75
 107 0052 00       		.byte	0
 108 0053 00       		.byte	0
 109 0054 36       		.byte	54
 110 0055 6A       		.byte	106
 111 0056 00       		.byte	0
 112 0057 00       		.byte	0
 113 0058 EF       		.byte	-17
 114 0059 37       		.byte	55
ARM GAS  C:\Users\LUISAL~1\AppData\Local\Temp\cc8IIFSz.s 			page 3


 115 005a 00       		.byte	0
 116 005b 00       		.byte	0
 117 005c 2C       		.byte	44
 118 005d 1A       		.byte	26
 119 005e 00       		.byte	0
 120 005f 00       		.byte	0
 121 0060 B7       		.byte	-73
 122 0061 0A       		.byte	10
 123 0062 00       		.byte	0
 124 0063 00       		.byte	0
 125 0064 C1       		.byte	-63
 126 0065 03       		.byte	3
 127 0066 00       		.byte	0
 128 0067 00       		.byte	0
 129 0068 17       		.byte	23
 130 0069 01       		.byte	1
 131 006a 00       		.byte	0
 132 006b 00       		.byte	0
 133 006c 3F       		.byte	63
 134 006d 00       		.byte	0
 135 006e 00       		.byte	0
 136 006f 00       		.byte	0
 137 0070 0A       		.byte	10
 138 0071 00       		.byte	0
 139 0072 00       		.byte	0
 140 0073 00       		.byte	0
 141 0074 01       		.byte	1
 142 0075 00       		.byte	0
 143 0076 00       		.byte	0
 144 0077 00       		.byte	0
 145              		.text
 146              	.Letext0:
 147              		.file 1 "Generated_Source\\PSoC5\\cytypes.h"
 148              		.file 2 "Generated_Source\\PSoC5\\Filter_Coefficients.c"
 149              		.section	.debug_info,"",%progbits
 150              	.Ldebug_info0:
 151 0000 BA000000 		.4byte	0xba
 152 0004 0400     		.2byte	0x4
 153 0006 00000000 		.4byte	.Ldebug_abbrev0
 154 000a 04       		.byte	0x4
 155 000b 01       		.uleb128 0x1
 156 000c 55000000 		.4byte	.LASF14
 157 0010 0C       		.byte	0xc
 158 0011 AC010000 		.4byte	.LASF15
 159 0015 F1000000 		.4byte	.LASF16
 160 0019 00000000 		.4byte	.Ldebug_line0
 161 001d 02       		.uleb128 0x2
 162 001e 04       		.byte	0x4
 163 001f 05       		.byte	0x5
 164 0020 696E7400 		.ascii	"int\000"
 165 0024 03       		.uleb128 0x3
 166 0025 04       		.byte	0x4
 167 0026 07       		.byte	0x7
 168 0027 0E000000 		.4byte	.LASF0
 169 002b 03       		.uleb128 0x3
 170 002c 08       		.byte	0x8
 171 002d 05       		.byte	0x5
ARM GAS  C:\Users\LUISAL~1\AppData\Local\Temp\cc8IIFSz.s 			page 4


 172 002e 00000000 		.4byte	.LASF1
 173 0032 03       		.uleb128 0x3
 174 0033 08       		.byte	0x8
 175 0034 04       		.byte	0x4
 176 0035 6E010000 		.4byte	.LASF2
 177 0039 03       		.uleb128 0x3
 178 003a 01       		.byte	0x1
 179 003b 06       		.byte	0x6
 180 003c 62010000 		.4byte	.LASF3
 181 0040 03       		.uleb128 0x3
 182 0041 01       		.byte	0x1
 183 0042 08       		.byte	0x8
 184 0043 E3000000 		.4byte	.LASF4
 185 0047 03       		.uleb128 0x3
 186 0048 02       		.byte	0x2
 187 0049 05       		.byte	0x5
 188 004a 7A010000 		.4byte	.LASF5
 189 004e 03       		.uleb128 0x3
 190 004f 02       		.byte	0x2
 191 0050 07       		.byte	0x7
 192 0051 4F010000 		.4byte	.LASF6
 193 0055 03       		.uleb128 0x3
 194 0056 04       		.byte	0x4
 195 0057 05       		.byte	0x5
 196 0058 3F010000 		.4byte	.LASF7
 197 005c 03       		.uleb128 0x3
 198 005d 04       		.byte	0x4
 199 005e 07       		.byte	0x7
 200 005f 21000000 		.4byte	.LASF8
 201 0063 03       		.uleb128 0x3
 202 0064 08       		.byte	0x8
 203 0065 07       		.byte	0x7
 204 0066 33000000 		.4byte	.LASF9
 205 006a 03       		.uleb128 0x3
 206 006b 04       		.byte	0x4
 207 006c 07       		.byte	0x7
 208 006d A3010000 		.4byte	.LASF10
 209 0071 03       		.uleb128 0x3
 210 0072 01       		.byte	0x1
 211 0073 08       		.byte	0x8
 212 0074 50000000 		.4byte	.LASF11
 213 0078 04       		.uleb128 0x4
 214 0079 1B000000 		.4byte	.LASF17
 215 007d 01       		.byte	0x1
 216 007e 9201     		.2byte	0x192
 217 0080 40000000 		.4byte	0x40
 218 0084 03       		.uleb128 0x3
 219 0085 04       		.byte	0x4
 220 0086 04       		.byte	0x4
 221 0087 4A000000 		.4byte	.LASF12
 222 008b 03       		.uleb128 0x3
 223 008c 08       		.byte	0x8
 224 008d 04       		.byte	0x4
 225 008e 48010000 		.4byte	.LASF13
 226 0092 05       		.uleb128 0x5
 227 0093 A2000000 		.4byte	0xa2
 228 0097 A2000000 		.4byte	0xa2
ARM GAS  C:\Users\LUISAL~1\AppData\Local\Temp\cc8IIFSz.s 			page 5


 229 009b 06       		.uleb128 0x6
 230 009c 6A000000 		.4byte	0x6a
 231 00a0 77       		.byte	0x77
 232 00a1 00       		.byte	0
 233 00a2 07       		.uleb128 0x7
 234 00a3 78000000 		.4byte	0x78
 235 00a7 08       		.uleb128 0x8
 236 00a8 84010000 		.4byte	.LASF18
 237 00ac 02       		.byte	0x2
 238 00ad 11       		.byte	0x11
 239 00ae B8000000 		.4byte	0xb8
 240 00b2 05       		.uleb128 0x5
 241 00b3 03       		.byte	0x3
 242 00b4 00000000 		.4byte	Filter_ChannelAFirCoefficients
 243 00b8 07       		.uleb128 0x7
 244 00b9 92000000 		.4byte	0x92
 245 00bd 00       		.byte	0
 246              		.section	.debug_abbrev,"",%progbits
 247              	.Ldebug_abbrev0:
 248 0000 01       		.uleb128 0x1
 249 0001 11       		.uleb128 0x11
 250 0002 01       		.byte	0x1
 251 0003 25       		.uleb128 0x25
 252 0004 0E       		.uleb128 0xe
 253 0005 13       		.uleb128 0x13
 254 0006 0B       		.uleb128 0xb
 255 0007 03       		.uleb128 0x3
 256 0008 0E       		.uleb128 0xe
 257 0009 1B       		.uleb128 0x1b
 258 000a 0E       		.uleb128 0xe
 259 000b 10       		.uleb128 0x10
 260 000c 17       		.uleb128 0x17
 261 000d 00       		.byte	0
 262 000e 00       		.byte	0
 263 000f 02       		.uleb128 0x2
 264 0010 24       		.uleb128 0x24
 265 0011 00       		.byte	0
 266 0012 0B       		.uleb128 0xb
 267 0013 0B       		.uleb128 0xb
 268 0014 3E       		.uleb128 0x3e
 269 0015 0B       		.uleb128 0xb
 270 0016 03       		.uleb128 0x3
 271 0017 08       		.uleb128 0x8
 272 0018 00       		.byte	0
 273 0019 00       		.byte	0
 274 001a 03       		.uleb128 0x3
 275 001b 24       		.uleb128 0x24
 276 001c 00       		.byte	0
 277 001d 0B       		.uleb128 0xb
 278 001e 0B       		.uleb128 0xb
 279 001f 3E       		.uleb128 0x3e
 280 0020 0B       		.uleb128 0xb
 281 0021 03       		.uleb128 0x3
 282 0022 0E       		.uleb128 0xe
 283 0023 00       		.byte	0
 284 0024 00       		.byte	0
 285 0025 04       		.uleb128 0x4
ARM GAS  C:\Users\LUISAL~1\AppData\Local\Temp\cc8IIFSz.s 			page 6


 286 0026 16       		.uleb128 0x16
 287 0027 00       		.byte	0
 288 0028 03       		.uleb128 0x3
 289 0029 0E       		.uleb128 0xe
 290 002a 3A       		.uleb128 0x3a
 291 002b 0B       		.uleb128 0xb
 292 002c 3B       		.uleb128 0x3b
 293 002d 05       		.uleb128 0x5
 294 002e 49       		.uleb128 0x49
 295 002f 13       		.uleb128 0x13
 296 0030 00       		.byte	0
 297 0031 00       		.byte	0
 298 0032 05       		.uleb128 0x5
 299 0033 01       		.uleb128 0x1
 300 0034 01       		.byte	0x1
 301 0035 49       		.uleb128 0x49
 302 0036 13       		.uleb128 0x13
 303 0037 01       		.uleb128 0x1
 304 0038 13       		.uleb128 0x13
 305 0039 00       		.byte	0
 306 003a 00       		.byte	0
 307 003b 06       		.uleb128 0x6
 308 003c 21       		.uleb128 0x21
 309 003d 00       		.byte	0
 310 003e 49       		.uleb128 0x49
 311 003f 13       		.uleb128 0x13
 312 0040 2F       		.uleb128 0x2f
 313 0041 0B       		.uleb128 0xb
 314 0042 00       		.byte	0
 315 0043 00       		.byte	0
 316 0044 07       		.uleb128 0x7
 317 0045 26       		.uleb128 0x26
 318 0046 00       		.byte	0
 319 0047 49       		.uleb128 0x49
 320 0048 13       		.uleb128 0x13
 321 0049 00       		.byte	0
 322 004a 00       		.byte	0
 323 004b 08       		.uleb128 0x8
 324 004c 34       		.uleb128 0x34
 325 004d 00       		.byte	0
 326 004e 03       		.uleb128 0x3
 327 004f 0E       		.uleb128 0xe
 328 0050 3A       		.uleb128 0x3a
 329 0051 0B       		.uleb128 0xb
 330 0052 3B       		.uleb128 0x3b
 331 0053 0B       		.uleb128 0xb
 332 0054 49       		.uleb128 0x49
 333 0055 13       		.uleb128 0x13
 334 0056 3F       		.uleb128 0x3f
 335 0057 19       		.uleb128 0x19
 336 0058 02       		.uleb128 0x2
 337 0059 18       		.uleb128 0x18
 338 005a 00       		.byte	0
 339 005b 00       		.byte	0
 340 005c 00       		.byte	0
 341              		.section	.debug_aranges,"",%progbits
 342 0000 14000000 		.4byte	0x14
ARM GAS  C:\Users\LUISAL~1\AppData\Local\Temp\cc8IIFSz.s 			page 7


 343 0004 0200     		.2byte	0x2
 344 0006 00000000 		.4byte	.Ldebug_info0
 345 000a 04       		.byte	0x4
 346 000b 00       		.byte	0
 347 000c 0000     		.2byte	0
 348 000e 0000     		.2byte	0
 349 0010 00000000 		.4byte	0
 350 0014 00000000 		.4byte	0
 351              		.section	.debug_line,"",%progbits
 352              	.Ldebug_line0:
 353 0000 56000000 		.section	.debug_str,"MS",%progbits,1
 353      02005000 
 353      00000201 
 353      FB0E0D00 
 353      01010101 
 354              	.LASF1:
 355 0000 6C6F6E67 		.ascii	"long long int\000"
 355      206C6F6E 
 355      6720696E 
 355      7400
 356              	.LASF0:
 357 000e 756E7369 		.ascii	"unsigned int\000"
 357      676E6564 
 357      20696E74 
 357      00
 358              	.LASF17:
 359 001b 75696E74 		.ascii	"uint8\000"
 359      3800
 360              	.LASF8:
 361 0021 6C6F6E67 		.ascii	"long unsigned int\000"
 361      20756E73 
 361      69676E65 
 361      6420696E 
 361      7400
 362              	.LASF9:
 363 0033 6C6F6E67 		.ascii	"long long unsigned int\000"
 363      206C6F6E 
 363      6720756E 
 363      7369676E 
 363      65642069 
 364              	.LASF12:
 365 004a 666C6F61 		.ascii	"float\000"
 365      7400
 366              	.LASF11:
 367 0050 63686172 		.ascii	"char\000"
 367      00
 368              	.LASF14:
 369 0055 474E5520 		.ascii	"GNU C11 5.4.1 20160609 (release) [ARM/embedded-5-br"
 369      43313120 
 369      352E342E 
 369      31203230 
 369      31363036 
 370 0088 616E6368 		.ascii	"anch revision 237715] -mcpu=cortex-m3 -mthumb -g -O"
 370      20726576 
 370      6973696F 
 370      6E203233 
 370      37373135 
ARM GAS  C:\Users\LUISAL~1\AppData\Local\Temp\cc8IIFSz.s 			page 8


 371 00bb 30202D66 		.ascii	"0 -ffunction-sections -ffat-lto-objects\000"
 371      66756E63 
 371      74696F6E 
 371      2D736563 
 371      74696F6E 
 372              	.LASF4:
 373 00e3 756E7369 		.ascii	"unsigned char\000"
 373      676E6564 
 373      20636861 
 373      7200
 374              	.LASF16:
 375 00f1 433A5C55 		.ascii	"C:\\Users\\Luis Alonso Murillo\\Documents\\GitHub\\"
 375      73657273 
 375      5C4C7569 
 375      7320416C 
 375      6F6E736F 
 376 011f 44544D46 		.ascii	"DTMF\\receiver\\DecoderDTMF.cydsn\000"
 376      5C726563 
 376      65697665 
 376      725C4465 
 376      636F6465 
 377              	.LASF7:
 378 013f 6C6F6E67 		.ascii	"long int\000"
 378      20696E74 
 378      00
 379              	.LASF13:
 380 0148 646F7562 		.ascii	"double\000"
 380      6C6500
 381              	.LASF6:
 382 014f 73686F72 		.ascii	"short unsigned int\000"
 382      7420756E 
 382      7369676E 
 382      65642069 
 382      6E7400
 383              	.LASF3:
 384 0162 7369676E 		.ascii	"signed char\000"
 384      65642063 
 384      68617200 
 385              	.LASF2:
 386 016e 6C6F6E67 		.ascii	"long double\000"
 386      20646F75 
 386      626C6500 
 387              	.LASF5:
 388 017a 73686F72 		.ascii	"short int\000"
 388      7420696E 
 388      7400
 389              	.LASF18:
 390 0184 46696C74 		.ascii	"Filter_ChannelAFirCoefficients\000"
 390      65725F43 
 390      68616E6E 
 390      656C4146 
 390      6972436F 
 391              	.LASF10:
 392 01a3 73697A65 		.ascii	"sizetype\000"
 392      74797065 
 392      00
 393              	.LASF15:
ARM GAS  C:\Users\LUISAL~1\AppData\Local\Temp\cc8IIFSz.s 			page 9


 394 01ac 47656E65 		.ascii	"Generated_Source\\PSoC5\\Filter_Coefficients.c\000"
 394      72617465 
 394      645F536F 
 394      75726365 
 394      5C50536F 
 395              		.ident	"GCC: (GNU Tools for ARM Embedded Processors) 5.4.1 20160609 (release) [ARM/embedded-5-bran
