ARM GAS  C:\Users\rjimenez\AppData\Local\Temp\ccq6nsPZ.s 			page 1


   1              		.syntax unified
   2              		.cpu cortex-m3
   3              		.fpu softvfp
   4              		.eabi_attribute 20, 1
   5              		.eabi_attribute 21, 1
   6              		.eabi_attribute 23, 3
   7              		.eabi_attribute 24, 1
   8              		.eabi_attribute 25, 1
   9              		.eabi_attribute 26, 1
  10              		.eabi_attribute 30, 6
  11              		.eabi_attribute 34, 1
  12              		.eabi_attribute 18, 4
  13              		.thumb
  14              		.syntax unified
  15              		.file	"main.c"
  16              		.text
  17              	.Ltext0:
  18              		.cfi_sections	.debug_frame
  19              		.comm	ContinuouslySendData,1,1
  20              		.comm	SendSingleByte,1,1
  21              		.comm	SendEmulatedData,1,1
  22              		.comm	TransmitBuffer,16,4
  23              		.comm	EmulatedData,1,1
  24              		.comm	output,1,1
  25              		.global	sampler_counter
  26              		.bss
  27              		.align	1
  28              		.type	sampler_counter, %object
  29              		.size	sampler_counter, 2
  30              	sampler_counter:
  31 0000 0000     		.space	2
  32              		.section	.rodata
  33              		.align	2
  34              	.LC0:
  35 0000 25640D0A 		.ascii	"%d\015\012\000"
  35      00
  36 0005 000000   		.align	2
  37              	.LC1:
  38 0008 25780D0A 		.ascii	"%x\015\012\000"
  38      00
  39              		.section	.text.Transmit,"ax",%progbits
  40              		.align	2
  41              		.global	Transmit
  42              		.thumb
  43              		.thumb_func
  44              		.type	Transmit, %function
  45              	Transmit:
  46              	.LFB64:
  47              		.file 1 "main.c"
   1:main.c        **** /*******************************************************************************
   2:main.c        **** * File Name: main.c
   3:main.c        **** *
   4:main.c        **** * Version: 1.10
   5:main.c        **** *
   6:main.c        **** ********************************************************************************
   7:main.c        **** * Copyright 2012, Cypress Semiconductor Corporation. All rights reserved.
   8:main.c        **** * This software is owned by Cypress Semiconductor Corporation and is protected
ARM GAS  C:\Users\rjimenez\AppData\Local\Temp\ccq6nsPZ.s 			page 2


   9:main.c        **** * by and subject to worldwide patent and copyright laws and treaties.
  10:main.c        **** * Therefore, you may use this software only as provided in the license agreement
  11:main.c        **** * accompanying the software package from which you obtained this software.
  12:main.c        **** * CYPRESS AND ITS SUPPLIERS MAKE NO WARRANTY OF ANY KIND, EXPRESS OR IMPLIED,
  13:main.c        **** * WITH REGARD TO THIS SOFTWARE, INCLUDING, BUT NOT LIMITED TO, NONINFRINGEMENT,
  14:main.c        **** * IMPLIED WARRANTIES OF MERCHANTABILITY AND FITNESS FOR A PARTICULAR PURPOSE.
  15:main.c        **** *******************************************************************************/
  16:main.c        **** 
  17:main.c        **** #include <project.h>
  18:main.c        **** #include <stdio.h>
  19:main.c        **** 
  20:main.c        **** /* Project Defines */
  21:main.c        **** #define FALSE  0
  22:main.c        **** #define TRUE   1
  23:main.c        **** #define TRANSMIT_BUFFER_SIZE  16
  24:main.c        **** 
  25:main.c        **** /* DMA Defines */
  26:main.c        **** #define REQUEST_PER_BURST        (1u)
  27:main.c        **** #define BYTES_PER_BURST          (1u)
  28:main.c        **** #define UPPER_SRC_ADDRESS        CYDEV_PERIPH_BASE
  29:main.c        **** #define UPPER_DEST_ADDRESS       CYDEV_PERIPH_BASE
  30:main.c        **** 
  31:main.c        ****     /* Flags used to store transmit data commands */
  32:main.c        ****     uint8 ContinuouslySendData;
  33:main.c        ****     uint8 SendSingleByte;
  34:main.c        ****     uint8 SendEmulatedData;
  35:main.c        ****     /* Transmit Buffer */
  36:main.c        ****     char TransmitBuffer[TRANSMIT_BUFFER_SIZE];
  37:main.c        ****     /* Variable used to send emulated data */
  38:main.c        ****     uint8 EmulatedData;
  39:main.c        ****     uint8 output;
  40:main.c        ****     uint16 sampler_counter = 0;
  41:main.c        **** 
  42:main.c        **** void DMA_Config(void);
  43:main.c        **** 
  44:main.c        **** //UART transmit interrupt
  45:main.c        **** CY_ISR_PROTO(Transmit);
  46:main.c        **** 
  47:main.c        **** CY_ISR(Transmit)
  48:main.c        **** {   
  48              		.loc 1 48 0
  49              		.cfi_startproc
  50              		@ args = 0, pretend = 0, frame = 0
  51              		@ frame_needed = 1, uses_anonymous_args = 0
  52 0000 80B5     		push	{r7, lr}
  53              		.cfi_def_cfa_offset 8
  54              		.cfi_offset 7, -8
  55              		.cfi_offset 14, -4
  56 0002 00AF     		add	r7, sp, #0
  57              		.cfi_def_cfa_register 7
  49:main.c        ****     /* Send data based on last UART command */
  50:main.c        ****     if(SendSingleByte || ContinuouslySendData)
  58              		.loc 1 50 0
  59 0004 1F4B     		ldr	r3, .L7
  60 0006 1B78     		ldrb	r3, [r3]	@ zero_extendqisi2
  61 0008 002B     		cmp	r3, #0
  62 000a 03D1     		bne	.L2
ARM GAS  C:\Users\rjimenez\AppData\Local\Temp\ccq6nsPZ.s 			page 3


  63              		.loc 1 50 0 is_stmt 0 discriminator 1
  64 000c 1E4B     		ldr	r3, .L7+4
  65 000e 1B78     		ldrb	r3, [r3]	@ zero_extendqisi2
  66 0010 002B     		cmp	r3, #0
  67 0012 1ED0     		beq	.L3
  68              	.L2:
  51:main.c        ****     {
  52:main.c        ****         sampler_counter++;
  69              		.loc 1 52 0 is_stmt 1
  70 0014 1D4B     		ldr	r3, .L7+8
  71 0016 1B88     		ldrh	r3, [r3]
  72 0018 0133     		adds	r3, r3, #1
  73 001a 9AB2     		uxth	r2, r3
  74 001c 1B4B     		ldr	r3, .L7+8
  75 001e 1A80     		strh	r2, [r3]	@ movhi
  53:main.c        ****         
  54:main.c        ****         if (2000 == sampler_counter) {
  76              		.loc 1 54 0
  77 0020 1A4B     		ldr	r3, .L7+8
  78 0022 1B88     		ldrh	r3, [r3]
  79 0024 B3F5FA6F 		cmp	r3, #2000
  80 0028 05D1     		bne	.L4
  55:main.c        ****             ContinuouslySendData = FALSE;
  81              		.loc 1 55 0
  82 002a 174B     		ldr	r3, .L7+4
  83 002c 0022     		movs	r2, #0
  84 002e 1A70     		strb	r2, [r3]
  56:main.c        ****             sampler_counter = 0;
  85              		.loc 1 56 0
  86 0030 164B     		ldr	r3, .L7+8
  87 0032 0022     		movs	r2, #0
  88 0034 1A80     		strh	r2, [r3]	@ movhi
  89              	.L4:
  57:main.c        ****         }
  58:main.c        ****         
  59:main.c        ****         /* Format ADC result for transmition */
  60:main.c        ****         sprintf(TransmitBuffer, "%d\r\n", output);
  90              		.loc 1 60 0
  91 0036 164B     		ldr	r3, .L7+12
  92 0038 1B78     		ldrb	r3, [r3]	@ zero_extendqisi2
  93 003a 1A46     		mov	r2, r3
  94 003c 1549     		ldr	r1, .L7+16
  95 003e 1648     		ldr	r0, .L7+20
  96 0040 FFF7FEFF 		bl	sprintf
  61:main.c        ****         /* Send out the data */
  62:main.c        ****         UART_1_PutString(TransmitBuffer);
  97              		.loc 1 62 0
  98 0044 1448     		ldr	r0, .L7+20
  99 0046 FFF7FEFF 		bl	UART_1_PutString
  63:main.c        ****         /* Reset the send once flag */
  64:main.c        ****         SendSingleByte = FALSE;
 100              		.loc 1 64 0
 101 004a 0E4B     		ldr	r3, .L7
 102 004c 0022     		movs	r2, #0
 103 004e 1A70     		strb	r2, [r3]
  65:main.c        ****     }
  66:main.c        ****     else if(SendEmulatedData)
ARM GAS  C:\Users\rjimenez\AppData\Local\Temp\ccq6nsPZ.s 			page 4


  67:main.c        ****     {
  68:main.c        ****         /* Format ADC result for transmition */
  69:main.c        ****         sprintf(TransmitBuffer, "%x\r\n", EmulatedData);
  70:main.c        ****         /* Send out the data */
  71:main.c        ****         UART_1_PutString(TransmitBuffer);
  72:main.c        ****         EmulatedData++;
  73:main.c        ****         /* Reset the send once flag */
  74:main.c        ****         SendEmulatedData = FALSE;   
  75:main.c        ****     }        
  76:main.c        **** }
 104              		.loc 1 76 0
 105 0050 16E0     		b	.L6
 106              	.L3:
  66:main.c        ****     {
 107              		.loc 1 66 0
 108 0052 124B     		ldr	r3, .L7+24
 109 0054 1B78     		ldrb	r3, [r3]	@ zero_extendqisi2
 110 0056 002B     		cmp	r3, #0
 111 0058 12D0     		beq	.L6
  69:main.c        ****         /* Send out the data */
 112              		.loc 1 69 0
 113 005a 114B     		ldr	r3, .L7+28
 114 005c 1B78     		ldrb	r3, [r3]	@ zero_extendqisi2
 115 005e 1A46     		mov	r2, r3
 116 0060 1049     		ldr	r1, .L7+32
 117 0062 0D48     		ldr	r0, .L7+20
 118 0064 FFF7FEFF 		bl	sprintf
  71:main.c        ****         EmulatedData++;
 119              		.loc 1 71 0
 120 0068 0B48     		ldr	r0, .L7+20
 121 006a FFF7FEFF 		bl	UART_1_PutString
  72:main.c        ****         /* Reset the send once flag */
 122              		.loc 1 72 0
 123 006e 0C4B     		ldr	r3, .L7+28
 124 0070 1B78     		ldrb	r3, [r3]	@ zero_extendqisi2
 125 0072 0133     		adds	r3, r3, #1
 126 0074 DAB2     		uxtb	r2, r3
 127 0076 0A4B     		ldr	r3, .L7+28
 128 0078 1A70     		strb	r2, [r3]
  74:main.c        ****     }        
 129              		.loc 1 74 0
 130 007a 084B     		ldr	r3, .L7+24
 131 007c 0022     		movs	r2, #0
 132 007e 1A70     		strb	r2, [r3]
 133              	.L6:
 134              		.loc 1 76 0
 135 0080 00BF     		nop
 136 0082 80BD     		pop	{r7, pc}
 137              	.L8:
 138              		.align	2
 139              	.L7:
 140 0084 00000000 		.word	SendSingleByte
 141 0088 00000000 		.word	ContinuouslySendData
 142 008c 00000000 		.word	sampler_counter
 143 0090 00000000 		.word	output
 144 0094 00000000 		.word	.LC0
 145 0098 00000000 		.word	TransmitBuffer
ARM GAS  C:\Users\rjimenez\AppData\Local\Temp\ccq6nsPZ.s 			page 5


 146 009c 00000000 		.word	SendEmulatedData
 147 00a0 00000000 		.word	EmulatedData
 148 00a4 08000000 		.word	.LC1
 149              		.cfi_endproc
 150              	.LFE64:
 151              		.size	Transmit, .-Transmit
 152              		.section	.text.filterVDAC,"ax",%progbits
 153              		.align	2
 154              		.global	filterVDAC
 155              		.thumb
 156              		.thumb_func
 157              		.type	filterVDAC, %function
 158              	filterVDAC:
 159              	.LFB65:
  77:main.c        **** 
  78:main.c        **** 
  79:main.c        **** /*******************************************************************************
  80:main.c        **** * Interrupt
  81:main.c        **** ********************************************************************************
  82:main.c        **** * Interrupt generated on Filter sample-ready. Interrupt handle:filterVDAC
  83:main.c        **** *
  84:main.c        **** * Summary:
  85:main.c        **** *  The interrupt performs following functions:
  86:main.c        **** *   1: Reads the left-justified register for Filter Channel A
  87:main.c        **** *   2: Converts it into an unsigned value
  88:main.c        **** *   3: Writes this value to VDAC
  89:main.c        **** *
  90:main.c        **** *******************************************************************************/
  91:main.c        **** CY_ISR(filterVDAC)
  92:main.c        **** {
 160              		.loc 1 92 0
 161              		.cfi_startproc
 162              		@ args = 0, pretend = 0, frame = 0
 163              		@ frame_needed = 1, uses_anonymous_args = 0
 164 0000 80B5     		push	{r7, lr}
 165              		.cfi_def_cfa_offset 8
 166              		.cfi_offset 7, -8
 167              		.cfi_offset 14, -4
 168 0002 00AF     		add	r7, sp, #0
 169              		.cfi_def_cfa_register 7
  93:main.c        ****     /* Convert the 2's complement value to an unsigned 8-bit value
  94:main.c        ****      * The VDAC expects an unsigned 8-bit value as input.
  95:main.c        ****      */
  96:main.c        ****     output = Filter_Read8(Filter_CHANNEL_A)+32u;
 170              		.loc 1 96 0
 171 0004 0020     		movs	r0, #0
 172 0006 FFF7FEFF 		bl	Filter_Read8
 173 000a 0346     		mov	r3, r0
 174 000c 2033     		adds	r3, r3, #32
 175 000e DAB2     		uxtb	r2, r3
 176 0010 044B     		ldr	r3, .L10
 177 0012 1A70     		strb	r2, [r3]
  97:main.c        **** 	VDAC8_SetValue(output);
 178              		.loc 1 97 0
 179 0014 034B     		ldr	r3, .L10
 180 0016 1B78     		ldrb	r3, [r3]	@ zero_extendqisi2
 181 0018 1846     		mov	r0, r3
ARM GAS  C:\Users\rjimenez\AppData\Local\Temp\ccq6nsPZ.s 			page 6


 182 001a FFF7FEFF 		bl	VDAC8_SetValue
  98:main.c        **** }
 183              		.loc 1 98 0
 184 001e 00BF     		nop
 185 0020 80BD     		pop	{r7, pc}
 186              	.L11:
 187 0022 00BF     		.align	2
 188              	.L10:
 189 0024 00000000 		.word	output
 190              		.cfi_endproc
 191              	.LFE65:
 192              		.size	filterVDAC, .-filterVDAC
 193              		.section	.rodata
 194 000d 000000   		.align	2
 195              	.LC2:
 196 0010 434F4D20 		.ascii	"COM Port Open\000"
 196      506F7274 
 196      204F7065 
 196      6E00
 197              		.section	.text.main,"ax",%progbits
 198              		.align	2
 199              		.global	main
 200              		.thumb
 201              		.thumb_func
 202              		.type	main, %function
 203              	main:
 204              	.LFB66:
  99:main.c        **** 
 100:main.c        **** 
 101:main.c        **** /*******************************************************************************
 102:main.c        **** * Function Name: main
 103:main.c        **** ********************************************************************************
 104:main.c        **** *
 105:main.c        **** * Summary:
 106:main.c        **** *  Main function performs following functions:
 107:main.c        **** *   1: Enables global interrupts
 108:main.c        **** *   2: Start all components on the schematic
 109:main.c        **** *   3: Calls a function to configure DMA
 110:main.c        **** 
 111:main.c        **** * Parameters:
 112:main.c        **** *  None.
 113:main.c        **** *
 114:main.c        **** * Return:
 115:main.c        **** *  None.
 116:main.c        **** *
 117:main.c        **** *******************************************************************************/
 118:main.c        **** int main()
 119:main.c        **** {
 205              		.loc 1 119 0
 206              		.cfi_startproc
 207              		@ args = 0, pretend = 0, frame = 8
 208              		@ frame_needed = 1, uses_anonymous_args = 0
 209 0000 80B5     		push	{r7, lr}
 210              		.cfi_def_cfa_offset 8
 211              		.cfi_offset 7, -8
 212              		.cfi_offset 14, -4
 213 0002 82B0     		sub	sp, sp, #8
ARM GAS  C:\Users\rjimenez\AppData\Local\Temp\ccq6nsPZ.s 			page 7


 214              		.cfi_def_cfa_offset 16
 215 0004 00AF     		add	r7, sp, #0
 216              		.cfi_def_cfa_register 7
 120:main.c        ****     
 121:main.c        ****     /* Variable to store UART received character */
 122:main.c        ****     uint8 Ch;
 123:main.c        **** 
 124:main.c        ****     /* Start all components used on schematic */
 125:main.c        ****     ADC_DelSig_IRQ_Start();
 217              		.loc 1 125 0
 218 0006 FFF7FEFF 		bl	ADC_DelSig_IRQ_Start
 126:main.c        ****     isr_StartEx(filterVDAC);
 219              		.loc 1 126 0
 220 000a B948     		ldr	r0, .L33
 221 000c FFF7FEFF 		bl	isr_StartEx
 127:main.c        ****     isrTimer_StartEx(Transmit);
 222              		.loc 1 127 0
 223 0010 B848     		ldr	r0, .L33+4
 224 0012 FFF7FEFF 		bl	isrTimer_StartEx
 128:main.c        ****     ADC_DelSig_Start();
 225              		.loc 1 128 0
 226 0016 FFF7FEFF 		bl	ADC_DelSig_Start
 129:main.c        ****     ADC_DelSig_StartConvert();
 227              		.loc 1 129 0
 228 001a FFF7FEFF 		bl	ADC_DelSig_StartConvert
 130:main.c        ****     VDAC8_Start();
 229              		.loc 1 130 0
 230 001e FFF7FEFF 		bl	VDAC8_Start
 131:main.c        ****     WaveDAC8_Start();
 231              		.loc 1 131 0
 232 0022 FFF7FEFF 		bl	WaveDAC8_Start
 132:main.c        ****     Filter_Start();
 233              		.loc 1 132 0
 234 0026 FFF7FEFF 		bl	Filter_Start
 133:main.c        ****     Timer_Start();
 235              		.loc 1 133 0
 236 002a FFF7FEFF 		bl	Timer_Start
 134:main.c        ****     UART_1_Start();
 237              		.loc 1 134 0
 238 002e FFF7FEFF 		bl	UART_1_Start
 135:main.c        ****     
 136:main.c        ****     uint16 CLOCK_DIVIDER_VALUE = 48000;
 239              		.loc 1 136 0
 240 0032 4BF68033 		movw	r3, #48000
 241 0036 FB80     		strh	r3, [r7, #6]	@ movhi
 137:main.c        ****     
 138:main.c        **** 
 139:main.c        ****     /* Initialize Variables */
 140:main.c        ****     ContinuouslySendData = FALSE;
 242              		.loc 1 140 0
 243 0038 AF4B     		ldr	r3, .L33+8
 244 003a 0022     		movs	r2, #0
 245 003c 1A70     		strb	r2, [r3]
 141:main.c        ****     SendSingleByte = FALSE;
 246              		.loc 1 141 0
 247 003e AF4B     		ldr	r3, .L33+12
 248 0040 0022     		movs	r2, #0
ARM GAS  C:\Users\rjimenez\AppData\Local\Temp\ccq6nsPZ.s 			page 8


 249 0042 1A70     		strb	r2, [r3]
 142:main.c        ****     SendEmulatedData = FALSE;
 250              		.loc 1 142 0
 251 0044 AE4B     		ldr	r3, .L33+16
 252 0046 0022     		movs	r2, #0
 253 0048 1A70     		strb	r2, [r3]
 143:main.c        ****     EmulatedData = 0;
 254              		.loc 1 143 0
 255 004a AE4B     		ldr	r3, .L33+20
 256 004c 0022     		movs	r2, #0
 257 004e 1A70     		strb	r2, [r3]
 144:main.c        ****     
 145:main.c        ****     /* Send message to verify COM port is connected properly */
 146:main.c        ****     UART_1_PutString("COM Port Open");
 258              		.loc 1 146 0
 259 0050 AD48     		ldr	r0, .L33+24
 260 0052 FFF7FEFF 		bl	UART_1_PutString
 147:main.c        ****     
 148:main.c        ****     /* User-implemented function to set-up DMA */
 149:main.c        ****     DMA_Config();
 261              		.loc 1 149 0
 262 0056 FFF7FEFF 		bl	DMA_Config
 150:main.c        **** 
 151:main.c        ****     /* Enable Global Interrupts */
 152:main.c        ****     CYGlobalIntEnable;
 263              		.loc 1 152 0
 264              		.syntax unified
 265              	@ 152 "main.c" 1
 266 005a 62B6     		CPSIE   i
 267              	@ 0 "" 2
 268              		.thumb
 269              		.syntax unified
 270              	.L31:
 153:main.c        **** 
 154:main.c        ****     for(;;)
 155:main.c        ****     {
 156:main.c        ****         /* Non-blocking call to get the latest data recieved  */
 157:main.c        ****         Ch = UART_1_GetChar();
 271              		.loc 1 157 0
 272 005c FFF7FEFF 		bl	UART_1_GetChar
 273 0060 0346     		mov	r3, r0
 274 0062 7B71     		strb	r3, [r7, #5]
 158:main.c        ****         
 159:main.c        ****         /* Set flags based on UART command */
 160:main.c        ****         switch(Ch)
 275              		.loc 1 160 0
 276 0064 7B79     		ldrb	r3, [r7, #5]	@ zero_extendqisi2
 277 0066 782B     		cmp	r3, #120
 278 0068 00F24081 		bhi	.L32
 279 006c 01A2     		adr	r2, .L15
 280 006e 52F823F0 		ldr	pc, [r2, r3, lsl #2]
 281 0072 00BF     		.p2align 2
 282              	.L15:
 283 0074 ED020000 		.word	.L32+1
 284 0078 ED020000 		.word	.L32+1
 285 007c ED020000 		.word	.L32+1
 286 0080 ED020000 		.word	.L32+1
ARM GAS  C:\Users\rjimenez\AppData\Local\Temp\ccq6nsPZ.s 			page 9


 287 0084 ED020000 		.word	.L32+1
 288 0088 ED020000 		.word	.L32+1
 289 008c ED020000 		.word	.L32+1
 290 0090 ED020000 		.word	.L32+1
 291 0094 ED020000 		.word	.L32+1
 292 0098 ED020000 		.word	.L32+1
 293 009c ED020000 		.word	.L32+1
 294 00a0 ED020000 		.word	.L32+1
 295 00a4 ED020000 		.word	.L32+1
 296 00a8 ED020000 		.word	.L32+1
 297 00ac ED020000 		.word	.L32+1
 298 00b0 ED020000 		.word	.L32+1
 299 00b4 ED020000 		.word	.L32+1
 300 00b8 ED020000 		.word	.L32+1
 301 00bc ED020000 		.word	.L32+1
 302 00c0 ED020000 		.word	.L32+1
 303 00c4 ED020000 		.word	.L32+1
 304 00c8 ED020000 		.word	.L32+1
 305 00cc ED020000 		.word	.L32+1
 306 00d0 ED020000 		.word	.L32+1
 307 00d4 ED020000 		.word	.L32+1
 308 00d8 ED020000 		.word	.L32+1
 309 00dc ED020000 		.word	.L32+1
 310 00e0 ED020000 		.word	.L32+1
 311 00e4 ED020000 		.word	.L32+1
 312 00e8 ED020000 		.word	.L32+1
 313 00ec ED020000 		.word	.L32+1
 314 00f0 ED020000 		.word	.L32+1
 315 00f4 ED020000 		.word	.L32+1
 316 00f8 ED020000 		.word	.L32+1
 317 00fc ED020000 		.word	.L32+1
 318 0100 ED020000 		.word	.L32+1
 319 0104 ED020000 		.word	.L32+1
 320 0108 ED020000 		.word	.L32+1
 321 010c ED020000 		.word	.L32+1
 322 0110 ED020000 		.word	.L32+1
 323 0114 ED020000 		.word	.L32+1
 324 0118 ED020000 		.word	.L32+1
 325 011c ED020000 		.word	.L32+1
 326 0120 ED020000 		.word	.L32+1
 327 0124 ED020000 		.word	.L32+1
 328 0128 ED020000 		.word	.L32+1
 329 012c ED020000 		.word	.L32+1
 330 0130 ED020000 		.word	.L32+1
 331 0134 79020000 		.word	.L16+1
 332 0138 85020000 		.word	.L17+1
 333 013c 91020000 		.word	.L18+1
 334 0140 9D020000 		.word	.L19+1
 335 0144 A9020000 		.word	.L20+1
 336 0148 B5020000 		.word	.L21+1
 337 014c C1020000 		.word	.L22+1
 338 0150 CD020000 		.word	.L23+1
 339 0154 D9020000 		.word	.L24+1
 340 0158 E3020000 		.word	.L25+1
 341 015c ED020000 		.word	.L32+1
 342 0160 ED020000 		.word	.L32+1
 343 0164 ED020000 		.word	.L32+1
ARM GAS  C:\Users\rjimenez\AppData\Local\Temp\ccq6nsPZ.s 			page 10


 344 0168 ED020000 		.word	.L32+1
 345 016c ED020000 		.word	.L32+1
 346 0170 ED020000 		.word	.L32+1
 347 0174 ED020000 		.word	.L32+1
 348 0178 ED020000 		.word	.L32+1
 349 017c ED020000 		.word	.L32+1
 350 0180 59020000 		.word	.L26+1
 351 0184 ED020000 		.word	.L32+1
 352 0188 71020000 		.word	.L27+1
 353 018c ED020000 		.word	.L32+1
 354 0190 ED020000 		.word	.L32+1
 355 0194 ED020000 		.word	.L32+1
 356 0198 ED020000 		.word	.L32+1
 357 019c ED020000 		.word	.L32+1
 358 01a0 ED020000 		.word	.L32+1
 359 01a4 ED020000 		.word	.L32+1
 360 01a8 ED020000 		.word	.L32+1
 361 01ac ED020000 		.word	.L32+1
 362 01b0 ED020000 		.word	.L32+1
 363 01b4 ED020000 		.word	.L32+1
 364 01b8 ED020000 		.word	.L32+1
 365 01bc ED020000 		.word	.L32+1
 366 01c0 61020000 		.word	.L28+1
 367 01c4 ED020000 		.word	.L32+1
 368 01c8 ED020000 		.word	.L32+1
 369 01cc ED020000 		.word	.L32+1
 370 01d0 ED020000 		.word	.L32+1
 371 01d4 69020000 		.word	.L29+1
 372 01d8 ED020000 		.word	.L32+1
 373 01dc ED020000 		.word	.L32+1
 374 01e0 ED020000 		.word	.L32+1
 375 01e4 ED020000 		.word	.L32+1
 376 01e8 ED020000 		.word	.L32+1
 377 01ec ED020000 		.word	.L32+1
 378 01f0 ED020000 		.word	.L32+1
 379 01f4 ED020000 		.word	.L32+1
 380 01f8 ED020000 		.word	.L32+1
 381 01fc ED020000 		.word	.L32+1
 382 0200 59020000 		.word	.L26+1
 383 0204 ED020000 		.word	.L32+1
 384 0208 71020000 		.word	.L27+1
 385 020c ED020000 		.word	.L32+1
 386 0210 ED020000 		.word	.L32+1
 387 0214 ED020000 		.word	.L32+1
 388 0218 ED020000 		.word	.L32+1
 389 021c ED020000 		.word	.L32+1
 390 0220 ED020000 		.word	.L32+1
 391 0224 ED020000 		.word	.L32+1
 392 0228 ED020000 		.word	.L32+1
 393 022c ED020000 		.word	.L32+1
 394 0230 ED020000 		.word	.L32+1
 395 0234 ED020000 		.word	.L32+1
 396 0238 ED020000 		.word	.L32+1
 397 023c ED020000 		.word	.L32+1
 398 0240 61020000 		.word	.L28+1
 399 0244 ED020000 		.word	.L32+1
 400 0248 ED020000 		.word	.L32+1
ARM GAS  C:\Users\rjimenez\AppData\Local\Temp\ccq6nsPZ.s 			page 11


 401 024c ED020000 		.word	.L32+1
 402 0250 ED020000 		.word	.L32+1
 403 0254 69020000 		.word	.L29+1
 404              		.p2align 1
 405              	.L26:
 161:main.c        ****         {
 162:main.c        ****             case 0:
 163:main.c        ****                 /* No new data was recieved */
 164:main.c        ****                 break;
 165:main.c        ****             case 'C':
 166:main.c        ****             case 'c':
 167:main.c        ****                 SendSingleByte = TRUE;
 406              		.loc 1 167 0
 407 0258 284B     		ldr	r3, .L33+12
 408 025a 0122     		movs	r2, #1
 409 025c 1A70     		strb	r2, [r3]
 168:main.c        ****                 break;
 410              		.loc 1 168 0
 411 025e 46E0     		b	.L30
 412              	.L28:
 169:main.c        ****             case 'S':
 170:main.c        ****             case 's':
 171:main.c        ****                 ContinuouslySendData = TRUE;
 413              		.loc 1 171 0
 414 0260 254B     		ldr	r3, .L33+8
 415 0262 0122     		movs	r2, #1
 416 0264 1A70     		strb	r2, [r3]
 172:main.c        ****                 break;
 417              		.loc 1 172 0
 418 0266 42E0     		b	.L30
 419              	.L29:
 173:main.c        ****             case 'X':
 174:main.c        ****             case 'x':
 175:main.c        ****                 ContinuouslySendData = FALSE;
 420              		.loc 1 175 0
 421 0268 234B     		ldr	r3, .L33+8
 422 026a 0022     		movs	r2, #0
 423 026c 1A70     		strb	r2, [r3]
 176:main.c        ****                 break;
 424              		.loc 1 176 0
 425 026e 3EE0     		b	.L30
 426              	.L27:
 177:main.c        ****             case 'E':
 178:main.c        ****             case 'e':
 179:main.c        ****                 SendEmulatedData = TRUE;
 427              		.loc 1 179 0
 428 0270 234B     		ldr	r3, .L33+16
 429 0272 0122     		movs	r2, #1
 430 0274 1A70     		strb	r2, [r3]
 180:main.c        ****                 break;
 431              		.loc 1 180 0
 432 0276 3AE0     		b	.L30
 433              	.L16:
 181:main.c        ****             
 182:main.c        ****             case '0':
 183:main.c        ****                 WaveClock_SetDividerValue(48000);
 434              		.loc 1 183 0
ARM GAS  C:\Users\rjimenez\AppData\Local\Temp\ccq6nsPZ.s 			page 12


 435 0278 0121     		movs	r1, #1
 436 027a 4BF67F30 		movw	r0, #47999
 437 027e FFF7FEFF 		bl	WaveClock_SetDividerRegister
 184:main.c        ****                 break;
 438              		.loc 1 184 0
 439 0282 34E0     		b	.L30
 440              	.L17:
 185:main.c        ****             
 186:main.c        ****             case '1':
 187:main.c        ****                 WaveClock_SetDividerValue(24000);
 441              		.loc 1 187 0
 442 0284 0121     		movs	r1, #1
 443 0286 45F6BF50 		movw	r0, #23999
 444 028a FFF7FEFF 		bl	WaveClock_SetDividerRegister
 188:main.c        ****                 break;
 445              		.loc 1 188 0
 446 028e 2EE0     		b	.L30
 447              	.L18:
 189:main.c        ****             
 190:main.c        ****             case '2':
 191:main.c        ****                 WaveClock_SetDividerValue(12000);
 448              		.loc 1 191 0
 449 0290 0121     		movs	r1, #1
 450 0292 42F6DF60 		movw	r0, #11999
 451 0296 FFF7FEFF 		bl	WaveClock_SetDividerRegister
 192:main.c        ****                 break;
 452              		.loc 1 192 0
 453 029a 28E0     		b	.L30
 454              	.L19:
 193:main.c        ****             
 194:main.c        ****             case '3':
 195:main.c        ****                 WaveClock_SetDividerValue(6000);
 455              		.loc 1 195 0
 456 029c 0121     		movs	r1, #1
 457 029e 41F26F70 		movw	r0, #5999
 458 02a2 FFF7FEFF 		bl	WaveClock_SetDividerRegister
 196:main.c        ****                 break;
 459              		.loc 1 196 0
 460 02a6 22E0     		b	.L30
 461              	.L20:
 197:main.c        ****             
 198:main.c        ****             case '4':
 199:main.c        ****                 WaveClock_SetDividerValue(3000);
 462              		.loc 1 199 0
 463 02a8 0121     		movs	r1, #1
 464 02aa 40F6B730 		movw	r0, #2999
 465 02ae FFF7FEFF 		bl	WaveClock_SetDividerRegister
 200:main.c        ****                 break;
 466              		.loc 1 200 0
 467 02b2 1CE0     		b	.L30
 468              	.L21:
 201:main.c        ****             
 202:main.c        ****             case '5':
 203:main.c        ****                 WaveClock_SetDividerValue(1500);
 469              		.loc 1 203 0
 470 02b4 0121     		movs	r1, #1
 471 02b6 40F2DB50 		movw	r0, #1499
ARM GAS  C:\Users\rjimenez\AppData\Local\Temp\ccq6nsPZ.s 			page 13


 472 02ba FFF7FEFF 		bl	WaveClock_SetDividerRegister
 204:main.c        ****                 break;
 473              		.loc 1 204 0
 474 02be 16E0     		b	.L30
 475              	.L22:
 205:main.c        ****             
 206:main.c        ****             case '6':
 207:main.c        ****                 WaveClock_SetDividerValue(750);
 476              		.loc 1 207 0
 477 02c0 0121     		movs	r1, #1
 478 02c2 40F2ED20 		movw	r0, #749
 479 02c6 FFF7FEFF 		bl	WaveClock_SetDividerRegister
 208:main.c        ****                 break;
 480              		.loc 1 208 0
 481 02ca 10E0     		b	.L30
 482              	.L23:
 209:main.c        ****             
 210:main.c        ****             case '7':
 211:main.c        ****                 WaveClock_SetDividerValue(375);
 483              		.loc 1 211 0
 484 02cc 0121     		movs	r1, #1
 485 02ce 4FF4BB70 		mov	r0, #374
 486 02d2 FFF7FEFF 		bl	WaveClock_SetDividerRegister
 212:main.c        ****                 break;
 487              		.loc 1 212 0
 488 02d6 0AE0     		b	.L30
 489              	.L24:
 213:main.c        ****             
 214:main.c        ****             case '8':
 215:main.c        ****                 WaveClock_SetDividerValue(187);
 490              		.loc 1 215 0
 491 02d8 0121     		movs	r1, #1
 492 02da BA20     		movs	r0, #186
 493 02dc FFF7FEFF 		bl	WaveClock_SetDividerRegister
 216:main.c        ****                 break;
 494              		.loc 1 216 0
 495 02e0 05E0     		b	.L30
 496              	.L25:
 217:main.c        ****             
 218:main.c        ****             case '9':
 219:main.c        ****                 WaveClock_SetDividerValue(94);
 497              		.loc 1 219 0
 498 02e2 0121     		movs	r1, #1
 499 02e4 5D20     		movs	r0, #93
 500 02e6 FFF7FEFF 		bl	WaveClock_SetDividerRegister
 220:main.c        ****                 break;
 501              		.loc 1 220 0
 502 02ea 00E0     		b	.L30
 503              	.L32:
 221:main.c        ****             
 222:main.c        ****             
 223:main.c        ****             
 224:main.c        ****             
 225:main.c        ****             default:
 226:main.c        ****                 /* Place error handling code here */
 227:main.c        ****                 break;    
 504              		.loc 1 227 0
ARM GAS  C:\Users\rjimenez\AppData\Local\Temp\ccq6nsPZ.s 			page 14


 505 02ec 00BF     		nop
 506              	.L30:
 228:main.c        ****         }
 229:main.c        ****         
 230:main.c        ****     }
 507              		.loc 1 230 0 discriminator 1
 508 02ee B5E6     		b	.L31
 509              	.L34:
 510              		.align	2
 511              	.L33:
 512 02f0 00000000 		.word	filterVDAC
 513 02f4 00000000 		.word	Transmit
 514 02f8 00000000 		.word	ContinuouslySendData
 515 02fc 00000000 		.word	SendSingleByte
 516 0300 00000000 		.word	SendEmulatedData
 517 0304 00000000 		.word	EmulatedData
 518 0308 10000000 		.word	.LC2
 519              		.cfi_endproc
 520              	.LFE66:
 521              		.size	main, .-main
 522              		.section	.text.DMA_Config,"ax",%progbits
 523              		.align	2
 524              		.global	DMA_Config
 525              		.thumb
 526              		.thumb_func
 527              		.type	DMA_Config, %function
 528              	DMA_Config:
 529              	.LFB67:
 231:main.c        **** } /* End of main */
 232:main.c        **** 
 233:main.c        **** 
 234:main.c        **** /*******************************************************************************
 235:main.c        **** * Function Name: DMA_Config
 236:main.c        **** ********************************************************************************
 237:main.c        **** *
 238:main.c        **** * Summary:
 239:main.c        **** *  Initializes and sets up DMA for use (generated by DMA Wizard)
 240:main.c        **** *
 241:main.c        **** * Parameters:
 242:main.c        **** *  None.
 243:main.c        **** *
 244:main.c        **** * Return:
 245:main.c        **** *  None.
 246:main.c        **** *
 247:main.c        **** *******************************************************************************/
 248:main.c        **** void DMA_Config(void)
 249:main.c        **** {
 530              		.loc 1 249 0
 531              		.cfi_startproc
 532              		@ args = 0, pretend = 0, frame = 8
 533              		@ frame_needed = 1, uses_anonymous_args = 0
 534 0000 80B5     		push	{r7, lr}
 535              		.cfi_def_cfa_offset 8
 536              		.cfi_offset 7, -8
 537              		.cfi_offset 14, -4
 538 0002 82B0     		sub	sp, sp, #8
 539              		.cfi_def_cfa_offset 16
ARM GAS  C:\Users\rjimenez\AppData\Local\Temp\ccq6nsPZ.s 			page 15


 540 0004 00AF     		add	r7, sp, #0
 541              		.cfi_def_cfa_register 7
 250:main.c        ****     /* Declare variable to hold the handle for DMA channel */
 251:main.c        ****     uint8 channelHandle;
 252:main.c        **** 
 253:main.c        ****     /* Declare DMA Transaction Descriptor for memory transfer into
 254:main.c        ****      * Filter Channel.
 255:main.c        ****      */
 256:main.c        ****     uint8 tdChanA;
 257:main.c        **** 
 258:main.c        ****     /* Configure the DMA to Transfer the data in 1 burst with individual trigger
 259:main.c        ****      * for each burst.
 260:main.c        ****      */
 261:main.c        ****     channelHandle = DMA_DmaInitialize(BYTES_PER_BURST, REQUEST_PER_BURST,
 542              		.loc 1 261 0
 543 0006 4FF48043 		mov	r3, #16384
 544 000a 4FF48042 		mov	r2, #16384
 545 000e 0121     		movs	r1, #1
 546 0010 0120     		movs	r0, #1
 547 0012 FFF7FEFF 		bl	DMA_DmaInitialize
 548 0016 0346     		mov	r3, r0
 549 0018 FB71     		strb	r3, [r7, #7]
 262:main.c        ****                                         HI16(UPPER_SRC_ADDRESS), HI16(UPPER_DEST_ADDRESS));
 263:main.c        **** 
 264:main.c        ****     /* This function allocates a TD for use with an initialized DMA channel */
 265:main.c        ****     tdChanA = CyDmaTdAllocate();
 550              		.loc 1 265 0
 551 001a FFF7FEFF 		bl	CyDmaTdAllocate
 552 001e 0346     		mov	r3, r0
 553 0020 BB71     		strb	r3, [r7, #6]
 266:main.c        **** 
 267:main.c        ****     /* Configure the tdChanA to transfer 1 byte with no next TD */
 268:main.c        ****     CyDmaTdSetConfiguration(tdChanA, 1u, DMA_INVALID_TD, 0u);
 554              		.loc 1 268 0
 555 0022 B879     		ldrb	r0, [r7, #6]	@ zero_extendqisi2
 556 0024 0023     		movs	r3, #0
 557 0026 FF22     		movs	r2, #255
 558 0028 0121     		movs	r1, #1
 559 002a FFF7FEFF 		bl	CyDmaTdSetConfiguration
 269:main.c        **** 
 270:main.c        ****     /* Set the source address as ADC_DelSig and the destination as
 271:main.c        ****      * Filter Channel A.
 272:main.c        ****      */
 273:main.c        ****     CyDmaTdSetAddress(tdChanA, LO16((uint32)ADC_DelSig_DEC_SAMP_PTR), LO16((uint32)Filter_STAGEAH_P
 560              		.loc 1 273 0
 561 002e BB79     		ldrb	r3, [r7, #6]	@ zero_extendqisi2
 562 0030 4CF2A272 		movw	r2, #51106
 563 0034 44F61061 		movw	r1, #19984
 564 0038 1846     		mov	r0, r3
 565 003a FFF7FEFF 		bl	CyDmaTdSetAddress
 274:main.c        **** 
 275:main.c        ****     /* Set tdChanA to be the initial TD associated with channelHandle */
 276:main.c        ****     CyDmaChSetInitialTd(channelHandle, tdChanA);
 566              		.loc 1 276 0
 567 003e BA79     		ldrb	r2, [r7, #6]	@ zero_extendqisi2
 568 0040 FB79     		ldrb	r3, [r7, #7]	@ zero_extendqisi2
 569 0042 1146     		mov	r1, r2
ARM GAS  C:\Users\rjimenez\AppData\Local\Temp\ccq6nsPZ.s 			page 16


 570 0044 1846     		mov	r0, r3
 571 0046 FFF7FEFF 		bl	CyDmaChSetInitialTd
 277:main.c        **** 
 278:main.c        ****     /* Enable the DMA channel represented by channelHandle and preserve the TD */
 279:main.c        ****     CyDmaChEnable(channelHandle, 1u);
 572              		.loc 1 279 0
 573 004a FB79     		ldrb	r3, [r7, #7]	@ zero_extendqisi2
 574 004c 0121     		movs	r1, #1
 575 004e 1846     		mov	r0, r3
 576 0050 FFF7FEFF 		bl	CyDmaChEnable
 280:main.c        **** }
 577              		.loc 1 280 0
 578 0054 00BF     		nop
 579 0056 0837     		adds	r7, r7, #8
 580              		.cfi_def_cfa_offset 8
 581 0058 BD46     		mov	sp, r7
 582              		.cfi_def_cfa_register 13
 583              		@ sp needed
 584 005a 80BD     		pop	{r7, pc}
 585              		.cfi_endproc
 586              	.LFE67:
 587              		.size	DMA_Config, .-DMA_Config
 588              		.text
 589              	.Letext0:
 590              		.file 2 "c:\\program files (x86)\\cypress\\psoc creator\\4.1\\psoc creator\\import\\gnu\\arm\\5.4.
 591              		.file 3 "c:\\program files (x86)\\cypress\\psoc creator\\4.1\\psoc creator\\import\\gnu\\arm\\5.4.
 592              		.file 4 "Generated_Source\\PSoC5/cytypes.h"
 593              		.file 5 "Generated_Source\\PSoC5/core_cm3.h"
 594              		.section	.debug_info,"",%progbits
 595              	.Ldebug_info0:
 596 0000 F8010000 		.4byte	0x1f8
 597 0004 0400     		.2byte	0x4
 598 0006 00000000 		.4byte	.Ldebug_abbrev0
 599 000a 04       		.byte	0x4
 600 000b 01       		.uleb128 0x1
 601 000c C5000000 		.4byte	.LASF35
 602 0010 0C       		.byte	0xc
 603 0011 6B020000 		.4byte	.LASF36
 604 0015 00000000 		.4byte	.LASF37
 605 0019 00000000 		.4byte	.Ldebug_ranges0+0
 606 001d 00000000 		.4byte	0
 607 0021 00000000 		.4byte	.Ldebug_line0
 608 0025 02       		.uleb128 0x2
 609 0026 01       		.byte	0x1
 610 0027 06       		.byte	0x6
 611 0028 B7020000 		.4byte	.LASF0
 612 002c 02       		.uleb128 0x2
 613 002d 01       		.byte	0x1
 614 002e 08       		.byte	0x8
 615 002f 8C010000 		.4byte	.LASF1
 616 0033 02       		.uleb128 0x2
 617 0034 02       		.byte	0x2
 618 0035 05       		.byte	0x5
 619 0036 77020000 		.4byte	.LASF2
 620 003a 02       		.uleb128 0x2
 621 003b 02       		.byte	0x2
 622 003c 07       		.byte	0x7
ARM GAS  C:\Users\rjimenez\AppData\Local\Temp\ccq6nsPZ.s 			page 17


 623 003d B1010000 		.4byte	.LASF3
 624 0041 03       		.uleb128 0x3
 625 0042 53010000 		.4byte	.LASF9
 626 0046 02       		.byte	0x2
 627 0047 3F       		.byte	0x3f
 628 0048 4C000000 		.4byte	0x4c
 629 004c 02       		.uleb128 0x2
 630 004d 04       		.byte	0x4
 631 004e 05       		.byte	0x5
 632 004f 5D010000 		.4byte	.LASF4
 633 0053 02       		.uleb128 0x2
 634 0054 04       		.byte	0x4
 635 0055 07       		.byte	0x7
 636 0056 9F010000 		.4byte	.LASF5
 637 005a 02       		.uleb128 0x2
 638 005b 08       		.byte	0x8
 639 005c 05       		.byte	0x5
 640 005d 5D020000 		.4byte	.LASF6
 641 0061 02       		.uleb128 0x2
 642 0062 08       		.byte	0x8
 643 0063 07       		.byte	0x7
 644 0064 24020000 		.4byte	.LASF7
 645 0068 04       		.uleb128 0x4
 646 0069 04       		.byte	0x4
 647 006a 05       		.byte	0x5
 648 006b 696E7400 		.ascii	"int\000"
 649 006f 02       		.uleb128 0x2
 650 0070 04       		.byte	0x4
 651 0071 07       		.byte	0x7
 652 0072 17020000 		.4byte	.LASF8
 653 0076 03       		.uleb128 0x3
 654 0077 43020000 		.4byte	.LASF10
 655 007b 03       		.byte	0x3
 656 007c 2C       		.byte	0x2c
 657 007d 41000000 		.4byte	0x41
 658 0081 05       		.uleb128 0x5
 659 0082 97020000 		.4byte	.LASF11
 660 0086 04       		.byte	0x4
 661 0087 9201     		.2byte	0x192
 662 0089 2C000000 		.4byte	0x2c
 663 008d 05       		.uleb128 0x5
 664 008e F9010000 		.4byte	.LASF12
 665 0092 04       		.byte	0x4
 666 0093 9301     		.2byte	0x193
 667 0095 3A000000 		.4byte	0x3a
 668 0099 05       		.uleb128 0x5
 669 009a 10020000 		.4byte	.LASF13
 670 009e 04       		.byte	0x4
 671 009f 9401     		.2byte	0x194
 672 00a1 53000000 		.4byte	0x53
 673 00a5 02       		.uleb128 0x2
 674 00a6 04       		.byte	0x4
 675 00a7 04       		.byte	0x4
 676 00a8 86010000 		.4byte	.LASF14
 677 00ac 02       		.uleb128 0x2
 678 00ad 08       		.byte	0x8
 679 00ae 04       		.byte	0x4
ARM GAS  C:\Users\rjimenez\AppData\Local\Temp\ccq6nsPZ.s 			page 18


 680 00af E2010000 		.4byte	.LASF15
 681 00b3 02       		.uleb128 0x2
 682 00b4 01       		.byte	0x1
 683 00b5 08       		.byte	0x8
 684 00b6 72020000 		.4byte	.LASF16
 685 00ba 05       		.uleb128 0x5
 686 00bb 9A010000 		.4byte	.LASF17
 687 00bf 04       		.byte	0x4
 688 00c0 3C02     		.2byte	0x23c
 689 00c2 C6000000 		.4byte	0xc6
 690 00c6 06       		.uleb128 0x6
 691 00c7 81000000 		.4byte	0x81
 692 00cb 02       		.uleb128 0x2
 693 00cc 08       		.byte	0x8
 694 00cd 04       		.byte	0x4
 695 00ce AB020000 		.4byte	.LASF18
 696 00d2 02       		.uleb128 0x2
 697 00d3 04       		.byte	0x4
 698 00d4 07       		.byte	0x7
 699 00d5 54020000 		.4byte	.LASF19
 700 00d9 07       		.uleb128 0x7
 701 00da 4B020000 		.4byte	.LASF20
 702 00de 01       		.byte	0x1
 703 00df 2F       		.byte	0x2f
 704 00e0 00000000 		.4byte	.LFB64
 705 00e4 A8000000 		.4byte	.LFE64-.LFB64
 706 00e8 01       		.uleb128 0x1
 707 00e9 9C       		.byte	0x9c
 708 00ea 07       		.uleb128 0x7
 709 00eb 7B010000 		.4byte	.LASF21
 710 00ef 01       		.byte	0x1
 711 00f0 5B       		.byte	0x5b
 712 00f1 00000000 		.4byte	.LFB65
 713 00f5 28000000 		.4byte	.LFE65-.LFB65
 714 00f9 01       		.uleb128 0x1
 715 00fa 9C       		.byte	0x9c
 716 00fb 08       		.uleb128 0x8
 717 00fc F4010000 		.4byte	.LASF23
 718 0100 01       		.byte	0x1
 719 0101 76       		.byte	0x76
 720 0102 68000000 		.4byte	0x68
 721 0106 00000000 		.4byte	.LFB66
 722 010a 0C030000 		.4byte	.LFE66-.LFB66
 723 010e 01       		.uleb128 0x1
 724 010f 9C       		.byte	0x9c
 725 0110 30010000 		.4byte	0x130
 726 0114 09       		.uleb128 0x9
 727 0115 436800   		.ascii	"Ch\000"
 728 0118 01       		.byte	0x1
 729 0119 7A       		.byte	0x7a
 730 011a 81000000 		.4byte	0x81
 731 011e 02       		.uleb128 0x2
 732 011f 91       		.byte	0x91
 733 0120 75       		.sleb128 -11
 734 0121 0A       		.uleb128 0xa
 735 0122 A4000000 		.4byte	.LASF22
 736 0126 01       		.byte	0x1
ARM GAS  C:\Users\rjimenez\AppData\Local\Temp\ccq6nsPZ.s 			page 19


 737 0127 88       		.byte	0x88
 738 0128 8D000000 		.4byte	0x8d
 739 012c 02       		.uleb128 0x2
 740 012d 91       		.byte	0x91
 741 012e 76       		.sleb128 -10
 742 012f 00       		.byte	0
 743 0130 0B       		.uleb128 0xb
 744 0131 E9010000 		.4byte	.LASF24
 745 0135 01       		.byte	0x1
 746 0136 F8       		.byte	0xf8
 747 0137 00000000 		.4byte	.LFB67
 748 013b 5C000000 		.4byte	.LFE67-.LFB67
 749 013f 01       		.uleb128 0x1
 750 0140 9C       		.byte	0x9c
 751 0141 63010000 		.4byte	0x163
 752 0145 0A       		.uleb128 0xa
 753 0146 9D020000 		.4byte	.LASF25
 754 014a 01       		.byte	0x1
 755 014b FB       		.byte	0xfb
 756 014c 81000000 		.4byte	0x81
 757 0150 02       		.uleb128 0x2
 758 0151 91       		.byte	0x91
 759 0152 77       		.sleb128 -9
 760 0153 0C       		.uleb128 0xc
 761 0154 3B020000 		.4byte	.LASF26
 762 0158 01       		.byte	0x1
 763 0159 0001     		.2byte	0x100
 764 015b 81000000 		.4byte	0x81
 765 015f 02       		.uleb128 0x2
 766 0160 91       		.byte	0x91
 767 0161 76       		.sleb128 -10
 768 0162 00       		.byte	0
 769 0163 0D       		.uleb128 0xd
 770 0164 C4010000 		.4byte	.LASF27
 771 0168 05       		.byte	0x5
 772 0169 1207     		.2byte	0x712
 773 016b 6F010000 		.4byte	0x16f
 774 016f 06       		.uleb128 0x6
 775 0170 76000000 		.4byte	0x76
 776 0174 0E       		.uleb128 0xe
 777 0175 66010000 		.4byte	.LASF28
 778 0179 01       		.byte	0x1
 779 017a 20       		.byte	0x20
 780 017b 81000000 		.4byte	0x81
 781 017f 05       		.uleb128 0x5
 782 0180 03       		.byte	0x3
 783 0181 00000000 		.4byte	ContinuouslySendData
 784 0185 0E       		.uleb128 0xe
 785 0186 C3020000 		.4byte	.LASF29
 786 018a 01       		.byte	0x1
 787 018b 21       		.byte	0x21
 788 018c 81000000 		.4byte	0x81
 789 0190 05       		.uleb128 0x5
 790 0191 03       		.byte	0x3
 791 0192 00000000 		.4byte	SendSingleByte
 792 0196 0E       		.uleb128 0xe
 793 0197 D1010000 		.4byte	.LASF30
ARM GAS  C:\Users\rjimenez\AppData\Local\Temp\ccq6nsPZ.s 			page 20


 794 019b 01       		.byte	0x1
 795 019c 22       		.byte	0x22
 796 019d 81000000 		.4byte	0x81
 797 01a1 05       		.uleb128 0x5
 798 01a2 03       		.byte	0x3
 799 01a3 00000000 		.4byte	SendEmulatedData
 800 01a7 0F       		.uleb128 0xf
 801 01a8 B3000000 		.4byte	0xb3
 802 01ac B7010000 		.4byte	0x1b7
 803 01b0 10       		.uleb128 0x10
 804 01b1 D2000000 		.4byte	0xd2
 805 01b5 0F       		.byte	0xf
 806 01b6 00       		.byte	0
 807 01b7 0E       		.uleb128 0xe
 808 01b8 81020000 		.4byte	.LASF31
 809 01bc 01       		.byte	0x1
 810 01bd 24       		.byte	0x24
 811 01be A7010000 		.4byte	0x1a7
 812 01c2 05       		.uleb128 0x5
 813 01c3 03       		.byte	0x3
 814 01c4 00000000 		.4byte	TransmitBuffer
 815 01c8 0E       		.uleb128 0xe
 816 01c9 B8000000 		.4byte	.LASF32
 817 01cd 01       		.byte	0x1
 818 01ce 26       		.byte	0x26
 819 01cf 81000000 		.4byte	0x81
 820 01d3 05       		.uleb128 0x5
 821 01d4 03       		.byte	0x3
 822 01d5 00000000 		.4byte	EmulatedData
 823 01d9 0E       		.uleb128 0xe
 824 01da 90020000 		.4byte	.LASF33
 825 01de 01       		.byte	0x1
 826 01df 27       		.byte	0x27
 827 01e0 81000000 		.4byte	0x81
 828 01e4 05       		.uleb128 0x5
 829 01e5 03       		.byte	0x3
 830 01e6 00000000 		.4byte	output
 831 01ea 0E       		.uleb128 0xe
 832 01eb 00020000 		.4byte	.LASF34
 833 01ef 01       		.byte	0x1
 834 01f0 28       		.byte	0x28
 835 01f1 8D000000 		.4byte	0x8d
 836 01f5 05       		.uleb128 0x5
 837 01f6 03       		.byte	0x3
 838 01f7 00000000 		.4byte	sampler_counter
 839 01fb 00       		.byte	0
 840              		.section	.debug_abbrev,"",%progbits
 841              	.Ldebug_abbrev0:
 842 0000 01       		.uleb128 0x1
 843 0001 11       		.uleb128 0x11
 844 0002 01       		.byte	0x1
 845 0003 25       		.uleb128 0x25
 846 0004 0E       		.uleb128 0xe
 847 0005 13       		.uleb128 0x13
 848 0006 0B       		.uleb128 0xb
 849 0007 03       		.uleb128 0x3
 850 0008 0E       		.uleb128 0xe
ARM GAS  C:\Users\rjimenez\AppData\Local\Temp\ccq6nsPZ.s 			page 21


 851 0009 1B       		.uleb128 0x1b
 852 000a 0E       		.uleb128 0xe
 853 000b 55       		.uleb128 0x55
 854 000c 17       		.uleb128 0x17
 855 000d 11       		.uleb128 0x11
 856 000e 01       		.uleb128 0x1
 857 000f 10       		.uleb128 0x10
 858 0010 17       		.uleb128 0x17
 859 0011 00       		.byte	0
 860 0012 00       		.byte	0
 861 0013 02       		.uleb128 0x2
 862 0014 24       		.uleb128 0x24
 863 0015 00       		.byte	0
 864 0016 0B       		.uleb128 0xb
 865 0017 0B       		.uleb128 0xb
 866 0018 3E       		.uleb128 0x3e
 867 0019 0B       		.uleb128 0xb
 868 001a 03       		.uleb128 0x3
 869 001b 0E       		.uleb128 0xe
 870 001c 00       		.byte	0
 871 001d 00       		.byte	0
 872 001e 03       		.uleb128 0x3
 873 001f 16       		.uleb128 0x16
 874 0020 00       		.byte	0
 875 0021 03       		.uleb128 0x3
 876 0022 0E       		.uleb128 0xe
 877 0023 3A       		.uleb128 0x3a
 878 0024 0B       		.uleb128 0xb
 879 0025 3B       		.uleb128 0x3b
 880 0026 0B       		.uleb128 0xb
 881 0027 49       		.uleb128 0x49
 882 0028 13       		.uleb128 0x13
 883 0029 00       		.byte	0
 884 002a 00       		.byte	0
 885 002b 04       		.uleb128 0x4
 886 002c 24       		.uleb128 0x24
 887 002d 00       		.byte	0
 888 002e 0B       		.uleb128 0xb
 889 002f 0B       		.uleb128 0xb
 890 0030 3E       		.uleb128 0x3e
 891 0031 0B       		.uleb128 0xb
 892 0032 03       		.uleb128 0x3
 893 0033 08       		.uleb128 0x8
 894 0034 00       		.byte	0
 895 0035 00       		.byte	0
 896 0036 05       		.uleb128 0x5
 897 0037 16       		.uleb128 0x16
 898 0038 00       		.byte	0
 899 0039 03       		.uleb128 0x3
 900 003a 0E       		.uleb128 0xe
 901 003b 3A       		.uleb128 0x3a
 902 003c 0B       		.uleb128 0xb
 903 003d 3B       		.uleb128 0x3b
 904 003e 05       		.uleb128 0x5
 905 003f 49       		.uleb128 0x49
 906 0040 13       		.uleb128 0x13
 907 0041 00       		.byte	0
ARM GAS  C:\Users\rjimenez\AppData\Local\Temp\ccq6nsPZ.s 			page 22


 908 0042 00       		.byte	0
 909 0043 06       		.uleb128 0x6
 910 0044 35       		.uleb128 0x35
 911 0045 00       		.byte	0
 912 0046 49       		.uleb128 0x49
 913 0047 13       		.uleb128 0x13
 914 0048 00       		.byte	0
 915 0049 00       		.byte	0
 916 004a 07       		.uleb128 0x7
 917 004b 2E       		.uleb128 0x2e
 918 004c 00       		.byte	0
 919 004d 3F       		.uleb128 0x3f
 920 004e 19       		.uleb128 0x19
 921 004f 03       		.uleb128 0x3
 922 0050 0E       		.uleb128 0xe
 923 0051 3A       		.uleb128 0x3a
 924 0052 0B       		.uleb128 0xb
 925 0053 3B       		.uleb128 0x3b
 926 0054 0B       		.uleb128 0xb
 927 0055 27       		.uleb128 0x27
 928 0056 19       		.uleb128 0x19
 929 0057 11       		.uleb128 0x11
 930 0058 01       		.uleb128 0x1
 931 0059 12       		.uleb128 0x12
 932 005a 06       		.uleb128 0x6
 933 005b 40       		.uleb128 0x40
 934 005c 18       		.uleb128 0x18
 935 005d 9642     		.uleb128 0x2116
 936 005f 19       		.uleb128 0x19
 937 0060 00       		.byte	0
 938 0061 00       		.byte	0
 939 0062 08       		.uleb128 0x8
 940 0063 2E       		.uleb128 0x2e
 941 0064 01       		.byte	0x1
 942 0065 3F       		.uleb128 0x3f
 943 0066 19       		.uleb128 0x19
 944 0067 03       		.uleb128 0x3
 945 0068 0E       		.uleb128 0xe
 946 0069 3A       		.uleb128 0x3a
 947 006a 0B       		.uleb128 0xb
 948 006b 3B       		.uleb128 0x3b
 949 006c 0B       		.uleb128 0xb
 950 006d 49       		.uleb128 0x49
 951 006e 13       		.uleb128 0x13
 952 006f 11       		.uleb128 0x11
 953 0070 01       		.uleb128 0x1
 954 0071 12       		.uleb128 0x12
 955 0072 06       		.uleb128 0x6
 956 0073 40       		.uleb128 0x40
 957 0074 18       		.uleb128 0x18
 958 0075 9642     		.uleb128 0x2116
 959 0077 19       		.uleb128 0x19
 960 0078 01       		.uleb128 0x1
 961 0079 13       		.uleb128 0x13
 962 007a 00       		.byte	0
 963 007b 00       		.byte	0
 964 007c 09       		.uleb128 0x9
ARM GAS  C:\Users\rjimenez\AppData\Local\Temp\ccq6nsPZ.s 			page 23


 965 007d 34       		.uleb128 0x34
 966 007e 00       		.byte	0
 967 007f 03       		.uleb128 0x3
 968 0080 08       		.uleb128 0x8
 969 0081 3A       		.uleb128 0x3a
 970 0082 0B       		.uleb128 0xb
 971 0083 3B       		.uleb128 0x3b
 972 0084 0B       		.uleb128 0xb
 973 0085 49       		.uleb128 0x49
 974 0086 13       		.uleb128 0x13
 975 0087 02       		.uleb128 0x2
 976 0088 18       		.uleb128 0x18
 977 0089 00       		.byte	0
 978 008a 00       		.byte	0
 979 008b 0A       		.uleb128 0xa
 980 008c 34       		.uleb128 0x34
 981 008d 00       		.byte	0
 982 008e 03       		.uleb128 0x3
 983 008f 0E       		.uleb128 0xe
 984 0090 3A       		.uleb128 0x3a
 985 0091 0B       		.uleb128 0xb
 986 0092 3B       		.uleb128 0x3b
 987 0093 0B       		.uleb128 0xb
 988 0094 49       		.uleb128 0x49
 989 0095 13       		.uleb128 0x13
 990 0096 02       		.uleb128 0x2
 991 0097 18       		.uleb128 0x18
 992 0098 00       		.byte	0
 993 0099 00       		.byte	0
 994 009a 0B       		.uleb128 0xb
 995 009b 2E       		.uleb128 0x2e
 996 009c 01       		.byte	0x1
 997 009d 3F       		.uleb128 0x3f
 998 009e 19       		.uleb128 0x19
 999 009f 03       		.uleb128 0x3
 1000 00a0 0E       		.uleb128 0xe
 1001 00a1 3A       		.uleb128 0x3a
 1002 00a2 0B       		.uleb128 0xb
 1003 00a3 3B       		.uleb128 0x3b
 1004 00a4 0B       		.uleb128 0xb
 1005 00a5 27       		.uleb128 0x27
 1006 00a6 19       		.uleb128 0x19
 1007 00a7 11       		.uleb128 0x11
 1008 00a8 01       		.uleb128 0x1
 1009 00a9 12       		.uleb128 0x12
 1010 00aa 06       		.uleb128 0x6
 1011 00ab 40       		.uleb128 0x40
 1012 00ac 18       		.uleb128 0x18
 1013 00ad 9642     		.uleb128 0x2116
 1014 00af 19       		.uleb128 0x19
 1015 00b0 01       		.uleb128 0x1
 1016 00b1 13       		.uleb128 0x13
 1017 00b2 00       		.byte	0
 1018 00b3 00       		.byte	0
 1019 00b4 0C       		.uleb128 0xc
 1020 00b5 34       		.uleb128 0x34
 1021 00b6 00       		.byte	0
ARM GAS  C:\Users\rjimenez\AppData\Local\Temp\ccq6nsPZ.s 			page 24


 1022 00b7 03       		.uleb128 0x3
 1023 00b8 0E       		.uleb128 0xe
 1024 00b9 3A       		.uleb128 0x3a
 1025 00ba 0B       		.uleb128 0xb
 1026 00bb 3B       		.uleb128 0x3b
 1027 00bc 05       		.uleb128 0x5
 1028 00bd 49       		.uleb128 0x49
 1029 00be 13       		.uleb128 0x13
 1030 00bf 02       		.uleb128 0x2
 1031 00c0 18       		.uleb128 0x18
 1032 00c1 00       		.byte	0
 1033 00c2 00       		.byte	0
 1034 00c3 0D       		.uleb128 0xd
 1035 00c4 34       		.uleb128 0x34
 1036 00c5 00       		.byte	0
 1037 00c6 03       		.uleb128 0x3
 1038 00c7 0E       		.uleb128 0xe
 1039 00c8 3A       		.uleb128 0x3a
 1040 00c9 0B       		.uleb128 0xb
 1041 00ca 3B       		.uleb128 0x3b
 1042 00cb 05       		.uleb128 0x5
 1043 00cc 49       		.uleb128 0x49
 1044 00cd 13       		.uleb128 0x13
 1045 00ce 3F       		.uleb128 0x3f
 1046 00cf 19       		.uleb128 0x19
 1047 00d0 3C       		.uleb128 0x3c
 1048 00d1 19       		.uleb128 0x19
 1049 00d2 00       		.byte	0
 1050 00d3 00       		.byte	0
 1051 00d4 0E       		.uleb128 0xe
 1052 00d5 34       		.uleb128 0x34
 1053 00d6 00       		.byte	0
 1054 00d7 03       		.uleb128 0x3
 1055 00d8 0E       		.uleb128 0xe
 1056 00d9 3A       		.uleb128 0x3a
 1057 00da 0B       		.uleb128 0xb
 1058 00db 3B       		.uleb128 0x3b
 1059 00dc 0B       		.uleb128 0xb
 1060 00dd 49       		.uleb128 0x49
 1061 00de 13       		.uleb128 0x13
 1062 00df 3F       		.uleb128 0x3f
 1063 00e0 19       		.uleb128 0x19
 1064 00e1 02       		.uleb128 0x2
 1065 00e2 18       		.uleb128 0x18
 1066 00e3 00       		.byte	0
 1067 00e4 00       		.byte	0
 1068 00e5 0F       		.uleb128 0xf
 1069 00e6 01       		.uleb128 0x1
 1070 00e7 01       		.byte	0x1
 1071 00e8 49       		.uleb128 0x49
 1072 00e9 13       		.uleb128 0x13
 1073 00ea 01       		.uleb128 0x1
 1074 00eb 13       		.uleb128 0x13
 1075 00ec 00       		.byte	0
 1076 00ed 00       		.byte	0
 1077 00ee 10       		.uleb128 0x10
 1078 00ef 21       		.uleb128 0x21
ARM GAS  C:\Users\rjimenez\AppData\Local\Temp\ccq6nsPZ.s 			page 25


 1079 00f0 00       		.byte	0
 1080 00f1 49       		.uleb128 0x49
 1081 00f2 13       		.uleb128 0x13
 1082 00f3 2F       		.uleb128 0x2f
 1083 00f4 0B       		.uleb128 0xb
 1084 00f5 00       		.byte	0
 1085 00f6 00       		.byte	0
 1086 00f7 00       		.byte	0
 1087              		.section	.debug_aranges,"",%progbits
 1088 0000 34000000 		.4byte	0x34
 1089 0004 0200     		.2byte	0x2
 1090 0006 00000000 		.4byte	.Ldebug_info0
 1091 000a 04       		.byte	0x4
 1092 000b 00       		.byte	0
 1093 000c 0000     		.2byte	0
 1094 000e 0000     		.2byte	0
 1095 0010 00000000 		.4byte	.LFB64
 1096 0014 A8000000 		.4byte	.LFE64-.LFB64
 1097 0018 00000000 		.4byte	.LFB65
 1098 001c 28000000 		.4byte	.LFE65-.LFB65
 1099 0020 00000000 		.4byte	.LFB66
 1100 0024 0C030000 		.4byte	.LFE66-.LFB66
 1101 0028 00000000 		.4byte	.LFB67
 1102 002c 5C000000 		.4byte	.LFE67-.LFB67
 1103 0030 00000000 		.4byte	0
 1104 0034 00000000 		.4byte	0
 1105              		.section	.debug_ranges,"",%progbits
 1106              	.Ldebug_ranges0:
 1107 0000 00000000 		.4byte	.LFB64
 1108 0004 A8000000 		.4byte	.LFE64
 1109 0008 00000000 		.4byte	.LFB65
 1110 000c 28000000 		.4byte	.LFE65
 1111 0010 00000000 		.4byte	.LFB66
 1112 0014 0C030000 		.4byte	.LFE66
 1113 0018 00000000 		.4byte	.LFB67
 1114 001c 5C000000 		.4byte	.LFE67
 1115 0020 00000000 		.4byte	0
 1116 0024 00000000 		.4byte	0
 1117              		.section	.debug_line,"",%progbits
 1118              	.Ldebug_line0:
 1119 0000 F0010000 		.section	.debug_str,"MS",%progbits,1
 1119      02004C01 
 1119      00000201 
 1119      FB0E0D00 
 1119      01010101 
 1120              	.LASF37:
 1121 0000 433A5C55 		.ascii	"C:\\Users\\rjimenez\\Google Drive\\MSc DSP TEC\\Mae"
 1121      73657273 
 1121      5C726A69 
 1121      6D656E65 
 1121      7A5C476F 
 1122 002e 73747269 		.ascii	"stria\\2018-1Q\\MP-6158_Tecnicas_de_Adquicision_y_P"
 1122      615C3230 
 1122      31382D31 
 1122      515C4D50 
 1122      2D363135 
 1123 005f 726F6365 		.ascii	"rocesamiento_de_Datos\\Tareas\\Tareas\\Tarea_4\\Tar"
ARM GAS  C:\Users\rjimenez\AppData\Local\Temp\ccq6nsPZ.s 			page 26


 1123      73616D69 
 1123      656E746F 
 1123      5F64655F 
 1123      4461746F 
 1124 008e 6561345C 		.ascii	"ea4\\TareaClase4.cydsn\000"
 1124      54617265 
 1124      61436C61 
 1124      7365342E 
 1124      63796473 
 1125              	.LASF22:
 1126 00a4 434C4F43 		.ascii	"CLOCK_DIVIDER_VALUE\000"
 1126      4B5F4449 
 1126      56494445 
 1126      525F5641 
 1126      4C554500 
 1127              	.LASF32:
 1128 00b8 456D756C 		.ascii	"EmulatedData\000"
 1128      61746564 
 1128      44617461 
 1128      00
 1129              	.LASF35:
 1130 00c5 474E5520 		.ascii	"GNU C11 5.4.1 20160609 (release) [ARM/embedded-5-br"
 1130      43313120 
 1130      352E342E 
 1130      31203230 
 1130      31363036 
 1131 00f8 616E6368 		.ascii	"anch revision 237715] -mcpu=cortex-m3 -mthumb -g -O"
 1131      20726576 
 1131      6973696F 
 1131      6E203233 
 1131      37373135 
 1132 012b 30202D66 		.ascii	"0 -ffunction-sections -ffat-lto-objects\000"
 1132      66756E63 
 1132      74696F6E 
 1132      2D736563 
 1132      74696F6E 
 1133              	.LASF9:
 1134 0153 5F5F696E 		.ascii	"__int32_t\000"
 1134      7433325F 
 1134      7400
 1135              	.LASF4:
 1136 015d 6C6F6E67 		.ascii	"long int\000"
 1136      20696E74 
 1136      00
 1137              	.LASF28:
 1138 0166 436F6E74 		.ascii	"ContinuouslySendData\000"
 1138      696E756F 
 1138      75736C79 
 1138      53656E64 
 1138      44617461 
 1139              	.LASF21:
 1140 017b 66696C74 		.ascii	"filterVDAC\000"
 1140      65725644 
 1140      414300
 1141              	.LASF14:
 1142 0186 666C6F61 		.ascii	"float\000"
 1142      7400
ARM GAS  C:\Users\rjimenez\AppData\Local\Temp\ccq6nsPZ.s 			page 27


 1143              	.LASF1:
 1144 018c 756E7369 		.ascii	"unsigned char\000"
 1144      676E6564 
 1144      20636861 
 1144      7200
 1145              	.LASF17:
 1146 019a 72656738 		.ascii	"reg8\000"
 1146      00
 1147              	.LASF5:
 1148 019f 6C6F6E67 		.ascii	"long unsigned int\000"
 1148      20756E73 
 1148      69676E65 
 1148      6420696E 
 1148      7400
 1149              	.LASF3:
 1150 01b1 73686F72 		.ascii	"short unsigned int\000"
 1150      7420756E 
 1150      7369676E 
 1150      65642069 
 1150      6E7400
 1151              	.LASF27:
 1152 01c4 49544D5F 		.ascii	"ITM_RxBuffer\000"
 1152      52784275 
 1152      66666572 
 1152      00
 1153              	.LASF30:
 1154 01d1 53656E64 		.ascii	"SendEmulatedData\000"
 1154      456D756C 
 1154      61746564 
 1154      44617461 
 1154      00
 1155              	.LASF15:
 1156 01e2 646F7562 		.ascii	"double\000"
 1156      6C6500
 1157              	.LASF24:
 1158 01e9 444D415F 		.ascii	"DMA_Config\000"
 1158      436F6E66 
 1158      696700
 1159              	.LASF23:
 1160 01f4 6D61696E 		.ascii	"main\000"
 1160      00
 1161              	.LASF12:
 1162 01f9 75696E74 		.ascii	"uint16\000"
 1162      313600
 1163              	.LASF34:
 1164 0200 73616D70 		.ascii	"sampler_counter\000"
 1164      6C65725F 
 1164      636F756E 
 1164      74657200 
 1165              	.LASF13:
 1166 0210 75696E74 		.ascii	"uint32\000"
 1166      333200
 1167              	.LASF8:
 1168 0217 756E7369 		.ascii	"unsigned int\000"
 1168      676E6564 
 1168      20696E74 
 1168      00
ARM GAS  C:\Users\rjimenez\AppData\Local\Temp\ccq6nsPZ.s 			page 28


 1169              	.LASF7:
 1170 0224 6C6F6E67 		.ascii	"long long unsigned int\000"
 1170      206C6F6E 
 1170      6720756E 
 1170      7369676E 
 1170      65642069 
 1171              	.LASF26:
 1172 023b 74644368 		.ascii	"tdChanA\000"
 1172      616E4100 
 1173              	.LASF10:
 1174 0243 696E7433 		.ascii	"int32_t\000"
 1174      325F7400 
 1175              	.LASF20:
 1176 024b 5472616E 		.ascii	"Transmit\000"
 1176      736D6974 
 1176      00
 1177              	.LASF19:
 1178 0254 73697A65 		.ascii	"sizetype\000"
 1178      74797065 
 1178      00
 1179              	.LASF6:
 1180 025d 6C6F6E67 		.ascii	"long long int\000"
 1180      206C6F6E 
 1180      6720696E 
 1180      7400
 1181              	.LASF36:
 1182 026b 6D61696E 		.ascii	"main.c\000"
 1182      2E6300
 1183              	.LASF16:
 1184 0272 63686172 		.ascii	"char\000"
 1184      00
 1185              	.LASF2:
 1186 0277 73686F72 		.ascii	"short int\000"
 1186      7420696E 
 1186      7400
 1187              	.LASF31:
 1188 0281 5472616E 		.ascii	"TransmitBuffer\000"
 1188      736D6974 
 1188      42756666 
 1188      657200
 1189              	.LASF33:
 1190 0290 6F757470 		.ascii	"output\000"
 1190      757400
 1191              	.LASF11:
 1192 0297 75696E74 		.ascii	"uint8\000"
 1192      3800
 1193              	.LASF25:
 1194 029d 6368616E 		.ascii	"channelHandle\000"
 1194      6E656C48 
 1194      616E646C 
 1194      6500
 1195              	.LASF18:
 1196 02ab 6C6F6E67 		.ascii	"long double\000"
 1196      20646F75 
 1196      626C6500 
 1197              	.LASF0:
 1198 02b7 7369676E 		.ascii	"signed char\000"
ARM GAS  C:\Users\rjimenez\AppData\Local\Temp\ccq6nsPZ.s 			page 29


 1198      65642063 
 1198      68617200 
 1199              	.LASF29:
 1200 02c3 53656E64 		.ascii	"SendSingleByte\000"
 1200      53696E67 
 1200      6C654279 
 1200      746500
 1201              		.ident	"GCC: (GNU Tools for ARM Embedded Processors) 5.4.1 20160609 (release) [ARM/embedded-5-bran
