ARM GAS  C:\Users\fabis\AppData\Local\Temp\ccqyv5F1.s 			page 1


   1              		.syntax unified
   2              		.cpu cortex-m0
   3              		.fpu softvfp
   4              		.eabi_attribute 20, 1
   5              		.eabi_attribute 21, 1
   6              		.eabi_attribute 23, 3
   7              		.eabi_attribute 24, 1
   8              		.eabi_attribute 25, 1
   9              		.eabi_attribute 26, 1
  10              		.eabi_attribute 30, 6
  11              		.eabi_attribute 34, 0
  12              		.eabi_attribute 18, 4
  13              		.thumb
  14              		.syntax unified
  15              		.file	"Cm0Start.c"
  16              		.text
  17              	.Ltext0:
  18              		.cfi_sections	.debug_frame
  19              		.section	.noinit,"aw",%progbits
  20              		.align	2
  21              		.type	cySysNoInitDataValid, %object
  22              		.size	cySysNoInitDataValid, 4
  23              	cySysNoInitDataValid:
  24 0000 00000000 		.space	4
  25              		.section	.text.IntDefaultHandler,"ax",%progbits
  26              		.align	2
  27              		.global	IntDefaultHandler
  28              		.code	16
  29              		.thumb_func
  30              		.type	IntDefaultHandler, %function
  31              	IntDefaultHandler:
  32              	.LFB0:
  33              		.file 1 "Generated_Source\\PSoC4\\Cm0Start.c"
   1:Generated_Source\PSoC4/Cm0Start.c **** /*******************************************************************************
   2:Generated_Source\PSoC4/Cm0Start.c **** * File Name: Cm0Start.c
   3:Generated_Source\PSoC4/Cm0Start.c **** * Version 5.30
   4:Generated_Source\PSoC4/Cm0Start.c **** *
   5:Generated_Source\PSoC4/Cm0Start.c **** *  Description:
   6:Generated_Source\PSoC4/Cm0Start.c **** *  Startup code for the ARM CM0.
   7:Generated_Source\PSoC4/Cm0Start.c **** *
   8:Generated_Source\PSoC4/Cm0Start.c **** ********************************************************************************
   9:Generated_Source\PSoC4/Cm0Start.c **** * Copyright 2010-2015, Cypress Semiconductor Corporation.  All rights reserved.
  10:Generated_Source\PSoC4/Cm0Start.c **** * You may use this file only in accordance with the license, terms, conditions,
  11:Generated_Source\PSoC4/Cm0Start.c **** * disclaimers, and limitations in the end user license agreement accompanying
  12:Generated_Source\PSoC4/Cm0Start.c **** * the software package with which this file was provided.
  13:Generated_Source\PSoC4/Cm0Start.c **** *******************************************************************************/
  14:Generated_Source\PSoC4/Cm0Start.c **** 
  15:Generated_Source\PSoC4/Cm0Start.c **** #include <limits.h>
  16:Generated_Source\PSoC4/Cm0Start.c **** #include "cydevice_trm.h"
  17:Generated_Source\PSoC4/Cm0Start.c **** #include "cytypes.h"
  18:Generated_Source\PSoC4/Cm0Start.c **** #include "cyfitter_cfg.h"
  19:Generated_Source\PSoC4/Cm0Start.c **** #include "CyLib.h"
  20:Generated_Source\PSoC4/Cm0Start.c **** #include "cyfitter.h"
  21:Generated_Source\PSoC4/Cm0Start.c **** 
  22:Generated_Source\PSoC4/Cm0Start.c **** 
  23:Generated_Source\PSoC4/Cm0Start.c **** #define CY_NUM_VECTORS              (CY_INT_IRQ_BASE + CY_NUM_INTERRUPTS)
  24:Generated_Source\PSoC4/Cm0Start.c **** #define CY_CPUSS_CONFIG_VECT_IN_RAM (( uint32 ) 0x01)
ARM GAS  C:\Users\fabis\AppData\Local\Temp\ccqyv5F1.s 			page 2


  25:Generated_Source\PSoC4/Cm0Start.c **** 
  26:Generated_Source\PSoC4/Cm0Start.c **** /* CPUSS Configuration register */
  27:Generated_Source\PSoC4/Cm0Start.c **** #define CY_CPUSS_CONFIG_REG         (*(reg32 *) CYREG_CPUSS_CONFIG)
  28:Generated_Source\PSoC4/Cm0Start.c **** #define CY_CPUSS_CONFIG_PTR         ( (reg32 *) CYREG_CPUSS_CONFIG)
  29:Generated_Source\PSoC4/Cm0Start.c **** 
  30:Generated_Source\PSoC4/Cm0Start.c **** 
  31:Generated_Source\PSoC4/Cm0Start.c **** #if defined (__ICCARM__)
  32:Generated_Source\PSoC4/Cm0Start.c ****     #define CY_NUM_ROM_VECTORS      (CY_NUM_VECTORS)
  33:Generated_Source\PSoC4/Cm0Start.c **** #else
  34:Generated_Source\PSoC4/Cm0Start.c ****     #define CY_NUM_ROM_VECTORS      (4u)
  35:Generated_Source\PSoC4/Cm0Start.c **** #endif  /* defined (__ICCARM__) */
  36:Generated_Source\PSoC4/Cm0Start.c **** 
  37:Generated_Source\PSoC4/Cm0Start.c **** 
  38:Generated_Source\PSoC4/Cm0Start.c **** #ifndef CY_SYS_INITIAL_STACK_POINTER
  39:Generated_Source\PSoC4/Cm0Start.c **** 
  40:Generated_Source\PSoC4/Cm0Start.c ****     #if defined(__ARMCC_VERSION)
  41:Generated_Source\PSoC4/Cm0Start.c ****         #define CY_SYS_INITIAL_STACK_POINTER ((cyisraddress)(uint32)&Image$$ARM_LIB_STACK$$ZI$$Limi
  42:Generated_Source\PSoC4/Cm0Start.c ****     #elif defined (__GNUC__)
  43:Generated_Source\PSoC4/Cm0Start.c ****         #define CY_SYS_INITIAL_STACK_POINTER (&__cy_stack)
  44:Generated_Source\PSoC4/Cm0Start.c ****     #elif defined (__ICCARM__)
  45:Generated_Source\PSoC4/Cm0Start.c ****         #pragma language=extended
  46:Generated_Source\PSoC4/Cm0Start.c ****         #pragma segment="CSTACK"
  47:Generated_Source\PSoC4/Cm0Start.c ****         #define CY_SYS_INITIAL_STACK_POINTER  { .__ptr = __sfe( "CSTACK" ) }
  48:Generated_Source\PSoC4/Cm0Start.c **** 
  49:Generated_Source\PSoC4/Cm0Start.c ****         extern void __iar_program_start( void );
  50:Generated_Source\PSoC4/Cm0Start.c ****         extern void __iar_data_init3 (void);
  51:Generated_Source\PSoC4/Cm0Start.c ****     #endif  /* (__ARMCC_VERSION) */
  52:Generated_Source\PSoC4/Cm0Start.c **** 
  53:Generated_Source\PSoC4/Cm0Start.c **** #endif /* CY_SYS_INITIAL_STACK_POINTER */
  54:Generated_Source\PSoC4/Cm0Start.c **** 
  55:Generated_Source\PSoC4/Cm0Start.c **** 
  56:Generated_Source\PSoC4/Cm0Start.c **** #if defined(__GNUC__)
  57:Generated_Source\PSoC4/Cm0Start.c ****     #include <errno.h>
  58:Generated_Source\PSoC4/Cm0Start.c ****     extern int  errno;
  59:Generated_Source\PSoC4/Cm0Start.c ****     extern int  end;
  60:Generated_Source\PSoC4/Cm0Start.c **** #endif  /* defined(__GNUC__) */
  61:Generated_Source\PSoC4/Cm0Start.c **** 
  62:Generated_Source\PSoC4/Cm0Start.c **** /* Extern functions */
  63:Generated_Source\PSoC4/Cm0Start.c **** extern void CyBtldr_CheckLaunch(void);
  64:Generated_Source\PSoC4/Cm0Start.c **** 
  65:Generated_Source\PSoC4/Cm0Start.c **** /* Function prototypes */
  66:Generated_Source\PSoC4/Cm0Start.c **** void initialize_psoc(void);
  67:Generated_Source\PSoC4/Cm0Start.c **** 
  68:Generated_Source\PSoC4/Cm0Start.c **** /* Global variables */
  69:Generated_Source\PSoC4/Cm0Start.c **** #if !defined (__ICCARM__)
  70:Generated_Source\PSoC4/Cm0Start.c ****     CY_NOINIT static uint32 cySysNoInitDataValid;
  71:Generated_Source\PSoC4/Cm0Start.c **** #endif  /* !defined (__ICCARM__) */
  72:Generated_Source\PSoC4/Cm0Start.c **** 
  73:Generated_Source\PSoC4/Cm0Start.c **** 
  74:Generated_Source\PSoC4/Cm0Start.c **** #if (CYDEV_PROJ_TYPE != CYDEV_PROJ_TYPE_STANDARD)
  75:Generated_Source\PSoC4/Cm0Start.c **** 
  76:Generated_Source\PSoC4/Cm0Start.c ****     /*******************************************************************************
  77:Generated_Source\PSoC4/Cm0Start.c ****     This variable is used by the Bootloader/Bootloadable components to schedule
  78:Generated_Source\PSoC4/Cm0Start.c ****     what application will be started after a software reset.
  79:Generated_Source\PSoC4/Cm0Start.c ****     *******************************************************************************/
  80:Generated_Source\PSoC4/Cm0Start.c ****     #if (__ARMCC_VERSION)
  81:Generated_Source\PSoC4/Cm0Start.c ****         __attribute__ ((section(".bootloaderruntype"), zero_init))
ARM GAS  C:\Users\fabis\AppData\Local\Temp\ccqyv5F1.s 			page 3


  82:Generated_Source\PSoC4/Cm0Start.c ****     #elif defined (__GNUC__)
  83:Generated_Source\PSoC4/Cm0Start.c ****         __attribute__ ((section(".bootloaderruntype")))
  84:Generated_Source\PSoC4/Cm0Start.c ****     #elif defined (__ICCARM__)
  85:Generated_Source\PSoC4/Cm0Start.c ****         #pragma location=".bootloaderruntype"
  86:Generated_Source\PSoC4/Cm0Start.c ****     #endif /* (__ARMCC_VERSION) */
  87:Generated_Source\PSoC4/Cm0Start.c ****     volatile uint32 cyBtldrRunType;
  88:Generated_Source\PSoC4/Cm0Start.c **** 
  89:Generated_Source\PSoC4/Cm0Start.c **** #endif  /* (CYDEV_PROJ_TYPE != CYDEV_PROJ_TYPE_STANDARD) */
  90:Generated_Source\PSoC4/Cm0Start.c **** 
  91:Generated_Source\PSoC4/Cm0Start.c **** 
  92:Generated_Source\PSoC4/Cm0Start.c **** /*******************************************************************************
  93:Generated_Source\PSoC4/Cm0Start.c **** * Function Name: IntDefaultHandler
  94:Generated_Source\PSoC4/Cm0Start.c **** ********************************************************************************
  95:Generated_Source\PSoC4/Cm0Start.c **** *
  96:Generated_Source\PSoC4/Cm0Start.c **** * Summary:
  97:Generated_Source\PSoC4/Cm0Start.c **** *  This function is called for all interrupts, other than a reset that is called
  98:Generated_Source\PSoC4/Cm0Start.c **** *  before the system is setup.
  99:Generated_Source\PSoC4/Cm0Start.c **** *
 100:Generated_Source\PSoC4/Cm0Start.c **** * Parameters:
 101:Generated_Source\PSoC4/Cm0Start.c **** *  None
 102:Generated_Source\PSoC4/Cm0Start.c **** *
 103:Generated_Source\PSoC4/Cm0Start.c **** * Return:
 104:Generated_Source\PSoC4/Cm0Start.c **** *  None
 105:Generated_Source\PSoC4/Cm0Start.c **** *
 106:Generated_Source\PSoC4/Cm0Start.c **** * Theory:
 107:Generated_Source\PSoC4/Cm0Start.c **** *   Any value other than zero is acceptable.
 108:Generated_Source\PSoC4/Cm0Start.c **** *
 109:Generated_Source\PSoC4/Cm0Start.c **** *******************************************************************************/
 110:Generated_Source\PSoC4/Cm0Start.c **** CY_NORETURN
 111:Generated_Source\PSoC4/Cm0Start.c **** CY_ISR(IntDefaultHandler)
 112:Generated_Source\PSoC4/Cm0Start.c **** {
  34              		.loc 1 112 0
  35              		.cfi_startproc
  36              		@ args = 0, pretend = 0, frame = 0
  37              		@ frame_needed = 1, uses_anonymous_args = 0
  38 0000 80B5     		push	{r7, lr}
  39              		.cfi_def_cfa_offset 8
  40              		.cfi_offset 7, -8
  41              		.cfi_offset 14, -4
  42 0002 00AF     		add	r7, sp, #0
  43              		.cfi_def_cfa_register 7
  44              	.L2:
 113:Generated_Source\PSoC4/Cm0Start.c ****     /***************************************************************************
 114:Generated_Source\PSoC4/Cm0Start.c ****     * We must not get here. If we do, a serious problem occurs, so go into
 115:Generated_Source\PSoC4/Cm0Start.c ****     * an infinite loop.
 116:Generated_Source\PSoC4/Cm0Start.c ****     ***************************************************************************/
 117:Generated_Source\PSoC4/Cm0Start.c **** 
 118:Generated_Source\PSoC4/Cm0Start.c ****     #ifdef CY_BOOT_INT_DEFAULT_HANDLER_EXCEPTION_ENTRY_CALLBACK
 119:Generated_Source\PSoC4/Cm0Start.c ****         CyBoot_IntDefaultHandler_Exception_EntryCallback();
 120:Generated_Source\PSoC4/Cm0Start.c ****     #endif /* CY_BOOT_INT_DEFAULT_HANDLER_EXCEPTION_ENTRY_CALLBACK */
 121:Generated_Source\PSoC4/Cm0Start.c **** 
 122:Generated_Source\PSoC4/Cm0Start.c ****     while(1)
 123:Generated_Source\PSoC4/Cm0Start.c ****     {
 124:Generated_Source\PSoC4/Cm0Start.c **** 
 125:Generated_Source\PSoC4/Cm0Start.c ****     }
  45              		.loc 1 125 0 discriminator 1
  46 0004 FEE7     		b	.L2
ARM GAS  C:\Users\fabis\AppData\Local\Temp\ccqyv5F1.s 			page 4


  47              		.cfi_endproc
  48              	.LFE0:
  49              		.size	IntDefaultHandler, .-IntDefaultHandler
  50 0006 C046     		.section	.text._exit,"ax",%progbits
  51              		.align	2
  52              		.weak	_exit
  53              		.code	16
  54              		.thumb_func
  55              		.type	_exit, %function
  56              	_exit:
  57              	.LFB1:
 126:Generated_Source\PSoC4/Cm0Start.c **** }
 127:Generated_Source\PSoC4/Cm0Start.c **** 
 128:Generated_Source\PSoC4/Cm0Start.c **** #if defined(__ARMCC_VERSION)
 129:Generated_Source\PSoC4/Cm0Start.c **** 
 130:Generated_Source\PSoC4/Cm0Start.c **** /* Local function for device reset. */
 131:Generated_Source\PSoC4/Cm0Start.c **** extern void Reset(void);
 132:Generated_Source\PSoC4/Cm0Start.c **** 
 133:Generated_Source\PSoC4/Cm0Start.c **** /* Application entry point. */
 134:Generated_Source\PSoC4/Cm0Start.c **** extern void $Super$$main(void);
 135:Generated_Source\PSoC4/Cm0Start.c **** 
 136:Generated_Source\PSoC4/Cm0Start.c **** /* Linker-generated Stack Base addresses, Two Region and One Region */
 137:Generated_Source\PSoC4/Cm0Start.c **** extern unsigned long Image$$ARM_LIB_STACK$$ZI$$Limit;
 138:Generated_Source\PSoC4/Cm0Start.c **** 
 139:Generated_Source\PSoC4/Cm0Start.c **** /* RealView C Library initialization. */
 140:Generated_Source\PSoC4/Cm0Start.c **** extern int __main(void);
 141:Generated_Source\PSoC4/Cm0Start.c **** 
 142:Generated_Source\PSoC4/Cm0Start.c **** 
 143:Generated_Source\PSoC4/Cm0Start.c **** /*******************************************************************************
 144:Generated_Source\PSoC4/Cm0Start.c **** * Function Name: Reset
 145:Generated_Source\PSoC4/Cm0Start.c **** ********************************************************************************
 146:Generated_Source\PSoC4/Cm0Start.c **** *
 147:Generated_Source\PSoC4/Cm0Start.c **** * Summary:
 148:Generated_Source\PSoC4/Cm0Start.c **** *  This function handles the reset interrupt for the RVDS/MDK toolchains.
 149:Generated_Source\PSoC4/Cm0Start.c **** *  This is the first bit of code that is executed at startup.
 150:Generated_Source\PSoC4/Cm0Start.c **** *
 151:Generated_Source\PSoC4/Cm0Start.c **** * Parameters:
 152:Generated_Source\PSoC4/Cm0Start.c **** *  None
 153:Generated_Source\PSoC4/Cm0Start.c **** *
 154:Generated_Source\PSoC4/Cm0Start.c **** * Return:
 155:Generated_Source\PSoC4/Cm0Start.c **** *  None
 156:Generated_Source\PSoC4/Cm0Start.c **** *
 157:Generated_Source\PSoC4/Cm0Start.c **** *******************************************************************************/
 158:Generated_Source\PSoC4/Cm0Start.c **** void Reset(void)
 159:Generated_Source\PSoC4/Cm0Start.c **** {
 160:Generated_Source\PSoC4/Cm0Start.c ****     #if (CYDEV_PROJ_TYPE == CYDEV_PROJ_TYPE_LOADABLE || CYDEV_PROJ_TYPE == CYDEV_PROJ_TYPE_LOADABLE
 161:Generated_Source\PSoC4/Cm0Start.c ****         /* The bootloadable application image is started at Reset() handler
 162:Generated_Source\PSoC4/Cm0Start.c ****         * as a result of a branch instruction execution from the bootloader.
 163:Generated_Source\PSoC4/Cm0Start.c ****         * So, the stack pointer needs to be reset to be sure that
 164:Generated_Source\PSoC4/Cm0Start.c ****         * there is no garbage in the stack.
 165:Generated_Source\PSoC4/Cm0Start.c ****         */
 166:Generated_Source\PSoC4/Cm0Start.c ****         register uint32_t msp __asm("msp");
 167:Generated_Source\PSoC4/Cm0Start.c ****         msp = (uint32_t)&Image$$ARM_LIB_STACK$$ZI$$Limit;
 168:Generated_Source\PSoC4/Cm0Start.c ****     #endif /*(CYDEV_PROJ_TYPE == CYDEV_PROJ_TYPE_LOADABLE || CYDEV_PROJ_TYPE == CYDEV_PROJ_TYPE_LOA
 169:Generated_Source\PSoC4/Cm0Start.c **** 
 170:Generated_Source\PSoC4/Cm0Start.c ****     #if(CY_IP_SRSSLT)
 171:Generated_Source\PSoC4/Cm0Start.c ****         CySysWdtDisable();
ARM GAS  C:\Users\fabis\AppData\Local\Temp\ccqyv5F1.s 			page 5


 172:Generated_Source\PSoC4/Cm0Start.c ****     #endif  /* (CY_IP_SRSSLT) */
 173:Generated_Source\PSoC4/Cm0Start.c **** 
 174:Generated_Source\PSoC4/Cm0Start.c ****     #if ((CYDEV_BOOTLOADER_ENABLE) && (CYDEV_PROJ_TYPE != CYDEV_PROJ_TYPE_LOADABLEANDBOOTLOADER))
 175:Generated_Source\PSoC4/Cm0Start.c ****         CyBtldr_CheckLaunch();
 176:Generated_Source\PSoC4/Cm0Start.c ****     #endif /* ((CYDEV_BOOTLOADER_ENABLE) && (CYDEV_PROJ_TYPE != CYDEV_PROJ_TYPE_LOADABLEANDBOOTLOAD
 177:Generated_Source\PSoC4/Cm0Start.c **** 
 178:Generated_Source\PSoC4/Cm0Start.c ****     __main();
 179:Generated_Source\PSoC4/Cm0Start.c **** }
 180:Generated_Source\PSoC4/Cm0Start.c **** 
 181:Generated_Source\PSoC4/Cm0Start.c **** /*******************************************************************************
 182:Generated_Source\PSoC4/Cm0Start.c **** * Function Name: $Sub$$main
 183:Generated_Source\PSoC4/Cm0Start.c **** ********************************************************************************
 184:Generated_Source\PSoC4/Cm0Start.c **** *
 185:Generated_Source\PSoC4/Cm0Start.c **** * Summary:
 186:Generated_Source\PSoC4/Cm0Start.c **** *  This function is called immediately before the users main
 187:Generated_Source\PSoC4/Cm0Start.c **** *
 188:Generated_Source\PSoC4/Cm0Start.c **** * Parameters:
 189:Generated_Source\PSoC4/Cm0Start.c **** *  None
 190:Generated_Source\PSoC4/Cm0Start.c **** *
 191:Generated_Source\PSoC4/Cm0Start.c **** * Return:
 192:Generated_Source\PSoC4/Cm0Start.c **** *  None
 193:Generated_Source\PSoC4/Cm0Start.c **** *
 194:Generated_Source\PSoC4/Cm0Start.c **** *******************************************************************************/
 195:Generated_Source\PSoC4/Cm0Start.c **** __attribute__ ((noreturn, __noinline__))
 196:Generated_Source\PSoC4/Cm0Start.c **** void $Sub$$main(void)
 197:Generated_Source\PSoC4/Cm0Start.c **** {
 198:Generated_Source\PSoC4/Cm0Start.c ****     initialize_psoc();
 199:Generated_Source\PSoC4/Cm0Start.c **** 
 200:Generated_Source\PSoC4/Cm0Start.c ****     /* Call original main */
 201:Generated_Source\PSoC4/Cm0Start.c ****     $Super$$main();
 202:Generated_Source\PSoC4/Cm0Start.c **** 
 203:Generated_Source\PSoC4/Cm0Start.c ****     while (1)
 204:Generated_Source\PSoC4/Cm0Start.c ****     {
 205:Generated_Source\PSoC4/Cm0Start.c ****         /* If main returns it is undefined what we should do. */
 206:Generated_Source\PSoC4/Cm0Start.c ****     }
 207:Generated_Source\PSoC4/Cm0Start.c **** }
 208:Generated_Source\PSoC4/Cm0Start.c **** 
 209:Generated_Source\PSoC4/Cm0Start.c **** #elif defined(__GNUC__)
 210:Generated_Source\PSoC4/Cm0Start.c **** 
 211:Generated_Source\PSoC4/Cm0Start.c **** /* Stack Base address */
 212:Generated_Source\PSoC4/Cm0Start.c **** extern void __cy_stack(void);
 213:Generated_Source\PSoC4/Cm0Start.c **** 
 214:Generated_Source\PSoC4/Cm0Start.c **** /* Application entry point. */
 215:Generated_Source\PSoC4/Cm0Start.c **** extern int main(void);
 216:Generated_Source\PSoC4/Cm0Start.c **** 
 217:Generated_Source\PSoC4/Cm0Start.c **** /* The static objects constructors initializer */
 218:Generated_Source\PSoC4/Cm0Start.c **** extern void __libc_init_array(void);
 219:Generated_Source\PSoC4/Cm0Start.c **** 
 220:Generated_Source\PSoC4/Cm0Start.c **** typedef unsigned char __cy_byte_align8 __attribute ((aligned (8)));
 221:Generated_Source\PSoC4/Cm0Start.c **** 
 222:Generated_Source\PSoC4/Cm0Start.c **** struct __cy_region
 223:Generated_Source\PSoC4/Cm0Start.c **** {
 224:Generated_Source\PSoC4/Cm0Start.c ****     __cy_byte_align8 *init; /* Initial contents of this region.  */
 225:Generated_Source\PSoC4/Cm0Start.c ****     __cy_byte_align8 *data; /* Start address of region.  */
 226:Generated_Source\PSoC4/Cm0Start.c ****     size_t init_size;       /* Size of initial data.  */
 227:Generated_Source\PSoC4/Cm0Start.c ****     size_t zero_size;       /* Additional size to be zeroed.  */
 228:Generated_Source\PSoC4/Cm0Start.c **** };
ARM GAS  C:\Users\fabis\AppData\Local\Temp\ccqyv5F1.s 			page 6


 229:Generated_Source\PSoC4/Cm0Start.c **** 
 230:Generated_Source\PSoC4/Cm0Start.c **** extern const struct __cy_region __cy_regions[];
 231:Generated_Source\PSoC4/Cm0Start.c **** extern const char __cy_region_num __attribute__((weak));
 232:Generated_Source\PSoC4/Cm0Start.c **** #define __cy_region_num ((size_t)&__cy_region_num)
 233:Generated_Source\PSoC4/Cm0Start.c **** 
 234:Generated_Source\PSoC4/Cm0Start.c **** 
 235:Generated_Source\PSoC4/Cm0Start.c **** /*******************************************************************************
 236:Generated_Source\PSoC4/Cm0Start.c **** * System Calls of the Red Hat newlib C Library
 237:Generated_Source\PSoC4/Cm0Start.c **** *******************************************************************************/
 238:Generated_Source\PSoC4/Cm0Start.c **** 
 239:Generated_Source\PSoC4/Cm0Start.c **** 
 240:Generated_Source\PSoC4/Cm0Start.c **** /*******************************************************************************
 241:Generated_Source\PSoC4/Cm0Start.c **** * Function Name: _exit
 242:Generated_Source\PSoC4/Cm0Start.c **** ********************************************************************************
 243:Generated_Source\PSoC4/Cm0Start.c **** *
 244:Generated_Source\PSoC4/Cm0Start.c **** * Summary:
 245:Generated_Source\PSoC4/Cm0Start.c **** *  Exit a program without cleaning up files. If your system doesn't provide
 246:Generated_Source\PSoC4/Cm0Start.c **** *  this, it is best to avoid linking with subroutines that require it (exit,
 247:Generated_Source\PSoC4/Cm0Start.c **** *  system).
 248:Generated_Source\PSoC4/Cm0Start.c **** *
 249:Generated_Source\PSoC4/Cm0Start.c **** * Parameters:
 250:Generated_Source\PSoC4/Cm0Start.c **** *  status: Status caused program exit.
 251:Generated_Source\PSoC4/Cm0Start.c **** *
 252:Generated_Source\PSoC4/Cm0Start.c **** * Return:
 253:Generated_Source\PSoC4/Cm0Start.c **** *  None
 254:Generated_Source\PSoC4/Cm0Start.c **** *
 255:Generated_Source\PSoC4/Cm0Start.c **** *******************************************************************************/
 256:Generated_Source\PSoC4/Cm0Start.c **** __attribute__((weak))
 257:Generated_Source\PSoC4/Cm0Start.c **** void _exit(int status)
 258:Generated_Source\PSoC4/Cm0Start.c **** {
  58              		.loc 1 258 0
  59              		.cfi_startproc
  60              		@ args = 0, pretend = 0, frame = 8
  61              		@ frame_needed = 1, uses_anonymous_args = 0
  62 0000 80B5     		push	{r7, lr}
  63              		.cfi_def_cfa_offset 8
  64              		.cfi_offset 7, -8
  65              		.cfi_offset 14, -4
  66 0002 82B0     		sub	sp, sp, #8
  67              		.cfi_def_cfa_offset 16
  68 0004 00AF     		add	r7, sp, #0
  69              		.cfi_def_cfa_register 7
  70 0006 7860     		str	r0, [r7, #4]
 259:Generated_Source\PSoC4/Cm0Start.c ****     CyHalt((uint8) status);
  71              		.loc 1 259 0
  72 0008 7B68     		ldr	r3, [r7, #4]
  73 000a DBB2     		uxtb	r3, r3
  74 000c 1800     		movs	r0, r3
  75 000e FFF7FEFF 		bl	CyHalt
  76              	.L4:
 260:Generated_Source\PSoC4/Cm0Start.c **** 
 261:Generated_Source\PSoC4/Cm0Start.c ****     while(1)
 262:Generated_Source\PSoC4/Cm0Start.c ****     {
 263:Generated_Source\PSoC4/Cm0Start.c **** 
 264:Generated_Source\PSoC4/Cm0Start.c ****     }
  77              		.loc 1 264 0 discriminator 1
  78 0012 FEE7     		b	.L4
ARM GAS  C:\Users\fabis\AppData\Local\Temp\ccqyv5F1.s 			page 7


  79              		.cfi_endproc
  80              	.LFE1:
  81              		.size	_exit, .-_exit
  82              		.section	.text._sbrk,"ax",%progbits
  83              		.align	2
  84              		.weak	_sbrk
  85              		.code	16
  86              		.thumb_func
  87              		.type	_sbrk, %function
  88              	_sbrk:
  89              	.LFB2:
 265:Generated_Source\PSoC4/Cm0Start.c **** }
 266:Generated_Source\PSoC4/Cm0Start.c **** 
 267:Generated_Source\PSoC4/Cm0Start.c **** 
 268:Generated_Source\PSoC4/Cm0Start.c **** /*******************************************************************************
 269:Generated_Source\PSoC4/Cm0Start.c **** * Function Name: _sbrk
 270:Generated_Source\PSoC4/Cm0Start.c **** ********************************************************************************
 271:Generated_Source\PSoC4/Cm0Start.c **** *
 272:Generated_Source\PSoC4/Cm0Start.c **** * Summary:
 273:Generated_Source\PSoC4/Cm0Start.c **** *  Increase program data space. As malloc and related functions depend on this,
 274:Generated_Source\PSoC4/Cm0Start.c **** *  it is useful to have a working implementation. The following suffices for a
 275:Generated_Source\PSoC4/Cm0Start.c **** *  standalone system; it exploits the symbol end automatically defined by the
 276:Generated_Source\PSoC4/Cm0Start.c **** *  GNU linker.
 277:Generated_Source\PSoC4/Cm0Start.c **** *
 278:Generated_Source\PSoC4/Cm0Start.c **** * Parameters:
 279:Generated_Source\PSoC4/Cm0Start.c **** *  nbytes: The number of bytes requested (if the parameter value is positive)
 280:Generated_Source\PSoC4/Cm0Start.c **** *  from the heap or returned back to the heap (if the parameter value is
 281:Generated_Source\PSoC4/Cm0Start.c **** *  negative).
 282:Generated_Source\PSoC4/Cm0Start.c **** *
 283:Generated_Source\PSoC4/Cm0Start.c **** * Return:
 284:Generated_Source\PSoC4/Cm0Start.c **** *  None
 285:Generated_Source\PSoC4/Cm0Start.c **** *
 286:Generated_Source\PSoC4/Cm0Start.c **** *******************************************************************************/
 287:Generated_Source\PSoC4/Cm0Start.c **** __attribute__((weak))
 288:Generated_Source\PSoC4/Cm0Start.c **** void * _sbrk (int nbytes)
 289:Generated_Source\PSoC4/Cm0Start.c **** {
  90              		.loc 1 289 0
  91              		.cfi_startproc
  92              		@ args = 0, pretend = 0, frame = 16
  93              		@ frame_needed = 1, uses_anonymous_args = 0
  94 0000 80B5     		push	{r7, lr}
  95              		.cfi_def_cfa_offset 8
  96              		.cfi_offset 7, -8
  97              		.cfi_offset 14, -4
  98 0002 84B0     		sub	sp, sp, #16
  99              		.cfi_def_cfa_offset 24
 100 0004 00AF     		add	r7, sp, #0
 101              		.cfi_def_cfa_register 7
 102 0006 7860     		str	r0, [r7, #4]
 290:Generated_Source\PSoC4/Cm0Start.c ****     extern int  end;            /* Symbol defined by linker map. Start of free memory (as symbol). 
 291:Generated_Source\PSoC4/Cm0Start.c ****     void *      returnValue;
 292:Generated_Source\PSoC4/Cm0Start.c **** 
 293:Generated_Source\PSoC4/Cm0Start.c ****     /* The statically held previous end of the heap, with its initialization. */
 294:Generated_Source\PSoC4/Cm0Start.c ****     static void *heapPointer = (void *) &end;                 /* Previous end */
 295:Generated_Source\PSoC4/Cm0Start.c **** 
 296:Generated_Source\PSoC4/Cm0Start.c ****     if (((heapPointer + nbytes) - (void *) &end) <= CYDEV_HEAP_SIZE)
 103              		.loc 1 296 0
ARM GAS  C:\Users\fabis\AppData\Local\Temp\ccqyv5F1.s 			page 8


 104 0008 0F4B     		ldr	r3, .L9
 105 000a 1A68     		ldr	r2, [r3]
 106 000c 7B68     		ldr	r3, [r7, #4]
 107 000e D318     		adds	r3, r2, r3
 108 0010 1A00     		movs	r2, r3
 109 0012 0E4B     		ldr	r3, .L9+4
 110 0014 D31A     		subs	r3, r2, r3
 111 0016 802B     		cmp	r3, #128
 112 0018 09DC     		bgt	.L6
 297:Generated_Source\PSoC4/Cm0Start.c ****     {
 298:Generated_Source\PSoC4/Cm0Start.c ****         returnValue  = heapPointer;
 113              		.loc 1 298 0
 114 001a 0B4B     		ldr	r3, .L9
 115 001c 1B68     		ldr	r3, [r3]
 116 001e FB60     		str	r3, [r7, #12]
 299:Generated_Source\PSoC4/Cm0Start.c ****         heapPointer += nbytes;
 117              		.loc 1 299 0
 118 0020 094B     		ldr	r3, .L9
 119 0022 1A68     		ldr	r2, [r3]
 120 0024 7B68     		ldr	r3, [r7, #4]
 121 0026 D218     		adds	r2, r2, r3
 122 0028 074B     		ldr	r3, .L9
 123 002a 1A60     		str	r2, [r3]
 124 002c 07E0     		b	.L7
 125              	.L6:
 300:Generated_Source\PSoC4/Cm0Start.c ****     }
 301:Generated_Source\PSoC4/Cm0Start.c ****     else
 302:Generated_Source\PSoC4/Cm0Start.c ****     {
 303:Generated_Source\PSoC4/Cm0Start.c ****         errno = ENOMEM;
 126              		.loc 1 303 0
 127 002e FFF7FEFF 		bl	__errno
 128 0032 0300     		movs	r3, r0
 129 0034 0C22     		movs	r2, #12
 130 0036 1A60     		str	r2, [r3]
 304:Generated_Source\PSoC4/Cm0Start.c ****         returnValue = (void *) -1;
 131              		.loc 1 304 0
 132 0038 0123     		movs	r3, #1
 133 003a 5B42     		rsbs	r3, r3, #0
 134 003c FB60     		str	r3, [r7, #12]
 135              	.L7:
 305:Generated_Source\PSoC4/Cm0Start.c ****     }
 306:Generated_Source\PSoC4/Cm0Start.c **** 
 307:Generated_Source\PSoC4/Cm0Start.c ****     return (returnValue);
 136              		.loc 1 307 0
 137 003e FB68     		ldr	r3, [r7, #12]
 308:Generated_Source\PSoC4/Cm0Start.c **** }
 138              		.loc 1 308 0
 139 0040 1800     		movs	r0, r3
 140 0042 BD46     		mov	sp, r7
 141 0044 04B0     		add	sp, sp, #16
 142              		@ sp needed
 143 0046 80BD     		pop	{r7, pc}
 144              	.L10:
 145              		.align	2
 146              	.L9:
 147 0048 00000000 		.word	heapPointer.4835
 148 004c 00000000 		.word	end
ARM GAS  C:\Users\fabis\AppData\Local\Temp\ccqyv5F1.s 			page 9


 149              		.cfi_endproc
 150              	.LFE2:
 151              		.size	_sbrk, .-_sbrk
 152              		.section	.text.Start_c,"ax",%progbits
 153              		.align	2
 154              		.global	Start_c
 155              		.code	16
 156              		.thumb_func
 157              		.type	Start_c, %function
 158              	Start_c:
 159              	.LFB3:
 309:Generated_Source\PSoC4/Cm0Start.c **** 
 310:Generated_Source\PSoC4/Cm0Start.c **** 
 311:Generated_Source\PSoC4/Cm0Start.c **** /*******************************************************************************
 312:Generated_Source\PSoC4/Cm0Start.c **** * Function Name: Start_c
 313:Generated_Source\PSoC4/Cm0Start.c **** ********************************************************************************
 314:Generated_Source\PSoC4/Cm0Start.c **** *
 315:Generated_Source\PSoC4/Cm0Start.c **** * Summary:
 316:Generated_Source\PSoC4/Cm0Start.c **** *  This function handles initializing the .data and .bss sections in
 317:Generated_Source\PSoC4/Cm0Start.c **** *  preparation for running the standard c code.  Once initialization is complete
 318:Generated_Source\PSoC4/Cm0Start.c **** *  it will call main().  This function will never return.
 319:Generated_Source\PSoC4/Cm0Start.c **** *
 320:Generated_Source\PSoC4/Cm0Start.c **** * Parameters:
 321:Generated_Source\PSoC4/Cm0Start.c **** *  None
 322:Generated_Source\PSoC4/Cm0Start.c **** *
 323:Generated_Source\PSoC4/Cm0Start.c **** * Return:
 324:Generated_Source\PSoC4/Cm0Start.c **** *  None
 325:Generated_Source\PSoC4/Cm0Start.c **** *
 326:Generated_Source\PSoC4/Cm0Start.c **** *******************************************************************************/
 327:Generated_Source\PSoC4/Cm0Start.c **** void Start_c(void)  __attribute__ ((noreturn, noinline));
 328:Generated_Source\PSoC4/Cm0Start.c **** void Start_c(void)
 329:Generated_Source\PSoC4/Cm0Start.c **** {
 160              		.loc 1 329 0
 161              		.cfi_startproc
 162              		@ args = 0, pretend = 0, frame = 24
 163              		@ frame_needed = 1, uses_anonymous_args = 0
 164 0000 80B5     		push	{r7, lr}
 165              		.cfi_def_cfa_offset 8
 166              		.cfi_offset 7, -8
 167              		.cfi_offset 14, -4
 168 0002 86B0     		sub	sp, sp, #24
 169              		.cfi_def_cfa_offset 32
 170 0004 00AF     		add	r7, sp, #0
 171              		.cfi_def_cfa_register 7
 330:Generated_Source\PSoC4/Cm0Start.c ****     #ifdef CY_BOOT_START_C_CALLBACK
 331:Generated_Source\PSoC4/Cm0Start.c ****         CyBoot_Start_c_Callback();
 332:Generated_Source\PSoC4/Cm0Start.c ****     #else
 333:Generated_Source\PSoC4/Cm0Start.c ****         unsigned regions = __cy_region_num;
 172              		.loc 1 333 0
 173 0006 224B     		ldr	r3, .L19
 174 0008 7B61     		str	r3, [r7, #20]
 334:Generated_Source\PSoC4/Cm0Start.c ****         const struct __cy_region *rptr = __cy_regions;
 175              		.loc 1 334 0
 176 000a 224B     		ldr	r3, .L19+4
 177 000c 3B61     		str	r3, [r7, #16]
 335:Generated_Source\PSoC4/Cm0Start.c **** 
 336:Generated_Source\PSoC4/Cm0Start.c ****         /* Initialize memory */
ARM GAS  C:\Users\fabis\AppData\Local\Temp\ccqyv5F1.s 			page 10


 337:Generated_Source\PSoC4/Cm0Start.c ****         for (regions = __cy_region_num; regions != 0u; regions--)
 178              		.loc 1 337 0
 179 000e 204B     		ldr	r3, .L19
 180 0010 7B61     		str	r3, [r7, #20]
 181 0012 35E0     		b	.L12
 182              	.L17:
 183              	.LBB2:
 338:Generated_Source\PSoC4/Cm0Start.c ****         {
 339:Generated_Source\PSoC4/Cm0Start.c ****             uint32 *src = (uint32 *)rptr->init;
 184              		.loc 1 339 0
 185 0014 3B69     		ldr	r3, [r7, #16]
 186 0016 1B68     		ldr	r3, [r3]
 187 0018 FB60     		str	r3, [r7, #12]
 340:Generated_Source\PSoC4/Cm0Start.c ****             uint32 *dst = (uint32 *)rptr->data;
 188              		.loc 1 340 0
 189 001a 3B69     		ldr	r3, [r7, #16]
 190 001c 5B68     		ldr	r3, [r3, #4]
 191 001e BB60     		str	r3, [r7, #8]
 341:Generated_Source\PSoC4/Cm0Start.c ****             unsigned limit = rptr->init_size;
 192              		.loc 1 341 0
 193 0020 3B69     		ldr	r3, [r7, #16]
 194 0022 9B68     		ldr	r3, [r3, #8]
 195 0024 3B60     		str	r3, [r7]
 342:Generated_Source\PSoC4/Cm0Start.c ****             unsigned count;
 343:Generated_Source\PSoC4/Cm0Start.c **** 
 344:Generated_Source\PSoC4/Cm0Start.c ****             for (count = 0u; count != limit; count += sizeof (uint32))
 196              		.loc 1 344 0
 197 0026 0023     		movs	r3, #0
 198 0028 7B60     		str	r3, [r7, #4]
 199 002a 0CE0     		b	.L13
 200              	.L14:
 345:Generated_Source\PSoC4/Cm0Start.c ****             {
 346:Generated_Source\PSoC4/Cm0Start.c ****                 *dst = *src;
 201              		.loc 1 346 0 discriminator 3
 202 002c FB68     		ldr	r3, [r7, #12]
 203 002e 1A68     		ldr	r2, [r3]
 204 0030 BB68     		ldr	r3, [r7, #8]
 205 0032 1A60     		str	r2, [r3]
 347:Generated_Source\PSoC4/Cm0Start.c ****                 dst++;
 206              		.loc 1 347 0 discriminator 3
 207 0034 BB68     		ldr	r3, [r7, #8]
 208 0036 0433     		adds	r3, r3, #4
 209 0038 BB60     		str	r3, [r7, #8]
 348:Generated_Source\PSoC4/Cm0Start.c ****                 src++;
 210              		.loc 1 348 0 discriminator 3
 211 003a FB68     		ldr	r3, [r7, #12]
 212 003c 0433     		adds	r3, r3, #4
 213 003e FB60     		str	r3, [r7, #12]
 344:Generated_Source\PSoC4/Cm0Start.c ****             {
 214              		.loc 1 344 0 discriminator 3
 215 0040 7B68     		ldr	r3, [r7, #4]
 216 0042 0433     		adds	r3, r3, #4
 217 0044 7B60     		str	r3, [r7, #4]
 218              	.L13:
 344:Generated_Source\PSoC4/Cm0Start.c ****             {
 219              		.loc 1 344 0 is_stmt 0 discriminator 1
 220 0046 7A68     		ldr	r2, [r7, #4]
ARM GAS  C:\Users\fabis\AppData\Local\Temp\ccqyv5F1.s 			page 11


 221 0048 3B68     		ldr	r3, [r7]
 222 004a 9A42     		cmp	r2, r3
 223 004c EED1     		bne	.L14
 349:Generated_Source\PSoC4/Cm0Start.c ****             }
 350:Generated_Source\PSoC4/Cm0Start.c ****             limit = rptr->zero_size;
 224              		.loc 1 350 0 is_stmt 1
 225 004e 3B69     		ldr	r3, [r7, #16]
 226 0050 DB68     		ldr	r3, [r3, #12]
 227 0052 3B60     		str	r3, [r7]
 351:Generated_Source\PSoC4/Cm0Start.c ****             for (count = 0u; count != limit; count += sizeof (uint32))
 228              		.loc 1 351 0
 229 0054 0023     		movs	r3, #0
 230 0056 7B60     		str	r3, [r7, #4]
 231 0058 08E0     		b	.L15
 232              	.L16:
 352:Generated_Source\PSoC4/Cm0Start.c ****             {
 353:Generated_Source\PSoC4/Cm0Start.c ****                 *dst = 0u;
 233              		.loc 1 353 0 discriminator 3
 234 005a BB68     		ldr	r3, [r7, #8]
 235 005c 0022     		movs	r2, #0
 236 005e 1A60     		str	r2, [r3]
 354:Generated_Source\PSoC4/Cm0Start.c ****                 dst++;
 237              		.loc 1 354 0 discriminator 3
 238 0060 BB68     		ldr	r3, [r7, #8]
 239 0062 0433     		adds	r3, r3, #4
 240 0064 BB60     		str	r3, [r7, #8]
 351:Generated_Source\PSoC4/Cm0Start.c ****             for (count = 0u; count != limit; count += sizeof (uint32))
 241              		.loc 1 351 0 discriminator 3
 242 0066 7B68     		ldr	r3, [r7, #4]
 243 0068 0433     		adds	r3, r3, #4
 244 006a 7B60     		str	r3, [r7, #4]
 245              	.L15:
 351:Generated_Source\PSoC4/Cm0Start.c ****             for (count = 0u; count != limit; count += sizeof (uint32))
 246              		.loc 1 351 0 is_stmt 0 discriminator 1
 247 006c 7A68     		ldr	r2, [r7, #4]
 248 006e 3B68     		ldr	r3, [r7]
 249 0070 9A42     		cmp	r2, r3
 250 0072 F2D1     		bne	.L16
 355:Generated_Source\PSoC4/Cm0Start.c ****             }
 356:Generated_Source\PSoC4/Cm0Start.c **** 
 357:Generated_Source\PSoC4/Cm0Start.c ****             rptr++;
 251              		.loc 1 357 0 is_stmt 1 discriminator 2
 252 0074 3B69     		ldr	r3, [r7, #16]
 253 0076 1033     		adds	r3, r3, #16
 254 0078 3B61     		str	r3, [r7, #16]
 255              	.LBE2:
 337:Generated_Source\PSoC4/Cm0Start.c ****         {
 256              		.loc 1 337 0 discriminator 2
 257 007a 7B69     		ldr	r3, [r7, #20]
 258 007c 013B     		subs	r3, r3, #1
 259 007e 7B61     		str	r3, [r7, #20]
 260              	.L12:
 337:Generated_Source\PSoC4/Cm0Start.c ****         {
 261              		.loc 1 337 0 is_stmt 0 discriminator 1
 262 0080 7B69     		ldr	r3, [r7, #20]
 263 0082 002B     		cmp	r3, #0
 264 0084 C6D1     		bne	.L17
ARM GAS  C:\Users\fabis\AppData\Local\Temp\ccqyv5F1.s 			page 12


 358:Generated_Source\PSoC4/Cm0Start.c ****         }
 359:Generated_Source\PSoC4/Cm0Start.c **** 
 360:Generated_Source\PSoC4/Cm0Start.c ****         /* Invoke static objects constructors */
 361:Generated_Source\PSoC4/Cm0Start.c ****         __libc_init_array();
 265              		.loc 1 361 0 is_stmt 1
 266 0086 FFF7FEFF 		bl	__libc_init_array
 362:Generated_Source\PSoC4/Cm0Start.c ****         (void) main();
 267              		.loc 1 362 0
 268 008a FFF7FEFF 		bl	main
 269              	.L18:
 363:Generated_Source\PSoC4/Cm0Start.c **** 
 364:Generated_Source\PSoC4/Cm0Start.c ****         while (1)
 365:Generated_Source\PSoC4/Cm0Start.c ****         {
 366:Generated_Source\PSoC4/Cm0Start.c ****             /* If main returns, make sure we don't return. */
 367:Generated_Source\PSoC4/Cm0Start.c ****         }
 270              		.loc 1 367 0 discriminator 1
 271 008e FEE7     		b	.L18
 272              	.L20:
 273              		.align	2
 274              	.L19:
 275 0090 00000000 		.word	__cy_region_num
 276 0094 00000000 		.word	__cy_regions
 277              		.cfi_endproc
 278              	.LFE3:
 279              		.size	Start_c, .-Start_c
 280              		.section	.text.Reset,"ax",%progbits
 281              		.align	2
 282              		.global	Reset
 283              		.code	16
 284              		.thumb_func
 285              		.type	Reset, %function
 286              	Reset:
 287              	.LFB4:
 368:Generated_Source\PSoC4/Cm0Start.c **** 
 369:Generated_Source\PSoC4/Cm0Start.c ****     #endif /* CY_BOOT_START_C_CALLBACK */
 370:Generated_Source\PSoC4/Cm0Start.c **** }
 371:Generated_Source\PSoC4/Cm0Start.c **** 
 372:Generated_Source\PSoC4/Cm0Start.c **** 
 373:Generated_Source\PSoC4/Cm0Start.c **** /*******************************************************************************
 374:Generated_Source\PSoC4/Cm0Start.c **** * Function Name: Reset
 375:Generated_Source\PSoC4/Cm0Start.c **** ********************************************************************************
 376:Generated_Source\PSoC4/Cm0Start.c **** *
 377:Generated_Source\PSoC4/Cm0Start.c **** * Summary:
 378:Generated_Source\PSoC4/Cm0Start.c **** *  This function handles the reset interrupt for the GCC toolchain.  This is
 379:Generated_Source\PSoC4/Cm0Start.c **** *  the first bit of code that is executed at startup.
 380:Generated_Source\PSoC4/Cm0Start.c **** *
 381:Generated_Source\PSoC4/Cm0Start.c **** * Parameters:
 382:Generated_Source\PSoC4/Cm0Start.c **** *  None
 383:Generated_Source\PSoC4/Cm0Start.c **** *
 384:Generated_Source\PSoC4/Cm0Start.c **** * Return:
 385:Generated_Source\PSoC4/Cm0Start.c **** *  None
 386:Generated_Source\PSoC4/Cm0Start.c **** *
 387:Generated_Source\PSoC4/Cm0Start.c **** *******************************************************************************/
 388:Generated_Source\PSoC4/Cm0Start.c **** void Reset(void)
 389:Generated_Source\PSoC4/Cm0Start.c **** {
 288              		.loc 1 389 0
 289              		.cfi_startproc
ARM GAS  C:\Users\fabis\AppData\Local\Temp\ccqyv5F1.s 			page 13


 290              		@ args = 0, pretend = 0, frame = 0
 291              		@ frame_needed = 1, uses_anonymous_args = 0
 292 0000 80B5     		push	{r7, lr}
 293              		.cfi_def_cfa_offset 8
 294              		.cfi_offset 7, -8
 295              		.cfi_offset 14, -4
 296 0002 00AF     		add	r7, sp, #0
 297              		.cfi_def_cfa_register 7
 390:Generated_Source\PSoC4/Cm0Start.c ****     #if (CYDEV_PROJ_TYPE == CYDEV_PROJ_TYPE_LOADABLE || CYDEV_PROJ_TYPE == CYDEV_PROJ_TYPE_LOADABLE
 391:Generated_Source\PSoC4/Cm0Start.c **** 
 392:Generated_Source\PSoC4/Cm0Start.c ****         /* The bootloadable application image is started at Reset() handler
 393:Generated_Source\PSoC4/Cm0Start.c ****         * as a result of a branch instruction execution from the bootloader.
 394:Generated_Source\PSoC4/Cm0Start.c ****         * So, the stack pointer needs to be reset to be sure that
 395:Generated_Source\PSoC4/Cm0Start.c ****         * there is no garbage in the stack.
 396:Generated_Source\PSoC4/Cm0Start.c ****         */
 397:Generated_Source\PSoC4/Cm0Start.c ****         __asm volatile ("MSR msp, %0\n" : : "r" ((uint32)&__cy_stack) : "sp");
 398:Generated_Source\PSoC4/Cm0Start.c ****     #endif /* CYDEV_PROJ_TYPE_LOADABLE */
 399:Generated_Source\PSoC4/Cm0Start.c **** 
 400:Generated_Source\PSoC4/Cm0Start.c ****     #if(CY_IP_SRSSLT)
 401:Generated_Source\PSoC4/Cm0Start.c ****         CySysWdtDisable();
 402:Generated_Source\PSoC4/Cm0Start.c ****     #endif  /* (CY_IP_SRSSLT) */
 403:Generated_Source\PSoC4/Cm0Start.c **** 
 404:Generated_Source\PSoC4/Cm0Start.c ****     #if ((CYDEV_BOOTLOADER_ENABLE) && (CYDEV_PROJ_TYPE != CYDEV_PROJ_TYPE_LOADABLEANDBOOTLOADER))
 405:Generated_Source\PSoC4/Cm0Start.c ****         CyBtldr_CheckLaunch();
 406:Generated_Source\PSoC4/Cm0Start.c ****     #endif /* ((CYDEV_BOOTLOADER_ENABLE) && (CYDEV_PROJ_TYPE != CYDEV_PROJ_TYPE_LOADABLEANDBOOTLOAD
 407:Generated_Source\PSoC4/Cm0Start.c ****     Start_c();
 298              		.loc 1 407 0
 299 0004 FFF7FEFF 		bl	Start_c
 300              		.cfi_endproc
 301              	.LFE4:
 302              		.size	Reset, .-Reset
 303              		.global	CyRamVectors
 304              		.section	.ramvectors,"aw",%progbits
 305              		.align	2
 306              		.type	CyRamVectors, %object
 307              		.size	CyRamVectors, 192
 308              	CyRamVectors:
 309 0000 00000000 		.space	192
 309      00000000 
 309      00000000 
 309      00000000 
 309      00000000 
 310              		.global	RomVectors
 311              		.section	.romvectors,"a",%progbits
 312              		.align	2
 313              		.type	RomVectors, %object
 314              		.size	RomVectors, 16
 315              	RomVectors:
 316 0000 00000000 		.word	__cy_stack
 317 0004 00000000 		.word	Reset
 318 0008 00000000 		.word	IntDefaultHandler
 319 000c 00000000 		.word	IntDefaultHandler
 320              		.section	.text.initialize_psoc,"ax",%progbits
 321              		.align	2
 322              		.global	initialize_psoc
 323              		.code	16
 324              		.thumb_func
ARM GAS  C:\Users\fabis\AppData\Local\Temp\ccqyv5F1.s 			page 14


 325              		.type	initialize_psoc, %function
 326              	initialize_psoc:
 327              	.LFB5:
 408:Generated_Source\PSoC4/Cm0Start.c **** }
 409:Generated_Source\PSoC4/Cm0Start.c **** 
 410:Generated_Source\PSoC4/Cm0Start.c **** #elif defined (__ICCARM__)
 411:Generated_Source\PSoC4/Cm0Start.c **** 
 412:Generated_Source\PSoC4/Cm0Start.c **** 
 413:Generated_Source\PSoC4/Cm0Start.c **** /*******************************************************************************
 414:Generated_Source\PSoC4/Cm0Start.c **** * Function Name: __low_level_init
 415:Generated_Source\PSoC4/Cm0Start.c **** ********************************************************************************
 416:Generated_Source\PSoC4/Cm0Start.c **** *
 417:Generated_Source\PSoC4/Cm0Start.c **** * Summary:
 418:Generated_Source\PSoC4/Cm0Start.c **** *  This function performs early initializations for the IAR Embedded
 419:Generated_Source\PSoC4/Cm0Start.c **** *  Workbench IDE. It is executed in the context of reset interrupt handler
 420:Generated_Source\PSoC4/Cm0Start.c **** *  before the data sections are initialized.
 421:Generated_Source\PSoC4/Cm0Start.c **** *
 422:Generated_Source\PSoC4/Cm0Start.c **** * Parameters:
 423:Generated_Source\PSoC4/Cm0Start.c **** *  None
 424:Generated_Source\PSoC4/Cm0Start.c **** *
 425:Generated_Source\PSoC4/Cm0Start.c **** * Return:
 426:Generated_Source\PSoC4/Cm0Start.c **** *  The value that determines whether or not data sections should be initialized
 427:Generated_Source\PSoC4/Cm0Start.c **** *  by the system startup code:
 428:Generated_Source\PSoC4/Cm0Start.c **** *    0 - skip data sections initialization;
 429:Generated_Source\PSoC4/Cm0Start.c **** *    1 - initialize data sections;
 430:Generated_Source\PSoC4/Cm0Start.c **** *
 431:Generated_Source\PSoC4/Cm0Start.c **** *******************************************************************************/
 432:Generated_Source\PSoC4/Cm0Start.c **** #pragma inline = never
 433:Generated_Source\PSoC4/Cm0Start.c **** int __low_level_init(void)
 434:Generated_Source\PSoC4/Cm0Start.c **** {
 435:Generated_Source\PSoC4/Cm0Start.c ****     #if(CY_IP_SRSSLT)
 436:Generated_Source\PSoC4/Cm0Start.c ****         CySysWdtDisable();
 437:Generated_Source\PSoC4/Cm0Start.c ****     #endif  /* (CY_IP_SRSSLT) */
 438:Generated_Source\PSoC4/Cm0Start.c **** 
 439:Generated_Source\PSoC4/Cm0Start.c **** #if ((CYDEV_BOOTLOADER_ENABLE) && (CYDEV_PROJ_TYPE != CYDEV_PROJ_TYPE_LOADABLEANDBOOTLOADER))
 440:Generated_Source\PSoC4/Cm0Start.c ****     CyBtldr_CheckLaunch();
 441:Generated_Source\PSoC4/Cm0Start.c **** #endif /* ((CYDEV_BOOTLOADER_ENABLE) && (CYDEV_PROJ_TYPE != CYDEV_PROJ_TYPE_LOADABLEANDBOOTLOADER))
 442:Generated_Source\PSoC4/Cm0Start.c **** 
 443:Generated_Source\PSoC4/Cm0Start.c ****     /* Initialize data sections */
 444:Generated_Source\PSoC4/Cm0Start.c ****     __iar_data_init3();
 445:Generated_Source\PSoC4/Cm0Start.c **** 
 446:Generated_Source\PSoC4/Cm0Start.c ****     initialize_psoc();
 447:Generated_Source\PSoC4/Cm0Start.c **** 
 448:Generated_Source\PSoC4/Cm0Start.c ****     return 0;
 449:Generated_Source\PSoC4/Cm0Start.c **** }
 450:Generated_Source\PSoC4/Cm0Start.c **** 
 451:Generated_Source\PSoC4/Cm0Start.c **** #endif /* __GNUC__ */
 452:Generated_Source\PSoC4/Cm0Start.c **** 
 453:Generated_Source\PSoC4/Cm0Start.c **** 
 454:Generated_Source\PSoC4/Cm0Start.c **** /*******************************************************************************
 455:Generated_Source\PSoC4/Cm0Start.c **** * Ram Interrupt Vector table storage area. Must be placed at 0x20000000.
 456:Generated_Source\PSoC4/Cm0Start.c **** *******************************************************************************/
 457:Generated_Source\PSoC4/Cm0Start.c **** 
 458:Generated_Source\PSoC4/Cm0Start.c **** #if defined (__ICCARM__)
 459:Generated_Source\PSoC4/Cm0Start.c ****     #pragma location=".ramvectors"
 460:Generated_Source\PSoC4/Cm0Start.c **** #else
 461:Generated_Source\PSoC4/Cm0Start.c ****     #ifndef CY_SYS_RAM_VECTOR_SECTION
ARM GAS  C:\Users\fabis\AppData\Local\Temp\ccqyv5F1.s 			page 15


 462:Generated_Source\PSoC4/Cm0Start.c ****         #define CY_SYS_RAM_VECTOR_SECTION CY_SECTION(".ramvectors")
 463:Generated_Source\PSoC4/Cm0Start.c ****     #endif /* CY_SYS_RAM_VECTOR_SECTION */
 464:Generated_Source\PSoC4/Cm0Start.c ****     CY_SYS_RAM_VECTOR_SECTION
 465:Generated_Source\PSoC4/Cm0Start.c **** #endif  /* defined (__ICCARM__) */
 466:Generated_Source\PSoC4/Cm0Start.c **** cyisraddress CyRamVectors[CY_NUM_VECTORS];
 467:Generated_Source\PSoC4/Cm0Start.c **** 
 468:Generated_Source\PSoC4/Cm0Start.c **** 
 469:Generated_Source\PSoC4/Cm0Start.c **** /*******************************************************************************
 470:Generated_Source\PSoC4/Cm0Start.c **** * Rom Interrupt Vector table storage area. Must be 256-byte aligned.
 471:Generated_Source\PSoC4/Cm0Start.c **** *******************************************************************************/
 472:Generated_Source\PSoC4/Cm0Start.c **** 
 473:Generated_Source\PSoC4/Cm0Start.c **** #if defined(__ARMCC_VERSION)
 474:Generated_Source\PSoC4/Cm0Start.c ****     /* Suppress diagnostic message 1296-D: extended constant initialiser used */
 475:Generated_Source\PSoC4/Cm0Start.c ****     #pragma diag_suppress 1296
 476:Generated_Source\PSoC4/Cm0Start.c **** #endif  /* defined(__ARMCC_VERSION) */
 477:Generated_Source\PSoC4/Cm0Start.c **** 
 478:Generated_Source\PSoC4/Cm0Start.c **** #if defined (__ICCARM__)
 479:Generated_Source\PSoC4/Cm0Start.c ****     #pragma location=".romvectors"
 480:Generated_Source\PSoC4/Cm0Start.c ****     const intvec_elem __vector_table[CY_NUM_ROM_VECTORS] =
 481:Generated_Source\PSoC4/Cm0Start.c **** #else
 482:Generated_Source\PSoC4/Cm0Start.c ****     #ifndef CY_SYS_ROM_VECTOR_SECTION
 483:Generated_Source\PSoC4/Cm0Start.c ****         #define CY_SYS_ROM_VECTOR_SECTION CY_SECTION(".romvectors")
 484:Generated_Source\PSoC4/Cm0Start.c ****     #endif /* CY_SYS_ROM_VECTOR_SECTION */
 485:Generated_Source\PSoC4/Cm0Start.c ****     CY_SYS_ROM_VECTOR_SECTION
 486:Generated_Source\PSoC4/Cm0Start.c ****     const cyisraddress RomVectors[CY_NUM_ROM_VECTORS] =
 487:Generated_Source\PSoC4/Cm0Start.c **** #endif  /* defined (__ICCARM__) */
 488:Generated_Source\PSoC4/Cm0Start.c **** {
 489:Generated_Source\PSoC4/Cm0Start.c ****     CY_SYS_INITIAL_STACK_POINTER,   /* The initial stack pointer  0 */
 490:Generated_Source\PSoC4/Cm0Start.c ****     #if defined (__ICCARM__) /* The reset handler          1 */
 491:Generated_Source\PSoC4/Cm0Start.c ****         __iar_program_start,
 492:Generated_Source\PSoC4/Cm0Start.c ****     #else
 493:Generated_Source\PSoC4/Cm0Start.c ****         (cyisraddress)&Reset,
 494:Generated_Source\PSoC4/Cm0Start.c ****     #endif  /* defined (__ICCARM__) */
 495:Generated_Source\PSoC4/Cm0Start.c ****     &IntDefaultHandler,      /* The NMI handler            2 */
 496:Generated_Source\PSoC4/Cm0Start.c ****     &IntDefaultHandler,      /* The hard fault handler     3 */
 497:Generated_Source\PSoC4/Cm0Start.c **** };
 498:Generated_Source\PSoC4/Cm0Start.c **** 
 499:Generated_Source\PSoC4/Cm0Start.c **** #if defined(__ARMCC_VERSION)
 500:Generated_Source\PSoC4/Cm0Start.c ****     #pragma diag_default 1296
 501:Generated_Source\PSoC4/Cm0Start.c **** #endif  /* defined(__ARMCC_VERSION) */
 502:Generated_Source\PSoC4/Cm0Start.c **** 
 503:Generated_Source\PSoC4/Cm0Start.c **** 
 504:Generated_Source\PSoC4/Cm0Start.c **** /*******************************************************************************
 505:Generated_Source\PSoC4/Cm0Start.c **** * Function Name: initialize_psoc
 506:Generated_Source\PSoC4/Cm0Start.c **** ********************************************************************************
 507:Generated_Source\PSoC4/Cm0Start.c **** *
 508:Generated_Source\PSoC4/Cm0Start.c **** * Summary:
 509:Generated_Source\PSoC4/Cm0Start.c **** *  This function is used to initialize the PSoC chip before calling main.
 510:Generated_Source\PSoC4/Cm0Start.c **** *
 511:Generated_Source\PSoC4/Cm0Start.c **** * Parameters:
 512:Generated_Source\PSoC4/Cm0Start.c **** *  None
 513:Generated_Source\PSoC4/Cm0Start.c **** *
 514:Generated_Source\PSoC4/Cm0Start.c **** * Return:
 515:Generated_Source\PSoC4/Cm0Start.c **** *  None
 516:Generated_Source\PSoC4/Cm0Start.c **** *
 517:Generated_Source\PSoC4/Cm0Start.c **** *******************************************************************************/
 518:Generated_Source\PSoC4/Cm0Start.c **** #if(defined(__GNUC__) && !defined(__ARMCC_VERSION))
ARM GAS  C:\Users\fabis\AppData\Local\Temp\ccqyv5F1.s 			page 16


 519:Generated_Source\PSoC4/Cm0Start.c **** __attribute__ ((constructor(101)))
 520:Generated_Source\PSoC4/Cm0Start.c **** #endif  /* (defined(__GNUC__) && !defined(__ARMCC_VERSION)) */
 521:Generated_Source\PSoC4/Cm0Start.c **** void initialize_psoc(void)
 522:Generated_Source\PSoC4/Cm0Start.c **** {
 328              		.loc 1 522 0
 329              		.cfi_startproc
 330              		@ args = 0, pretend = 0, frame = 8
 331              		@ frame_needed = 1, uses_anonymous_args = 0
 332 0000 80B5     		push	{r7, lr}
 333              		.cfi_def_cfa_offset 8
 334              		.cfi_offset 7, -8
 335              		.cfi_offset 14, -4
 336 0002 82B0     		sub	sp, sp, #8
 337              		.cfi_def_cfa_offset 16
 338 0004 00AF     		add	r7, sp, #0
 339              		.cfi_def_cfa_register 7
 523:Generated_Source\PSoC4/Cm0Start.c ****     uint32 indexInit;
 524:Generated_Source\PSoC4/Cm0Start.c **** 
 525:Generated_Source\PSoC4/Cm0Start.c ****     #if(CY_IP_CPUSSV2)
 526:Generated_Source\PSoC4/Cm0Start.c ****         /***********************************************************************
 527:Generated_Source\PSoC4/Cm0Start.c ****         * Make sure that Vector Table is located at 0000_0000 in Flash, before
 528:Generated_Source\PSoC4/Cm0Start.c ****         * accessing RomVectors or calling functions that may be placed in
 529:Generated_Source\PSoC4/Cm0Start.c ****         * .psocinit (cyfitter_cfg and ClockSetup). Note The CY_CPUSS_CONFIG_REG
 530:Generated_Source\PSoC4/Cm0Start.c ****         * register is retention for the specified device family.
 531:Generated_Source\PSoC4/Cm0Start.c ****         ***********************************************************************/
 532:Generated_Source\PSoC4/Cm0Start.c ****         CY_CPUSS_CONFIG_REG &= (uint32) ~CY_CPUSS_CONFIG_VECT_IN_RAM;
 533:Generated_Source\PSoC4/Cm0Start.c ****     #endif  /* (CY_IP_CPUSSV2) */
 534:Generated_Source\PSoC4/Cm0Start.c **** 
 535:Generated_Source\PSoC4/Cm0Start.c ****     /* Set Ram interrupt vectors to default functions. */
 536:Generated_Source\PSoC4/Cm0Start.c ****     for (indexInit = 0u; indexInit < CY_NUM_VECTORS; indexInit++)
 340              		.loc 1 536 0
 341 0006 0023     		movs	r3, #0
 342 0008 7B60     		str	r3, [r7, #4]
 343 000a 0FE0     		b	.L23
 344              	.L26:
 537:Generated_Source\PSoC4/Cm0Start.c ****     {
 538:Generated_Source\PSoC4/Cm0Start.c ****         CyRamVectors[indexInit] = (indexInit < CY_NUM_ROM_VECTORS) ?
 539:Generated_Source\PSoC4/Cm0Start.c ****             #if defined (__ICCARM__)
 540:Generated_Source\PSoC4/Cm0Start.c ****                 __vector_table[indexInit].__fun : &IntDefaultHandler;
 541:Generated_Source\PSoC4/Cm0Start.c ****             #else
 542:Generated_Source\PSoC4/Cm0Start.c ****                 RomVectors[indexInit] : &IntDefaultHandler;
 345              		.loc 1 542 0
 346 000c 7B68     		ldr	r3, [r7, #4]
 347 000e 032B     		cmp	r3, #3
 348 0010 04D8     		bhi	.L24
 349              		.loc 1 542 0 is_stmt 0 discriminator 1
 350 0012 104B     		ldr	r3, .L27
 351 0014 7A68     		ldr	r2, [r7, #4]
 352 0016 9200     		lsls	r2, r2, #2
 353 0018 D358     		ldr	r3, [r2, r3]
 354 001a 00E0     		b	.L25
 355              	.L24:
 356              		.loc 1 542 0 discriminator 2
 357 001c 0E4B     		ldr	r3, .L27+4
 358              	.L25:
 538:Generated_Source\PSoC4/Cm0Start.c ****             #if defined (__ICCARM__)
 359              		.loc 1 538 0 is_stmt 1 discriminator 2
ARM GAS  C:\Users\fabis\AppData\Local\Temp\ccqyv5F1.s 			page 17


 360 001e 0F4A     		ldr	r2, .L27+8
 361 0020 7968     		ldr	r1, [r7, #4]
 362 0022 8900     		lsls	r1, r1, #2
 363 0024 8B50     		str	r3, [r1, r2]
 536:Generated_Source\PSoC4/Cm0Start.c ****     {
 364              		.loc 1 536 0 discriminator 2
 365 0026 7B68     		ldr	r3, [r7, #4]
 366 0028 0133     		adds	r3, r3, #1
 367 002a 7B60     		str	r3, [r7, #4]
 368              	.L23:
 536:Generated_Source\PSoC4/Cm0Start.c ****     {
 369              		.loc 1 536 0 is_stmt 0 discriminator 1
 370 002c 7B68     		ldr	r3, [r7, #4]
 371 002e 2F2B     		cmp	r3, #47
 372 0030 ECD9     		bls	.L26
 543:Generated_Source\PSoC4/Cm0Start.c ****             #endif  /* defined (__ICCARM__) */
 544:Generated_Source\PSoC4/Cm0Start.c ****     }
 545:Generated_Source\PSoC4/Cm0Start.c **** 
 546:Generated_Source\PSoC4/Cm0Start.c ****     /* Initialize configuration registers. */
 547:Generated_Source\PSoC4/Cm0Start.c ****     cyfitter_cfg();
 373              		.loc 1 547 0 is_stmt 1
 374 0032 FFF7FEFF 		bl	cyfitter_cfg
 548:Generated_Source\PSoC4/Cm0Start.c **** 
 549:Generated_Source\PSoC4/Cm0Start.c ****     #if !defined (__ICCARM__)
 550:Generated_Source\PSoC4/Cm0Start.c ****         /* Actually, no need to clean this variable, just to make compiler happy. */
 551:Generated_Source\PSoC4/Cm0Start.c ****         cySysNoInitDataValid = 0u;
 375              		.loc 1 551 0
 376 0036 0A4B     		ldr	r3, .L27+12
 377 0038 0022     		movs	r2, #0
 378 003a 1A60     		str	r2, [r3]
 552:Generated_Source\PSoC4/Cm0Start.c ****     #endif  /* !defined (__ICCARM__) */
 553:Generated_Source\PSoC4/Cm0Start.c **** 
 554:Generated_Source\PSoC4/Cm0Start.c ****     #if (CYDEV_PROJ_TYPE != CYDEV_PROJ_TYPE_STANDARD)
 555:Generated_Source\PSoC4/Cm0Start.c **** 
 556:Generated_Source\PSoC4/Cm0Start.c ****         /* Need to make sure that this variable will not be optimized out */
 557:Generated_Source\PSoC4/Cm0Start.c ****         if (0u == cyBtldrRunType)
 558:Generated_Source\PSoC4/Cm0Start.c ****         {
 559:Generated_Source\PSoC4/Cm0Start.c ****             cyBtldrRunType = 0u;
 560:Generated_Source\PSoC4/Cm0Start.c ****         }
 561:Generated_Source\PSoC4/Cm0Start.c **** 
 562:Generated_Source\PSoC4/Cm0Start.c ****     #endif  /* (CYDEV_PROJ_TYPE != CYDEV_PROJ_TYPE_STANDARD) */
 563:Generated_Source\PSoC4/Cm0Start.c **** 
 564:Generated_Source\PSoC4/Cm0Start.c ****     /* Vector Table is located at 0x2000:0000 in SRAM */
 565:Generated_Source\PSoC4/Cm0Start.c ****     CY_CPUSS_CONFIG_REG |= CY_CPUSS_CONFIG_VECT_IN_RAM;
 379              		.loc 1 565 0
 380 003c 8023     		movs	r3, #128
 381 003e DB05     		lsls	r3, r3, #23
 382 0040 8022     		movs	r2, #128
 383 0042 D205     		lsls	r2, r2, #23
 384 0044 1268     		ldr	r2, [r2]
 385 0046 0121     		movs	r1, #1
 386 0048 0A43     		orrs	r2, r1
 387 004a 1A60     		str	r2, [r3]
 566:Generated_Source\PSoC4/Cm0Start.c **** }
 388              		.loc 1 566 0
 389 004c C046     		nop
 390 004e BD46     		mov	sp, r7
ARM GAS  C:\Users\fabis\AppData\Local\Temp\ccqyv5F1.s 			page 18


 391 0050 02B0     		add	sp, sp, #8
 392              		@ sp needed
 393 0052 80BD     		pop	{r7, pc}
 394              	.L28:
 395              		.align	2
 396              	.L27:
 397 0054 00000000 		.word	RomVectors
 398 0058 00000000 		.word	IntDefaultHandler
 399 005c 00000000 		.word	CyRamVectors
 400 0060 00000000 		.word	cySysNoInitDataValid
 401              		.cfi_endproc
 402              	.LFE5:
 403              		.size	initialize_psoc, .-initialize_psoc
 404              		.section	.init_array,"aw",%init_array
 405              		.align	2
 406 0000 00000000 		.word	initialize_psoc(target1)
 407              		.data
 408              		.align	2
 409              		.type	heapPointer.4835, %object
 410              		.size	heapPointer.4835, 4
 411              	heapPointer.4835:
 412 0000 00000000 		.word	end
 413              		.weak	__cy_region_num
 414              		.text
 415              	.Letext0:
 416              		.file 2 "c:\\program files (x86)\\cypress\\psoc creator\\4.2\\psoc creator\\import\\gnu\\arm\\5.4.
 417              		.file 3 "Generated_Source\\PSoC4\\cytypes.h"
 418              		.section	.debug_info,"",%progbits
 419              	.Ldebug_info0:
 420 0000 0A030000 		.4byte	0x30a
 421 0004 0400     		.2byte	0x4
 422 0006 00000000 		.4byte	.Ldebug_abbrev0
 423 000a 04       		.byte	0x4
 424 000b 01       		.uleb128 0x1
 425 000c D5000000 		.4byte	.LASF41
 426 0010 0C       		.byte	0xc
 427 0011 98010000 		.4byte	.LASF42
 428 0015 43020000 		.4byte	.LASF43
 429 0019 00000000 		.4byte	.Ldebug_ranges0+0
 430 001d 00000000 		.4byte	0
 431 0021 00000000 		.4byte	.Ldebug_line0
 432 0025 02       		.uleb128 0x2
 433 0026 01       		.byte	0x1
 434 0027 06       		.byte	0x6
 435 0028 8D020000 		.4byte	.LASF0
 436 002c 02       		.uleb128 0x2
 437 002d 01       		.byte	0x1
 438 002e 08       		.byte	0x8
 439 002f 7D000000 		.4byte	.LASF1
 440 0033 02       		.uleb128 0x2
 441 0034 02       		.byte	0x2
 442 0035 05       		.byte	0x5
 443 0036 39020000 		.4byte	.LASF2
 444 003a 02       		.uleb128 0x2
 445 003b 02       		.byte	0x2
 446 003c 07       		.byte	0x7
 447 003d 34000000 		.4byte	.LASF3
ARM GAS  C:\Users\fabis\AppData\Local\Temp\ccqyv5F1.s 			page 19


 448 0041 02       		.uleb128 0x2
 449 0042 04       		.byte	0x4
 450 0043 05       		.byte	0x5
 451 0044 78020000 		.4byte	.LASF4
 452 0048 02       		.uleb128 0x2
 453 0049 04       		.byte	0x4
 454 004a 07       		.byte	0x7
 455 004b A2000000 		.4byte	.LASF5
 456 004f 02       		.uleb128 0x2
 457 0050 08       		.byte	0x8
 458 0051 05       		.byte	0x5
 459 0052 26020000 		.4byte	.LASF6
 460 0056 02       		.uleb128 0x2
 461 0057 08       		.byte	0x8
 462 0058 07       		.byte	0x7
 463 0059 D8010000 		.4byte	.LASF7
 464 005d 03       		.uleb128 0x3
 465 005e 04       		.byte	0x4
 466 005f 05       		.byte	0x5
 467 0060 696E7400 		.ascii	"int\000"
 468 0064 02       		.uleb128 0x2
 469 0065 04       		.byte	0x4
 470 0066 07       		.byte	0x7
 471 0067 CB010000 		.4byte	.LASF8
 472 006b 04       		.uleb128 0x4
 473 006c 06000000 		.4byte	.LASF10
 474 0070 02       		.byte	0x2
 475 0071 D8       		.byte	0xd8
 476 0072 64000000 		.4byte	0x64
 477 0076 02       		.uleb128 0x2
 478 0077 08       		.byte	0x8
 479 0078 04       		.byte	0x4
 480 0079 81020000 		.4byte	.LASF9
 481 007d 05       		.uleb128 0x5
 482 007e C9000000 		.4byte	.LASF11
 483 0082 03       		.byte	0x3
 484 0083 3801     		.2byte	0x138
 485 0085 2C000000 		.4byte	0x2c
 486 0089 05       		.uleb128 0x5
 487 008a BA010000 		.4byte	.LASF12
 488 008e 03       		.byte	0x3
 489 008f 3A01     		.2byte	0x13a
 490 0091 48000000 		.4byte	0x48
 491 0095 02       		.uleb128 0x2
 492 0096 04       		.byte	0x4
 493 0097 04       		.byte	0x4
 494 0098 72000000 		.4byte	.LASF13
 495 009c 02       		.uleb128 0x2
 496 009d 08       		.byte	0x8
 497 009e 04       		.byte	0x4
 498 009f 81010000 		.4byte	.LASF14
 499 00a3 02       		.uleb128 0x2
 500 00a4 01       		.byte	0x1
 501 00a5 08       		.byte	0x8
 502 00a6 34020000 		.4byte	.LASF15
 503 00aa 05       		.uleb128 0x5
 504 00ab 00000000 		.4byte	.LASF16
ARM GAS  C:\Users\fabis\AppData\Local\Temp\ccqyv5F1.s 			page 20


 505 00af 03       		.byte	0x3
 506 00b0 E401     		.2byte	0x1e4
 507 00b2 B6000000 		.4byte	0xb6
 508 00b6 06       		.uleb128 0x6
 509 00b7 89000000 		.4byte	0x89
 510 00bb 05       		.uleb128 0x5
 511 00bc F5010000 		.4byte	.LASF17
 512 00c0 03       		.byte	0x3
 513 00c1 F401     		.2byte	0x1f4
 514 00c3 C7000000 		.4byte	0xc7
 515 00c7 07       		.uleb128 0x7
 516 00c8 04       		.byte	0x4
 517 00c9 CD000000 		.4byte	0xcd
 518 00cd 08       		.uleb128 0x8
 519 00ce 02       		.uleb128 0x2
 520 00cf 04       		.byte	0x4
 521 00d0 07       		.byte	0x7
 522 00d1 1D020000 		.4byte	.LASF18
 523 00d5 09       		.uleb128 0x9
 524 00d6 04       		.byte	0x4
 525 00d7 0A       		.uleb128 0xa
 526 00d8 A3000000 		.4byte	0xa3
 527 00dc 04       		.uleb128 0x4
 528 00dd 0C020000 		.4byte	.LASF19
 529 00e1 01       		.byte	0x1
 530 00e2 DC       		.byte	0xdc
 531 00e3 2C000000 		.4byte	0x2c
 532 00e7 0B       		.uleb128 0xb
 533 00e8 B5020000 		.4byte	.LASF44
 534 00ec 10       		.byte	0x10
 535 00ed 01       		.byte	0x1
 536 00ee DE       		.byte	0xde
 537 00ef 24010000 		.4byte	0x124
 538 00f3 0C       		.uleb128 0xc
 539 00f4 57000000 		.4byte	.LASF20
 540 00f8 01       		.byte	0x1
 541 00f9 E0       		.byte	0xe0
 542 00fa 24010000 		.4byte	0x124
 543 00fe 00       		.byte	0
 544 00ff 0C       		.uleb128 0xc
 545 0100 78000000 		.4byte	.LASF21
 546 0104 01       		.byte	0x1
 547 0105 E1       		.byte	0xe1
 548 0106 24010000 		.4byte	0x124
 549 010a 04       		.byte	0x4
 550 010b 0C       		.uleb128 0xc
 551 010c 02020000 		.4byte	.LASF22
 552 0110 01       		.byte	0x1
 553 0111 E2       		.byte	0xe2
 554 0112 6B000000 		.4byte	0x6b
 555 0116 08       		.byte	0x8
 556 0117 0C       		.uleb128 0xc
 557 0118 63000000 		.4byte	.LASF23
 558 011c 01       		.byte	0x1
 559 011d E3       		.byte	0xe3
 560 011e 6B000000 		.4byte	0x6b
 561 0122 0C       		.byte	0xc
ARM GAS  C:\Users\fabis\AppData\Local\Temp\ccqyv5F1.s 			page 21


 562 0123 00       		.byte	0
 563 0124 07       		.uleb128 0x7
 564 0125 04       		.byte	0x4
 565 0126 DC000000 		.4byte	0xdc
 566 012a 0D       		.uleb128 0xd
 567 012b 69010000 		.4byte	.LASF45
 568 012f 01       		.byte	0x1
 569 0130 6F       		.byte	0x6f
 570 0131 00000000 		.4byte	.LFB0
 571 0135 06000000 		.4byte	.LFE0-.LFB0
 572 0139 01       		.uleb128 0x1
 573 013a 9C       		.byte	0x9c
 574 013b 0E       		.uleb128 0xe
 575 013c 63010000 		.4byte	.LASF24
 576 0140 01       		.byte	0x1
 577 0141 0101     		.2byte	0x101
 578 0143 00000000 		.4byte	.LFB1
 579 0147 14000000 		.4byte	.LFE1-.LFB1
 580 014b 01       		.uleb128 0x1
 581 014c 9C       		.byte	0x9c
 582 014d 61010000 		.4byte	0x161
 583 0151 0F       		.uleb128 0xf
 584 0152 5C000000 		.4byte	.LASF26
 585 0156 01       		.byte	0x1
 586 0157 0101     		.2byte	0x101
 587 0159 5D000000 		.4byte	0x5d
 588 015d 02       		.uleb128 0x2
 589 015e 91       		.byte	0x91
 590 015f 74       		.sleb128 -12
 591 0160 00       		.byte	0
 592 0161 10       		.uleb128 0x10
 593 0162 7B010000 		.4byte	.LASF25
 594 0166 01       		.byte	0x1
 595 0167 2001     		.2byte	0x120
 596 0169 D5000000 		.4byte	0xd5
 597 016d 00000000 		.4byte	.LFB2
 598 0171 50000000 		.4byte	.LFE2-.LFB2
 599 0175 01       		.uleb128 0x1
 600 0176 9C       		.byte	0x9c
 601 0177 B8010000 		.4byte	0x1b8
 602 017b 0F       		.uleb128 0xf
 603 017c AE020000 		.4byte	.LASF27
 604 0180 01       		.byte	0x1
 605 0181 2001     		.2byte	0x120
 606 0183 5D000000 		.4byte	0x5d
 607 0187 02       		.uleb128 0x2
 608 0188 91       		.byte	0x91
 609 0189 6C       		.sleb128 -20
 610 018a 11       		.uleb128 0x11
 611 018b 656E6400 		.ascii	"end\000"
 612 018f 01       		.byte	0x1
 613 0190 2201     		.2byte	0x122
 614 0192 5D000000 		.4byte	0x5d
 615 0196 12       		.uleb128 0x12
 616 0197 8B000000 		.4byte	.LASF28
 617 019b 01       		.byte	0x1
 618 019c 2301     		.2byte	0x123
ARM GAS  C:\Users\fabis\AppData\Local\Temp\ccqyv5F1.s 			page 22


 619 019e D5000000 		.4byte	0xd5
 620 01a2 02       		.uleb128 0x2
 621 01a3 91       		.byte	0x91
 622 01a4 74       		.sleb128 -12
 623 01a5 12       		.uleb128 0x12
 624 01a6 28000000 		.4byte	.LASF29
 625 01aa 01       		.byte	0x1
 626 01ab 2601     		.2byte	0x126
 627 01ad D5000000 		.4byte	0xd5
 628 01b1 05       		.uleb128 0x5
 629 01b2 03       		.byte	0x3
 630 01b3 00000000 		.4byte	heapPointer.4835
 631 01b7 00       		.byte	0
 632 01b8 0E       		.uleb128 0xe
 633 01b9 1A000000 		.4byte	.LASF30
 634 01bd 01       		.byte	0x1
 635 01be 4801     		.2byte	0x148
 636 01c0 00000000 		.4byte	.LFB3
 637 01c4 98000000 		.4byte	.LFE3-.LFB3
 638 01c8 01       		.uleb128 0x1
 639 01c9 9C       		.byte	0x9c
 640 01ca 33020000 		.4byte	0x233
 641 01ce 12       		.uleb128 0x12
 642 01cf A6020000 		.4byte	.LASF31
 643 01d3 01       		.byte	0x1
 644 01d4 4D01     		.2byte	0x14d
 645 01d6 64000000 		.4byte	0x64
 646 01da 02       		.uleb128 0x2
 647 01db 91       		.byte	0x91
 648 01dc 74       		.sleb128 -12
 649 01dd 12       		.uleb128 0x12
 650 01de 6D000000 		.4byte	.LASF32
 651 01e2 01       		.byte	0x1
 652 01e3 4E01     		.2byte	0x14e
 653 01e5 33020000 		.4byte	0x233
 654 01e9 02       		.uleb128 0x2
 655 01ea 91       		.byte	0x91
 656 01eb 70       		.sleb128 -16
 657 01ec 13       		.uleb128 0x13
 658 01ed 14000000 		.4byte	.LBB2
 659 01f1 66000000 		.4byte	.LBE2-.LBB2
 660 01f5 14       		.uleb128 0x14
 661 01f6 73726300 		.ascii	"src\000"
 662 01fa 01       		.byte	0x1
 663 01fb 5301     		.2byte	0x153
 664 01fd 3E020000 		.4byte	0x23e
 665 0201 02       		.uleb128 0x2
 666 0202 91       		.byte	0x91
 667 0203 6C       		.sleb128 -20
 668 0204 14       		.uleb128 0x14
 669 0205 64737400 		.ascii	"dst\000"
 670 0209 01       		.byte	0x1
 671 020a 5401     		.2byte	0x154
 672 020c 3E020000 		.4byte	0x23e
 673 0210 02       		.uleb128 0x2
 674 0211 91       		.byte	0x91
 675 0212 68       		.sleb128 -24
ARM GAS  C:\Users\fabis\AppData\Local\Temp\ccqyv5F1.s 			page 23


 676 0213 12       		.uleb128 0x12
 677 0214 EF010000 		.4byte	.LASF33
 678 0218 01       		.byte	0x1
 679 0219 5501     		.2byte	0x155
 680 021b 64000000 		.4byte	0x64
 681 021f 02       		.uleb128 0x2
 682 0220 91       		.byte	0x91
 683 0221 60       		.sleb128 -32
 684 0222 12       		.uleb128 0x12
 685 0223 22000000 		.4byte	.LASF34
 686 0227 01       		.byte	0x1
 687 0228 5601     		.2byte	0x156
 688 022a 64000000 		.4byte	0x64
 689 022e 02       		.uleb128 0x2
 690 022f 91       		.byte	0x91
 691 0230 64       		.sleb128 -28
 692 0231 00       		.byte	0
 693 0232 00       		.byte	0
 694 0233 07       		.uleb128 0x7
 695 0234 04       		.byte	0x4
 696 0235 39020000 		.4byte	0x239
 697 0239 0A       		.uleb128 0xa
 698 023a E7000000 		.4byte	0xe7
 699 023e 07       		.uleb128 0x7
 700 023f 04       		.byte	0x4
 701 0240 89000000 		.4byte	0x89
 702 0244 15       		.uleb128 0x15
 703 0245 CF000000 		.4byte	.LASF46
 704 0249 01       		.byte	0x1
 705 024a 8401     		.2byte	0x184
 706 024c 00000000 		.4byte	.LFB4
 707 0250 08000000 		.4byte	.LFE4-.LFB4
 708 0254 01       		.uleb128 0x1
 709 0255 9C       		.byte	0x9c
 710 0256 16       		.uleb128 0x16
 711 0257 88010000 		.4byte	.LASF47
 712 025b 01       		.byte	0x1
 713 025c 0902     		.2byte	0x209
 714 025e 00000000 		.4byte	.LFB5
 715 0262 64000000 		.4byte	.LFE5-.LFB5
 716 0266 01       		.uleb128 0x1
 717 0267 9C       		.byte	0x9c
 718 0268 7C020000 		.4byte	0x27c
 719 026c 12       		.uleb128 0x12
 720 026d C1010000 		.4byte	.LASF35
 721 0271 01       		.byte	0x1
 722 0272 0B02     		.2byte	0x20b
 723 0274 89000000 		.4byte	0x89
 724 0278 02       		.uleb128 0x2
 725 0279 91       		.byte	0x91
 726 027a 74       		.sleb128 -12
 727 027b 00       		.byte	0
 728 027c 17       		.uleb128 0x17
 729 027d B4000000 		.4byte	.LASF36
 730 0281 01       		.byte	0x1
 731 0282 46       		.byte	0x46
 732 0283 89000000 		.4byte	0x89
ARM GAS  C:\Users\fabis\AppData\Local\Temp\ccqyv5F1.s 			page 24


 733 0287 05       		.uleb128 0x5
 734 0288 03       		.byte	0x3
 735 0289 00000000 		.4byte	cySysNoInitDataValid
 736 028d 11       		.uleb128 0x11
 737 028e 656E6400 		.ascii	"end\000"
 738 0292 01       		.byte	0x1
 739 0293 2201     		.2byte	0x122
 740 0295 5D000000 		.4byte	0x5d
 741 0299 18       		.uleb128 0x18
 742 029a 39020000 		.4byte	0x239
 743 029e A4020000 		.4byte	0x2a4
 744 02a2 19       		.uleb128 0x19
 745 02a3 00       		.byte	0
 746 02a4 1A       		.uleb128 0x1a
 747 02a5 99020000 		.4byte	.LASF37
 748 02a9 01       		.byte	0x1
 749 02aa E6       		.byte	0xe6
 750 02ab AF020000 		.4byte	0x2af
 751 02af 0A       		.uleb128 0xa
 752 02b0 99020000 		.4byte	0x299
 753 02b4 1A       		.uleb128 0x1a
 754 02b5 47000000 		.4byte	.LASF38
 755 02b9 01       		.byte	0x1
 756 02ba E7       		.byte	0xe7
 757 02bb D7000000 		.4byte	0xd7
 758 02bf 18       		.uleb128 0x18
 759 02c0 BB000000 		.4byte	0xbb
 760 02c4 CF020000 		.4byte	0x2cf
 761 02c8 1B       		.uleb128 0x1b
 762 02c9 CE000000 		.4byte	0xce
 763 02cd 2F       		.byte	0x2f
 764 02ce 00       		.byte	0
 765 02cf 1C       		.uleb128 0x1c
 766 02d0 0D000000 		.4byte	.LASF39
 767 02d4 01       		.byte	0x1
 768 02d5 D201     		.2byte	0x1d2
 769 02d7 BF020000 		.4byte	0x2bf
 770 02db 05       		.uleb128 0x5
 771 02dc 03       		.byte	0x3
 772 02dd 00000000 		.4byte	CyRamVectors
 773 02e1 18       		.uleb128 0x18
 774 02e2 F1020000 		.4byte	0x2f1
 775 02e6 F1020000 		.4byte	0x2f1
 776 02ea 1B       		.uleb128 0x1b
 777 02eb CE000000 		.4byte	0xce
 778 02ef 03       		.byte	0x3
 779 02f0 00       		.byte	0
 780 02f1 0A       		.uleb128 0xa
 781 02f2 BB000000 		.4byte	0xbb
 782 02f6 1C       		.uleb128 0x1c
 783 02f7 97000000 		.4byte	.LASF40
 784 02fb 01       		.byte	0x1
 785 02fc E601     		.2byte	0x1e6
 786 02fe 08030000 		.4byte	0x308
 787 0302 05       		.uleb128 0x5
 788 0303 03       		.byte	0x3
 789 0304 00000000 		.4byte	RomVectors
ARM GAS  C:\Users\fabis\AppData\Local\Temp\ccqyv5F1.s 			page 25


 790 0308 0A       		.uleb128 0xa
 791 0309 E1020000 		.4byte	0x2e1
 792 030d 00       		.byte	0
 793              		.section	.debug_abbrev,"",%progbits
 794              	.Ldebug_abbrev0:
 795 0000 01       		.uleb128 0x1
 796 0001 11       		.uleb128 0x11
 797 0002 01       		.byte	0x1
 798 0003 25       		.uleb128 0x25
 799 0004 0E       		.uleb128 0xe
 800 0005 13       		.uleb128 0x13
 801 0006 0B       		.uleb128 0xb
 802 0007 03       		.uleb128 0x3
 803 0008 0E       		.uleb128 0xe
 804 0009 1B       		.uleb128 0x1b
 805 000a 0E       		.uleb128 0xe
 806 000b 55       		.uleb128 0x55
 807 000c 17       		.uleb128 0x17
 808 000d 11       		.uleb128 0x11
 809 000e 01       		.uleb128 0x1
 810 000f 10       		.uleb128 0x10
 811 0010 17       		.uleb128 0x17
 812 0011 00       		.byte	0
 813 0012 00       		.byte	0
 814 0013 02       		.uleb128 0x2
 815 0014 24       		.uleb128 0x24
 816 0015 00       		.byte	0
 817 0016 0B       		.uleb128 0xb
 818 0017 0B       		.uleb128 0xb
 819 0018 3E       		.uleb128 0x3e
 820 0019 0B       		.uleb128 0xb
 821 001a 03       		.uleb128 0x3
 822 001b 0E       		.uleb128 0xe
 823 001c 00       		.byte	0
 824 001d 00       		.byte	0
 825 001e 03       		.uleb128 0x3
 826 001f 24       		.uleb128 0x24
 827 0020 00       		.byte	0
 828 0021 0B       		.uleb128 0xb
 829 0022 0B       		.uleb128 0xb
 830 0023 3E       		.uleb128 0x3e
 831 0024 0B       		.uleb128 0xb
 832 0025 03       		.uleb128 0x3
 833 0026 08       		.uleb128 0x8
 834 0027 00       		.byte	0
 835 0028 00       		.byte	0
 836 0029 04       		.uleb128 0x4
 837 002a 16       		.uleb128 0x16
 838 002b 00       		.byte	0
 839 002c 03       		.uleb128 0x3
 840 002d 0E       		.uleb128 0xe
 841 002e 3A       		.uleb128 0x3a
 842 002f 0B       		.uleb128 0xb
 843 0030 3B       		.uleb128 0x3b
 844 0031 0B       		.uleb128 0xb
 845 0032 49       		.uleb128 0x49
 846 0033 13       		.uleb128 0x13
ARM GAS  C:\Users\fabis\AppData\Local\Temp\ccqyv5F1.s 			page 26


 847 0034 00       		.byte	0
 848 0035 00       		.byte	0
 849 0036 05       		.uleb128 0x5
 850 0037 16       		.uleb128 0x16
 851 0038 00       		.byte	0
 852 0039 03       		.uleb128 0x3
 853 003a 0E       		.uleb128 0xe
 854 003b 3A       		.uleb128 0x3a
 855 003c 0B       		.uleb128 0xb
 856 003d 3B       		.uleb128 0x3b
 857 003e 05       		.uleb128 0x5
 858 003f 49       		.uleb128 0x49
 859 0040 13       		.uleb128 0x13
 860 0041 00       		.byte	0
 861 0042 00       		.byte	0
 862 0043 06       		.uleb128 0x6
 863 0044 35       		.uleb128 0x35
 864 0045 00       		.byte	0
 865 0046 49       		.uleb128 0x49
 866 0047 13       		.uleb128 0x13
 867 0048 00       		.byte	0
 868 0049 00       		.byte	0
 869 004a 07       		.uleb128 0x7
 870 004b 0F       		.uleb128 0xf
 871 004c 00       		.byte	0
 872 004d 0B       		.uleb128 0xb
 873 004e 0B       		.uleb128 0xb
 874 004f 49       		.uleb128 0x49
 875 0050 13       		.uleb128 0x13
 876 0051 00       		.byte	0
 877 0052 00       		.byte	0
 878 0053 08       		.uleb128 0x8
 879 0054 15       		.uleb128 0x15
 880 0055 00       		.byte	0
 881 0056 27       		.uleb128 0x27
 882 0057 19       		.uleb128 0x19
 883 0058 00       		.byte	0
 884 0059 00       		.byte	0
 885 005a 09       		.uleb128 0x9
 886 005b 0F       		.uleb128 0xf
 887 005c 00       		.byte	0
 888 005d 0B       		.uleb128 0xb
 889 005e 0B       		.uleb128 0xb
 890 005f 00       		.byte	0
 891 0060 00       		.byte	0
 892 0061 0A       		.uleb128 0xa
 893 0062 26       		.uleb128 0x26
 894 0063 00       		.byte	0
 895 0064 49       		.uleb128 0x49
 896 0065 13       		.uleb128 0x13
 897 0066 00       		.byte	0
 898 0067 00       		.byte	0
 899 0068 0B       		.uleb128 0xb
 900 0069 13       		.uleb128 0x13
 901 006a 01       		.byte	0x1
 902 006b 03       		.uleb128 0x3
 903 006c 0E       		.uleb128 0xe
ARM GAS  C:\Users\fabis\AppData\Local\Temp\ccqyv5F1.s 			page 27


 904 006d 0B       		.uleb128 0xb
 905 006e 0B       		.uleb128 0xb
 906 006f 3A       		.uleb128 0x3a
 907 0070 0B       		.uleb128 0xb
 908 0071 3B       		.uleb128 0x3b
 909 0072 0B       		.uleb128 0xb
 910 0073 01       		.uleb128 0x1
 911 0074 13       		.uleb128 0x13
 912 0075 00       		.byte	0
 913 0076 00       		.byte	0
 914 0077 0C       		.uleb128 0xc
 915 0078 0D       		.uleb128 0xd
 916 0079 00       		.byte	0
 917 007a 03       		.uleb128 0x3
 918 007b 0E       		.uleb128 0xe
 919 007c 3A       		.uleb128 0x3a
 920 007d 0B       		.uleb128 0xb
 921 007e 3B       		.uleb128 0x3b
 922 007f 0B       		.uleb128 0xb
 923 0080 49       		.uleb128 0x49
 924 0081 13       		.uleb128 0x13
 925 0082 38       		.uleb128 0x38
 926 0083 0B       		.uleb128 0xb
 927 0084 00       		.byte	0
 928 0085 00       		.byte	0
 929 0086 0D       		.uleb128 0xd
 930 0087 2E       		.uleb128 0x2e
 931 0088 00       		.byte	0
 932 0089 3F       		.uleb128 0x3f
 933 008a 19       		.uleb128 0x19
 934 008b 03       		.uleb128 0x3
 935 008c 0E       		.uleb128 0xe
 936 008d 3A       		.uleb128 0x3a
 937 008e 0B       		.uleb128 0xb
 938 008f 3B       		.uleb128 0x3b
 939 0090 0B       		.uleb128 0xb
 940 0091 27       		.uleb128 0x27
 941 0092 19       		.uleb128 0x19
 942 0093 8701     		.uleb128 0x87
 943 0095 19       		.uleb128 0x19
 944 0096 11       		.uleb128 0x11
 945 0097 01       		.uleb128 0x1
 946 0098 12       		.uleb128 0x12
 947 0099 06       		.uleb128 0x6
 948 009a 40       		.uleb128 0x40
 949 009b 18       		.uleb128 0x18
 950 009c 9742     		.uleb128 0x2117
 951 009e 19       		.uleb128 0x19
 952 009f 00       		.byte	0
 953 00a0 00       		.byte	0
 954 00a1 0E       		.uleb128 0xe
 955 00a2 2E       		.uleb128 0x2e
 956 00a3 01       		.byte	0x1
 957 00a4 3F       		.uleb128 0x3f
 958 00a5 19       		.uleb128 0x19
 959 00a6 03       		.uleb128 0x3
 960 00a7 0E       		.uleb128 0xe
ARM GAS  C:\Users\fabis\AppData\Local\Temp\ccqyv5F1.s 			page 28


 961 00a8 3A       		.uleb128 0x3a
 962 00a9 0B       		.uleb128 0xb
 963 00aa 3B       		.uleb128 0x3b
 964 00ab 05       		.uleb128 0x5
 965 00ac 27       		.uleb128 0x27
 966 00ad 19       		.uleb128 0x19
 967 00ae 8701     		.uleb128 0x87
 968 00b0 19       		.uleb128 0x19
 969 00b1 11       		.uleb128 0x11
 970 00b2 01       		.uleb128 0x1
 971 00b3 12       		.uleb128 0x12
 972 00b4 06       		.uleb128 0x6
 973 00b5 40       		.uleb128 0x40
 974 00b6 18       		.uleb128 0x18
 975 00b7 9642     		.uleb128 0x2116
 976 00b9 19       		.uleb128 0x19
 977 00ba 01       		.uleb128 0x1
 978 00bb 13       		.uleb128 0x13
 979 00bc 00       		.byte	0
 980 00bd 00       		.byte	0
 981 00be 0F       		.uleb128 0xf
 982 00bf 05       		.uleb128 0x5
 983 00c0 00       		.byte	0
 984 00c1 03       		.uleb128 0x3
 985 00c2 0E       		.uleb128 0xe
 986 00c3 3A       		.uleb128 0x3a
 987 00c4 0B       		.uleb128 0xb
 988 00c5 3B       		.uleb128 0x3b
 989 00c6 05       		.uleb128 0x5
 990 00c7 49       		.uleb128 0x49
 991 00c8 13       		.uleb128 0x13
 992 00c9 02       		.uleb128 0x2
 993 00ca 18       		.uleb128 0x18
 994 00cb 00       		.byte	0
 995 00cc 00       		.byte	0
 996 00cd 10       		.uleb128 0x10
 997 00ce 2E       		.uleb128 0x2e
 998 00cf 01       		.byte	0x1
 999 00d0 3F       		.uleb128 0x3f
 1000 00d1 19       		.uleb128 0x19
 1001 00d2 03       		.uleb128 0x3
 1002 00d3 0E       		.uleb128 0xe
 1003 00d4 3A       		.uleb128 0x3a
 1004 00d5 0B       		.uleb128 0xb
 1005 00d6 3B       		.uleb128 0x3b
 1006 00d7 05       		.uleb128 0x5
 1007 00d8 27       		.uleb128 0x27
 1008 00d9 19       		.uleb128 0x19
 1009 00da 49       		.uleb128 0x49
 1010 00db 13       		.uleb128 0x13
 1011 00dc 11       		.uleb128 0x11
 1012 00dd 01       		.uleb128 0x1
 1013 00de 12       		.uleb128 0x12
 1014 00df 06       		.uleb128 0x6
 1015 00e0 40       		.uleb128 0x40
 1016 00e1 18       		.uleb128 0x18
 1017 00e2 9642     		.uleb128 0x2116
ARM GAS  C:\Users\fabis\AppData\Local\Temp\ccqyv5F1.s 			page 29


 1018 00e4 19       		.uleb128 0x19
 1019 00e5 01       		.uleb128 0x1
 1020 00e6 13       		.uleb128 0x13
 1021 00e7 00       		.byte	0
 1022 00e8 00       		.byte	0
 1023 00e9 11       		.uleb128 0x11
 1024 00ea 34       		.uleb128 0x34
 1025 00eb 00       		.byte	0
 1026 00ec 03       		.uleb128 0x3
 1027 00ed 08       		.uleb128 0x8
 1028 00ee 3A       		.uleb128 0x3a
 1029 00ef 0B       		.uleb128 0xb
 1030 00f0 3B       		.uleb128 0x3b
 1031 00f1 05       		.uleb128 0x5
 1032 00f2 49       		.uleb128 0x49
 1033 00f3 13       		.uleb128 0x13
 1034 00f4 3F       		.uleb128 0x3f
 1035 00f5 19       		.uleb128 0x19
 1036 00f6 3C       		.uleb128 0x3c
 1037 00f7 19       		.uleb128 0x19
 1038 00f8 00       		.byte	0
 1039 00f9 00       		.byte	0
 1040 00fa 12       		.uleb128 0x12
 1041 00fb 34       		.uleb128 0x34
 1042 00fc 00       		.byte	0
 1043 00fd 03       		.uleb128 0x3
 1044 00fe 0E       		.uleb128 0xe
 1045 00ff 3A       		.uleb128 0x3a
 1046 0100 0B       		.uleb128 0xb
 1047 0101 3B       		.uleb128 0x3b
 1048 0102 05       		.uleb128 0x5
 1049 0103 49       		.uleb128 0x49
 1050 0104 13       		.uleb128 0x13
 1051 0105 02       		.uleb128 0x2
 1052 0106 18       		.uleb128 0x18
 1053 0107 00       		.byte	0
 1054 0108 00       		.byte	0
 1055 0109 13       		.uleb128 0x13
 1056 010a 0B       		.uleb128 0xb
 1057 010b 01       		.byte	0x1
 1058 010c 11       		.uleb128 0x11
 1059 010d 01       		.uleb128 0x1
 1060 010e 12       		.uleb128 0x12
 1061 010f 06       		.uleb128 0x6
 1062 0110 00       		.byte	0
 1063 0111 00       		.byte	0
 1064 0112 14       		.uleb128 0x14
 1065 0113 34       		.uleb128 0x34
 1066 0114 00       		.byte	0
 1067 0115 03       		.uleb128 0x3
 1068 0116 08       		.uleb128 0x8
 1069 0117 3A       		.uleb128 0x3a
 1070 0118 0B       		.uleb128 0xb
 1071 0119 3B       		.uleb128 0x3b
 1072 011a 05       		.uleb128 0x5
 1073 011b 49       		.uleb128 0x49
 1074 011c 13       		.uleb128 0x13
ARM GAS  C:\Users\fabis\AppData\Local\Temp\ccqyv5F1.s 			page 30


 1075 011d 02       		.uleb128 0x2
 1076 011e 18       		.uleb128 0x18
 1077 011f 00       		.byte	0
 1078 0120 00       		.byte	0
 1079 0121 15       		.uleb128 0x15
 1080 0122 2E       		.uleb128 0x2e
 1081 0123 00       		.byte	0
 1082 0124 3F       		.uleb128 0x3f
 1083 0125 19       		.uleb128 0x19
 1084 0126 03       		.uleb128 0x3
 1085 0127 0E       		.uleb128 0xe
 1086 0128 3A       		.uleb128 0x3a
 1087 0129 0B       		.uleb128 0xb
 1088 012a 3B       		.uleb128 0x3b
 1089 012b 05       		.uleb128 0x5
 1090 012c 27       		.uleb128 0x27
 1091 012d 19       		.uleb128 0x19
 1092 012e 11       		.uleb128 0x11
 1093 012f 01       		.uleb128 0x1
 1094 0130 12       		.uleb128 0x12
 1095 0131 06       		.uleb128 0x6
 1096 0132 40       		.uleb128 0x40
 1097 0133 18       		.uleb128 0x18
 1098 0134 9642     		.uleb128 0x2116
 1099 0136 19       		.uleb128 0x19
 1100 0137 00       		.byte	0
 1101 0138 00       		.byte	0
 1102 0139 16       		.uleb128 0x16
 1103 013a 2E       		.uleb128 0x2e
 1104 013b 01       		.byte	0x1
 1105 013c 3F       		.uleb128 0x3f
 1106 013d 19       		.uleb128 0x19
 1107 013e 03       		.uleb128 0x3
 1108 013f 0E       		.uleb128 0xe
 1109 0140 3A       		.uleb128 0x3a
 1110 0141 0B       		.uleb128 0xb
 1111 0142 3B       		.uleb128 0x3b
 1112 0143 05       		.uleb128 0x5
 1113 0144 27       		.uleb128 0x27
 1114 0145 19       		.uleb128 0x19
 1115 0146 11       		.uleb128 0x11
 1116 0147 01       		.uleb128 0x1
 1117 0148 12       		.uleb128 0x12
 1118 0149 06       		.uleb128 0x6
 1119 014a 40       		.uleb128 0x40
 1120 014b 18       		.uleb128 0x18
 1121 014c 9642     		.uleb128 0x2116
 1122 014e 19       		.uleb128 0x19
 1123 014f 01       		.uleb128 0x1
 1124 0150 13       		.uleb128 0x13
 1125 0151 00       		.byte	0
 1126 0152 00       		.byte	0
 1127 0153 17       		.uleb128 0x17
 1128 0154 34       		.uleb128 0x34
 1129 0155 00       		.byte	0
 1130 0156 03       		.uleb128 0x3
 1131 0157 0E       		.uleb128 0xe
ARM GAS  C:\Users\fabis\AppData\Local\Temp\ccqyv5F1.s 			page 31


 1132 0158 3A       		.uleb128 0x3a
 1133 0159 0B       		.uleb128 0xb
 1134 015a 3B       		.uleb128 0x3b
 1135 015b 0B       		.uleb128 0xb
 1136 015c 49       		.uleb128 0x49
 1137 015d 13       		.uleb128 0x13
 1138 015e 02       		.uleb128 0x2
 1139 015f 18       		.uleb128 0x18
 1140 0160 00       		.byte	0
 1141 0161 00       		.byte	0
 1142 0162 18       		.uleb128 0x18
 1143 0163 01       		.uleb128 0x1
 1144 0164 01       		.byte	0x1
 1145 0165 49       		.uleb128 0x49
 1146 0166 13       		.uleb128 0x13
 1147 0167 01       		.uleb128 0x1
 1148 0168 13       		.uleb128 0x13
 1149 0169 00       		.byte	0
 1150 016a 00       		.byte	0
 1151 016b 19       		.uleb128 0x19
 1152 016c 21       		.uleb128 0x21
 1153 016d 00       		.byte	0
 1154 016e 00       		.byte	0
 1155 016f 00       		.byte	0
 1156 0170 1A       		.uleb128 0x1a
 1157 0171 34       		.uleb128 0x34
 1158 0172 00       		.byte	0
 1159 0173 03       		.uleb128 0x3
 1160 0174 0E       		.uleb128 0xe
 1161 0175 3A       		.uleb128 0x3a
 1162 0176 0B       		.uleb128 0xb
 1163 0177 3B       		.uleb128 0x3b
 1164 0178 0B       		.uleb128 0xb
 1165 0179 49       		.uleb128 0x49
 1166 017a 13       		.uleb128 0x13
 1167 017b 3F       		.uleb128 0x3f
 1168 017c 19       		.uleb128 0x19
 1169 017d 3C       		.uleb128 0x3c
 1170 017e 19       		.uleb128 0x19
 1171 017f 00       		.byte	0
 1172 0180 00       		.byte	0
 1173 0181 1B       		.uleb128 0x1b
 1174 0182 21       		.uleb128 0x21
 1175 0183 00       		.byte	0
 1176 0184 49       		.uleb128 0x49
 1177 0185 13       		.uleb128 0x13
 1178 0186 2F       		.uleb128 0x2f
 1179 0187 0B       		.uleb128 0xb
 1180 0188 00       		.byte	0
 1181 0189 00       		.byte	0
 1182 018a 1C       		.uleb128 0x1c
 1183 018b 34       		.uleb128 0x34
 1184 018c 00       		.byte	0
 1185 018d 03       		.uleb128 0x3
 1186 018e 0E       		.uleb128 0xe
 1187 018f 3A       		.uleb128 0x3a
 1188 0190 0B       		.uleb128 0xb
ARM GAS  C:\Users\fabis\AppData\Local\Temp\ccqyv5F1.s 			page 32


 1189 0191 3B       		.uleb128 0x3b
 1190 0192 05       		.uleb128 0x5
 1191 0193 49       		.uleb128 0x49
 1192 0194 13       		.uleb128 0x13
 1193 0195 3F       		.uleb128 0x3f
 1194 0196 19       		.uleb128 0x19
 1195 0197 02       		.uleb128 0x2
 1196 0198 18       		.uleb128 0x18
 1197 0199 00       		.byte	0
 1198 019a 00       		.byte	0
 1199 019b 00       		.byte	0
 1200              		.section	.debug_aranges,"",%progbits
 1201 0000 44000000 		.4byte	0x44
 1202 0004 0200     		.2byte	0x2
 1203 0006 00000000 		.4byte	.Ldebug_info0
 1204 000a 04       		.byte	0x4
 1205 000b 00       		.byte	0
 1206 000c 0000     		.2byte	0
 1207 000e 0000     		.2byte	0
 1208 0010 00000000 		.4byte	.LFB0
 1209 0014 06000000 		.4byte	.LFE0-.LFB0
 1210 0018 00000000 		.4byte	.LFB1
 1211 001c 14000000 		.4byte	.LFE1-.LFB1
 1212 0020 00000000 		.4byte	.LFB2
 1213 0024 50000000 		.4byte	.LFE2-.LFB2
 1214 0028 00000000 		.4byte	.LFB3
 1215 002c 98000000 		.4byte	.LFE3-.LFB3
 1216 0030 00000000 		.4byte	.LFB4
 1217 0034 08000000 		.4byte	.LFE4-.LFB4
 1218 0038 00000000 		.4byte	.LFB5
 1219 003c 64000000 		.4byte	.LFE5-.LFB5
 1220 0040 00000000 		.4byte	0
 1221 0044 00000000 		.4byte	0
 1222              		.section	.debug_ranges,"",%progbits
 1223              	.Ldebug_ranges0:
 1224 0000 00000000 		.4byte	.LFB0
 1225 0004 06000000 		.4byte	.LFE0
 1226 0008 00000000 		.4byte	.LFB1
 1227 000c 14000000 		.4byte	.LFE1
 1228 0010 00000000 		.4byte	.LFB2
 1229 0014 50000000 		.4byte	.LFE2
 1230 0018 00000000 		.4byte	.LFB3
 1231 001c 98000000 		.4byte	.LFE3
 1232 0020 00000000 		.4byte	.LFB4
 1233 0024 08000000 		.4byte	.LFE4
 1234 0028 00000000 		.4byte	.LFB5
 1235 002c 64000000 		.4byte	.LFE5
 1236 0030 00000000 		.4byte	0
 1237 0034 00000000 		.4byte	0
 1238              		.section	.debug_line,"",%progbits
 1239              	.Ldebug_line0:
 1240 0000 C3010000 		.section	.debug_str,"MS",%progbits,1
 1240      0200C700 
 1240      00000201 
 1240      FB0E0D00 
 1240      01010101 
 1241              	.LASF16:
ARM GAS  C:\Users\fabis\AppData\Local\Temp\ccqyv5F1.s 			page 33


 1242 0000 72656733 		.ascii	"reg32\000"
 1242      3200
 1243              	.LASF10:
 1244 0006 73697A65 		.ascii	"size_t\000"
 1244      5F7400
 1245              	.LASF39:
 1246 000d 43795261 		.ascii	"CyRamVectors\000"
 1246      6D566563 
 1246      746F7273 
 1246      00
 1247              	.LASF30:
 1248 001a 53746172 		.ascii	"Start_c\000"
 1248      745F6300 
 1249              	.LASF34:
 1250 0022 636F756E 		.ascii	"count\000"
 1250      7400
 1251              	.LASF29:
 1252 0028 68656170 		.ascii	"heapPointer\000"
 1252      506F696E 
 1252      74657200 
 1253              	.LASF3:
 1254 0034 73686F72 		.ascii	"short unsigned int\000"
 1254      7420756E 
 1254      7369676E 
 1254      65642069 
 1254      6E7400
 1255              	.LASF38:
 1256 0047 5F5F6379 		.ascii	"__cy_region_num\000"
 1256      5F726567 
 1256      696F6E5F 
 1256      6E756D00 
 1257              	.LASF20:
 1258 0057 696E6974 		.ascii	"init\000"
 1258      00
 1259              	.LASF26:
 1260 005c 73746174 		.ascii	"status\000"
 1260      757300
 1261              	.LASF23:
 1262 0063 7A65726F 		.ascii	"zero_size\000"
 1262      5F73697A 
 1262      6500
 1263              	.LASF32:
 1264 006d 72707472 		.ascii	"rptr\000"
 1264      00
 1265              	.LASF13:
 1266 0072 666C6F61 		.ascii	"float\000"
 1266      7400
 1267              	.LASF21:
 1268 0078 64617461 		.ascii	"data\000"
 1268      00
 1269              	.LASF1:
 1270 007d 756E7369 		.ascii	"unsigned char\000"
 1270      676E6564 
 1270      20636861 
 1270      7200
 1271              	.LASF28:
 1272 008b 72657475 		.ascii	"returnValue\000"
ARM GAS  C:\Users\fabis\AppData\Local\Temp\ccqyv5F1.s 			page 34


 1272      726E5661 
 1272      6C756500 
 1273              	.LASF40:
 1274 0097 526F6D56 		.ascii	"RomVectors\000"
 1274      6563746F 
 1274      727300
 1275              	.LASF5:
 1276 00a2 6C6F6E67 		.ascii	"long unsigned int\000"
 1276      20756E73 
 1276      69676E65 
 1276      6420696E 
 1276      7400
 1277              	.LASF36:
 1278 00b4 63795379 		.ascii	"cySysNoInitDataValid\000"
 1278      734E6F49 
 1278      6E697444 
 1278      61746156 
 1278      616C6964 
 1279              	.LASF11:
 1280 00c9 75696E74 		.ascii	"uint8\000"
 1280      3800
 1281              	.LASF46:
 1282 00cf 52657365 		.ascii	"Reset\000"
 1282      7400
 1283              	.LASF41:
 1284 00d5 474E5520 		.ascii	"GNU C11 5.4.1 20160609 (release) [ARM/embedded-5-br"
 1284      43313120 
 1284      352E342E 
 1284      31203230 
 1284      31363036 
 1285 0108 616E6368 		.ascii	"anch revision 237715] -mcpu=cortex-m0 -mthumb -g -O"
 1285      20726576 
 1285      6973696F 
 1285      6E203233 
 1285      37373135 
 1286 013b 30202D66 		.ascii	"0 -ffunction-sections -ffat-lto-objects\000"
 1286      66756E63 
 1286      74696F6E 
 1286      2D736563 
 1286      74696F6E 
 1287              	.LASF24:
 1288 0163 5F657869 		.ascii	"_exit\000"
 1288      7400
 1289              	.LASF45:
 1290 0169 496E7444 		.ascii	"IntDefaultHandler\000"
 1290      65666175 
 1290      6C744861 
 1290      6E646C65 
 1290      7200
 1291              	.LASF25:
 1292 017b 5F736272 		.ascii	"_sbrk\000"
 1292      6B00
 1293              	.LASF14:
 1294 0181 646F7562 		.ascii	"double\000"
 1294      6C6500
 1295              	.LASF47:
 1296 0188 696E6974 		.ascii	"initialize_psoc\000"
ARM GAS  C:\Users\fabis\AppData\Local\Temp\ccqyv5F1.s 			page 35


 1296      69616C69 
 1296      7A655F70 
 1296      736F6300 
 1297              	.LASF42:
 1298 0198 47656E65 		.ascii	"Generated_Source\\PSoC4\\Cm0Start.c\000"
 1298      72617465 
 1298      645F536F 
 1298      75726365 
 1298      5C50536F 
 1299              	.LASF12:
 1300 01ba 75696E74 		.ascii	"uint32\000"
 1300      333200
 1301              	.LASF35:
 1302 01c1 696E6465 		.ascii	"indexInit\000"
 1302      78496E69 
 1302      7400
 1303              	.LASF8:
 1304 01cb 756E7369 		.ascii	"unsigned int\000"
 1304      676E6564 
 1304      20696E74 
 1304      00
 1305              	.LASF7:
 1306 01d8 6C6F6E67 		.ascii	"long long unsigned int\000"
 1306      206C6F6E 
 1306      6720756E 
 1306      7369676E 
 1306      65642069 
 1307              	.LASF33:
 1308 01ef 6C696D69 		.ascii	"limit\000"
 1308      7400
 1309              	.LASF17:
 1310 01f5 63796973 		.ascii	"cyisraddress\000"
 1310      72616464 
 1310      72657373 
 1310      00
 1311              	.LASF22:
 1312 0202 696E6974 		.ascii	"init_size\000"
 1312      5F73697A 
 1312      6500
 1313              	.LASF19:
 1314 020c 5F5F6379 		.ascii	"__cy_byte_align8\000"
 1314      5F627974 
 1314      655F616C 
 1314      69676E38 
 1314      00
 1315              	.LASF18:
 1316 021d 73697A65 		.ascii	"sizetype\000"
 1316      74797065 
 1316      00
 1317              	.LASF6:
 1318 0226 6C6F6E67 		.ascii	"long long int\000"
 1318      206C6F6E 
 1318      6720696E 
 1318      7400
 1319              	.LASF15:
 1320 0234 63686172 		.ascii	"char\000"
 1320      00
ARM GAS  C:\Users\fabis\AppData\Local\Temp\ccqyv5F1.s 			page 36


 1321              	.LASF2:
 1322 0239 73686F72 		.ascii	"short int\000"
 1322      7420696E 
 1322      7400
 1323              	.LASF43:
 1324 0243 433A5C55 		.ascii	"C:\\Users\\fabis\\Desktop\\CE210558_GPIO_Interrupt."
 1324      73657273 
 1324      5C666162 
 1324      69735C44 
 1324      65736B74 
 1325 0272 63796473 		.ascii	"cydsn\000"
 1325      6E00
 1326              	.LASF4:
 1327 0278 6C6F6E67 		.ascii	"long int\000"
 1327      20696E74 
 1327      00
 1328              	.LASF9:
 1329 0281 6C6F6E67 		.ascii	"long double\000"
 1329      20646F75 
 1329      626C6500 
 1330              	.LASF0:
 1331 028d 7369676E 		.ascii	"signed char\000"
 1331      65642063 
 1331      68617200 
 1332              	.LASF37:
 1333 0299 5F5F6379 		.ascii	"__cy_regions\000"
 1333      5F726567 
 1333      696F6E73 
 1333      00
 1334              	.LASF31:
 1335 02a6 72656769 		.ascii	"regions\000"
 1335      6F6E7300 
 1336              	.LASF27:
 1337 02ae 6E627974 		.ascii	"nbytes\000"
 1337      657300
 1338              	.LASF44:
 1339 02b5 5F5F6379 		.ascii	"__cy_region\000"
 1339      5F726567 
 1339      696F6E00 
 1340              		.ident	"GCC: (GNU Tools for ARM Embedded Processors) 5.4.1 20160609 (release) [ARM/embedded-5-bran
