ARM GAS  C:\Users\fabis\AppData\Local\Temp\cc9xlMpe.s 			page 1


   1              		.syntax unified
   2              		.cpu cortex-m0
   3              		.fpu softvfp
   4              		.eabi_attribute 20, 1
   5              		.eabi_attribute 21, 1
   6              		.eabi_attribute 23, 3
   7              		.eabi_attribute 24, 1
   8              		.eabi_attribute 25, 1
   9              		.eabi_attribute 26, 1
  10              		.eabi_attribute 30, 6
  11              		.eabi_attribute 34, 0
  12              		.eabi_attribute 18, 4
  13              		.thumb
  14              		.syntax unified
  15              		.file	"cyfitter_cfg.c"
  16              		.text
  17              	.Ltext0:
  18              		.cfi_sections	.debug_frame
  19              		.section	.text.CYMEMZERO,"ax",%progbits
  20              		.align	2
  21              		.code	16
  22              		.thumb_func
  23              		.type	CYMEMZERO, %function
  24              	CYMEMZERO:
  25              	.LFB0:
  26              		.file 1 "Generated_Source\\PSoC4\\cyfitter_cfg.c"
   1:Generated_Source\PSoC4/cyfitter_cfg.c **** 
   2:Generated_Source\PSoC4/cyfitter_cfg.c **** /*******************************************************************************
   3:Generated_Source\PSoC4/cyfitter_cfg.c **** * File Name: cyfitter_cfg.c
   4:Generated_Source\PSoC4/cyfitter_cfg.c **** * 
   5:Generated_Source\PSoC4/cyfitter_cfg.c **** * PSoC Creator  4.2
   6:Generated_Source\PSoC4/cyfitter_cfg.c **** *
   7:Generated_Source\PSoC4/cyfitter_cfg.c **** * Description:
   8:Generated_Source\PSoC4/cyfitter_cfg.c **** * This file contains device initialization code.
   9:Generated_Source\PSoC4/cyfitter_cfg.c **** * Except for the user defined sections in CyClockStartupError(), this file should not be modified.
  10:Generated_Source\PSoC4/cyfitter_cfg.c **** * This file is automatically generated by PSoC Creator.
  11:Generated_Source\PSoC4/cyfitter_cfg.c **** *
  12:Generated_Source\PSoC4/cyfitter_cfg.c **** ********************************************************************************
  13:Generated_Source\PSoC4/cyfitter_cfg.c **** * Copyright (c) 2007-2018 Cypress Semiconductor.  All rights reserved.
  14:Generated_Source\PSoC4/cyfitter_cfg.c **** * You may use this file only in accordance with the license, terms, conditions, 
  15:Generated_Source\PSoC4/cyfitter_cfg.c **** * disclaimers, and limitations in the end user license agreement accompanying 
  16:Generated_Source\PSoC4/cyfitter_cfg.c **** * the software package with which this file was provided.
  17:Generated_Source\PSoC4/cyfitter_cfg.c **** ********************************************************************************/
  18:Generated_Source\PSoC4/cyfitter_cfg.c **** 
  19:Generated_Source\PSoC4/cyfitter_cfg.c **** #include <string.h>
  20:Generated_Source\PSoC4/cyfitter_cfg.c **** #include "cytypes.h"
  21:Generated_Source\PSoC4/cyfitter_cfg.c **** #include "cydevice_trm.h"
  22:Generated_Source\PSoC4/cyfitter_cfg.c **** #include "cyfitter.h"
  23:Generated_Source\PSoC4/cyfitter_cfg.c **** #include "CyLib.h"
  24:Generated_Source\PSoC4/cyfitter_cfg.c **** #include "cyfitter_cfg.h"
  25:Generated_Source\PSoC4/cyfitter_cfg.c **** 
  26:Generated_Source\PSoC4/cyfitter_cfg.c **** 
  27:Generated_Source\PSoC4/cyfitter_cfg.c **** #if defined(__GNUC__) || defined(__ARMCC_VERSION)
  28:Generated_Source\PSoC4/cyfitter_cfg.c ****     #define CYPACKED 
  29:Generated_Source\PSoC4/cyfitter_cfg.c ****     #define CYPACKED_ATTR __attribute__ ((packed))
  30:Generated_Source\PSoC4/cyfitter_cfg.c ****     #define CYALIGNED __attribute__ ((aligned))
  31:Generated_Source\PSoC4/cyfitter_cfg.c ****     #define CY_CFG_UNUSED __attribute__ ((unused))
ARM GAS  C:\Users\fabis\AppData\Local\Temp\cc9xlMpe.s 			page 2


  32:Generated_Source\PSoC4/cyfitter_cfg.c ****     #ifndef CY_CFG_SECTION
  33:Generated_Source\PSoC4/cyfitter_cfg.c ****         #define CY_CFG_SECTION __attribute__ ((section(".psocinit")))
  34:Generated_Source\PSoC4/cyfitter_cfg.c ****     #endif
  35:Generated_Source\PSoC4/cyfitter_cfg.c ****     
  36:Generated_Source\PSoC4/cyfitter_cfg.c ****     #if defined(__ARMCC_VERSION)
  37:Generated_Source\PSoC4/cyfitter_cfg.c ****         #define CY_CFG_MEMORY_BARRIER() __memory_changed()
  38:Generated_Source\PSoC4/cyfitter_cfg.c ****     #else
  39:Generated_Source\PSoC4/cyfitter_cfg.c ****         #define CY_CFG_MEMORY_BARRIER() __sync_synchronize()
  40:Generated_Source\PSoC4/cyfitter_cfg.c ****     #endif
  41:Generated_Source\PSoC4/cyfitter_cfg.c ****     
  42:Generated_Source\PSoC4/cyfitter_cfg.c **** #elif defined(__ICCARM__)
  43:Generated_Source\PSoC4/cyfitter_cfg.c ****     #include <intrinsics.h>
  44:Generated_Source\PSoC4/cyfitter_cfg.c **** 
  45:Generated_Source\PSoC4/cyfitter_cfg.c ****     #define CYPACKED __packed
  46:Generated_Source\PSoC4/cyfitter_cfg.c ****     #define CYPACKED_ATTR 
  47:Generated_Source\PSoC4/cyfitter_cfg.c ****     #define CYALIGNED _Pragma("data_alignment=4")
  48:Generated_Source\PSoC4/cyfitter_cfg.c ****     #define CY_CFG_UNUSED _Pragma("diag_suppress=Pe177")
  49:Generated_Source\PSoC4/cyfitter_cfg.c ****     #define CY_CFG_SECTION _Pragma("location=\".psocinit\"")
  50:Generated_Source\PSoC4/cyfitter_cfg.c ****     
  51:Generated_Source\PSoC4/cyfitter_cfg.c ****     #define CY_CFG_MEMORY_BARRIER() __DMB()
  52:Generated_Source\PSoC4/cyfitter_cfg.c ****     
  53:Generated_Source\PSoC4/cyfitter_cfg.c **** #else
  54:Generated_Source\PSoC4/cyfitter_cfg.c ****     #error Unsupported toolchain
  55:Generated_Source\PSoC4/cyfitter_cfg.c **** #endif
  56:Generated_Source\PSoC4/cyfitter_cfg.c **** 
  57:Generated_Source\PSoC4/cyfitter_cfg.c **** #ifndef CYCODE
  58:Generated_Source\PSoC4/cyfitter_cfg.c ****     #define CYCODE
  59:Generated_Source\PSoC4/cyfitter_cfg.c **** #endif
  60:Generated_Source\PSoC4/cyfitter_cfg.c **** #ifndef CYDATA
  61:Generated_Source\PSoC4/cyfitter_cfg.c ****     #define CYDATA
  62:Generated_Source\PSoC4/cyfitter_cfg.c **** #endif
  63:Generated_Source\PSoC4/cyfitter_cfg.c **** #ifndef CYFAR
  64:Generated_Source\PSoC4/cyfitter_cfg.c ****     #define CYFAR
  65:Generated_Source\PSoC4/cyfitter_cfg.c **** #endif
  66:Generated_Source\PSoC4/cyfitter_cfg.c **** #ifndef CYXDATA
  67:Generated_Source\PSoC4/cyfitter_cfg.c ****     #define CYXDATA
  68:Generated_Source\PSoC4/cyfitter_cfg.c **** #endif
  69:Generated_Source\PSoC4/cyfitter_cfg.c **** 
  70:Generated_Source\PSoC4/cyfitter_cfg.c **** 
  71:Generated_Source\PSoC4/cyfitter_cfg.c **** CY_CFG_UNUSED
  72:Generated_Source\PSoC4/cyfitter_cfg.c **** static void CYMEMZERO(void *s, size_t n);
  73:Generated_Source\PSoC4/cyfitter_cfg.c **** CY_CFG_UNUSED
  74:Generated_Source\PSoC4/cyfitter_cfg.c **** static void CYMEMZERO(void *s, size_t n)
  75:Generated_Source\PSoC4/cyfitter_cfg.c **** {
  27              		.loc 1 75 0
  28              		.cfi_startproc
  29              		@ args = 0, pretend = 0, frame = 8
  30              		@ frame_needed = 1, uses_anonymous_args = 0
  31 0000 80B5     		push	{r7, lr}
  32              		.cfi_def_cfa_offset 8
  33              		.cfi_offset 7, -8
  34              		.cfi_offset 14, -4
  35 0002 82B0     		sub	sp, sp, #8
  36              		.cfi_def_cfa_offset 16
  37 0004 00AF     		add	r7, sp, #0
  38              		.cfi_def_cfa_register 7
  39 0006 7860     		str	r0, [r7, #4]
ARM GAS  C:\Users\fabis\AppData\Local\Temp\cc9xlMpe.s 			page 3


  40 0008 3960     		str	r1, [r7]
  76:Generated_Source\PSoC4/cyfitter_cfg.c **** 	(void)memset(s, 0, n);
  41              		.loc 1 76 0
  42 000a 3A68     		ldr	r2, [r7]
  43 000c 7B68     		ldr	r3, [r7, #4]
  44 000e 0021     		movs	r1, #0
  45 0010 1800     		movs	r0, r3
  46 0012 FFF7FEFF 		bl	memset
  77:Generated_Source\PSoC4/cyfitter_cfg.c **** }
  47              		.loc 1 77 0
  48 0016 C046     		nop
  49 0018 BD46     		mov	sp, r7
  50 001a 02B0     		add	sp, sp, #8
  51              		@ sp needed
  52 001c 80BD     		pop	{r7, pc}
  53              		.cfi_endproc
  54              	.LFE0:
  55              		.size	CYMEMZERO, .-CYMEMZERO
  56 001e C046     		.section	.text.CYCONFIGCPY,"ax",%progbits
  57              		.align	2
  58              		.code	16
  59              		.thumb_func
  60              		.type	CYCONFIGCPY, %function
  61              	CYCONFIGCPY:
  62              	.LFB1:
  78:Generated_Source\PSoC4/cyfitter_cfg.c **** CY_CFG_UNUSED
  79:Generated_Source\PSoC4/cyfitter_cfg.c **** static void CYCONFIGCPY(void *dest, const void *src, size_t n);
  80:Generated_Source\PSoC4/cyfitter_cfg.c **** CY_CFG_UNUSED
  81:Generated_Source\PSoC4/cyfitter_cfg.c **** static void CYCONFIGCPY(void *dest, const void *src, size_t n)
  82:Generated_Source\PSoC4/cyfitter_cfg.c **** {
  63              		.loc 1 82 0
  64              		.cfi_startproc
  65              		@ args = 0, pretend = 0, frame = 16
  66              		@ frame_needed = 1, uses_anonymous_args = 0
  67 0000 80B5     		push	{r7, lr}
  68              		.cfi_def_cfa_offset 8
  69              		.cfi_offset 7, -8
  70              		.cfi_offset 14, -4
  71 0002 84B0     		sub	sp, sp, #16
  72              		.cfi_def_cfa_offset 24
  73 0004 00AF     		add	r7, sp, #0
  74              		.cfi_def_cfa_register 7
  75 0006 F860     		str	r0, [r7, #12]
  76 0008 B960     		str	r1, [r7, #8]
  77 000a 7A60     		str	r2, [r7, #4]
  83:Generated_Source\PSoC4/cyfitter_cfg.c **** 	(void)memcpy(dest, src, n);
  78              		.loc 1 83 0
  79 000c 7A68     		ldr	r2, [r7, #4]
  80 000e B968     		ldr	r1, [r7, #8]
  81 0010 FB68     		ldr	r3, [r7, #12]
  82 0012 1800     		movs	r0, r3
  83 0014 FFF7FEFF 		bl	memcpy
  84:Generated_Source\PSoC4/cyfitter_cfg.c **** }
  84              		.loc 1 84 0
  85 0018 C046     		nop
  86 001a BD46     		mov	sp, r7
  87 001c 04B0     		add	sp, sp, #16
ARM GAS  C:\Users\fabis\AppData\Local\Temp\cc9xlMpe.s 			page 4


  88              		@ sp needed
  89 001e 80BD     		pop	{r7, pc}
  90              		.cfi_endproc
  91              	.LFE1:
  92              		.size	CYCONFIGCPY, .-CYCONFIGCPY
  93              		.section	.text.CYCONFIGCPYCODE,"ax",%progbits
  94              		.align	2
  95              		.code	16
  96              		.thumb_func
  97              		.type	CYCONFIGCPYCODE, %function
  98              	CYCONFIGCPYCODE:
  99              	.LFB2:
  85:Generated_Source\PSoC4/cyfitter_cfg.c **** CY_CFG_UNUSED
  86:Generated_Source\PSoC4/cyfitter_cfg.c **** static void CYCONFIGCPYCODE(void *dest, const void *src, size_t n);
  87:Generated_Source\PSoC4/cyfitter_cfg.c **** CY_CFG_UNUSED
  88:Generated_Source\PSoC4/cyfitter_cfg.c **** static void CYCONFIGCPYCODE(void *dest, const void *src, size_t n)
  89:Generated_Source\PSoC4/cyfitter_cfg.c **** {
 100              		.loc 1 89 0
 101              		.cfi_startproc
 102              		@ args = 0, pretend = 0, frame = 16
 103              		@ frame_needed = 1, uses_anonymous_args = 0
 104 0000 80B5     		push	{r7, lr}
 105              		.cfi_def_cfa_offset 8
 106              		.cfi_offset 7, -8
 107              		.cfi_offset 14, -4
 108 0002 84B0     		sub	sp, sp, #16
 109              		.cfi_def_cfa_offset 24
 110 0004 00AF     		add	r7, sp, #0
 111              		.cfi_def_cfa_register 7
 112 0006 F860     		str	r0, [r7, #12]
 113 0008 B960     		str	r1, [r7, #8]
 114 000a 7A60     		str	r2, [r7, #4]
  90:Generated_Source\PSoC4/cyfitter_cfg.c **** 	(void)memcpy(dest, src, n);
 115              		.loc 1 90 0
 116 000c 7A68     		ldr	r2, [r7, #4]
 117 000e B968     		ldr	r1, [r7, #8]
 118 0010 FB68     		ldr	r3, [r7, #12]
 119 0012 1800     		movs	r0, r3
 120 0014 FFF7FEFF 		bl	memcpy
  91:Generated_Source\PSoC4/cyfitter_cfg.c **** }
 121              		.loc 1 91 0
 122 0018 C046     		nop
 123 001a BD46     		mov	sp, r7
 124 001c 04B0     		add	sp, sp, #16
 125              		@ sp needed
 126 001e 80BD     		pop	{r7, pc}
 127              		.cfi_endproc
 128              	.LFE2:
 129              		.size	CYCONFIGCPYCODE, .-CYCONFIGCPYCODE
 130              		.section	.psocinit,"ax",%progbits
 131              		.align	2
 132              		.code	16
 133              		.thumb_func
 134              		.type	ClockSetup, %function
 135              	ClockSetup:
 136              	.LFB3:
  92:Generated_Source\PSoC4/cyfitter_cfg.c **** 
ARM GAS  C:\Users\fabis\AppData\Local\Temp\cc9xlMpe.s 			page 5


  93:Generated_Source\PSoC4/cyfitter_cfg.c **** 
  94:Generated_Source\PSoC4/cyfitter_cfg.c **** 
  95:Generated_Source\PSoC4/cyfitter_cfg.c **** 
  96:Generated_Source\PSoC4/cyfitter_cfg.c **** /* Clock startup error codes                                                   */
  97:Generated_Source\PSoC4/cyfitter_cfg.c **** #define CYCLOCKSTART_NO_ERROR    0u
  98:Generated_Source\PSoC4/cyfitter_cfg.c **** #define CYCLOCKSTART_XTAL_ERROR  1u
  99:Generated_Source\PSoC4/cyfitter_cfg.c **** #define CYCLOCKSTART_32KHZ_ERROR 2u
 100:Generated_Source\PSoC4/cyfitter_cfg.c **** #define CYCLOCKSTART_PLL_ERROR   3u
 101:Generated_Source\PSoC4/cyfitter_cfg.c **** #define CYCLOCKSTART_FLL_ERROR   4u
 102:Generated_Source\PSoC4/cyfitter_cfg.c **** #define CYCLOCKSTART_WCO_ERROR   5u
 103:Generated_Source\PSoC4/cyfitter_cfg.c **** 
 104:Generated_Source\PSoC4/cyfitter_cfg.c **** 
 105:Generated_Source\PSoC4/cyfitter_cfg.c **** #ifdef CY_NEED_CYCLOCKSTARTUPERROR
 106:Generated_Source\PSoC4/cyfitter_cfg.c **** /*******************************************************************************
 107:Generated_Source\PSoC4/cyfitter_cfg.c **** * Function Name: CyClockStartupError
 108:Generated_Source\PSoC4/cyfitter_cfg.c **** ********************************************************************************
 109:Generated_Source\PSoC4/cyfitter_cfg.c **** * Summary:
 110:Generated_Source\PSoC4/cyfitter_cfg.c **** *  If an error is encountered during clock configuration (crystal startup error,
 111:Generated_Source\PSoC4/cyfitter_cfg.c **** *  PLL lock error, etc.), the system will end up here.  Unless reimplemented by
 112:Generated_Source\PSoC4/cyfitter_cfg.c **** *  the customer, this function will stop in an infinite loop.
 113:Generated_Source\PSoC4/cyfitter_cfg.c **** *
 114:Generated_Source\PSoC4/cyfitter_cfg.c **** * Parameters:
 115:Generated_Source\PSoC4/cyfitter_cfg.c **** *   void
 116:Generated_Source\PSoC4/cyfitter_cfg.c **** *
 117:Generated_Source\PSoC4/cyfitter_cfg.c **** * Return:
 118:Generated_Source\PSoC4/cyfitter_cfg.c **** *   void
 119:Generated_Source\PSoC4/cyfitter_cfg.c **** *
 120:Generated_Source\PSoC4/cyfitter_cfg.c **** *******************************************************************************/
 121:Generated_Source\PSoC4/cyfitter_cfg.c **** CY_CFG_UNUSED
 122:Generated_Source\PSoC4/cyfitter_cfg.c **** static void CyClockStartupError(uint8 errorCode);
 123:Generated_Source\PSoC4/cyfitter_cfg.c **** CY_CFG_UNUSED
 124:Generated_Source\PSoC4/cyfitter_cfg.c **** static void CyClockStartupError(uint8 errorCode)
 125:Generated_Source\PSoC4/cyfitter_cfg.c **** {
 126:Generated_Source\PSoC4/cyfitter_cfg.c ****     /* To remove the compiler warning if errorCode not used.                */
 127:Generated_Source\PSoC4/cyfitter_cfg.c ****     errorCode = errorCode;
 128:Generated_Source\PSoC4/cyfitter_cfg.c **** 
 129:Generated_Source\PSoC4/cyfitter_cfg.c ****     /* If we have a clock startup error (bad MHz crystal, PLL lock, etc.),  */
 130:Generated_Source\PSoC4/cyfitter_cfg.c ****     /* we will end up here to allow the customer to implement something to  */
 131:Generated_Source\PSoC4/cyfitter_cfg.c ****     /* deal with the clock condition.                                       */
 132:Generated_Source\PSoC4/cyfitter_cfg.c **** 
 133:Generated_Source\PSoC4/cyfitter_cfg.c **** #ifdef CY_CFG_CLOCK_STARTUP_ERROR_CALLBACK
 134:Generated_Source\PSoC4/cyfitter_cfg.c ****     CY_CFG_Clock_Startup_ErrorCallback();
 135:Generated_Source\PSoC4/cyfitter_cfg.c **** #else
 136:Generated_Source\PSoC4/cyfitter_cfg.c ****     /*  If not using CY_CFG_CLOCK_STARTUP_ERROR_CALLBACK, place your clock startup code here. */
 137:Generated_Source\PSoC4/cyfitter_cfg.c ****     /* `#START CyClockStartupError` */
 138:Generated_Source\PSoC4/cyfitter_cfg.c **** 
 139:Generated_Source\PSoC4/cyfitter_cfg.c ****     /* If we have a clock startup error (bad MHz crystal, PLL lock, etc.),  */
 140:Generated_Source\PSoC4/cyfitter_cfg.c ****     /* we will end up here to allow the customer to implement something to  */
 141:Generated_Source\PSoC4/cyfitter_cfg.c ****     /* deal with the clock condition.                                       */
 142:Generated_Source\PSoC4/cyfitter_cfg.c **** 
 143:Generated_Source\PSoC4/cyfitter_cfg.c ****     /* `#END` */
 144:Generated_Source\PSoC4/cyfitter_cfg.c **** 
 145:Generated_Source\PSoC4/cyfitter_cfg.c ****     while(1) {}
 146:Generated_Source\PSoC4/cyfitter_cfg.c **** #endif /* CY_CFG_CLOCK_STARTUP_ERROR_CALLBACK */
 147:Generated_Source\PSoC4/cyfitter_cfg.c **** }
 148:Generated_Source\PSoC4/cyfitter_cfg.c **** #endif
 149:Generated_Source\PSoC4/cyfitter_cfg.c **** 
ARM GAS  C:\Users\fabis\AppData\Local\Temp\cc9xlMpe.s 			page 6


 150:Generated_Source\PSoC4/cyfitter_cfg.c **** 
 151:Generated_Source\PSoC4/cyfitter_cfg.c **** 
 152:Generated_Source\PSoC4/cyfitter_cfg.c **** /*******************************************************************************
 153:Generated_Source\PSoC4/cyfitter_cfg.c **** * Function Name: ClockSetup
 154:Generated_Source\PSoC4/cyfitter_cfg.c **** ********************************************************************************
 155:Generated_Source\PSoC4/cyfitter_cfg.c **** *
 156:Generated_Source\PSoC4/cyfitter_cfg.c **** * Summary:
 157:Generated_Source\PSoC4/cyfitter_cfg.c **** *   Performs the initialization of all of the clocks in the device based on the
 158:Generated_Source\PSoC4/cyfitter_cfg.c **** *   settings in the Clock tab of the DWR.  This includes enabling the requested
 159:Generated_Source\PSoC4/cyfitter_cfg.c **** *   clocks and setting the necessary dividers to produce the desired frequency. 
 160:Generated_Source\PSoC4/cyfitter_cfg.c **** *
 161:Generated_Source\PSoC4/cyfitter_cfg.c **** * Parameters:
 162:Generated_Source\PSoC4/cyfitter_cfg.c **** *   void
 163:Generated_Source\PSoC4/cyfitter_cfg.c **** *
 164:Generated_Source\PSoC4/cyfitter_cfg.c **** * Return:
 165:Generated_Source\PSoC4/cyfitter_cfg.c **** *   void
 166:Generated_Source\PSoC4/cyfitter_cfg.c **** *
 167:Generated_Source\PSoC4/cyfitter_cfg.c **** *******************************************************************************/
 168:Generated_Source\PSoC4/cyfitter_cfg.c **** static void ClockSetup(void);
 169:Generated_Source\PSoC4/cyfitter_cfg.c **** CY_CFG_SECTION
 170:Generated_Source\PSoC4/cyfitter_cfg.c **** static void ClockSetup(void)
 171:Generated_Source\PSoC4/cyfitter_cfg.c **** {
 137              		.loc 1 171 0
 138              		.cfi_startproc
 139              		@ args = 0, pretend = 0, frame = 0
 140              		@ frame_needed = 1, uses_anonymous_args = 0
 141 0000 80B5     		push	{r7, lr}
 142              		.cfi_def_cfa_offset 8
 143              		.cfi_offset 7, -8
 144              		.cfi_offset 14, -4
 145 0002 00AF     		add	r7, sp, #0
 146              		.cfi_def_cfa_register 7
 172:Generated_Source\PSoC4/cyfitter_cfg.c **** 	/* Enable HALF_EN before trimming for the flash accelerator. */
 173:Generated_Source\PSoC4/cyfitter_cfg.c **** 	CY_SET_REG32((void CYXDATA *)(CYREG_CLK_SELECT), (CY_GET_REG32((void *)CYREG_CLK_SELECT) | 0x00040
 147              		.loc 1 173 0
 148 0004 0F4B     		ldr	r3, .L5
 149 0006 0F4A     		ldr	r2, .L5
 150 0008 1268     		ldr	r2, [r2]
 151 000a 8021     		movs	r1, #128
 152 000c C902     		lsls	r1, r1, #11
 153 000e 0A43     		orrs	r2, r1
 154 0010 1A60     		str	r2, [r3]
 174:Generated_Source\PSoC4/cyfitter_cfg.c **** 
 175:Generated_Source\PSoC4/cyfitter_cfg.c **** 	/* Setup and trim IMO based on desired frequency. */
 176:Generated_Source\PSoC4/cyfitter_cfg.c **** 	CySysClkWriteImoFreq(24u);
 155              		.loc 1 176 0
 156 0012 1820     		movs	r0, #24
 157 0014 FFF7FEFF 		bl	CySysClkWriteImoFreq
 177:Generated_Source\PSoC4/cyfitter_cfg.c **** 
 178:Generated_Source\PSoC4/cyfitter_cfg.c **** 	/* Disable HALF_EN since it is not required at this IMO frequency. */
 179:Generated_Source\PSoC4/cyfitter_cfg.c **** 	CY_SET_REG32((void CYXDATA *)(CYREG_CLK_SELECT), (CY_GET_REG32((void *)CYREG_CLK_SELECT) & 0xFFFBF
 158              		.loc 1 179 0
 159 0018 0A4B     		ldr	r3, .L5
 160 001a 0A4A     		ldr	r2, .L5
 161 001c 1268     		ldr	r2, [r2]
 162 001e 0A49     		ldr	r1, .L5+4
 163 0020 0A40     		ands	r2, r1
ARM GAS  C:\Users\fabis\AppData\Local\Temp\cc9xlMpe.s 			page 7


 164 0022 1A60     		str	r2, [r3]
 180:Generated_Source\PSoC4/cyfitter_cfg.c **** 	/* CYDEV_CLK_ILO_CONFIG Starting address: CYDEV_CLK_ILO_CONFIG */
 181:Generated_Source\PSoC4/cyfitter_cfg.c **** 	CY_SET_REG32((void *)(CYREG_CLK_ILO_CONFIG), 0x80000006u);
 165              		.loc 1 181 0
 166 0024 094B     		ldr	r3, .L5+8
 167 0026 0A4A     		ldr	r2, .L5+12
 168 0028 1A60     		str	r2, [r3]
 182:Generated_Source\PSoC4/cyfitter_cfg.c **** 
 183:Generated_Source\PSoC4/cyfitter_cfg.c **** 
 184:Generated_Source\PSoC4/cyfitter_cfg.c **** 	/* CYDEV_CLK_IMO_CONFIG Starting address: CYDEV_CLK_IMO_CONFIG */
 185:Generated_Source\PSoC4/cyfitter_cfg.c **** 	CY_SET_REG32((void *)(CYREG_CLK_IMO_CONFIG), 0x80000000u);
 169              		.loc 1 185 0
 170 002a 0A4B     		ldr	r3, .L5+16
 171 002c 8022     		movs	r2, #128
 172 002e 1206     		lsls	r2, r2, #24
 173 0030 1A60     		str	r2, [r3]
 186:Generated_Source\PSoC4/cyfitter_cfg.c **** 
 187:Generated_Source\PSoC4/cyfitter_cfg.c **** 	/* CYDEV_CLK_SELECT Starting address: CYDEV_CLK_SELECT */
 188:Generated_Source\PSoC4/cyfitter_cfg.c **** 	CY_SET_REG32((void *)(CYREG_CLK_SELECT), 0x00000000u);
 174              		.loc 1 188 0
 175 0032 044B     		ldr	r3, .L5
 176 0034 0022     		movs	r2, #0
 177 0036 1A60     		str	r2, [r3]
 189:Generated_Source\PSoC4/cyfitter_cfg.c **** 
 190:Generated_Source\PSoC4/cyfitter_cfg.c **** 	CY_SET_REG32((void *)(CYREG_WDT_CONFIG), 0x00000000u);
 178              		.loc 1 190 0
 179 0038 074B     		ldr	r3, .L5+20
 180 003a 0022     		movs	r2, #0
 181 003c 1A60     		str	r2, [r3]
 191:Generated_Source\PSoC4/cyfitter_cfg.c **** }
 182              		.loc 1 191 0
 183 003e C046     		nop
 184 0040 BD46     		mov	sp, r7
 185              		@ sp needed
 186 0042 80BD     		pop	{r7, pc}
 187              	.L6:
 188              		.align	2
 189              	.L5:
 190 0044 00010B40 		.word	1074462976
 191 0048 FFFFFBFF 		.word	-262145
 192 004c 04010B40 		.word	1074462980
 193 0050 06000080 		.word	-2147483642
 194 0054 08010B40 		.word	1074462984
 195 0058 0C020B40 		.word	1074463244
 196              		.cfi_endproc
 197              	.LFE3:
 198              		.size	ClockSetup, .-ClockSetup
 199              		.section	.text.AnalogSetDefault,"ax",%progbits
 200              		.align	2
 201              		.code	16
 202              		.thumb_func
 203              		.type	AnalogSetDefault, %function
 204              	AnalogSetDefault:
 205              	.LFB4:
 192:Generated_Source\PSoC4/cyfitter_cfg.c **** 
 193:Generated_Source\PSoC4/cyfitter_cfg.c **** 
 194:Generated_Source\PSoC4/cyfitter_cfg.c **** /* Analog API Functions */
ARM GAS  C:\Users\fabis\AppData\Local\Temp\cc9xlMpe.s 			page 8


 195:Generated_Source\PSoC4/cyfitter_cfg.c **** 
 196:Generated_Source\PSoC4/cyfitter_cfg.c **** 
 197:Generated_Source\PSoC4/cyfitter_cfg.c **** /*******************************************************************************
 198:Generated_Source\PSoC4/cyfitter_cfg.c **** * Function Name: AnalogSetDefault
 199:Generated_Source\PSoC4/cyfitter_cfg.c **** ********************************************************************************
 200:Generated_Source\PSoC4/cyfitter_cfg.c **** *
 201:Generated_Source\PSoC4/cyfitter_cfg.c **** * Summary:
 202:Generated_Source\PSoC4/cyfitter_cfg.c **** *  Sets up the analog portions of the chip to default values based on chip
 203:Generated_Source\PSoC4/cyfitter_cfg.c **** *  configuration options from the project.
 204:Generated_Source\PSoC4/cyfitter_cfg.c **** *
 205:Generated_Source\PSoC4/cyfitter_cfg.c **** * Parameters:
 206:Generated_Source\PSoC4/cyfitter_cfg.c **** *  void
 207:Generated_Source\PSoC4/cyfitter_cfg.c **** *
 208:Generated_Source\PSoC4/cyfitter_cfg.c **** * Return:
 209:Generated_Source\PSoC4/cyfitter_cfg.c **** *  void
 210:Generated_Source\PSoC4/cyfitter_cfg.c **** *
 211:Generated_Source\PSoC4/cyfitter_cfg.c **** *******************************************************************************/
 212:Generated_Source\PSoC4/cyfitter_cfg.c **** static void AnalogSetDefault(void);
 213:Generated_Source\PSoC4/cyfitter_cfg.c **** static void AnalogSetDefault(void)
 214:Generated_Source\PSoC4/cyfitter_cfg.c **** {
 206              		.loc 1 214 0
 207              		.cfi_startproc
 208              		@ args = 0, pretend = 0, frame = 0
 209              		@ frame_needed = 1, uses_anonymous_args = 0
 210 0000 80B5     		push	{r7, lr}
 211              		.cfi_def_cfa_offset 8
 212              		.cfi_offset 7, -8
 213              		.cfi_offset 14, -4
 214 0002 00AF     		add	r7, sp, #0
 215              		.cfi_def_cfa_register 7
 215:Generated_Source\PSoC4/cyfitter_cfg.c **** }
 216              		.loc 1 215 0
 217 0004 C046     		nop
 218 0006 BD46     		mov	sp, r7
 219              		@ sp needed
 220 0008 80BD     		pop	{r7, pc}
 221              		.cfi_endproc
 222              	.LFE4:
 223              		.size	AnalogSetDefault, .-AnalogSetDefault
 224 000a C046     		.section	.psocinit
 225              		.align	2
 226              		.global	cyfitter_cfg
 227              		.code	16
 228              		.thumb_func
 229              		.type	cyfitter_cfg, %function
 230              	cyfitter_cfg:
 231              	.LFB5:
 216:Generated_Source\PSoC4/cyfitter_cfg.c **** 
 217:Generated_Source\PSoC4/cyfitter_cfg.c **** 
 218:Generated_Source\PSoC4/cyfitter_cfg.c **** 
 219:Generated_Source\PSoC4/cyfitter_cfg.c **** 
 220:Generated_Source\PSoC4/cyfitter_cfg.c **** /*******************************************************************************
 221:Generated_Source\PSoC4/cyfitter_cfg.c **** * Function Name: cyfitter_cfg
 222:Generated_Source\PSoC4/cyfitter_cfg.c **** ********************************************************************************
 223:Generated_Source\PSoC4/cyfitter_cfg.c **** * Summary:
 224:Generated_Source\PSoC4/cyfitter_cfg.c **** *  This function is called by the start-up code for the selected device. It
 225:Generated_Source\PSoC4/cyfitter_cfg.c **** *  performs all of the necessary device configuration based on the design
ARM GAS  C:\Users\fabis\AppData\Local\Temp\cc9xlMpe.s 			page 9


 226:Generated_Source\PSoC4/cyfitter_cfg.c **** *  settings.  This includes settings from the Design Wide Resources (DWR) such
 227:Generated_Source\PSoC4/cyfitter_cfg.c **** *  as Clocks and Pins as well as any component configuration that is necessary.
 228:Generated_Source\PSoC4/cyfitter_cfg.c **** *
 229:Generated_Source\PSoC4/cyfitter_cfg.c **** * Parameters:
 230:Generated_Source\PSoC4/cyfitter_cfg.c **** *   void
 231:Generated_Source\PSoC4/cyfitter_cfg.c **** *
 232:Generated_Source\PSoC4/cyfitter_cfg.c **** * Return:
 233:Generated_Source\PSoC4/cyfitter_cfg.c **** *   void
 234:Generated_Source\PSoC4/cyfitter_cfg.c **** *
 235:Generated_Source\PSoC4/cyfitter_cfg.c **** *******************************************************************************/
 236:Generated_Source\PSoC4/cyfitter_cfg.c **** CY_CFG_SECTION
 237:Generated_Source\PSoC4/cyfitter_cfg.c **** void cyfitter_cfg(void)
 238:Generated_Source\PSoC4/cyfitter_cfg.c **** {
 232              		.loc 1 238 0
 233              		.cfi_startproc
 234              		@ args = 0, pretend = 0, frame = 8
 235              		@ frame_needed = 1, uses_anonymous_args = 0
 236 005c 80B5     		push	{r7, lr}
 237              		.cfi_def_cfa_offset 8
 238              		.cfi_offset 7, -8
 239              		.cfi_offset 14, -4
 240 005e 82B0     		sub	sp, sp, #8
 241              		.cfi_def_cfa_offset 16
 242 0060 00AF     		add	r7, sp, #0
 243              		.cfi_def_cfa_register 7
 239:Generated_Source\PSoC4/cyfitter_cfg.c **** 	/* Disable interrupts by default. Let user enable if/when they want. */
 240:Generated_Source\PSoC4/cyfitter_cfg.c **** 	CyGlobalIntDisable;
 244              		.loc 1 240 0
 245              		.syntax divided
 246              	@ 240 "Generated_Source\PSoC4\cyfitter_cfg.c" 1
 247 0062 72B6     		CPSID   i
 248              	@ 0 "" 2
 249              		.thumb
 250              		.syntax unified
 251              	.LBB2:
 241:Generated_Source\PSoC4/cyfitter_cfg.c **** 
 242:Generated_Source\PSoC4/cyfitter_cfg.c **** 	{
 243:Generated_Source\PSoC4/cyfitter_cfg.c **** 
 244:Generated_Source\PSoC4/cyfitter_cfg.c **** 		CYPACKED typedef struct {
 245:Generated_Source\PSoC4/cyfitter_cfg.c **** 			void CYFAR *address;
 246:Generated_Source\PSoC4/cyfitter_cfg.c **** 			uint16 size;
 247:Generated_Source\PSoC4/cyfitter_cfg.c **** 		} CYPACKED_ATTR cfg_memset_t;
 248:Generated_Source\PSoC4/cyfitter_cfg.c **** 
 249:Generated_Source\PSoC4/cyfitter_cfg.c **** 		static const cfg_memset_t CYCODE cfg_memset_list[] = {
 250:Generated_Source\PSoC4/cyfitter_cfg.c **** 			/* address, size */
 251:Generated_Source\PSoC4/cyfitter_cfg.c **** 			{(void CYFAR *)(CYDEV_UDB_P0_U0_BASE), 1024u},
 252:Generated_Source\PSoC4/cyfitter_cfg.c **** 			{(void CYFAR *)(CYDEV_UDB_DSI0_BASE), 1024u},
 253:Generated_Source\PSoC4/cyfitter_cfg.c **** 		};
 254:Generated_Source\PSoC4/cyfitter_cfg.c **** 
 255:Generated_Source\PSoC4/cyfitter_cfg.c **** 		uint8 CYDATA i;
 256:Generated_Source\PSoC4/cyfitter_cfg.c **** 
 257:Generated_Source\PSoC4/cyfitter_cfg.c **** 		/* Zero out critical memory blocks before beginning configuration */
 258:Generated_Source\PSoC4/cyfitter_cfg.c **** 		for (i = 0u; i < (sizeof(cfg_memset_list)/sizeof(cfg_memset_list[0])); i++)
 252              		.loc 1 258 0
 253 0064 FB1D     		adds	r3, r7, #7
 254 0066 0022     		movs	r2, #0
 255 0068 1A70     		strb	r2, [r3]
ARM GAS  C:\Users\fabis\AppData\Local\Temp\cc9xlMpe.s 			page 10


 256 006a 22E0     		b	.L9
 257              	.L10:
 258              	.LBB3:
 259:Generated_Source\PSoC4/cyfitter_cfg.c **** 		{
 260:Generated_Source\PSoC4/cyfitter_cfg.c **** 			const cfg_memset_t CYCODE * CYDATA ms = &cfg_memset_list[i];
 259              		.loc 1 260 0 discriminator 3
 260 006c FB1D     		adds	r3, r7, #7
 261 006e 1A78     		ldrb	r2, [r3]
 262 0070 1300     		movs	r3, r2
 263 0072 5B00     		lsls	r3, r3, #1
 264 0074 9B18     		adds	r3, r3, r2
 265 0076 5B00     		lsls	r3, r3, #1
 266 0078 284A     		ldr	r2, .L11
 267 007a 9B18     		adds	r3, r3, r2
 268 007c 3B60     		str	r3, [r7]
 261:Generated_Source\PSoC4/cyfitter_cfg.c **** 			CYMEMZERO(ms->address, (size_t)(uint32)(ms->size));
 269              		.loc 1 261 0 discriminator 3
 270 007e 3B68     		ldr	r3, [r7]
 271 0080 1A78     		ldrb	r2, [r3]
 272 0082 5978     		ldrb	r1, [r3, #1]
 273 0084 0902     		lsls	r1, r1, #8
 274 0086 0A43     		orrs	r2, r1
 275 0088 9978     		ldrb	r1, [r3, #2]
 276 008a 0904     		lsls	r1, r1, #16
 277 008c 0A43     		orrs	r2, r1
 278 008e DB78     		ldrb	r3, [r3, #3]
 279 0090 1B06     		lsls	r3, r3, #24
 280 0092 1343     		orrs	r3, r2
 281 0094 1800     		movs	r0, r3
 282 0096 3B68     		ldr	r3, [r7]
 283 0098 1A79     		ldrb	r2, [r3, #4]
 284 009a 5B79     		ldrb	r3, [r3, #5]
 285 009c 1B02     		lsls	r3, r3, #8
 286 009e 1343     		orrs	r3, r2
 287 00a0 9BB2     		uxth	r3, r3
 288 00a2 1900     		movs	r1, r3
 289 00a4 FFF7FEFF 		bl	CYMEMZERO
 290              	.LBE3:
 258:Generated_Source\PSoC4/cyfitter_cfg.c **** 		{
 291              		.loc 1 258 0 discriminator 3
 292 00a8 FB1D     		adds	r3, r7, #7
 293 00aa 1A78     		ldrb	r2, [r3]
 294 00ac FB1D     		adds	r3, r7, #7
 295 00ae 0132     		adds	r2, r2, #1
 296 00b0 1A70     		strb	r2, [r3]
 297              	.L9:
 258:Generated_Source\PSoC4/cyfitter_cfg.c **** 		{
 298              		.loc 1 258 0 is_stmt 0 discriminator 1
 299 00b2 FB1D     		adds	r3, r7, #7
 300 00b4 1B78     		ldrb	r3, [r3]
 301 00b6 012B     		cmp	r3, #1
 302 00b8 D8D9     		bls	.L10
 262:Generated_Source\PSoC4/cyfitter_cfg.c **** 		}
 263:Generated_Source\PSoC4/cyfitter_cfg.c **** 
 264:Generated_Source\PSoC4/cyfitter_cfg.c **** 		/* HSIOM Starting address: CYDEV_HSIOM_BASE */
 265:Generated_Source\PSoC4/cyfitter_cfg.c **** 		CY_SET_REG32((void *)(CYREG_HSIOM_PORT_SEL3), 0x0000EE00u);
 303              		.loc 1 265 0 is_stmt 1
ARM GAS  C:\Users\fabis\AppData\Local\Temp\cc9xlMpe.s 			page 11


 304 00ba 194B     		ldr	r3, .L11+4
 305 00bc EE22     		movs	r2, #238
 306 00be 1202     		lsls	r2, r2, #8
 307 00c0 1A60     		str	r2, [r3]
 266:Generated_Source\PSoC4/cyfitter_cfg.c **** 
 267:Generated_Source\PSoC4/cyfitter_cfg.c **** 		/* UDB_PA_0 Starting address: CYDEV_UDB_PA0_BASE */
 268:Generated_Source\PSoC4/cyfitter_cfg.c **** 		CY_SET_REG32((void *)(CYDEV_UDB_PA0_BASE), 0x00990000u);
 308              		.loc 1 268 0
 309 00c2 184B     		ldr	r3, .L11+8
 310 00c4 9922     		movs	r2, #153
 311 00c6 1204     		lsls	r2, r2, #16
 312 00c8 1A60     		str	r2, [r3]
 269:Generated_Source\PSoC4/cyfitter_cfg.c **** 
 270:Generated_Source\PSoC4/cyfitter_cfg.c **** 		/* UDB_PA_2 Starting address: CYDEV_UDB_PA2_BASE */
 271:Generated_Source\PSoC4/cyfitter_cfg.c **** 		CY_SET_REG32((void *)(CYDEV_UDB_PA2_BASE), 0x00990000u);
 313              		.loc 1 271 0
 314 00ca 174B     		ldr	r3, .L11+12
 315 00cc 9922     		movs	r2, #153
 316 00ce 1204     		lsls	r2, r2, #16
 317 00d0 1A60     		str	r2, [r3]
 272:Generated_Source\PSoC4/cyfitter_cfg.c **** 
 273:Generated_Source\PSoC4/cyfitter_cfg.c **** 		/* UDB_PA_3 Starting address: CYDEV_UDB_PA3_BASE */
 274:Generated_Source\PSoC4/cyfitter_cfg.c **** 		CY_SET_REG32((void *)(CYDEV_UDB_PA3_BASE), 0x00990000u);
 318              		.loc 1 274 0
 319 00d2 164B     		ldr	r3, .L11+16
 320 00d4 9922     		movs	r2, #153
 321 00d6 1204     		lsls	r2, r2, #16
 322 00d8 1A60     		str	r2, [r3]
 275:Generated_Source\PSoC4/cyfitter_cfg.c **** 
 276:Generated_Source\PSoC4/cyfitter_cfg.c **** 		/* Enable digital routing */
 277:Generated_Source\PSoC4/cyfitter_cfg.c **** 		CY_SET_XTND_REG8((void *)CYREG_UDB_UDBIF_BANK_CTL, (uint8)(CY_GET_XTND_REG8((void *)CYREG_UDB_UDB
 323              		.loc 1 277 0
 324 00da 154A     		ldr	r2, .L11+20
 325 00dc 144B     		ldr	r3, .L11+20
 326 00de 1B78     		ldrb	r3, [r3]
 327 00e0 DBB2     		uxtb	r3, r3
 328 00e2 0621     		movs	r1, #6
 329 00e4 0B43     		orrs	r3, r1
 330 00e6 DBB2     		uxtb	r3, r3
 331 00e8 1370     		strb	r3, [r2]
 332              	.LBE2:
 278:Generated_Source\PSoC4/cyfitter_cfg.c **** 	}
 279:Generated_Source\PSoC4/cyfitter_cfg.c **** 
 280:Generated_Source\PSoC4/cyfitter_cfg.c **** 	/* Perform second pass device configuration. These items must be configured in specific order afte
 281:Generated_Source\PSoC4/cyfitter_cfg.c **** 	/* IOPINS0_0 Starting address: CYDEV_PRT0_BASE */
 282:Generated_Source\PSoC4/cyfitter_cfg.c **** 	CY_SET_REG32((void *)(CYREG_PRT0_PC), 0x00000249u);
 333              		.loc 1 282 0
 334 00ea 124B     		ldr	r3, .L11+24
 335 00ec 124A     		ldr	r2, .L11+28
 336 00ee 1A60     		str	r2, [r3]
 283:Generated_Source\PSoC4/cyfitter_cfg.c **** 	CY_SET_REG32((void *)(CYREG_PRT0_INTCFG), 0x00000055u);
 337              		.loc 1 283 0
 338 00f0 124B     		ldr	r3, .L11+32
 339 00f2 5522     		movs	r2, #85
 340 00f4 1A60     		str	r2, [r3]
 284:Generated_Source\PSoC4/cyfitter_cfg.c **** 
 285:Generated_Source\PSoC4/cyfitter_cfg.c **** 	/* IOPINS0_2 Starting address: CYDEV_PRT2_BASE */
ARM GAS  C:\Users\fabis\AppData\Local\Temp\cc9xlMpe.s 			page 12


 286:Generated_Source\PSoC4/cyfitter_cfg.c **** 	CY_SET_REG32((void *)(CYREG_PRT2_PC), 0x00249000u);
 341              		.loc 1 286 0
 342 00f6 124B     		ldr	r3, .L11+36
 343 00f8 124A     		ldr	r2, .L11+40
 344 00fa 1A60     		str	r2, [r3]
 287:Generated_Source\PSoC4/cyfitter_cfg.c **** 	CY_SET_REG32((void *)(CYREG_PRT2_INTCFG), 0x00005500u);
 345              		.loc 1 287 0
 346 00fc 124B     		ldr	r3, .L11+44
 347 00fe AA22     		movs	r2, #170
 348 0100 D201     		lsls	r2, r2, #7
 349 0102 1A60     		str	r2, [r3]
 288:Generated_Source\PSoC4/cyfitter_cfg.c **** 
 289:Generated_Source\PSoC4/cyfitter_cfg.c **** 	/* IOPINS0_3 Starting address: CYDEV_PRT3_BASE */
 290:Generated_Source\PSoC4/cyfitter_cfg.c **** 	CY_SET_REG32((void *)(CYREG_PRT3_PC), 0x00180D80u);
 350              		.loc 1 290 0
 351 0104 114B     		ldr	r3, .L11+48
 352 0106 124A     		ldr	r2, .L11+52
 353 0108 1A60     		str	r2, [r3]
 291:Generated_Source\PSoC4/cyfitter_cfg.c **** 
 292:Generated_Source\PSoC4/cyfitter_cfg.c **** 
 293:Generated_Source\PSoC4/cyfitter_cfg.c **** 	/* Setup clocks based on selections from Clock DWR */
 294:Generated_Source\PSoC4/cyfitter_cfg.c **** 	ClockSetup();
 354              		.loc 1 294 0
 355 010a FFF779FF 		bl	ClockSetup
 295:Generated_Source\PSoC4/cyfitter_cfg.c **** 
 296:Generated_Source\PSoC4/cyfitter_cfg.c **** 	/* Perform basic analog initialization to defaults */
 297:Generated_Source\PSoC4/cyfitter_cfg.c **** 	AnalogSetDefault();
 356              		.loc 1 297 0
 357 010e FFF7FEFF 		bl	AnalogSetDefault
 298:Generated_Source\PSoC4/cyfitter_cfg.c **** 
 299:Generated_Source\PSoC4/cyfitter_cfg.c **** }
 358              		.loc 1 299 0
 359 0112 C046     		nop
 360 0114 BD46     		mov	sp, r7
 361 0116 02B0     		add	sp, sp, #8
 362              		@ sp needed
 363 0118 80BD     		pop	{r7, pc}
 364              	.L12:
 365 011a C046     		.align	2
 366              	.L11:
 367 011c 00000000 		.word	cfg_memset_list.4838
 368 0120 0C000140 		.word	1073807372
 369 0124 00500F40 		.word	1074745344
 370 0128 20500F40 		.word	1074745376
 371 012c 30500F40 		.word	1074745392
 372 0130 00700F40 		.word	1074753536
 373 0134 08000440 		.word	1074003976
 374 0138 49020000 		.word	585
 375 013c 0C000440 		.word	1074003980
 376 0140 08020440 		.word	1074004488
 377 0144 00902400 		.word	2396160
 378 0148 0C020440 		.word	1074004492
 379 014c 08030440 		.word	1074004744
 380 0150 800D1800 		.word	1576320
 381              		.cfi_endproc
 382              	.LFE5:
 383              		.size	cyfitter_cfg, .-cyfitter_cfg
ARM GAS  C:\Users\fabis\AppData\Local\Temp\cc9xlMpe.s 			page 13


 384              		.section	.rodata
 385              		.align	2
 386              		.type	cfg_memset_list.4838, %object
 387              		.size	cfg_memset_list.4838, 12
 388              	cfg_memset_list.4838:
 389 0000 00300F40 		.word	1074737152
 390 0004 0004     		.short	1024
 391 0006 00400F40 		.4byte	1074741248
 392 000a 0004     		.short	1024
 393              		.text
 394              	.Letext0:
 395              		.file 2 "c:\\program files (x86)\\cypress\\psoc creator\\4.2\\psoc creator\\import\\gnu\\arm\\5.4.
 396              		.file 3 "Generated_Source\\PSoC4\\cytypes.h"
 397              		.section	.debug_info,"",%progbits
 398              	.Ldebug_info0:
 399 0000 4E020000 		.4byte	0x24e
 400 0004 0400     		.2byte	0x4
 401 0006 00000000 		.4byte	.Ldebug_abbrev0
 402 000a 04       		.byte	0x4
 403 000b 01       		.uleb128 0x1
 404 000c 83000000 		.4byte	.LASF30
 405 0010 0C       		.byte	0xc
 406 0011 F6010000 		.4byte	.LASF31
 407 0015 A0010000 		.4byte	.LASF32
 408 0019 00000000 		.4byte	.Ldebug_ranges0+0
 409 001d 00000000 		.4byte	0
 410 0021 00000000 		.4byte	.Ldebug_line0
 411 0025 02       		.uleb128 0x2
 412 0026 04       		.byte	0x4
 413 0027 05       		.byte	0x5
 414 0028 696E7400 		.ascii	"int\000"
 415 002c 03       		.uleb128 0x3
 416 002d 06000000 		.4byte	.LASF12
 417 0031 02       		.byte	0x2
 418 0032 D8       		.byte	0xd8
 419 0033 37000000 		.4byte	0x37
 420 0037 04       		.uleb128 0x4
 421 0038 04       		.byte	0x4
 422 0039 07       		.byte	0x7
 423 003a 41010000 		.4byte	.LASF0
 424 003e 04       		.uleb128 0x4
 425 003f 08       		.byte	0x8
 426 0040 05       		.byte	0x5
 427 0041 83010000 		.4byte	.LASF1
 428 0045 04       		.uleb128 0x4
 429 0046 08       		.byte	0x8
 430 0047 04       		.byte	0x4
 431 0048 DE010000 		.4byte	.LASF2
 432 004c 04       		.uleb128 0x4
 433 004d 01       		.byte	0x1
 434 004e 06       		.byte	0x6
 435 004f EA010000 		.4byte	.LASF3
 436 0053 04       		.uleb128 0x4
 437 0054 01       		.byte	0x1
 438 0055 08       		.byte	0x8
 439 0056 11010000 		.4byte	.LASF4
 440 005a 04       		.uleb128 0x4
ARM GAS  C:\Users\fabis\AppData\Local\Temp\cc9xlMpe.s 			page 14


 441 005b 02       		.byte	0x2
 442 005c 05       		.byte	0x5
 443 005d 96010000 		.4byte	.LASF5
 444 0061 04       		.uleb128 0x4
 445 0062 02       		.byte	0x2
 446 0063 07       		.byte	0x7
 447 0064 39000000 		.4byte	.LASF6
 448 0068 04       		.uleb128 0x4
 449 0069 04       		.byte	0x4
 450 006a 05       		.byte	0x5
 451 006b D5010000 		.4byte	.LASF7
 452 006f 04       		.uleb128 0x4
 453 0070 04       		.byte	0x4
 454 0071 07       		.byte	0x7
 455 0072 61000000 		.4byte	.LASF8
 456 0076 04       		.uleb128 0x4
 457 0077 08       		.byte	0x8
 458 0078 07       		.byte	0x7
 459 0079 56010000 		.4byte	.LASF9
 460 007d 04       		.uleb128 0x4
 461 007e 04       		.byte	0x4
 462 007f 07       		.byte	0x7
 463 0080 7A010000 		.4byte	.LASF10
 464 0084 05       		.uleb128 0x5
 465 0085 04       		.byte	0x4
 466 0086 04       		.uleb128 0x4
 467 0087 01       		.byte	0x1
 468 0088 08       		.byte	0x8
 469 0089 91010000 		.4byte	.LASF11
 470 008d 06       		.uleb128 0x6
 471 008e 73000000 		.4byte	.LASF13
 472 0092 03       		.byte	0x3
 473 0093 3801     		.2byte	0x138
 474 0095 53000000 		.4byte	0x53
 475 0099 06       		.uleb128 0x6
 476 009a 33010000 		.4byte	.LASF14
 477 009e 03       		.byte	0x3
 478 009f 3901     		.2byte	0x139
 479 00a1 61000000 		.4byte	0x61
 480 00a5 06       		.uleb128 0x6
 481 00a6 3A010000 		.4byte	.LASF15
 482 00aa 03       		.byte	0x3
 483 00ab 3A01     		.2byte	0x13a
 484 00ad 6F000000 		.4byte	0x6f
 485 00b1 04       		.uleb128 0x4
 486 00b2 04       		.byte	0x4
 487 00b3 04       		.byte	0x4
 488 00b4 4C000000 		.4byte	.LASF16
 489 00b8 04       		.uleb128 0x4
 490 00b9 08       		.byte	0x8
 491 00ba 04       		.byte	0x4
 492 00bb 1F010000 		.4byte	.LASF17
 493 00bf 06       		.uleb128 0x6
 494 00c0 5C000000 		.4byte	.LASF18
 495 00c4 03       		.byte	0x3
 496 00c5 E201     		.2byte	0x1e2
 497 00c7 CB000000 		.4byte	0xcb
ARM GAS  C:\Users\fabis\AppData\Local\Temp\cc9xlMpe.s 			page 15


 498 00cb 07       		.uleb128 0x7
 499 00cc 8D000000 		.4byte	0x8d
 500 00d0 06       		.uleb128 0x6
 501 00d1 00000000 		.4byte	.LASF19
 502 00d5 03       		.byte	0x3
 503 00d6 E401     		.2byte	0x1e4
 504 00d8 DC000000 		.4byte	0xdc
 505 00dc 07       		.uleb128 0x7
 506 00dd A5000000 		.4byte	0xa5
 507 00e1 08       		.uleb128 0x8
 508 00e2 79000000 		.4byte	.LASF20
 509 00e6 01       		.byte	0x1
 510 00e7 4A       		.byte	0x4a
 511 00e8 00000000 		.4byte	.LFB0
 512 00ec 1E000000 		.4byte	.LFE0-.LFB0
 513 00f0 01       		.uleb128 0x1
 514 00f1 9C       		.byte	0x9c
 515 00f2 0F010000 		.4byte	0x10f
 516 00f6 09       		.uleb128 0x9
 517 00f7 7300     		.ascii	"s\000"
 518 00f9 01       		.byte	0x1
 519 00fa 4A       		.byte	0x4a
 520 00fb 84000000 		.4byte	0x84
 521 00ff 02       		.uleb128 0x2
 522 0100 91       		.byte	0x91
 523 0101 74       		.sleb128 -12
 524 0102 09       		.uleb128 0x9
 525 0103 6E00     		.ascii	"n\000"
 526 0105 01       		.byte	0x1
 527 0106 4A       		.byte	0x4a
 528 0107 2C000000 		.4byte	0x2c
 529 010b 02       		.uleb128 0x2
 530 010c 91       		.byte	0x91
 531 010d 70       		.sleb128 -16
 532 010e 00       		.byte	0
 533 010f 08       		.uleb128 0x8
 534 0110 2C020000 		.4byte	.LASF21
 535 0114 01       		.byte	0x1
 536 0115 51       		.byte	0x51
 537 0116 00000000 		.4byte	.LFB1
 538 011a 20000000 		.4byte	.LFE1-.LFB1
 539 011e 01       		.uleb128 0x1
 540 011f 9C       		.byte	0x9c
 541 0120 4D010000 		.4byte	0x14d
 542 0124 0A       		.uleb128 0xa
 543 0125 52000000 		.4byte	.LASF22
 544 0129 01       		.byte	0x1
 545 012a 51       		.byte	0x51
 546 012b 84000000 		.4byte	0x84
 547 012f 02       		.uleb128 0x2
 548 0130 91       		.byte	0x91
 549 0131 74       		.sleb128 -12
 550 0132 09       		.uleb128 0x9
 551 0133 73726300 		.ascii	"src\000"
 552 0137 01       		.byte	0x1
 553 0138 51       		.byte	0x51
 554 0139 4D010000 		.4byte	0x14d
ARM GAS  C:\Users\fabis\AppData\Local\Temp\cc9xlMpe.s 			page 16


 555 013d 02       		.uleb128 0x2
 556 013e 91       		.byte	0x91
 557 013f 70       		.sleb128 -16
 558 0140 09       		.uleb128 0x9
 559 0141 6E00     		.ascii	"n\000"
 560 0143 01       		.byte	0x1
 561 0144 51       		.byte	0x51
 562 0145 2C000000 		.4byte	0x2c
 563 0149 02       		.uleb128 0x2
 564 014a 91       		.byte	0x91
 565 014b 6C       		.sleb128 -20
 566 014c 00       		.byte	0
 567 014d 0B       		.uleb128 0xb
 568 014e 04       		.byte	0x4
 569 014f 53010000 		.4byte	0x153
 570 0153 0C       		.uleb128 0xc
 571 0154 08       		.uleb128 0x8
 572 0155 1C020000 		.4byte	.LASF23
 573 0159 01       		.byte	0x1
 574 015a 58       		.byte	0x58
 575 015b 00000000 		.4byte	.LFB2
 576 015f 20000000 		.4byte	.LFE2-.LFB2
 577 0163 01       		.uleb128 0x1
 578 0164 9C       		.byte	0x9c
 579 0165 92010000 		.4byte	0x192
 580 0169 0A       		.uleb128 0xa
 581 016a 52000000 		.4byte	.LASF22
 582 016e 01       		.byte	0x1
 583 016f 58       		.byte	0x58
 584 0170 84000000 		.4byte	0x84
 585 0174 02       		.uleb128 0x2
 586 0175 91       		.byte	0x91
 587 0176 74       		.sleb128 -12
 588 0177 09       		.uleb128 0x9
 589 0178 73726300 		.ascii	"src\000"
 590 017c 01       		.byte	0x1
 591 017d 58       		.byte	0x58
 592 017e 4D010000 		.4byte	0x14d
 593 0182 02       		.uleb128 0x2
 594 0183 91       		.byte	0x91
 595 0184 70       		.sleb128 -16
 596 0185 09       		.uleb128 0x9
 597 0186 6E00     		.ascii	"n\000"
 598 0188 01       		.byte	0x1
 599 0189 58       		.byte	0x58
 600 018a 2C000000 		.4byte	0x2c
 601 018e 02       		.uleb128 0x2
 602 018f 91       		.byte	0x91
 603 0190 6C       		.sleb128 -20
 604 0191 00       		.byte	0
 605 0192 0D       		.uleb128 0xd
 606 0193 2E000000 		.4byte	.LASF24
 607 0197 01       		.byte	0x1
 608 0198 AA       		.byte	0xaa
 609 0199 00000000 		.4byte	.LFB3
 610 019d 5C000000 		.4byte	.LFE3-.LFB3
 611 01a1 01       		.uleb128 0x1
ARM GAS  C:\Users\fabis\AppData\Local\Temp\cc9xlMpe.s 			page 17


 612 01a2 9C       		.byte	0x9c
 613 01a3 0E       		.uleb128 0xe
 614 01a4 0D000000 		.4byte	.LASF25
 615 01a8 01       		.byte	0x1
 616 01a9 D5       		.byte	0xd5
 617 01aa 00000000 		.4byte	.LFB4
 618 01ae 0A000000 		.4byte	.LFE4-.LFB4
 619 01b2 01       		.uleb128 0x1
 620 01b3 9C       		.byte	0x9c
 621 01b4 0F       		.uleb128 0xf
 622 01b5 26010000 		.4byte	.LASF33
 623 01b9 01       		.byte	0x1
 624 01ba ED       		.byte	0xed
 625 01bb 5C000000 		.4byte	.LFB5
 626 01bf F8000000 		.4byte	.LFE5-.LFB5
 627 01c3 01       		.uleb128 0x1
 628 01c4 9C       		.byte	0x9c
 629 01c5 10       		.uleb128 0x10
 630 01c6 64000000 		.4byte	.LBB2
 631 01ca 86000000 		.4byte	.LBE2-.LBB2
 632 01ce 11       		.uleb128 0x11
 633 01cf 06       		.byte	0x6
 634 01d0 01       		.byte	0x1
 635 01d1 F4       		.byte	0xf4
 636 01d2 EF010000 		.4byte	0x1ef
 637 01d6 12       		.uleb128 0x12
 638 01d7 4E010000 		.4byte	.LASF26
 639 01db 01       		.byte	0x1
 640 01dc F5       		.byte	0xf5
 641 01dd 84000000 		.4byte	0x84
 642 01e1 00       		.byte	0
 643 01e2 12       		.uleb128 0x12
 644 01e3 57000000 		.4byte	.LASF27
 645 01e7 01       		.byte	0x1
 646 01e8 F6       		.byte	0xf6
 647 01e9 99000000 		.4byte	0x99
 648 01ed 04       		.byte	0x4
 649 01ee 00       		.byte	0
 650 01ef 03       		.uleb128 0x3
 651 01f0 6D010000 		.4byte	.LASF28
 652 01f4 01       		.byte	0x1
 653 01f5 F7       		.byte	0xf7
 654 01f6 CE010000 		.4byte	0x1ce
 655 01fa 13       		.uleb128 0x13
 656 01fb 0A020000 		.4byte	0x20a
 657 01ff 0A020000 		.4byte	0x20a
 658 0203 14       		.uleb128 0x14
 659 0204 7D000000 		.4byte	0x7d
 660 0208 01       		.byte	0x1
 661 0209 00       		.byte	0
 662 020a 15       		.uleb128 0x15
 663 020b EF010000 		.4byte	0x1ef
 664 020f 16       		.uleb128 0x16
 665 0210 1E000000 		.4byte	.LASF29
 666 0214 01       		.byte	0x1
 667 0215 F9       		.byte	0xf9
 668 0216 20020000 		.4byte	0x220
ARM GAS  C:\Users\fabis\AppData\Local\Temp\cc9xlMpe.s 			page 18


 669 021a 05       		.uleb128 0x5
 670 021b 03       		.byte	0x3
 671 021c 00000000 		.4byte	cfg_memset_list.4838
 672 0220 15       		.uleb128 0x15
 673 0221 FA010000 		.4byte	0x1fa
 674 0225 17       		.uleb128 0x17
 675 0226 6900     		.ascii	"i\000"
 676 0228 01       		.byte	0x1
 677 0229 FF       		.byte	0xff
 678 022a 8D000000 		.4byte	0x8d
 679 022e 02       		.uleb128 0x2
 680 022f 91       		.byte	0x91
 681 0230 77       		.sleb128 -9
 682 0231 10       		.uleb128 0x10
 683 0232 6C000000 		.4byte	.LBB3
 684 0236 3C000000 		.4byte	.LBE3-.LBB3
 685 023a 18       		.uleb128 0x18
 686 023b 6D7300   		.ascii	"ms\000"
 687 023e 01       		.byte	0x1
 688 023f 0401     		.2byte	0x104
 689 0241 48020000 		.4byte	0x248
 690 0245 02       		.uleb128 0x2
 691 0246 91       		.byte	0x91
 692 0247 70       		.sleb128 -16
 693 0248 0B       		.uleb128 0xb
 694 0249 04       		.byte	0x4
 695 024a 0A020000 		.4byte	0x20a
 696 024e 00       		.byte	0
 697 024f 00       		.byte	0
 698 0250 00       		.byte	0
 699 0251 00       		.byte	0
 700              		.section	.debug_abbrev,"",%progbits
 701              	.Ldebug_abbrev0:
 702 0000 01       		.uleb128 0x1
 703 0001 11       		.uleb128 0x11
 704 0002 01       		.byte	0x1
 705 0003 25       		.uleb128 0x25
 706 0004 0E       		.uleb128 0xe
 707 0005 13       		.uleb128 0x13
 708 0006 0B       		.uleb128 0xb
 709 0007 03       		.uleb128 0x3
 710 0008 0E       		.uleb128 0xe
 711 0009 1B       		.uleb128 0x1b
 712 000a 0E       		.uleb128 0xe
 713 000b 55       		.uleb128 0x55
 714 000c 17       		.uleb128 0x17
 715 000d 11       		.uleb128 0x11
 716 000e 01       		.uleb128 0x1
 717 000f 10       		.uleb128 0x10
 718 0010 17       		.uleb128 0x17
 719 0011 00       		.byte	0
 720 0012 00       		.byte	0
 721 0013 02       		.uleb128 0x2
 722 0014 24       		.uleb128 0x24
 723 0015 00       		.byte	0
 724 0016 0B       		.uleb128 0xb
 725 0017 0B       		.uleb128 0xb
ARM GAS  C:\Users\fabis\AppData\Local\Temp\cc9xlMpe.s 			page 19


 726 0018 3E       		.uleb128 0x3e
 727 0019 0B       		.uleb128 0xb
 728 001a 03       		.uleb128 0x3
 729 001b 08       		.uleb128 0x8
 730 001c 00       		.byte	0
 731 001d 00       		.byte	0
 732 001e 03       		.uleb128 0x3
 733 001f 16       		.uleb128 0x16
 734 0020 00       		.byte	0
 735 0021 03       		.uleb128 0x3
 736 0022 0E       		.uleb128 0xe
 737 0023 3A       		.uleb128 0x3a
 738 0024 0B       		.uleb128 0xb
 739 0025 3B       		.uleb128 0x3b
 740 0026 0B       		.uleb128 0xb
 741 0027 49       		.uleb128 0x49
 742 0028 13       		.uleb128 0x13
 743 0029 00       		.byte	0
 744 002a 00       		.byte	0
 745 002b 04       		.uleb128 0x4
 746 002c 24       		.uleb128 0x24
 747 002d 00       		.byte	0
 748 002e 0B       		.uleb128 0xb
 749 002f 0B       		.uleb128 0xb
 750 0030 3E       		.uleb128 0x3e
 751 0031 0B       		.uleb128 0xb
 752 0032 03       		.uleb128 0x3
 753 0033 0E       		.uleb128 0xe
 754 0034 00       		.byte	0
 755 0035 00       		.byte	0
 756 0036 05       		.uleb128 0x5
 757 0037 0F       		.uleb128 0xf
 758 0038 00       		.byte	0
 759 0039 0B       		.uleb128 0xb
 760 003a 0B       		.uleb128 0xb
 761 003b 00       		.byte	0
 762 003c 00       		.byte	0
 763 003d 06       		.uleb128 0x6
 764 003e 16       		.uleb128 0x16
 765 003f 00       		.byte	0
 766 0040 03       		.uleb128 0x3
 767 0041 0E       		.uleb128 0xe
 768 0042 3A       		.uleb128 0x3a
 769 0043 0B       		.uleb128 0xb
 770 0044 3B       		.uleb128 0x3b
 771 0045 05       		.uleb128 0x5
 772 0046 49       		.uleb128 0x49
 773 0047 13       		.uleb128 0x13
 774 0048 00       		.byte	0
 775 0049 00       		.byte	0
 776 004a 07       		.uleb128 0x7
 777 004b 35       		.uleb128 0x35
 778 004c 00       		.byte	0
 779 004d 49       		.uleb128 0x49
 780 004e 13       		.uleb128 0x13
 781 004f 00       		.byte	0
 782 0050 00       		.byte	0
ARM GAS  C:\Users\fabis\AppData\Local\Temp\cc9xlMpe.s 			page 20


 783 0051 08       		.uleb128 0x8
 784 0052 2E       		.uleb128 0x2e
 785 0053 01       		.byte	0x1
 786 0054 03       		.uleb128 0x3
 787 0055 0E       		.uleb128 0xe
 788 0056 3A       		.uleb128 0x3a
 789 0057 0B       		.uleb128 0xb
 790 0058 3B       		.uleb128 0x3b
 791 0059 0B       		.uleb128 0xb
 792 005a 27       		.uleb128 0x27
 793 005b 19       		.uleb128 0x19
 794 005c 11       		.uleb128 0x11
 795 005d 01       		.uleb128 0x1
 796 005e 12       		.uleb128 0x12
 797 005f 06       		.uleb128 0x6
 798 0060 40       		.uleb128 0x40
 799 0061 18       		.uleb128 0x18
 800 0062 9642     		.uleb128 0x2116
 801 0064 19       		.uleb128 0x19
 802 0065 01       		.uleb128 0x1
 803 0066 13       		.uleb128 0x13
 804 0067 00       		.byte	0
 805 0068 00       		.byte	0
 806 0069 09       		.uleb128 0x9
 807 006a 05       		.uleb128 0x5
 808 006b 00       		.byte	0
 809 006c 03       		.uleb128 0x3
 810 006d 08       		.uleb128 0x8
 811 006e 3A       		.uleb128 0x3a
 812 006f 0B       		.uleb128 0xb
 813 0070 3B       		.uleb128 0x3b
 814 0071 0B       		.uleb128 0xb
 815 0072 49       		.uleb128 0x49
 816 0073 13       		.uleb128 0x13
 817 0074 02       		.uleb128 0x2
 818 0075 18       		.uleb128 0x18
 819 0076 00       		.byte	0
 820 0077 00       		.byte	0
 821 0078 0A       		.uleb128 0xa
 822 0079 05       		.uleb128 0x5
 823 007a 00       		.byte	0
 824 007b 03       		.uleb128 0x3
 825 007c 0E       		.uleb128 0xe
 826 007d 3A       		.uleb128 0x3a
 827 007e 0B       		.uleb128 0xb
 828 007f 3B       		.uleb128 0x3b
 829 0080 0B       		.uleb128 0xb
 830 0081 49       		.uleb128 0x49
 831 0082 13       		.uleb128 0x13
 832 0083 02       		.uleb128 0x2
 833 0084 18       		.uleb128 0x18
 834 0085 00       		.byte	0
 835 0086 00       		.byte	0
 836 0087 0B       		.uleb128 0xb
 837 0088 0F       		.uleb128 0xf
 838 0089 00       		.byte	0
 839 008a 0B       		.uleb128 0xb
ARM GAS  C:\Users\fabis\AppData\Local\Temp\cc9xlMpe.s 			page 21


 840 008b 0B       		.uleb128 0xb
 841 008c 49       		.uleb128 0x49
 842 008d 13       		.uleb128 0x13
 843 008e 00       		.byte	0
 844 008f 00       		.byte	0
 845 0090 0C       		.uleb128 0xc
 846 0091 26       		.uleb128 0x26
 847 0092 00       		.byte	0
 848 0093 00       		.byte	0
 849 0094 00       		.byte	0
 850 0095 0D       		.uleb128 0xd
 851 0096 2E       		.uleb128 0x2e
 852 0097 00       		.byte	0
 853 0098 03       		.uleb128 0x3
 854 0099 0E       		.uleb128 0xe
 855 009a 3A       		.uleb128 0x3a
 856 009b 0B       		.uleb128 0xb
 857 009c 3B       		.uleb128 0x3b
 858 009d 0B       		.uleb128 0xb
 859 009e 27       		.uleb128 0x27
 860 009f 19       		.uleb128 0x19
 861 00a0 11       		.uleb128 0x11
 862 00a1 01       		.uleb128 0x1
 863 00a2 12       		.uleb128 0x12
 864 00a3 06       		.uleb128 0x6
 865 00a4 40       		.uleb128 0x40
 866 00a5 18       		.uleb128 0x18
 867 00a6 9642     		.uleb128 0x2116
 868 00a8 19       		.uleb128 0x19
 869 00a9 00       		.byte	0
 870 00aa 00       		.byte	0
 871 00ab 0E       		.uleb128 0xe
 872 00ac 2E       		.uleb128 0x2e
 873 00ad 00       		.byte	0
 874 00ae 03       		.uleb128 0x3
 875 00af 0E       		.uleb128 0xe
 876 00b0 3A       		.uleb128 0x3a
 877 00b1 0B       		.uleb128 0xb
 878 00b2 3B       		.uleb128 0x3b
 879 00b3 0B       		.uleb128 0xb
 880 00b4 27       		.uleb128 0x27
 881 00b5 19       		.uleb128 0x19
 882 00b6 11       		.uleb128 0x11
 883 00b7 01       		.uleb128 0x1
 884 00b8 12       		.uleb128 0x12
 885 00b9 06       		.uleb128 0x6
 886 00ba 40       		.uleb128 0x40
 887 00bb 18       		.uleb128 0x18
 888 00bc 9742     		.uleb128 0x2117
 889 00be 19       		.uleb128 0x19
 890 00bf 00       		.byte	0
 891 00c0 00       		.byte	0
 892 00c1 0F       		.uleb128 0xf
 893 00c2 2E       		.uleb128 0x2e
 894 00c3 01       		.byte	0x1
 895 00c4 3F       		.uleb128 0x3f
 896 00c5 19       		.uleb128 0x19
ARM GAS  C:\Users\fabis\AppData\Local\Temp\cc9xlMpe.s 			page 22


 897 00c6 03       		.uleb128 0x3
 898 00c7 0E       		.uleb128 0xe
 899 00c8 3A       		.uleb128 0x3a
 900 00c9 0B       		.uleb128 0xb
 901 00ca 3B       		.uleb128 0x3b
 902 00cb 0B       		.uleb128 0xb
 903 00cc 27       		.uleb128 0x27
 904 00cd 19       		.uleb128 0x19
 905 00ce 11       		.uleb128 0x11
 906 00cf 01       		.uleb128 0x1
 907 00d0 12       		.uleb128 0x12
 908 00d1 06       		.uleb128 0x6
 909 00d2 40       		.uleb128 0x40
 910 00d3 18       		.uleb128 0x18
 911 00d4 9642     		.uleb128 0x2116
 912 00d6 19       		.uleb128 0x19
 913 00d7 00       		.byte	0
 914 00d8 00       		.byte	0
 915 00d9 10       		.uleb128 0x10
 916 00da 0B       		.uleb128 0xb
 917 00db 01       		.byte	0x1
 918 00dc 11       		.uleb128 0x11
 919 00dd 01       		.uleb128 0x1
 920 00de 12       		.uleb128 0x12
 921 00df 06       		.uleb128 0x6
 922 00e0 00       		.byte	0
 923 00e1 00       		.byte	0
 924 00e2 11       		.uleb128 0x11
 925 00e3 13       		.uleb128 0x13
 926 00e4 01       		.byte	0x1
 927 00e5 0B       		.uleb128 0xb
 928 00e6 0B       		.uleb128 0xb
 929 00e7 3A       		.uleb128 0x3a
 930 00e8 0B       		.uleb128 0xb
 931 00e9 3B       		.uleb128 0x3b
 932 00ea 0B       		.uleb128 0xb
 933 00eb 01       		.uleb128 0x1
 934 00ec 13       		.uleb128 0x13
 935 00ed 00       		.byte	0
 936 00ee 00       		.byte	0
 937 00ef 12       		.uleb128 0x12
 938 00f0 0D       		.uleb128 0xd
 939 00f1 00       		.byte	0
 940 00f2 03       		.uleb128 0x3
 941 00f3 0E       		.uleb128 0xe
 942 00f4 3A       		.uleb128 0x3a
 943 00f5 0B       		.uleb128 0xb
 944 00f6 3B       		.uleb128 0x3b
 945 00f7 0B       		.uleb128 0xb
 946 00f8 49       		.uleb128 0x49
 947 00f9 13       		.uleb128 0x13
 948 00fa 38       		.uleb128 0x38
 949 00fb 0B       		.uleb128 0xb
 950 00fc 00       		.byte	0
 951 00fd 00       		.byte	0
 952 00fe 13       		.uleb128 0x13
 953 00ff 01       		.uleb128 0x1
ARM GAS  C:\Users\fabis\AppData\Local\Temp\cc9xlMpe.s 			page 23


 954 0100 01       		.byte	0x1
 955 0101 49       		.uleb128 0x49
 956 0102 13       		.uleb128 0x13
 957 0103 01       		.uleb128 0x1
 958 0104 13       		.uleb128 0x13
 959 0105 00       		.byte	0
 960 0106 00       		.byte	0
 961 0107 14       		.uleb128 0x14
 962 0108 21       		.uleb128 0x21
 963 0109 00       		.byte	0
 964 010a 49       		.uleb128 0x49
 965 010b 13       		.uleb128 0x13
 966 010c 2F       		.uleb128 0x2f
 967 010d 0B       		.uleb128 0xb
 968 010e 00       		.byte	0
 969 010f 00       		.byte	0
 970 0110 15       		.uleb128 0x15
 971 0111 26       		.uleb128 0x26
 972 0112 00       		.byte	0
 973 0113 49       		.uleb128 0x49
 974 0114 13       		.uleb128 0x13
 975 0115 00       		.byte	0
 976 0116 00       		.byte	0
 977 0117 16       		.uleb128 0x16
 978 0118 34       		.uleb128 0x34
 979 0119 00       		.byte	0
 980 011a 03       		.uleb128 0x3
 981 011b 0E       		.uleb128 0xe
 982 011c 3A       		.uleb128 0x3a
 983 011d 0B       		.uleb128 0xb
 984 011e 3B       		.uleb128 0x3b
 985 011f 0B       		.uleb128 0xb
 986 0120 49       		.uleb128 0x49
 987 0121 13       		.uleb128 0x13
 988 0122 02       		.uleb128 0x2
 989 0123 18       		.uleb128 0x18
 990 0124 00       		.byte	0
 991 0125 00       		.byte	0
 992 0126 17       		.uleb128 0x17
 993 0127 34       		.uleb128 0x34
 994 0128 00       		.byte	0
 995 0129 03       		.uleb128 0x3
 996 012a 08       		.uleb128 0x8
 997 012b 3A       		.uleb128 0x3a
 998 012c 0B       		.uleb128 0xb
 999 012d 3B       		.uleb128 0x3b
 1000 012e 0B       		.uleb128 0xb
 1001 012f 49       		.uleb128 0x49
 1002 0130 13       		.uleb128 0x13
 1003 0131 02       		.uleb128 0x2
 1004 0132 18       		.uleb128 0x18
 1005 0133 00       		.byte	0
 1006 0134 00       		.byte	0
 1007 0135 18       		.uleb128 0x18
 1008 0136 34       		.uleb128 0x34
 1009 0137 00       		.byte	0
 1010 0138 03       		.uleb128 0x3
ARM GAS  C:\Users\fabis\AppData\Local\Temp\cc9xlMpe.s 			page 24


 1011 0139 08       		.uleb128 0x8
 1012 013a 3A       		.uleb128 0x3a
 1013 013b 0B       		.uleb128 0xb
 1014 013c 3B       		.uleb128 0x3b
 1015 013d 05       		.uleb128 0x5
 1016 013e 49       		.uleb128 0x49
 1017 013f 13       		.uleb128 0x13
 1018 0140 02       		.uleb128 0x2
 1019 0141 18       		.uleb128 0x18
 1020 0142 00       		.byte	0
 1021 0143 00       		.byte	0
 1022 0144 00       		.byte	0
 1023              		.section	.debug_aranges,"",%progbits
 1024 0000 44000000 		.4byte	0x44
 1025 0004 0200     		.2byte	0x2
 1026 0006 00000000 		.4byte	.Ldebug_info0
 1027 000a 04       		.byte	0x4
 1028 000b 00       		.byte	0
 1029 000c 0000     		.2byte	0
 1030 000e 0000     		.2byte	0
 1031 0010 00000000 		.4byte	.LFB0
 1032 0014 1E000000 		.4byte	.LFE0-.LFB0
 1033 0018 00000000 		.4byte	.LFB1
 1034 001c 20000000 		.4byte	.LFE1-.LFB1
 1035 0020 00000000 		.4byte	.LFB2
 1036 0024 20000000 		.4byte	.LFE2-.LFB2
 1037 0028 00000000 		.4byte	.LFB3
 1038 002c 5C000000 		.4byte	.LFE3-.LFB3
 1039 0030 00000000 		.4byte	.LFB4
 1040 0034 0A000000 		.4byte	.LFE4-.LFB4
 1041 0038 5C000000 		.4byte	.LFB5
 1042 003c F8000000 		.4byte	.LFE5-.LFB5
 1043 0040 00000000 		.4byte	0
 1044 0044 00000000 		.4byte	0
 1045              		.section	.debug_ranges,"",%progbits
 1046              	.Ldebug_ranges0:
 1047 0000 00000000 		.4byte	.LFB0
 1048 0004 1E000000 		.4byte	.LFE0
 1049 0008 00000000 		.4byte	.LFB1
 1050 000c 20000000 		.4byte	.LFE1
 1051 0010 00000000 		.4byte	.LFB2
 1052 0014 20000000 		.4byte	.LFE2
 1053 0018 00000000 		.4byte	.LFB3
 1054 001c 5C000000 		.4byte	.LFE3
 1055 0020 00000000 		.4byte	.LFB4
 1056 0024 0A000000 		.4byte	.LFE4
 1057 0028 5C000000 		.4byte	.LFB5
 1058 002c 54010000 		.4byte	.LFE5
 1059 0030 00000000 		.4byte	0
 1060 0034 00000000 		.4byte	0
 1061              		.section	.debug_line,"",%progbits
 1062              	.Ldebug_line0:
 1063 0000 5B010000 		.section	.debug_str,"MS",%progbits,1
 1063      0200CB00 
 1063      00000201 
 1063      FB0E0D00 
 1063      01010101 
ARM GAS  C:\Users\fabis\AppData\Local\Temp\cc9xlMpe.s 			page 25


 1064              	.LASF19:
 1065 0000 72656733 		.ascii	"reg32\000"
 1065      3200
 1066              	.LASF12:
 1067 0006 73697A65 		.ascii	"size_t\000"
 1067      5F7400
 1068              	.LASF25:
 1069 000d 416E616C 		.ascii	"AnalogSetDefault\000"
 1069      6F675365 
 1069      74446566 
 1069      61756C74 
 1069      00
 1070              	.LASF29:
 1071 001e 6366675F 		.ascii	"cfg_memset_list\000"
 1071      6D656D73 
 1071      65745F6C 
 1071      69737400 
 1072              	.LASF24:
 1073 002e 436C6F63 		.ascii	"ClockSetup\000"
 1073      6B536574 
 1073      757000
 1074              	.LASF6:
 1075 0039 73686F72 		.ascii	"short unsigned int\000"
 1075      7420756E 
 1075      7369676E 
 1075      65642069 
 1075      6E7400
 1076              	.LASF16:
 1077 004c 666C6F61 		.ascii	"float\000"
 1077      7400
 1078              	.LASF22:
 1079 0052 64657374 		.ascii	"dest\000"
 1079      00
 1080              	.LASF27:
 1081 0057 73697A65 		.ascii	"size\000"
 1081      00
 1082              	.LASF18:
 1083 005c 72656738 		.ascii	"reg8\000"
 1083      00
 1084              	.LASF8:
 1085 0061 6C6F6E67 		.ascii	"long unsigned int\000"
 1085      20756E73 
 1085      69676E65 
 1085      6420696E 
 1085      7400
 1086              	.LASF13:
 1087 0073 75696E74 		.ascii	"uint8\000"
 1087      3800
 1088              	.LASF20:
 1089 0079 43594D45 		.ascii	"CYMEMZERO\000"
 1089      4D5A4552 
 1089      4F00
 1090              	.LASF30:
 1091 0083 474E5520 		.ascii	"GNU C11 5.4.1 20160609 (release) [ARM/embedded-5-br"
 1091      43313120 
 1091      352E342E 
 1091      31203230 
ARM GAS  C:\Users\fabis\AppData\Local\Temp\cc9xlMpe.s 			page 26


 1091      31363036 
 1092 00b6 616E6368 		.ascii	"anch revision 237715] -mcpu=cortex-m0 -mthumb -g -O"
 1092      20726576 
 1092      6973696F 
 1092      6E203233 
 1092      37373135 
 1093 00e9 30202D66 		.ascii	"0 -ffunction-sections -ffat-lto-objects\000"
 1093      66756E63 
 1093      74696F6E 
 1093      2D736563 
 1093      74696F6E 
 1094              	.LASF4:
 1095 0111 756E7369 		.ascii	"unsigned char\000"
 1095      676E6564 
 1095      20636861 
 1095      7200
 1096              	.LASF17:
 1097 011f 646F7562 		.ascii	"double\000"
 1097      6C6500
 1098              	.LASF33:
 1099 0126 63796669 		.ascii	"cyfitter_cfg\000"
 1099      74746572 
 1099      5F636667 
 1099      00
 1100              	.LASF14:
 1101 0133 75696E74 		.ascii	"uint16\000"
 1101      313600
 1102              	.LASF15:
 1103 013a 75696E74 		.ascii	"uint32\000"
 1103      333200
 1104              	.LASF0:
 1105 0141 756E7369 		.ascii	"unsigned int\000"
 1105      676E6564 
 1105      20696E74 
 1105      00
 1106              	.LASF26:
 1107 014e 61646472 		.ascii	"address\000"
 1107      65737300 
 1108              	.LASF9:
 1109 0156 6C6F6E67 		.ascii	"long long unsigned int\000"
 1109      206C6F6E 
 1109      6720756E 
 1109      7369676E 
 1109      65642069 
 1110              	.LASF28:
 1111 016d 6366675F 		.ascii	"cfg_memset_t\000"
 1111      6D656D73 
 1111      65745F74 
 1111      00
 1112              	.LASF10:
 1113 017a 73697A65 		.ascii	"sizetype\000"
 1113      74797065 
 1113      00
 1114              	.LASF1:
 1115 0183 6C6F6E67 		.ascii	"long long int\000"
 1115      206C6F6E 
 1115      6720696E 
ARM GAS  C:\Users\fabis\AppData\Local\Temp\cc9xlMpe.s 			page 27


 1115      7400
 1116              	.LASF11:
 1117 0191 63686172 		.ascii	"char\000"
 1117      00
 1118              	.LASF5:
 1119 0196 73686F72 		.ascii	"short int\000"
 1119      7420696E 
 1119      7400
 1120              	.LASF32:
 1121 01a0 433A5C55 		.ascii	"C:\\Users\\fabis\\Desktop\\CE210558_GPIO_Interrupt."
 1121      73657273 
 1121      5C666162 
 1121      69735C44 
 1121      65736B74 
 1122 01cf 63796473 		.ascii	"cydsn\000"
 1122      6E00
 1123              	.LASF7:
 1124 01d5 6C6F6E67 		.ascii	"long int\000"
 1124      20696E74 
 1124      00
 1125              	.LASF2:
 1126 01de 6C6F6E67 		.ascii	"long double\000"
 1126      20646F75 
 1126      626C6500 
 1127              	.LASF3:
 1128 01ea 7369676E 		.ascii	"signed char\000"
 1128      65642063 
 1128      68617200 
 1129              	.LASF31:
 1130 01f6 47656E65 		.ascii	"Generated_Source\\PSoC4\\cyfitter_cfg.c\000"
 1130      72617465 
 1130      645F536F 
 1130      75726365 
 1130      5C50536F 
 1131              	.LASF23:
 1132 021c 4359434F 		.ascii	"CYCONFIGCPYCODE\000"
 1132      4E464947 
 1132      43505943 
 1132      4F444500 
 1133              	.LASF21:
 1134 022c 4359434F 		.ascii	"CYCONFIGCPY\000"
 1134      4E464947 
 1134      43505900 
 1135              		.ident	"GCC: (GNU Tools for ARM Embedded Processors) 5.4.1 20160609 (release) [ARM/embedded-5-bran
